[0.020s] Invoking command in '/home/mdxfsai/FS_autonomous/ros/ros2_ws/build/hellocm': AMENT_PREFIX_PATH=/home/mdxfsai/FS_autonomous/ros/ros2_ws/install/hellocm_msgs:${AMENT_PREFIX_PATH} CMAKE_PREFIX_PATH=/home/mdxfsai/FS_autonomous/ros/ros2_ws/install/hellocm_msgs:/opt/ros/humble LD_LIBRARY_PATH=/home/mdxfsai/FS_autonomous/ros/ros2_ws/install/hellocm_msgs/lib:${LD_LIBRARY_PATH} PYTHONPATH=/home/mdxfsai/FS_autonomous/ros/ros2_ws/install/hellocm_msgs/local/lib/python3.10/dist-packages:${PYTHONPATH} /usr/bin/cmake /home/mdxfsai/FS_autonomous/ros/ros2_ws/src/hellocm -DCMAKE_INSTALL_PREFIX=/home/mdxfsai/FS_autonomous/ros/ros2_ws/install/hellocm
[0.034s] -- Found ament_cmake: 1.3.12 (/opt/ros/humble/share/ament_cmake/cmake)
[0.172s] -- Found rclcpp: 16.0.17 (/opt/ros/humble/share/rclcpp/cmake)
[0.200s] -- Found rosidl_generator_c: 3.1.8 (/opt/ros/humble/share/rosidl_generator_c/cmake)
[0.202s] -- Found rosidl_adapter: 3.1.8 (/opt/ros/humble/share/rosidl_adapter/cmake)
[0.209s] -- Found rosidl_generator_cpp: 3.1.8 (/opt/ros/humble/share/rosidl_generator_cpp/cmake)
[0.219s] -- Using all available rosidl_typesupport_c: rosidl_typesupport_fastrtps_c;rosidl_typesupport_introspection_c
[0.232s] -- Using all available rosidl_typesupport_cpp: rosidl_typesupport_fastrtps_cpp;rosidl_typesupport_introspection_cpp
[0.265s] -- Found rmw_implementation_cmake: 6.1.2 (/opt/ros/humble/share/rmw_implementation_cmake/cmake)
[0.267s] -- Found rmw_fastrtps_cpp: 6.2.9 (/opt/ros/humble/share/rmw_fastrtps_cpp/cmake)
[0.374s] -- Using RMW implementation 'rmw_fastrtps_cpp' as default
[0.424s] -- Found hellocm_msgs: 0.1.0 (/home/mdxfsai/FS_autonomous/ros/ros2_ws/install/hellocm_msgs/share/hellocm_msgs/cmake)
[0.439s] -- Found ament_lint_auto: 0.12.14 (/opt/ros/humble/share/ament_lint_auto/cmake)
[0.511s] -- Added test 'copyright' to check source files copyright and LICENSE
[0.512s] -- Added test 'cppcheck' to perform static code analysis on C / C++ code
[0.512s] -- Configured cppcheck include dirs: 
[0.512s] -- Configured cppcheck exclude dirs and/or files: 
[0.512s] -- Added test 'cpplint' to check C / C++ code against the Google style
[0.512s] -- Configured cpplint exclude dirs and/or files: 
[0.513s] -- Added test 'flake8' to check Python code syntax and style conventions
[0.513s] -- Added test 'lint_cmake' to check CMake code style
[0.513s] -- Added test 'pep257' to check Python code against some of the docstring style conventions in PEP 257
[0.514s] -- Added test 'uncrustify' to check C / C++ code style
[0.514s] -- Configured uncrustify additional arguments: 
[0.514s] -- Added test 'xmllint' to check XML markup files
[0.515s] -- Configuring done
[0.523s] -- Generating done
[0.526s] -- Build files have been written to: /home/mdxfsai/FS_autonomous/ros/ros2_ws/build/hellocm
[0.534s] Invoked command in '/home/mdxfsai/FS_autonomous/ros/ros2_ws/build/hellocm' returned '0': AMENT_PREFIX_PATH=/home/mdxfsai/FS_autonomous/ros/ros2_ws/install/hellocm_msgs:${AMENT_PREFIX_PATH} CMAKE_PREFIX_PATH=/home/mdxfsai/FS_autonomous/ros/ros2_ws/install/hellocm_msgs:/opt/ros/humble LD_LIBRARY_PATH=/home/mdxfsai/FS_autonomous/ros/ros2_ws/install/hellocm_msgs/lib:${LD_LIBRARY_PATH} PYTHONPATH=/home/mdxfsai/FS_autonomous/ros/ros2_ws/install/hellocm_msgs/local/lib/python3.10/dist-packages:${PYTHONPATH} /usr/bin/cmake /home/mdxfsai/FS_autonomous/ros/ros2_ws/src/hellocm -DCMAKE_INSTALL_PREFIX=/home/mdxfsai/FS_autonomous/ros/ros2_ws/install/hellocm
[0.536s] Invoking command in '/home/mdxfsai/FS_autonomous/ros/ros2_ws/build/hellocm': AMENT_PREFIX_PATH=/home/mdxfsai/FS_autonomous/ros/ros2_ws/install/hellocm_msgs:${AMENT_PREFIX_PATH} CMAKE_PREFIX_PATH=/home/mdxfsai/FS_autonomous/ros/ros2_ws/install/hellocm_msgs:/opt/ros/humble LD_LIBRARY_PATH=/home/mdxfsai/FS_autonomous/ros/ros2_ws/install/hellocm_msgs/lib:${LD_LIBRARY_PATH} PYTHONPATH=/home/mdxfsai/FS_autonomous/ros/ros2_ws/install/hellocm_msgs/local/lib/python3.10/dist-packages:${PYTHONPATH} /usr/bin/cmake --build /home/mdxfsai/FS_autonomous/ros/ros2_ws/build/hellocm -- -j20 -l20
[0.586s] [35m[1mConsolidate compiler generated dependencies of target hellocm[0m
[0.610s] [100%] Built target hellocm
[0.626s] Invoked command in '/home/mdxfsai/FS_autonomous/ros/ros2_ws/build/hellocm' returned '0': AMENT_PREFIX_PATH=/home/mdxfsai/FS_autonomous/ros/ros2_ws/install/hellocm_msgs:${AMENT_PREFIX_PATH} CMAKE_PREFIX_PATH=/home/mdxfsai/FS_autonomous/ros/ros2_ws/install/hellocm_msgs:/opt/ros/humble LD_LIBRARY_PATH=/home/mdxfsai/FS_autonomous/ros/ros2_ws/install/hellocm_msgs/lib:${LD_LIBRARY_PATH} PYTHONPATH=/home/mdxfsai/FS_autonomous/ros/ros2_ws/install/hellocm_msgs/local/lib/python3.10/dist-packages:${PYTHONPATH} /usr/bin/cmake --build /home/mdxfsai/FS_autonomous/ros/ros2_ws/build/hellocm -- -j20 -l20
[0.628s] Invoking command in '/home/mdxfsai/FS_autonomous/ros/ros2_ws/build/hellocm': AMENT_PREFIX_PATH=/home/mdxfsai/FS_autonomous/ros/ros2_ws/install/hellocm_msgs:${AMENT_PREFIX_PATH} CMAKE_PREFIX_PATH=/home/mdxfsai/FS_autonomous/ros/ros2_ws/install/hellocm_msgs:/opt/ros/humble LD_LIBRARY_PATH=/home/mdxfsai/FS_autonomous/ros/ros2_ws/install/hellocm_msgs/lib:${LD_LIBRARY_PATH} PYTHONPATH=/home/mdxfsai/FS_autonomous/ros/ros2_ws/install/hellocm_msgs/local/lib/python3.10/dist-packages:${PYTHONPATH} /usr/bin/cmake --install /home/mdxfsai/FS_autonomous/ros/ros2_ws/build/hellocm
[0.636s] -- Install configuration: ""
[0.636s] -- Up-to-date: /home/mdxfsai/FS_autonomous/ros/ros2_ws/install/hellocm/lib/hellocm/hellocm
[0.636s] -- Up-to-date: /home/mdxfsai/FS_autonomous/ros/ros2_ws/install/hellocm/share/hellocm//launch
[0.636s] -- Up-to-date: /home/mdxfsai/FS_autonomous/ros/ros2_ws/install/hellocm/share/hellocm//launch/hellocm.launch.py
[0.636s] -- Up-to-date: /home/mdxfsai/FS_autonomous/ros/ros2_ws/install/hellocm/share/ament_index/resource_index/package_run_dependencies/hellocm
[0.637s] -- Up-to-date: /home/mdxfsai/FS_autonomous/ros/ros2_ws/install/hellocm/share/ament_index/resource_index/parent_prefix_path/hellocm
[0.637s] -- Up-to-date: /home/mdxfsai/FS_autonomous/ros/ros2_ws/install/hellocm/share/hellocm/environment/ament_prefix_path.sh
[0.637s] -- Installing: /home/mdxfsai/FS_autonomous/ros/ros2_ws/install/hellocm/share/hellocm/environment/ament_prefix_path.dsv
[0.637s] -- Up-to-date: /home/mdxfsai/FS_autonomous/ros/ros2_ws/install/hellocm/share/hellocm/environment/path.sh
[0.637s] -- Installing: /home/mdxfsai/FS_autonomous/ros/ros2_ws/install/hellocm/share/hellocm/environment/path.dsv
[0.637s] -- Up-to-date: /home/mdxfsai/FS_autonomous/ros/ros2_ws/install/hellocm/share/hellocm/local_setup.bash
[0.637s] -- Up-to-date: /home/mdxfsai/FS_autonomous/ros/ros2_ws/install/hellocm/share/hellocm/local_setup.sh
[0.637s] -- Up-to-date: /home/mdxfsai/FS_autonomous/ros/ros2_ws/install/hellocm/share/hellocm/local_setup.zsh
[0.637s] -- Installing: /home/mdxfsai/FS_autonomous/ros/ros2_ws/install/hellocm/share/hellocm/local_setup.dsv
[0.637s] -- Installing: /home/mdxfsai/FS_autonomous/ros/ros2_ws/install/hellocm/share/hellocm/package.dsv
[0.638s] -- Up-to-date: /home/mdxfsai/FS_autonomous/ros/ros2_ws/install/hellocm/share/ament_index/resource_index/packages/hellocm
[0.638s] -- Up-to-date: /home/mdxfsai/FS_autonomous/ros/ros2_ws/install/hellocm/share/hellocm/cmake/hellocmConfig.cmake
[0.638s] -- Up-to-date: /home/mdxfsai/FS_autonomous/ros/ros2_ws/install/hellocm/share/hellocm/cmake/hellocmConfig-version.cmake
[0.638s] -- Up-to-date: /home/mdxfsai/FS_autonomous/ros/ros2_ws/install/hellocm/share/hellocm/package.xml
[0.639s] Invoked command in '/home/mdxfsai/FS_autonomous/ros/ros2_ws/build/hellocm' returned '0': AMENT_PREFIX_PATH=/home/mdxfsai/FS_autonomous/ros/ros2_ws/install/hellocm_msgs:${AMENT_PREFIX_PATH} CMAKE_PREFIX_PATH=/home/mdxfsai/FS_autonomous/ros/ros2_ws/install/hellocm_msgs:/opt/ros/humble LD_LIBRARY_PATH=/home/mdxfsai/FS_autonomous/ros/ros2_ws/install/hellocm_msgs/lib:${LD_LIBRARY_PATH} PYTHONPATH=/home/mdxfsai/FS_autonomous/ros/ros2_ws/install/hellocm_msgs/local/lib/python3.10/dist-packages:${PYTHONPATH} /usr/bin/cmake --install /home/mdxfsai/FS_autonomous/ros/ros2_ws/build/hellocm
