/home/mdxfsai/FS_autonomous/ros/ros2_ws/src/hellocm_cmnode/src/CMNode_ROS2_HelloCM.cpp: In member function ‘virtual int cm_ros::CMNodeHelloCM::userTestrunStartAtBegin()’:
/home/mdxfsai/FS_autonomous/ros/ros2_ws/src/hellocm_cmnode/src/CMNode_ROS2_HelloCM.cpp:820:25: warning: ‘%f’ directive writing between 3 and 317 bytes into a region of size between 3 and 73 [-Wformat-overflow=]
  820 |           sprintf(sbuf, "ros2 launch carmaker_rsds_client carmaker_rsds_client.launch.py \
      |                         ^~~~~~~~~~~~~~~~~~~~~~~~~~~~~~~~~~~~~~~~~~~~~~~~~~~~~~~~~~~~~~~~~~
  821 |             camera_no:=%d \
      |             ~~~~~~~~~~~~~~~
  822 |             camera_name:=%s \
      |             ~~~~~~~~~~~~~~~~~
  823 |             rsds_port:=%d \
      |             ~~~~~~~~~~~~~~~
  824 |             param_trans_rot:=[%f,%f,%f,%f,%f,%f] \
      |             ~~~~~~~~~~~~~~~~~~~~~~~~~~~~~~~~~~~~~~
  825 |             fov_deg:=%f \
      |             ~~~~~~~~~~~~~
  826 |             width:=%f \
      |             ~~~~~~~~~~~  
  827 |             height:=%f \
      |             ~~~~~~~~~~~~ 
  828 |             secondary_channel:=%d \
      |             ~~~~~~~~~~~~~~~~~~~~~~~
  829 |             secondary_camera_name:=%s \
      |             ~~~~~~~~~~~~~~~~~~~~~~~~~~~
  830 |             secondary_camera_frame:=CARS00 \
      |             ~~~~~~~~~~~~~~~~~~~~~~~~~~~~~~~~
  831 |             secondary_param_trans_rot:=[%f,%f,%f,%f,%f,%f] \
      |             ~~~~~~~~~~~~~~~~~~~~~~~~~~~~~~~~~~~~~~~~~~~~~~~~
  832 |             secondary_fov_deg:=%f \
      |             ~~~~~~~~~~~~~~~~~~~~~~~
  833 |             secondary_width:=%f \
      |             ~~~~~~~~~~~~~~~~~~~~~
  834 |             secondary_height:=%f &",
      |             ~~~~~~~~~~~~~~~~~~~~~~~
/home/mdxfsai/FS_autonomous/ros/ros2_ws/src/hellocm_cmnode/src/CMNode_ROS2_HelloCM.cpp:820:25: note: assuming directive output of 8 bytes
/home/mdxfsai/FS_autonomous/ros/ros2_ws/src/hellocm_cmnode/src/CMNode_ROS2_HelloCM.cpp:820:25: note: assuming directive output of 8 bytes
/home/mdxfsai/FS_autonomous/ros/ros2_ws/src/hellocm_cmnode/src/CMNode_ROS2_HelloCM.cpp:820:25: note: assuming directive output of 8 bytes
/home/mdxfsai/FS_autonomous/ros/ros2_ws/src/hellocm_cmnode/src/CMNode_ROS2_HelloCM.cpp:820:25: note: assuming directive output of 8 bytes
/home/mdxfsai/FS_autonomous/ros/ros2_ws/src/hellocm_cmnode/src/CMNode_ROS2_HelloCM.cpp:820:18: note: ‘sprintf’ output 548 or more bytes (assuming 638) into a destination of size 512
  820 |           sprintf(sbuf, "ros2 launch carmaker_rsds_client carmaker_rsds_client.launch.py \
      |           ~~~~~~~^~~~~~~~~~~~~~~~~~~~~~~~~~~~~~~~~~~~~~~~~~~~~~~~~~~~~~~~~~~~~~~~~~~~~~~~~
  821 |             camera_no:=%d \
      |             ~~~~~~~~~~~~~~~
  822 |             camera_name:=%s \
      |             ~~~~~~~~~~~~~~~~~
  823 |             rsds_port:=%d \
      |             ~~~~~~~~~~~~~~~
  824 |             param_trans_rot:=[%f,%f,%f,%f,%f,%f] \
      |             ~~~~~~~~~~~~~~~~~~~~~~~~~~~~~~~~~~~~~~
  825 |             fov_deg:=%f \
      |             ~~~~~~~~~~~~~
  826 |             width:=%f \
      |             ~~~~~~~~~~~
  827 |             height:=%f \
      |             ~~~~~~~~~~~~
  828 |             secondary_channel:=%d \
      |             ~~~~~~~~~~~~~~~~~~~~~~~
  829 |             secondary_camera_name:=%s \
      |             ~~~~~~~~~~~~~~~~~~~~~~~~~~~
  830 |             secondary_camera_frame:=CARS00 \
      |             ~~~~~~~~~~~~~~~~~~~~~~~~~~~~~~~~
  831 |             secondary_param_trans_rot:=[%f,%f,%f,%f,%f,%f] \
      |             ~~~~~~~~~~~~~~~~~~~~~~~~~~~~~~~~~~~~~~~~~~~~~~~~
  832 |             secondary_fov_deg:=%f \
      |             ~~~~~~~~~~~~~~~~~~~~~~~
  833 |             secondary_width:=%f \
      |             ~~~~~~~~~~~~~~~~~~~~~
  834 |             secondary_height:=%f &",
      |             ~~~~~~~~~~~~~~~~~~~~~~~~
  835 |             primary.number,
      |             ~~~~~~~~~~~~~~~
  836 |             primary.name,
      |             ~~~~~~~~~~~~~
  837 |             primary.Socket,
      |             ~~~~~~~~~~~~~~~
  838 |             primary.pos[0],primary.pos[1],primary.pos[2],primary.rot[0],primary.rot[1],primary.rot[2],
      |             ~~~~~~~~~~~~~~~~~~~~~~~~~~~~~~~~~~~~~~~~~~~~~~~~~~~~~~~~~~~~~~~~~~~~~~~~~~~~~~~~~~~~~~~~~~
  839 |             primary.FoV,
      |             ~~~~~~~~~~~~
  840 |             primary.Resolution[0],
      |             ~~~~~~~~~~~~~~~~~~~~~~
  841 |             primary.Resolution[1],
      |             ~~~~~~~~~~~~~~~~~~~~~~
  842 |             secondary.number,
      |             ~~~~~~~~~~~~~~~~~
  843 |             secondary.name,
      |             ~~~~~~~~~~~~~~~
  844 |             secondary.pos[0],secondary.pos[1],secondary.pos[2],secondary.rot[0],secondary.rot[1],secondary.rot[2],
      |             ~~~~~~~~~~~~~~~~~~~~~~~~~~~~~~~~~~~~~~~~~~~~~~~~~~~~~~~~~~~~~~~~~~~~~~~~~~~~~~~~~~~~~~~~~~~~~~~~~~~~~~
  845 |             secondary.FoV,
      |             ~~~~~~~~~~~~~~
  846 |             secondary.Resolution[0],
      |             ~~~~~~~~~~~~~~~~~~~~~~~~
  847 |             secondary.Resolution[1]);
      |             ~~~~~~~~~~~~~~~~~~~~~~~~
