[0.009s] Invoking command in '/home/mdxfsai/FS_autonomous/ros/ros2_ws/build/hellocm': AMENT_PREFIX_PATH=/home/mdxfsai/FS_autonomous/ros/ros2_ws/install/hellocm_msgs:${AMENT_PREFIX_PATH} CMAKE_PREFIX_PATH=/home/mdxfsai/FS_autonomous/ros/ros2_ws/install/hellocm_msgs:/opt/ros/humble LD_LIBRARY_PATH=/home/mdxfsai/FS_autonomous/ros/ros2_ws/install/hellocm_msgs/lib:${LD_LIBRARY_PATH} PYTHONPATH=/home/mdxfsai/FS_autonomous/ros/ros2_ws/install/hellocm_msgs/local/lib/python3.10/dist-packages:${PYTHONPATH} /usr/bin/cmake /home/mdxfsai/FS_autonomous/ros/ros2_ws/src/hellocm -DCARMAKER_VER:STRING=14.1.1 -DCARMAKER_DIR:PATH=/opt/ipg/carmaker/linux64-14.1.1 --no-warn-unused-cli -DCMAKE_INSTALL_PREFIX=/home/mdxfsai/FS_autonomous/ros/ros2_ws/install/hellocm
[0.018s] Not searching for unused variables given on the command line.
[0.070s] -- The C compiler identification is GNU 11.4.0
[0.133s] -- The CXX compiler identification is GNU 11.4.0
[0.140s] -- Detecting C compiler ABI info
[0.226s] -- Detecting C compiler ABI info - done
[0.235s] -- Check for working C compiler: /usr/bin/cc - skipped
[0.235s] -- Detecting C compile features
[0.235s] -- Detecting C compile features - done
[0.238s] -- Detecting CXX compiler ABI info
[0.328s] -- Detecting CXX compiler ABI info - done
[0.337s] -- Check for working CXX compiler: /usr/bin/c++ - skipped
[0.337s] -- Detecting CXX compile features
[0.338s] -- Detecting CXX compile features - done
[0.340s] -- Found ament_cmake: 1.3.12 (/opt/ros/humble/share/ament_cmake/cmake)
[0.515s] -- Found Python3: /usr/bin/python3 (found version "3.10.12") found components: Interpreter 
[0.603s] -- Found rclcpp: 16.0.17 (/opt/ros/humble/share/rclcpp/cmake)
[0.640s] -- Found rosidl_generator_c: 3.1.8 (/opt/ros/humble/share/rosidl_generator_c/cmake)
[0.645s] -- Found rosidl_adapter: 3.1.8 (/opt/ros/humble/share/rosidl_adapter/cmake)
[0.652s] -- Found rosidl_generator_cpp: 3.1.8 (/opt/ros/humble/share/rosidl_generator_cpp/cmake)
[0.664s] -- Using all available rosidl_typesupport_c: rosidl_typesupport_fastrtps_c;rosidl_typesupport_introspection_c
[0.678s] -- Using all available rosidl_typesupport_cpp: rosidl_typesupport_fastrtps_cpp;rosidl_typesupport_introspection_cpp
[0.719s] -- Found rmw_implementation_cmake: 6.1.2 (/opt/ros/humble/share/rmw_implementation_cmake/cmake)
[0.721s] -- Found rmw_fastrtps_cpp: 6.2.9 (/opt/ros/humble/share/rmw_fastrtps_cpp/cmake)
[0.816s] -- Found OpenSSL: /usr/lib/x86_64-linux-gnu/libcrypto.so (found version "3.0.2")  
[0.844s] -- Found FastRTPS: /opt/ros/humble/include  
[0.886s] -- Using RMW implementation 'rmw_fastrtps_cpp' as default
[0.893s] -- Looking for pthread.h
[0.973s] -- Looking for pthread.h - found
[0.974s] -- Performing Test CMAKE_HAVE_LIBC_PTHREAD
[1.053s] -- Performing Test CMAKE_HAVE_LIBC_PTHREAD - Success
[1.054s] -- Found Threads: TRUE  
[1.103s] -- Found hellocm_msgs: 0.1.0 (/home/mdxfsai/FS_autonomous/ros/ros2_ws/install/hellocm_msgs/share/hellocm_msgs/cmake)
[1.118s] -- Found ament_lint_auto: 0.12.14 (/opt/ros/humble/share/ament_lint_auto/cmake)
[1.202s] -- Added test 'copyright' to check source files copyright and LICENSE
[1.203s] -- Added test 'cppcheck' to perform static code analysis on C / C++ code
[1.203s] -- Configured cppcheck include dirs: 
[1.203s] -- Configured cppcheck exclude dirs and/or files: 
[1.204s] -- Added test 'cpplint' to check C / C++ code against the Google style
[1.204s] -- Configured cpplint exclude dirs and/or files: 
[1.204s] -- Added test 'flake8' to check Python code syntax and style conventions
[1.204s] -- Added test 'lint_cmake' to check CMake code style
[1.205s] -- Added test 'pep257' to check Python code against some of the docstring style conventions in PEP 257
[1.205s] -- Added test 'uncrustify' to check C / C++ code style
[1.206s] -- Configured uncrustify additional arguments: 
[1.206s] -- Added test 'xmllint' to check XML markup files
[1.207s] -- Configuring done
[1.215s] -- Generating done
[1.219s] -- Build files have been written to: /home/mdxfsai/FS_autonomous/ros/ros2_ws/build/hellocm
[1.229s] Invoked command in '/home/mdxfsai/FS_autonomous/ros/ros2_ws/build/hellocm' returned '0': AMENT_PREFIX_PATH=/home/mdxfsai/FS_autonomous/ros/ros2_ws/install/hellocm_msgs:${AMENT_PREFIX_PATH} CMAKE_PREFIX_PATH=/home/mdxfsai/FS_autonomous/ros/ros2_ws/install/hellocm_msgs:/opt/ros/humble LD_LIBRARY_PATH=/home/mdxfsai/FS_autonomous/ros/ros2_ws/install/hellocm_msgs/lib:${LD_LIBRARY_PATH} PYTHONPATH=/home/mdxfsai/FS_autonomous/ros/ros2_ws/install/hellocm_msgs/local/lib/python3.10/dist-packages:${PYTHONPATH} /usr/bin/cmake /home/mdxfsai/FS_autonomous/ros/ros2_ws/src/hellocm -DCARMAKER_VER:STRING=14.1.1 -DCARMAKER_DIR:PATH=/opt/ipg/carmaker/linux64-14.1.1 --no-warn-unused-cli -DCMAKE_INSTALL_PREFIX=/home/mdxfsai/FS_autonomous/ros/ros2_ws/install/hellocm
[1.229s] Invoking command in '/home/mdxfsai/FS_autonomous/ros/ros2_ws/build/hellocm': AMENT_PREFIX_PATH=/home/mdxfsai/FS_autonomous/ros/ros2_ws/install/hellocm_msgs:${AMENT_PREFIX_PATH} CMAKE_PREFIX_PATH=/home/mdxfsai/FS_autonomous/ros/ros2_ws/install/hellocm_msgs:/opt/ros/humble LD_LIBRARY_PATH=/home/mdxfsai/FS_autonomous/ros/ros2_ws/install/hellocm_msgs/lib:${LD_LIBRARY_PATH} PYTHONPATH=/home/mdxfsai/FS_autonomous/ros/ros2_ws/install/hellocm_msgs/local/lib/python3.10/dist-packages:${PYTHONPATH} /usr/bin/cmake --build /home/mdxfsai/FS_autonomous/ros/ros2_ws/build/hellocm -- -j20 -l20
[1.284s] [ 50%] [32mBuilding CXX object CMakeFiles/hellocm.dir/src/ROS2_HelloCM.cpp.o[0m
[9.888s] [100%] [32m[1mLinking CXX executable hellocm[0m
[10.319s] [100%] Built target hellocm
[10.331s] Invoked command in '/home/mdxfsai/FS_autonomous/ros/ros2_ws/build/hellocm' returned '0': AMENT_PREFIX_PATH=/home/mdxfsai/FS_autonomous/ros/ros2_ws/install/hellocm_msgs:${AMENT_PREFIX_PATH} CMAKE_PREFIX_PATH=/home/mdxfsai/FS_autonomous/ros/ros2_ws/install/hellocm_msgs:/opt/ros/humble LD_LIBRARY_PATH=/home/mdxfsai/FS_autonomous/ros/ros2_ws/install/hellocm_msgs/lib:${LD_LIBRARY_PATH} PYTHONPATH=/home/mdxfsai/FS_autonomous/ros/ros2_ws/install/hellocm_msgs/local/lib/python3.10/dist-packages:${PYTHONPATH} /usr/bin/cmake --build /home/mdxfsai/FS_autonomous/ros/ros2_ws/build/hellocm -- -j20 -l20
[10.333s] Invoking command in '/home/mdxfsai/FS_autonomous/ros/ros2_ws/build/hellocm': AMENT_PREFIX_PATH=/home/mdxfsai/FS_autonomous/ros/ros2_ws/install/hellocm_msgs:${AMENT_PREFIX_PATH} CMAKE_PREFIX_PATH=/home/mdxfsai/FS_autonomous/ros/ros2_ws/install/hellocm_msgs:/opt/ros/humble LD_LIBRARY_PATH=/home/mdxfsai/FS_autonomous/ros/ros2_ws/install/hellocm_msgs/lib:${LD_LIBRARY_PATH} PYTHONPATH=/home/mdxfsai/FS_autonomous/ros/ros2_ws/install/hellocm_msgs/local/lib/python3.10/dist-packages:${PYTHONPATH} /usr/bin/cmake --install /home/mdxfsai/FS_autonomous/ros/ros2_ws/build/hellocm
[10.340s] -- Install configuration: ""
[10.340s] -- Installing: /home/mdxfsai/FS_autonomous/ros/ros2_ws/install/hellocm/lib/hellocm/hellocm
[10.343s] -- Set runtime path of "/home/mdxfsai/FS_autonomous/ros/ros2_ws/install/hellocm/lib/hellocm/hellocm" to ""
[10.343s] -- Installing: /home/mdxfsai/FS_autonomous/ros/ros2_ws/install/hellocm/share/hellocm//launch
[10.343s] -- Installing: /home/mdxfsai/FS_autonomous/ros/ros2_ws/install/hellocm/share/hellocm//launch/hellocm.launch.py
[10.343s] -- Installing: /home/mdxfsai/FS_autonomous/ros/ros2_ws/install/hellocm/share/ament_index/resource_index/package_run_dependencies/hellocm
[10.343s] -- Installing: /home/mdxfsai/FS_autonomous/ros/ros2_ws/install/hellocm/share/ament_index/resource_index/parent_prefix_path/hellocm
[10.343s] -- Installing: /home/mdxfsai/FS_autonomous/ros/ros2_ws/install/hellocm/share/hellocm/environment/ament_prefix_path.sh
[10.344s] -- Installing: /home/mdxfsai/FS_autonomous/ros/ros2_ws/install/hellocm/share/hellocm/environment/ament_prefix_path.dsv
[10.344s] -- Installing: /home/mdxfsai/FS_autonomous/ros/ros2_ws/install/hellocm/share/hellocm/environment/path.sh
[10.344s] -- Installing: /home/mdxfsai/FS_autonomous/ros/ros2_ws/install/hellocm/share/hellocm/environment/path.dsv
[10.344s] -- Installing: /home/mdxfsai/FS_autonomous/ros/ros2_ws/install/hellocm/share/hellocm/local_setup.bash
[10.344s] -- Installing: /home/mdxfsai/FS_autonomous/ros/ros2_ws/install/hellocm/share/hellocm/local_setup.sh
[10.344s] -- Installing: /home/mdxfsai/FS_autonomous/ros/ros2_ws/install/hellocm/share/hellocm/local_setup.zsh
[10.344s] -- Installing: /home/mdxfsai/FS_autonomous/ros/ros2_ws/install/hellocm/share/hellocm/local_setup.dsv
[10.344s] -- Installing: /home/mdxfsai/FS_autonomous/ros/ros2_ws/install/hellocm/share/hellocm/package.dsv
[10.345s] -- Installing: /home/mdxfsai/FS_autonomous/ros/ros2_ws/install/hellocm/share/ament_index/resource_index/packages/hellocm
[10.345s] -- Installing: /home/mdxfsai/FS_autonomous/ros/ros2_ws/install/hellocm/share/hellocm/cmake/hellocmConfig.cmake
[10.345s] -- Installing: /home/mdxfsai/FS_autonomous/ros/ros2_ws/install/hellocm/share/hellocm/cmake/hellocmConfig-version.cmake
[10.345s] -- Installing: /home/mdxfsai/FS_autonomous/ros/ros2_ws/install/hellocm/share/hellocm/package.xml
[10.347s] Invoked command in '/home/mdxfsai/FS_autonomous/ros/ros2_ws/build/hellocm' returned '0': AMENT_PREFIX_PATH=/home/mdxfsai/FS_autonomous/ros/ros2_ws/install/hellocm_msgs:${AMENT_PREFIX_PATH} CMAKE_PREFIX_PATH=/home/mdxfsai/FS_autonomous/ros/ros2_ws/install/hellocm_msgs:/opt/ros/humble LD_LIBRARY_PATH=/home/mdxfsai/FS_autonomous/ros/ros2_ws/install/hellocm_msgs/lib:${LD_LIBRARY_PATH} PYTHONPATH=/home/mdxfsai/FS_autonomous/ros/ros2_ws/install/hellocm_msgs/local/lib/python3.10/dist-packages:${PYTHONPATH} /usr/bin/cmake --install /home/mdxfsai/FS_autonomous/ros/ros2_ws/build/hellocm
