[0.008s] Invoking command in '/home/bashesam33/FS-AI/ros2_ws/build/vehiclecontrol_msgs': CMAKE_PREFIX_PATH=${CMAKE_PREFIX_PATH}:/opt/ros/jazzy DEBUGINFOD_URLS=https://debuginfod.ubuntu.com /usr/bin/cmake --build /home/bashesam33/FS-AI/ros2_ws/build/vehiclecontrol_msgs -- -j12 -l12
[0.046s] [  2%] Built target vehiclecontrol_msgs__rosidl_generator_type_description
[0.049s] [  2%] Built target ament_cmake_python_copy_vehiclecontrol_msgs
[0.068s] [ 17%] Built target vehiclecontrol_msgs__rosidl_generator_c
[0.070s] [ 20%] Built target vehiclecontrol_msgs__cpp
[0.101s] [ 29%] Built target vehiclecontrol_msgs__rosidl_typesupport_introspection_cpp
[0.102s] [ 38%] Built target vehiclecontrol_msgs__rosidl_typesupport_c
[0.105s] [ 47%] Built target vehiclecontrol_msgs__rosidl_typesupport_introspection_c
[0.107s] [ 55%] Built target vehiclecontrol_msgs__rosidl_typesupport_fastrtps_c
[0.108s] [ 64%] Built target vehiclecontrol_msgs__rosidl_typesupport_cpp
[0.114s] [ 73%] Built target vehiclecontrol_msgs__rosidl_typesupport_fastrtps_cpp
[0.127s] [ 73%] Built target vehiclecontrol_msgs
[0.140s] [ 76%] Built target vehiclecontrol_msgs__py
[0.155s] [ 82%] Built target vehiclecontrol_msgs__rosidl_generator_py
[0.170s] [ 88%] Built target vehiclecontrol_msgs_s__rosidl_typesupport_introspection_c
[0.173s] [ 94%] Built target vehiclecontrol_msgs_s__rosidl_typesupport_fastrtps_c
[0.177s] [100%] Built target vehiclecontrol_msgs_s__rosidl_typesupport_c
[0.268s] running egg_info
[0.280s] writing vehiclecontrol_msgs.egg-info/PKG-INFO
[0.280s] writing dependency_links to vehiclecontrol_msgs.egg-info/dependency_links.txt
[0.280s] writing top-level names to vehiclecontrol_msgs.egg-info/top_level.txt
[0.316s] reading manifest file 'vehiclecontrol_msgs.egg-info/SOURCES.txt'
[0.317s] writing manifest file 'vehiclecontrol_msgs.egg-info/SOURCES.txt'
[0.345s] [100%] Built target ament_cmake_python_build_vehiclecontrol_msgs_egg
[0.353s] Invoked command in '/home/bashesam33/FS-AI/ros2_ws/build/vehiclecontrol_msgs' returned '0': CMAKE_PREFIX_PATH=${CMAKE_PREFIX_PATH}:/opt/ros/jazzy DEBUGINFOD_URLS=https://debuginfod.ubuntu.com /usr/bin/cmake --build /home/bashesam33/FS-AI/ros2_ws/build/vehiclecontrol_msgs -- -j12 -l12
[0.353s] Invoking command in '/home/bashesam33/FS-AI/ros2_ws/build/vehiclecontrol_msgs': CMAKE_PREFIX_PATH=${CMAKE_PREFIX_PATH}:/opt/ros/jazzy DEBUGINFOD_URLS=https://debuginfod.ubuntu.com /usr/bin/cmake --install /home/bashesam33/FS-AI/ros2_ws/build/vehiclecontrol_msgs
[0.360s] -- Install configuration: ""
[0.360s] -- Up-to-date: /home/bashesam33/FS-AI/ros2_ws/install/vehiclecontrol_msgs/share/ament_index/resource_index/rosidl_interfaces/vehiclecontrol_msgs
[0.360s] -- Up-to-date: /home/bashesam33/FS-AI/ros2_ws/install/vehiclecontrol_msgs/share/vehiclecontrol_msgs/msg/VehicleControl.json
[0.360s] -- Up-to-date: /home/bashesam33/FS-AI/ros2_ws/install/vehiclecontrol_msgs/include/vehiclecontrol_msgs/vehiclecontrol_msgs
[0.361s] -- Up-to-date: /home/bashesam33/FS-AI/ros2_ws/install/vehiclecontrol_msgs/include/vehiclecontrol_msgs/vehiclecontrol_msgs/msg
[0.361s] -- Up-to-date: /home/bashesam33/FS-AI/ros2_ws/install/vehiclecontrol_msgs/include/vehiclecontrol_msgs/vehiclecontrol_msgs/msg/vehicle_control.h
[0.361s] -- Up-to-date: /home/bashesam33/FS-AI/ros2_ws/install/vehiclecontrol_msgs/include/vehiclecontrol_msgs/vehiclecontrol_msgs/msg/detail
[0.361s] -- Up-to-date: /home/bashesam33/FS-AI/ros2_ws/install/vehiclecontrol_msgs/include/vehiclecontrol_msgs/vehiclecontrol_msgs/msg/detail/vehicle_control__description.c
[0.361s] -- Up-to-date: /home/bashesam33/FS-AI/ros2_ws/install/vehiclecontrol_msgs/include/vehiclecontrol_msgs/vehiclecontrol_msgs/msg/detail/vehicle_control__type_support.h
[0.361s] -- Up-to-date: /home/bashesam33/FS-AI/ros2_ws/install/vehiclecontrol_msgs/include/vehiclecontrol_msgs/vehiclecontrol_msgs/msg/detail/vehicle_control__struct.h
[0.361s] -- Up-to-date: /home/bashesam33/FS-AI/ros2_ws/install/vehiclecontrol_msgs/include/vehiclecontrol_msgs/vehiclecontrol_msgs/msg/detail/vehicle_control__functions.h
[0.361s] -- Up-to-date: /home/bashesam33/FS-AI/ros2_ws/install/vehiclecontrol_msgs/include/vehiclecontrol_msgs/vehiclecontrol_msgs/msg/detail/vehicle_control__type_support.c
[0.361s] -- Up-to-date: /home/bashesam33/FS-AI/ros2_ws/install/vehiclecontrol_msgs/include/vehiclecontrol_msgs/vehiclecontrol_msgs/msg/detail/vehicle_control__functions.c
[0.361s] -- Up-to-date: /home/bashesam33/FS-AI/ros2_ws/install/vehiclecontrol_msgs/include/vehiclecontrol_msgs/vehiclecontrol_msgs/msg/rosidl_generator_c__visibility_control.h
[0.361s] -- Up-to-date: /home/bashesam33/FS-AI/ros2_ws/install/vehiclecontrol_msgs/share/vehiclecontrol_msgs/environment/library_path.sh
[0.361s] -- Up-to-date: /home/bashesam33/FS-AI/ros2_ws/install/vehiclecontrol_msgs/share/vehiclecontrol_msgs/environment/library_path.dsv
[0.361s] -- Up-to-date: /home/bashesam33/FS-AI/ros2_ws/install/vehiclecontrol_msgs/lib/libvehiclecontrol_msgs__rosidl_generator_c.so
[0.361s] -- Up-to-date: /home/bashesam33/FS-AI/ros2_ws/install/vehiclecontrol_msgs/include/vehiclecontrol_msgs/vehiclecontrol_msgs
[0.361s] -- Up-to-date: /home/bashesam33/FS-AI/ros2_ws/install/vehiclecontrol_msgs/include/vehiclecontrol_msgs/vehiclecontrol_msgs/msg
[0.361s] -- Up-to-date: /home/bashesam33/FS-AI/ros2_ws/install/vehiclecontrol_msgs/include/vehiclecontrol_msgs/vehiclecontrol_msgs/msg/rosidl_typesupport_fastrtps_c__visibility_control.h
[0.362s] -- Up-to-date: /home/bashesam33/FS-AI/ros2_ws/install/vehiclecontrol_msgs/include/vehiclecontrol_msgs/vehiclecontrol_msgs/msg/detail
[0.362s] -- Up-to-date: /home/bashesam33/FS-AI/ros2_ws/install/vehiclecontrol_msgs/include/vehiclecontrol_msgs/vehiclecontrol_msgs/msg/detail/vehicle_control__rosidl_typesupport_fastrtps_c.h
[0.362s] -- Up-to-date: /home/bashesam33/FS-AI/ros2_ws/install/vehiclecontrol_msgs/lib/libvehiclecontrol_msgs__rosidl_typesupport_fastrtps_c.so
[0.362s] -- Up-to-date: /home/bashesam33/FS-AI/ros2_ws/install/vehiclecontrol_msgs/include/vehiclecontrol_msgs/vehiclecontrol_msgs
[0.362s] -- Up-to-date: /home/bashesam33/FS-AI/ros2_ws/install/vehiclecontrol_msgs/include/vehiclecontrol_msgs/vehiclecontrol_msgs/msg
[0.362s] -- Up-to-date: /home/bashesam33/FS-AI/ros2_ws/install/vehiclecontrol_msgs/include/vehiclecontrol_msgs/vehiclecontrol_msgs/msg/detail
[0.362s] -- Up-to-date: /home/bashesam33/FS-AI/ros2_ws/install/vehiclecontrol_msgs/include/vehiclecontrol_msgs/vehiclecontrol_msgs/msg/detail/vehicle_control__rosidl_typesupport_introspection_c.h
[0.362s] -- Up-to-date: /home/bashesam33/FS-AI/ros2_ws/install/vehiclecontrol_msgs/include/vehiclecontrol_msgs/vehiclecontrol_msgs/msg/detail/vehicle_control__type_support.c
[0.362s] -- Up-to-date: /home/bashesam33/FS-AI/ros2_ws/install/vehiclecontrol_msgs/include/vehiclecontrol_msgs/vehiclecontrol_msgs/msg/rosidl_typesupport_introspection_c__visibility_control.h
[0.362s] -- Up-to-date: /home/bashesam33/FS-AI/ros2_ws/install/vehiclecontrol_msgs/lib/libvehiclecontrol_msgs__rosidl_typesupport_introspection_c.so
[0.362s] -- Up-to-date: /home/bashesam33/FS-AI/ros2_ws/install/vehiclecontrol_msgs/lib/libvehiclecontrol_msgs__rosidl_typesupport_c.so
[0.362s] -- Up-to-date: /home/bashesam33/FS-AI/ros2_ws/install/vehiclecontrol_msgs/include/vehiclecontrol_msgs/vehiclecontrol_msgs
[0.362s] -- Up-to-date: /home/bashesam33/FS-AI/ros2_ws/install/vehiclecontrol_msgs/include/vehiclecontrol_msgs/vehiclecontrol_msgs/msg
[0.362s] -- Up-to-date: /home/bashesam33/FS-AI/ros2_ws/install/vehiclecontrol_msgs/include/vehiclecontrol_msgs/vehiclecontrol_msgs/msg/detail
[0.362s] -- Up-to-date: /home/bashesam33/FS-AI/ros2_ws/install/vehiclecontrol_msgs/include/vehiclecontrol_msgs/vehiclecontrol_msgs/msg/detail/vehicle_control__traits.hpp
[0.362s] -- Up-to-date: /home/bashesam33/FS-AI/ros2_ws/install/vehiclecontrol_msgs/include/vehiclecontrol_msgs/vehiclecontrol_msgs/msg/detail/vehicle_control__type_support.hpp
[0.362s] -- Up-to-date: /home/bashesam33/FS-AI/ros2_ws/install/vehiclecontrol_msgs/include/vehiclecontrol_msgs/vehiclecontrol_msgs/msg/detail/vehicle_control__struct.hpp
[0.363s] -- Up-to-date: /home/bashesam33/FS-AI/ros2_ws/install/vehiclecontrol_msgs/include/vehiclecontrol_msgs/vehiclecontrol_msgs/msg/detail/vehicle_control__builder.hpp
[0.363s] -- Up-to-date: /home/bashesam33/FS-AI/ros2_ws/install/vehiclecontrol_msgs/include/vehiclecontrol_msgs/vehiclecontrol_msgs/msg/rosidl_generator_cpp__visibility_control.hpp
[0.363s] -- Up-to-date: /home/bashesam33/FS-AI/ros2_ws/install/vehiclecontrol_msgs/include/vehiclecontrol_msgs/vehiclecontrol_msgs/msg/vehicle_control.hpp
[0.363s] -- Up-to-date: /home/bashesam33/FS-AI/ros2_ws/install/vehiclecontrol_msgs/include/vehiclecontrol_msgs/vehiclecontrol_msgs
[0.363s] -- Up-to-date: /home/bashesam33/FS-AI/ros2_ws/install/vehiclecontrol_msgs/include/vehiclecontrol_msgs/vehiclecontrol_msgs/msg
[0.363s] -- Up-to-date: /home/bashesam33/FS-AI/ros2_ws/install/vehiclecontrol_msgs/include/vehiclecontrol_msgs/vehiclecontrol_msgs/msg/detail
[0.363s] -- Up-to-date: /home/bashesam33/FS-AI/ros2_ws/install/vehiclecontrol_msgs/include/vehiclecontrol_msgs/vehiclecontrol_msgs/msg/detail/vehicle_control__rosidl_typesupport_fastrtps_cpp.hpp
[0.363s] -- Up-to-date: /home/bashesam33/FS-AI/ros2_ws/install/vehiclecontrol_msgs/include/vehiclecontrol_msgs/vehiclecontrol_msgs/msg/detail/dds_fastrtps
[0.363s] -- Up-to-date: /home/bashesam33/FS-AI/ros2_ws/install/vehiclecontrol_msgs/include/vehiclecontrol_msgs/vehiclecontrol_msgs/msg/rosidl_typesupport_fastrtps_cpp__visibility_control.h
[0.363s] -- Up-to-date: /home/bashesam33/FS-AI/ros2_ws/install/vehiclecontrol_msgs/lib/libvehiclecontrol_msgs__rosidl_typesupport_fastrtps_cpp.so
[0.363s] -- Up-to-date: /home/bashesam33/FS-AI/ros2_ws/install/vehiclecontrol_msgs/include/vehiclecontrol_msgs/vehiclecontrol_msgs
[0.363s] -- Up-to-date: /home/bashesam33/FS-AI/ros2_ws/install/vehiclecontrol_msgs/include/vehiclecontrol_msgs/vehiclecontrol_msgs/msg
[0.363s] -- Up-to-date: /home/bashesam33/FS-AI/ros2_ws/install/vehiclecontrol_msgs/include/vehiclecontrol_msgs/vehiclecontrol_msgs/msg/detail
[0.363s] -- Up-to-date: /home/bashesam33/FS-AI/ros2_ws/install/vehiclecontrol_msgs/include/vehiclecontrol_msgs/vehiclecontrol_msgs/msg/detail/vehicle_control__rosidl_typesupport_introspection_cpp.hpp
[0.363s] -- Up-to-date: /home/bashesam33/FS-AI/ros2_ws/install/vehiclecontrol_msgs/include/vehiclecontrol_msgs/vehiclecontrol_msgs/msg/detail/vehicle_control__type_support.cpp
[0.363s] -- Up-to-date: /home/bashesam33/FS-AI/ros2_ws/install/vehiclecontrol_msgs/lib/libvehiclecontrol_msgs__rosidl_typesupport_introspection_cpp.so
[0.363s] -- Up-to-date: /home/bashesam33/FS-AI/ros2_ws/install/vehiclecontrol_msgs/lib/libvehiclecontrol_msgs__rosidl_typesupport_cpp.so
[0.363s] -- Up-to-date: /home/bashesam33/FS-AI/ros2_ws/install/vehiclecontrol_msgs/share/vehiclecontrol_msgs/environment/pythonpath.sh
[0.363s] -- Up-to-date: /home/bashesam33/FS-AI/ros2_ws/install/vehiclecontrol_msgs/share/vehiclecontrol_msgs/environment/pythonpath.dsv
[0.363s] -- Up-to-date: /home/bashesam33/FS-AI/ros2_ws/install/vehiclecontrol_msgs/lib/python3.12/site-packages/vehiclecontrol_msgs-1.0.0-py3.12.egg-info
[0.363s] -- Installing: /home/bashesam33/FS-AI/ros2_ws/install/vehiclecontrol_msgs/lib/python3.12/site-packages/vehiclecontrol_msgs-1.0.0-py3.12.egg-info/SOURCES.txt
[0.363s] -- Installing: /home/bashesam33/FS-AI/ros2_ws/install/vehiclecontrol_msgs/lib/python3.12/site-packages/vehiclecontrol_msgs-1.0.0-py3.12.egg-info/top_level.txt
[0.364s] -- Installing: /home/bashesam33/FS-AI/ros2_ws/install/vehiclecontrol_msgs/lib/python3.12/site-packages/vehiclecontrol_msgs-1.0.0-py3.12.egg-info/PKG-INFO
[0.364s] -- Installing: /home/bashesam33/FS-AI/ros2_ws/install/vehiclecontrol_msgs/lib/python3.12/site-packages/vehiclecontrol_msgs-1.0.0-py3.12.egg-info/dependency_links.txt
[0.364s] -- Up-to-date: /home/bashesam33/FS-AI/ros2_ws/install/vehiclecontrol_msgs/lib/python3.12/site-packages/vehiclecontrol_msgs
[0.364s] -- Up-to-date: /home/bashesam33/FS-AI/ros2_ws/install/vehiclecontrol_msgs/lib/python3.12/site-packages/vehiclecontrol_msgs/vehiclecontrol_msgs_s__rosidl_typesupport_c.cpython-310-x86_64-linux-gnu.so
[0.364s] -- Up-to-date: /home/bashesam33/FS-AI/ros2_ws/install/vehiclecontrol_msgs/lib/python3.12/site-packages/vehiclecontrol_msgs/__init__.py
[0.364s] -- Up-to-date: /home/bashesam33/FS-AI/ros2_ws/install/vehiclecontrol_msgs/lib/python3.12/site-packages/vehiclecontrol_msgs/_vehiclecontrol_msgs_s.ep.rosidl_typesupport_c.c
[0.364s] -- Up-to-date: /home/bashesam33/FS-AI/ros2_ws/install/vehiclecontrol_msgs/lib/python3.12/site-packages/vehiclecontrol_msgs/vehiclecontrol_msgs_s__rosidl_typesupport_introspection_c.cpython-310-x86_64-linux-gnu.so
[0.364s] -- Up-to-date: /home/bashesam33/FS-AI/ros2_ws/install/vehiclecontrol_msgs/lib/python3.12/site-packages/vehiclecontrol_msgs/msg
[0.364s] -- Up-to-date: /home/bashesam33/FS-AI/ros2_ws/install/vehiclecontrol_msgs/lib/python3.12/site-packages/vehiclecontrol_msgs/msg/_vehicle_control.py
[0.364s] -- Up-to-date: /home/bashesam33/FS-AI/ros2_ws/install/vehiclecontrol_msgs/lib/python3.12/site-packages/vehiclecontrol_msgs/msg/__init__.py
[0.364s] -- Up-to-date: /home/bashesam33/FS-AI/ros2_ws/install/vehiclecontrol_msgs/lib/python3.12/site-packages/vehiclecontrol_msgs/msg/_vehicle_control_s.c
[0.364s] -- Up-to-date: /home/bashesam33/FS-AI/ros2_ws/install/vehiclecontrol_msgs/lib/python3.12/site-packages/vehiclecontrol_msgs/vehiclecontrol_msgs_s__rosidl_typesupport_introspection_c.so
[0.364s] -- Up-to-date: /home/bashesam33/FS-AI/ros2_ws/install/vehiclecontrol_msgs/lib/python3.12/site-packages/vehiclecontrol_msgs/libvehiclecontrol_msgs__rosidl_generator_py.so
[0.364s] -- Up-to-date: /home/bashesam33/FS-AI/ros2_ws/install/vehiclecontrol_msgs/lib/python3.12/site-packages/vehiclecontrol_msgs/_vehiclecontrol_msgs_s.ep.rosidl_typesupport_fastrtps_c.c
[0.364s] -- Up-to-date: /home/bashesam33/FS-AI/ros2_ws/install/vehiclecontrol_msgs/lib/python3.12/site-packages/vehiclecontrol_msgs/_vehiclecontrol_msgs_s.ep.rosidl_typesupport_introspection_c.c
[0.364s] -- Up-to-date: /home/bashesam33/FS-AI/ros2_ws/install/vehiclecontrol_msgs/lib/python3.12/site-packages/vehiclecontrol_msgs/vehiclecontrol_msgs_s__rosidl_typesupport_fastrtps_c.cpython-310-x86_64-linux-gnu.so
[0.364s] -- Up-to-date: /home/bashesam33/FS-AI/ros2_ws/install/vehiclecontrol_msgs/lib/python3.12/site-packages/vehiclecontrol_msgs/vehiclecontrol_msgs_s__rosidl_typesupport_fastrtps_c.so
[0.364s] -- Up-to-date: /home/bashesam33/FS-AI/ros2_ws/install/vehiclecontrol_msgs/lib/python3.12/site-packages/vehiclecontrol_msgs/vehiclecontrol_msgs_s__rosidl_typesupport_c.so
[0.404s] Listing '/home/bashesam33/FS-AI/ros2_ws/install/vehiclecontrol_msgs/lib/python3.12/site-packages/vehiclecontrol_msgs'...
[0.404s] Listing '/home/bashesam33/FS-AI/ros2_ws/install/vehiclecontrol_msgs/lib/python3.12/site-packages/vehiclecontrol_msgs/msg'...
[0.405s] -- Up-to-date: /home/bashesam33/FS-AI/ros2_ws/install/vehiclecontrol_msgs/lib/python3.12/site-packages/vehiclecontrol_msgs/vehiclecontrol_msgs_s__rosidl_typesupport_fastrtps_c.so
[0.405s] -- Up-to-date: /home/bashesam33/FS-AI/ros2_ws/install/vehiclecontrol_msgs/lib/python3.12/site-packages/vehiclecontrol_msgs/vehiclecontrol_msgs_s__rosidl_typesupport_introspection_c.so
[0.405s] -- Up-to-date: /home/bashesam33/FS-AI/ros2_ws/install/vehiclecontrol_msgs/lib/python3.12/site-packages/vehiclecontrol_msgs/vehiclecontrol_msgs_s__rosidl_typesupport_c.so
[0.405s] -- Up-to-date: /home/bashesam33/FS-AI/ros2_ws/install/vehiclecontrol_msgs/lib/libvehiclecontrol_msgs__rosidl_generator_py.so
[0.405s] -- Up-to-date: /home/bashesam33/FS-AI/ros2_ws/install/vehiclecontrol_msgs/share/vehiclecontrol_msgs/msg/VehicleControl.idl
[0.405s] -- Up-to-date: /home/bashesam33/FS-AI/ros2_ws/install/vehiclecontrol_msgs/share/vehiclecontrol_msgs/msg/VehicleControl.msg
[0.405s] -- Up-to-date: /home/bashesam33/FS-AI/ros2_ws/install/vehiclecontrol_msgs/share/ament_index/resource_index/package_run_dependencies/vehiclecontrol_msgs
[0.406s] -- Up-to-date: /home/bashesam33/FS-AI/ros2_ws/install/vehiclecontrol_msgs/share/ament_index/resource_index/parent_prefix_path/vehiclecontrol_msgs
[0.406s] -- Up-to-date: /home/bashesam33/FS-AI/ros2_ws/install/vehiclecontrol_msgs/share/vehiclecontrol_msgs/environment/ament_prefix_path.sh
[0.406s] -- Up-to-date: /home/bashesam33/FS-AI/ros2_ws/install/vehiclecontrol_msgs/share/vehiclecontrol_msgs/environment/ament_prefix_path.dsv
[0.406s] -- Up-to-date: /home/bashesam33/FS-AI/ros2_ws/install/vehiclecontrol_msgs/share/vehiclecontrol_msgs/environment/path.sh
[0.406s] -- Up-to-date: /home/bashesam33/FS-AI/ros2_ws/install/vehiclecontrol_msgs/share/vehiclecontrol_msgs/environment/path.dsv
[0.406s] -- Up-to-date: /home/bashesam33/FS-AI/ros2_ws/install/vehiclecontrol_msgs/share/vehiclecontrol_msgs/local_setup.bash
[0.406s] -- Up-to-date: /home/bashesam33/FS-AI/ros2_ws/install/vehiclecontrol_msgs/share/vehiclecontrol_msgs/local_setup.sh
[0.406s] -- Up-to-date: /home/bashesam33/FS-AI/ros2_ws/install/vehiclecontrol_msgs/share/vehiclecontrol_msgs/local_setup.zsh
[0.407s] -- Up-to-date: /home/bashesam33/FS-AI/ros2_ws/install/vehiclecontrol_msgs/share/vehiclecontrol_msgs/local_setup.dsv
[0.407s] -- Installing: /home/bashesam33/FS-AI/ros2_ws/install/vehiclecontrol_msgs/share/vehiclecontrol_msgs/package.dsv
[0.407s] -- Up-to-date: /home/bashesam33/FS-AI/ros2_ws/install/vehiclecontrol_msgs/share/ament_index/resource_index/packages/vehiclecontrol_msgs
[0.407s] -- Up-to-date: /home/bashesam33/FS-AI/ros2_ws/install/vehiclecontrol_msgs/share/vehiclecontrol_msgs/cmake/export_vehiclecontrol_msgs__rosidl_generator_cExport.cmake
[0.407s] -- Up-to-date: /home/bashesam33/FS-AI/ros2_ws/install/vehiclecontrol_msgs/share/vehiclecontrol_msgs/cmake/export_vehiclecontrol_msgs__rosidl_generator_cExport-noconfig.cmake
[0.407s] -- Up-to-date: /home/bashesam33/FS-AI/ros2_ws/install/vehiclecontrol_msgs/share/vehiclecontrol_msgs/cmake/export_vehiclecontrol_msgs__rosidl_typesupport_fastrtps_cExport.cmake
[0.407s] -- Up-to-date: /home/bashesam33/FS-AI/ros2_ws/install/vehiclecontrol_msgs/share/vehiclecontrol_msgs/cmake/export_vehiclecontrol_msgs__rosidl_typesupport_fastrtps_cExport-noconfig.cmake
[0.407s] -- Up-to-date: /home/bashesam33/FS-AI/ros2_ws/install/vehiclecontrol_msgs/share/vehiclecontrol_msgs/cmake/vehiclecontrol_msgs__rosidl_typesupport_introspection_cExport.cmake
[0.407s] -- Up-to-date: /home/bashesam33/FS-AI/ros2_ws/install/vehiclecontrol_msgs/share/vehiclecontrol_msgs/cmake/vehiclecontrol_msgs__rosidl_typesupport_introspection_cExport-noconfig.cmake
[0.408s] -- Up-to-date: /home/bashesam33/FS-AI/ros2_ws/install/vehiclecontrol_msgs/share/vehiclecontrol_msgs/cmake/vehiclecontrol_msgs__rosidl_typesupport_cExport.cmake
[0.408s] -- Up-to-date: /home/bashesam33/FS-AI/ros2_ws/install/vehiclecontrol_msgs/share/vehiclecontrol_msgs/cmake/vehiclecontrol_msgs__rosidl_typesupport_cExport-noconfig.cmake
[0.408s] -- Up-to-date: /home/bashesam33/FS-AI/ros2_ws/install/vehiclecontrol_msgs/share/vehiclecontrol_msgs/cmake/export_vehiclecontrol_msgs__rosidl_generator_cppExport.cmake
[0.408s] -- Up-to-date: /home/bashesam33/FS-AI/ros2_ws/install/vehiclecontrol_msgs/share/vehiclecontrol_msgs/cmake/export_vehiclecontrol_msgs__rosidl_typesupport_fastrtps_cppExport.cmake
[0.408s] -- Up-to-date: /home/bashesam33/FS-AI/ros2_ws/install/vehiclecontrol_msgs/share/vehiclecontrol_msgs/cmake/export_vehiclecontrol_msgs__rosidl_typesupport_fastrtps_cppExport-noconfig.cmake
[0.408s] -- Up-to-date: /home/bashesam33/FS-AI/ros2_ws/install/vehiclecontrol_msgs/share/vehiclecontrol_msgs/cmake/vehiclecontrol_msgs__rosidl_typesupport_introspection_cppExport.cmake
[0.409s] -- Up-to-date: /home/bashesam33/FS-AI/ros2_ws/install/vehiclecontrol_msgs/share/vehiclecontrol_msgs/cmake/vehiclecontrol_msgs__rosidl_typesupport_introspection_cppExport-noconfig.cmake
[0.409s] -- Up-to-date: /home/bashesam33/FS-AI/ros2_ws/install/vehiclecontrol_msgs/share/vehiclecontrol_msgs/cmake/vehiclecontrol_msgs__rosidl_typesupport_cppExport.cmake
[0.409s] -- Up-to-date: /home/bashesam33/FS-AI/ros2_ws/install/vehiclecontrol_msgs/share/vehiclecontrol_msgs/cmake/vehiclecontrol_msgs__rosidl_typesupport_cppExport-noconfig.cmake
[0.409s] -- Up-to-date: /home/bashesam33/FS-AI/ros2_ws/install/vehiclecontrol_msgs/share/vehiclecontrol_msgs/cmake/export_vehiclecontrol_msgs__rosidl_generator_pyExport.cmake
[0.410s] -- Up-to-date: /home/bashesam33/FS-AI/ros2_ws/install/vehiclecontrol_msgs/share/vehiclecontrol_msgs/cmake/export_vehiclecontrol_msgs__rosidl_generator_pyExport-noconfig.cmake
[0.410s] -- Up-to-date: /home/bashesam33/FS-AI/ros2_ws/install/vehiclecontrol_msgs/share/vehiclecontrol_msgs/cmake/rosidl_cmake-extras.cmake
[0.410s] -- Up-to-date: /home/bashesam33/FS-AI/ros2_ws/install/vehiclecontrol_msgs/share/vehiclecontrol_msgs/cmake/ament_cmake_export_dependencies-extras.cmake
[0.410s] -- Up-to-date: /home/bashesam33/FS-AI/ros2_ws/install/vehiclecontrol_msgs/share/vehiclecontrol_msgs/cmake/ament_cmake_export_include_directories-extras.cmake
[0.411s] -- Up-to-date: /home/bashesam33/FS-AI/ros2_ws/install/vehiclecontrol_msgs/share/vehiclecontrol_msgs/cmake/ament_cmake_export_libraries-extras.cmake
[0.411s] -- Up-to-date: /home/bashesam33/FS-AI/ros2_ws/install/vehiclecontrol_msgs/share/vehiclecontrol_msgs/cmake/ament_cmake_export_targets-extras.cmake
[0.411s] -- Up-to-date: /home/bashesam33/FS-AI/ros2_ws/install/vehiclecontrol_msgs/share/vehiclecontrol_msgs/cmake/rosidl_cmake_export_typesupport_targets-extras.cmake
[0.411s] -- Up-to-date: /home/bashesam33/FS-AI/ros2_ws/install/vehiclecontrol_msgs/share/vehiclecontrol_msgs/cmake/rosidl_cmake_export_typesupport_libraries-extras.cmake
[0.411s] -- Up-to-date: /home/bashesam33/FS-AI/ros2_ws/install/vehiclecontrol_msgs/share/vehiclecontrol_msgs/cmake/vehiclecontrol_msgsConfig.cmake
[0.411s] -- Up-to-date: /home/bashesam33/FS-AI/ros2_ws/install/vehiclecontrol_msgs/share/vehiclecontrol_msgs/cmake/vehiclecontrol_msgsConfig-version.cmake
[0.411s] -- Up-to-date: /home/bashesam33/FS-AI/ros2_ws/install/vehiclecontrol_msgs/share/vehiclecontrol_msgs/package.xml
[0.411s] Invoked command in '/home/bashesam33/FS-AI/ros2_ws/build/vehiclecontrol_msgs' returned '0': CMAKE_PREFIX_PATH=${CMAKE_PREFIX_PATH}:/opt/ros/jazzy DEBUGINFOD_URLS=https://debuginfod.ubuntu.com /usr/bin/cmake --install /home/bashesam33/FS-AI/ros2_ws/build/vehiclecontrol_msgs
