[0.013s] Invoking command in '/home/mdxfsai/FS_autonomous/ros/ros2_ws/build/hellocm_msgs': CMAKE_PREFIX_PATH=/opt/ros/humble /usr/bin/cmake --build /home/mdxfsai/FS_autonomous/ros/ros2_ws/build/hellocm_msgs -- -j20 -l20
[0.071s] [  2%] Built target hellocm_msgs__cpp
[0.077s] [  2%] Built target ament_cmake_python_copy_hellocm_msgs
[0.079s] [ 12%] Built target hellocm_msgs__rosidl_generator_c
[0.113s] [ 23%] Built target hellocm_msgs__rosidl_typesupport_introspection_cpp
[0.114s] [ 34%] Built target hellocm_msgs__rosidl_typesupport_fastrtps_cpp
[0.114s] [ 46%] Built target hellocm_msgs__rosidl_typesupport_cpp
[0.115s] [ 55%] Built target hellocm_msgs__rosidl_typesupport_introspection_c
[0.115s] [ 65%] Built target hellocm_msgs__rosidl_typesupport_c
[0.126s] [ 76%] Built target hellocm_msgs__rosidl_typesupport_fastrtps_c
[0.155s] [ 76%] Built target hellocm_msgs
[0.185s] [ 78%] Built target hellocm_msgs__py
[0.212s] [ 87%] Built target hellocm_msgs__rosidl_generator_py
[0.235s] [ 91%] Built target hellocm_msgs__rosidl_typesupport_fastrtps_c__pyext
[0.236s] [ 95%] Built target hellocm_msgs__rosidl_typesupport_c__pyext
[0.238s] [100%] Built target hellocm_msgs__rosidl_typesupport_introspection_c__pyext
[0.320s] running egg_info
[0.321s] writing hellocm_msgs.egg-info/PKG-INFO
[0.321s] writing dependency_links to hellocm_msgs.egg-info/dependency_links.txt
[0.322s] writing top-level names to hellocm_msgs.egg-info/top_level.txt
[0.323s] reading manifest file 'hellocm_msgs.egg-info/SOURCES.txt'
[0.324s] writing manifest file 'hellocm_msgs.egg-info/SOURCES.txt'
[0.355s] [100%] Built target ament_cmake_python_build_hellocm_msgs_egg
[0.367s] Invoked command in '/home/mdxfsai/FS_autonomous/ros/ros2_ws/build/hellocm_msgs' returned '0': CMAKE_PREFIX_PATH=/opt/ros/humble /usr/bin/cmake --build /home/mdxfsai/FS_autonomous/ros/ros2_ws/build/hellocm_msgs -- -j20 -l20
[0.378s] Invoking command in '/home/mdxfsai/FS_autonomous/ros/ros2_ws/build/hellocm_msgs': CMAKE_PREFIX_PATH=/opt/ros/humble /usr/bin/cmake --install /home/mdxfsai/FS_autonomous/ros/ros2_ws/build/hellocm_msgs
[0.385s] -- Install configuration: ""
[0.386s] -- Up-to-date: /home/mdxfsai/FS_autonomous/ros/ros2_ws/install/hellocm_msgs/share/ament_index/resource_index/rosidl_interfaces/hellocm_msgs
[0.386s] -- Up-to-date: /home/mdxfsai/FS_autonomous/ros/ros2_ws/install/hellocm_msgs/include/hellocm_msgs/hellocm_msgs
[0.386s] -- Up-to-date: /home/mdxfsai/FS_autonomous/ros/ros2_ws/install/hellocm_msgs/include/hellocm_msgs/hellocm_msgs/srv
[0.386s] -- Up-to-date: /home/mdxfsai/FS_autonomous/ros/ros2_ws/install/hellocm_msgs/include/hellocm_msgs/hellocm_msgs/srv/init.h
[0.386s] -- Up-to-date: /home/mdxfsai/FS_autonomous/ros/ros2_ws/install/hellocm_msgs/include/hellocm_msgs/hellocm_msgs/srv/detail
[0.386s] -- Up-to-date: /home/mdxfsai/FS_autonomous/ros/ros2_ws/install/hellocm_msgs/include/hellocm_msgs/hellocm_msgs/srv/detail/init__functions.c
[0.386s] -- Up-to-date: /home/mdxfsai/FS_autonomous/ros/ros2_ws/install/hellocm_msgs/include/hellocm_msgs/hellocm_msgs/srv/detail/init__type_support.h
[0.387s] -- Up-to-date: /home/mdxfsai/FS_autonomous/ros/ros2_ws/install/hellocm_msgs/include/hellocm_msgs/hellocm_msgs/srv/detail/init__functions.h
[0.388s] -- Up-to-date: /home/mdxfsai/FS_autonomous/ros/ros2_ws/install/hellocm_msgs/include/hellocm_msgs/hellocm_msgs/srv/detail/init__struct.h
[0.388s] -- Up-to-date: /home/mdxfsai/FS_autonomous/ros/ros2_ws/install/hellocm_msgs/include/hellocm_msgs/hellocm_msgs/msg
[0.388s] -- Up-to-date: /home/mdxfsai/FS_autonomous/ros/ros2_ws/install/hellocm_msgs/include/hellocm_msgs/hellocm_msgs/msg/cm2_ext.h
[0.388s] -- Up-to-date: /home/mdxfsai/FS_autonomous/ros/ros2_ws/install/hellocm_msgs/include/hellocm_msgs/hellocm_msgs/msg/rosidl_generator_c__visibility_control.h
[0.389s] -- Up-to-date: /home/mdxfsai/FS_autonomous/ros/ros2_ws/install/hellocm_msgs/include/hellocm_msgs/hellocm_msgs/msg/ext2_cm.h
[0.389s] -- Up-to-date: /home/mdxfsai/FS_autonomous/ros/ros2_ws/install/hellocm_msgs/include/hellocm_msgs/hellocm_msgs/msg/detail
[0.389s] -- Up-to-date: /home/mdxfsai/FS_autonomous/ros/ros2_ws/install/hellocm_msgs/include/hellocm_msgs/hellocm_msgs/msg/detail/ext2_cm__struct.h
[0.389s] -- Up-to-date: /home/mdxfsai/FS_autonomous/ros/ros2_ws/install/hellocm_msgs/include/hellocm_msgs/hellocm_msgs/msg/detail/cm2_ext__functions.h
[0.389s] -- Up-to-date: /home/mdxfsai/FS_autonomous/ros/ros2_ws/install/hellocm_msgs/include/hellocm_msgs/hellocm_msgs/msg/detail/ext2_cm__functions.h
[0.390s] -- Up-to-date: /home/mdxfsai/FS_autonomous/ros/ros2_ws/install/hellocm_msgs/include/hellocm_msgs/hellocm_msgs/msg/detail/cm2_ext__type_support.h
[0.390s] -- Up-to-date: /home/mdxfsai/FS_autonomous/ros/ros2_ws/install/hellocm_msgs/include/hellocm_msgs/hellocm_msgs/msg/detail/ext2_cm__type_support.h
[0.390s] -- Up-to-date: /home/mdxfsai/FS_autonomous/ros/ros2_ws/install/hellocm_msgs/include/hellocm_msgs/hellocm_msgs/msg/detail/cm2_ext__functions.c
[0.390s] -- Up-to-date: /home/mdxfsai/FS_autonomous/ros/ros2_ws/install/hellocm_msgs/include/hellocm_msgs/hellocm_msgs/msg/detail/ext2_cm__functions.c
[0.390s] -- Up-to-date: /home/mdxfsai/FS_autonomous/ros/ros2_ws/install/hellocm_msgs/include/hellocm_msgs/hellocm_msgs/msg/detail/cm2_ext__struct.h
[0.390s] -- Up-to-date: /home/mdxfsai/FS_autonomous/ros/ros2_ws/install/hellocm_msgs/share/hellocm_msgs/environment/library_path.sh
[0.391s] -- Up-to-date: /home/mdxfsai/FS_autonomous/ros/ros2_ws/install/hellocm_msgs/share/hellocm_msgs/environment/library_path.dsv
[0.391s] -- Up-to-date: /home/mdxfsai/FS_autonomous/ros/ros2_ws/install/hellocm_msgs/lib/libhellocm_msgs__rosidl_generator_c.so
[0.391s] -- Up-to-date: /home/mdxfsai/FS_autonomous/ros/ros2_ws/install/hellocm_msgs/include/hellocm_msgs/hellocm_msgs
[0.391s] -- Up-to-date: /home/mdxfsai/FS_autonomous/ros/ros2_ws/install/hellocm_msgs/include/hellocm_msgs/hellocm_msgs/srv
[0.391s] -- Up-to-date: /home/mdxfsai/FS_autonomous/ros/ros2_ws/install/hellocm_msgs/include/hellocm_msgs/hellocm_msgs/srv/detail
[0.392s] -- Up-to-date: /home/mdxfsai/FS_autonomous/ros/ros2_ws/install/hellocm_msgs/include/hellocm_msgs/hellocm_msgs/srv/detail/init__rosidl_typesupport_fastrtps_c.h
[0.392s] -- Up-to-date: /home/mdxfsai/FS_autonomous/ros/ros2_ws/install/hellocm_msgs/include/hellocm_msgs/hellocm_msgs/msg
[0.392s] -- Up-to-date: /home/mdxfsai/FS_autonomous/ros/ros2_ws/install/hellocm_msgs/include/hellocm_msgs/hellocm_msgs/msg/rosidl_typesupport_fastrtps_c__visibility_control.h
[0.392s] -- Up-to-date: /home/mdxfsai/FS_autonomous/ros/ros2_ws/install/hellocm_msgs/include/hellocm_msgs/hellocm_msgs/msg/detail
[0.392s] -- Up-to-date: /home/mdxfsai/FS_autonomous/ros/ros2_ws/install/hellocm_msgs/include/hellocm_msgs/hellocm_msgs/msg/detail/ext2_cm__rosidl_typesupport_fastrtps_c.h
[0.392s] -- Up-to-date: /home/mdxfsai/FS_autonomous/ros/ros2_ws/install/hellocm_msgs/include/hellocm_msgs/hellocm_msgs/msg/detail/cm2_ext__rosidl_typesupport_fastrtps_c.h
[0.393s] -- Up-to-date: /home/mdxfsai/FS_autonomous/ros/ros2_ws/install/hellocm_msgs/lib/libhellocm_msgs__rosidl_typesupport_fastrtps_c.so
[0.393s] -- Up-to-date: /home/mdxfsai/FS_autonomous/ros/ros2_ws/install/hellocm_msgs/include/hellocm_msgs/hellocm_msgs
[0.393s] -- Up-to-date: /home/mdxfsai/FS_autonomous/ros/ros2_ws/install/hellocm_msgs/include/hellocm_msgs/hellocm_msgs/srv
[0.393s] -- Up-to-date: /home/mdxfsai/FS_autonomous/ros/ros2_ws/install/hellocm_msgs/include/hellocm_msgs/hellocm_msgs/srv/detail
[0.393s] -- Up-to-date: /home/mdxfsai/FS_autonomous/ros/ros2_ws/install/hellocm_msgs/include/hellocm_msgs/hellocm_msgs/srv/detail/init__type_support.c
[0.394s] -- Up-to-date: /home/mdxfsai/FS_autonomous/ros/ros2_ws/install/hellocm_msgs/include/hellocm_msgs/hellocm_msgs/srv/detail/init__rosidl_typesupport_introspection_c.h
[0.394s] -- Up-to-date: /home/mdxfsai/FS_autonomous/ros/ros2_ws/install/hellocm_msgs/include/hellocm_msgs/hellocm_msgs/msg
[0.394s] -- Up-to-date: /home/mdxfsai/FS_autonomous/ros/ros2_ws/install/hellocm_msgs/include/hellocm_msgs/hellocm_msgs/msg/detail
[0.394s] -- Up-to-date: /home/mdxfsai/FS_autonomous/ros/ros2_ws/install/hellocm_msgs/include/hellocm_msgs/hellocm_msgs/msg/detail/ext2_cm__type_support.c
[0.394s] -- Up-to-date: /home/mdxfsai/FS_autonomous/ros/ros2_ws/install/hellocm_msgs/include/hellocm_msgs/hellocm_msgs/msg/detail/cm2_ext__rosidl_typesupport_introspection_c.h
[0.394s] -- Up-to-date: /home/mdxfsai/FS_autonomous/ros/ros2_ws/install/hellocm_msgs/include/hellocm_msgs/hellocm_msgs/msg/detail/cm2_ext__type_support.c
[0.394s] -- Up-to-date: /home/mdxfsai/FS_autonomous/ros/ros2_ws/install/hellocm_msgs/include/hellocm_msgs/hellocm_msgs/msg/detail/ext2_cm__rosidl_typesupport_introspection_c.h
[0.394s] -- Up-to-date: /home/mdxfsai/FS_autonomous/ros/ros2_ws/install/hellocm_msgs/include/hellocm_msgs/hellocm_msgs/msg/rosidl_typesupport_introspection_c__visibility_control.h
[0.394s] -- Up-to-date: /home/mdxfsai/FS_autonomous/ros/ros2_ws/install/hellocm_msgs/lib/libhellocm_msgs__rosidl_typesupport_introspection_c.so
[0.394s] -- Up-to-date: /home/mdxfsai/FS_autonomous/ros/ros2_ws/install/hellocm_msgs/lib/libhellocm_msgs__rosidl_typesupport_c.so
[0.394s] -- Up-to-date: /home/mdxfsai/FS_autonomous/ros/ros2_ws/install/hellocm_msgs/include/hellocm_msgs/hellocm_msgs
[0.395s] -- Up-to-date: /home/mdxfsai/FS_autonomous/ros/ros2_ws/install/hellocm_msgs/include/hellocm_msgs/hellocm_msgs/srv
[0.395s] -- Up-to-date: /home/mdxfsai/FS_autonomous/ros/ros2_ws/install/hellocm_msgs/include/hellocm_msgs/hellocm_msgs/srv/init.hpp
[0.395s] -- Up-to-date: /home/mdxfsai/FS_autonomous/ros/ros2_ws/install/hellocm_msgs/include/hellocm_msgs/hellocm_msgs/srv/detail
[0.395s] -- Up-to-date: /home/mdxfsai/FS_autonomous/ros/ros2_ws/install/hellocm_msgs/include/hellocm_msgs/hellocm_msgs/srv/detail/init__type_support.hpp
[0.395s] -- Up-to-date: /home/mdxfsai/FS_autonomous/ros/ros2_ws/install/hellocm_msgs/include/hellocm_msgs/hellocm_msgs/srv/detail/init__struct.hpp
[0.395s] -- Up-to-date: /home/mdxfsai/FS_autonomous/ros/ros2_ws/install/hellocm_msgs/include/hellocm_msgs/hellocm_msgs/srv/detail/init__builder.hpp
[0.395s] -- Up-to-date: /home/mdxfsai/FS_autonomous/ros/ros2_ws/install/hellocm_msgs/include/hellocm_msgs/hellocm_msgs/srv/detail/init__traits.hpp
[0.395s] -- Up-to-date: /home/mdxfsai/FS_autonomous/ros/ros2_ws/install/hellocm_msgs/include/hellocm_msgs/hellocm_msgs/msg
[0.395s] -- Up-to-date: /home/mdxfsai/FS_autonomous/ros/ros2_ws/install/hellocm_msgs/include/hellocm_msgs/hellocm_msgs/msg/ext2_cm.hpp
[0.395s] -- Up-to-date: /home/mdxfsai/FS_autonomous/ros/ros2_ws/install/hellocm_msgs/include/hellocm_msgs/hellocm_msgs/msg/rosidl_generator_cpp__visibility_control.hpp
[0.395s] -- Up-to-date: /home/mdxfsai/FS_autonomous/ros/ros2_ws/install/hellocm_msgs/include/hellocm_msgs/hellocm_msgs/msg/cm2_ext.hpp
[0.395s] -- Up-to-date: /home/mdxfsai/FS_autonomous/ros/ros2_ws/install/hellocm_msgs/include/hellocm_msgs/hellocm_msgs/msg/detail
[0.395s] -- Up-to-date: /home/mdxfsai/FS_autonomous/ros/ros2_ws/install/hellocm_msgs/include/hellocm_msgs/hellocm_msgs/msg/detail/cm2_ext__traits.hpp
[0.395s] -- Up-to-date: /home/mdxfsai/FS_autonomous/ros/ros2_ws/install/hellocm_msgs/include/hellocm_msgs/hellocm_msgs/msg/detail/ext2_cm__builder.hpp
[0.395s] -- Up-to-date: /home/mdxfsai/FS_autonomous/ros/ros2_ws/install/hellocm_msgs/include/hellocm_msgs/hellocm_msgs/msg/detail/cm2_ext__struct.hpp
[0.395s] -- Up-to-date: /home/mdxfsai/FS_autonomous/ros/ros2_ws/install/hellocm_msgs/include/hellocm_msgs/hellocm_msgs/msg/detail/cm2_ext__type_support.hpp
[0.395s] -- Up-to-date: /home/mdxfsai/FS_autonomous/ros/ros2_ws/install/hellocm_msgs/include/hellocm_msgs/hellocm_msgs/msg/detail/cm2_ext__builder.hpp
[0.395s] -- Up-to-date: /home/mdxfsai/FS_autonomous/ros/ros2_ws/install/hellocm_msgs/include/hellocm_msgs/hellocm_msgs/msg/detail/ext2_cm__traits.hpp
[0.396s] -- Up-to-date: /home/mdxfsai/FS_autonomous/ros/ros2_ws/install/hellocm_msgs/include/hellocm_msgs/hellocm_msgs/msg/detail/ext2_cm__struct.hpp
[0.396s] -- Up-to-date: /home/mdxfsai/FS_autonomous/ros/ros2_ws/install/hellocm_msgs/include/hellocm_msgs/hellocm_msgs/msg/detail/ext2_cm__type_support.hpp
[0.396s] -- Up-to-date: /home/mdxfsai/FS_autonomous/ros/ros2_ws/install/hellocm_msgs/include/hellocm_msgs/hellocm_msgs
[0.396s] -- Up-to-date: /home/mdxfsai/FS_autonomous/ros/ros2_ws/install/hellocm_msgs/include/hellocm_msgs/hellocm_msgs/srv
[0.396s] -- Up-to-date: /home/mdxfsai/FS_autonomous/ros/ros2_ws/install/hellocm_msgs/include/hellocm_msgs/hellocm_msgs/srv/detail
[0.396s] -- Up-to-date: /home/mdxfsai/FS_autonomous/ros/ros2_ws/install/hellocm_msgs/include/hellocm_msgs/hellocm_msgs/srv/detail/dds_fastrtps
[0.396s] -- Up-to-date: /home/mdxfsai/FS_autonomous/ros/ros2_ws/install/hellocm_msgs/include/hellocm_msgs/hellocm_msgs/srv/detail/init__rosidl_typesupport_fastrtps_cpp.hpp
[0.396s] -- Up-to-date: /home/mdxfsai/FS_autonomous/ros/ros2_ws/install/hellocm_msgs/include/hellocm_msgs/hellocm_msgs/msg
[0.396s] -- Up-to-date: /home/mdxfsai/FS_autonomous/ros/ros2_ws/install/hellocm_msgs/include/hellocm_msgs/hellocm_msgs/msg/rosidl_typesupport_fastrtps_cpp__visibility_control.h
[0.396s] -- Up-to-date: /home/mdxfsai/FS_autonomous/ros/ros2_ws/install/hellocm_msgs/include/hellocm_msgs/hellocm_msgs/msg/detail
[0.396s] -- Up-to-date: /home/mdxfsai/FS_autonomous/ros/ros2_ws/install/hellocm_msgs/include/hellocm_msgs/hellocm_msgs/msg/detail/dds_fastrtps
[0.396s] -- Up-to-date: /home/mdxfsai/FS_autonomous/ros/ros2_ws/install/hellocm_msgs/include/hellocm_msgs/hellocm_msgs/msg/detail/ext2_cm__rosidl_typesupport_fastrtps_cpp.hpp
[0.396s] -- Up-to-date: /home/mdxfsai/FS_autonomous/ros/ros2_ws/install/hellocm_msgs/include/hellocm_msgs/hellocm_msgs/msg/detail/cm2_ext__rosidl_typesupport_fastrtps_cpp.hpp
[0.396s] -- Up-to-date: /home/mdxfsai/FS_autonomous/ros/ros2_ws/install/hellocm_msgs/lib/libhellocm_msgs__rosidl_typesupport_fastrtps_cpp.so
[0.396s] -- Up-to-date: /home/mdxfsai/FS_autonomous/ros/ros2_ws/install/hellocm_msgs/include/hellocm_msgs/hellocm_msgs
[0.396s] -- Up-to-date: /home/mdxfsai/FS_autonomous/ros/ros2_ws/install/hellocm_msgs/include/hellocm_msgs/hellocm_msgs/srv
[0.396s] -- Up-to-date: /home/mdxfsai/FS_autonomous/ros/ros2_ws/install/hellocm_msgs/include/hellocm_msgs/hellocm_msgs/srv/detail
[0.396s] -- Up-to-date: /home/mdxfsai/FS_autonomous/ros/ros2_ws/install/hellocm_msgs/include/hellocm_msgs/hellocm_msgs/srv/detail/init__type_support.cpp
[0.397s] -- Up-to-date: /home/mdxfsai/FS_autonomous/ros/ros2_ws/install/hellocm_msgs/include/hellocm_msgs/hellocm_msgs/srv/detail/init__rosidl_typesupport_introspection_cpp.hpp
[0.397s] -- Up-to-date: /home/mdxfsai/FS_autonomous/ros/ros2_ws/install/hellocm_msgs/include/hellocm_msgs/hellocm_msgs/msg
[0.397s] -- Up-to-date: /home/mdxfsai/FS_autonomous/ros/ros2_ws/install/hellocm_msgs/include/hellocm_msgs/hellocm_msgs/msg/detail
[0.397s] -- Up-to-date: /home/mdxfsai/FS_autonomous/ros/ros2_ws/install/hellocm_msgs/include/hellocm_msgs/hellocm_msgs/msg/detail/cm2_ext__rosidl_typesupport_introspection_cpp.hpp
[0.397s] -- Up-to-date: /home/mdxfsai/FS_autonomous/ros/ros2_ws/install/hellocm_msgs/include/hellocm_msgs/hellocm_msgs/msg/detail/cm2_ext__type_support.cpp
[0.398s] -- Up-to-date: /home/mdxfsai/FS_autonomous/ros/ros2_ws/install/hellocm_msgs/include/hellocm_msgs/hellocm_msgs/msg/detail/ext2_cm__rosidl_typesupport_introspection_cpp.hpp
[0.398s] -- Up-to-date: /home/mdxfsai/FS_autonomous/ros/ros2_ws/install/hellocm_msgs/include/hellocm_msgs/hellocm_msgs/msg/detail/ext2_cm__type_support.cpp
[0.398s] -- Up-to-date: /home/mdxfsai/FS_autonomous/ros/ros2_ws/install/hellocm_msgs/lib/libhellocm_msgs__rosidl_typesupport_introspection_cpp.so
[0.398s] -- Up-to-date: /home/mdxfsai/FS_autonomous/ros/ros2_ws/install/hellocm_msgs/lib/libhellocm_msgs__rosidl_typesupport_cpp.so
[0.398s] -- Up-to-date: /home/mdxfsai/FS_autonomous/ros/ros2_ws/install/hellocm_msgs/share/hellocm_msgs/environment/pythonpath.sh
[0.398s] -- Up-to-date: /home/mdxfsai/FS_autonomous/ros/ros2_ws/install/hellocm_msgs/share/hellocm_msgs/environment/pythonpath.dsv
[0.398s] -- Up-to-date: /home/mdxfsai/FS_autonomous/ros/ros2_ws/install/hellocm_msgs/local/lib/python3.10/dist-packages/hellocm_msgs-0.1.0-py3.10.egg-info
[0.398s] -- Installing: /home/mdxfsai/FS_autonomous/ros/ros2_ws/install/hellocm_msgs/local/lib/python3.10/dist-packages/hellocm_msgs-0.1.0-py3.10.egg-info/PKG-INFO
[0.398s] -- Installing: /home/mdxfsai/FS_autonomous/ros/ros2_ws/install/hellocm_msgs/local/lib/python3.10/dist-packages/hellocm_msgs-0.1.0-py3.10.egg-info/SOURCES.txt
[0.399s] -- Installing: /home/mdxfsai/FS_autonomous/ros/ros2_ws/install/hellocm_msgs/local/lib/python3.10/dist-packages/hellocm_msgs-0.1.0-py3.10.egg-info/dependency_links.txt
[0.399s] -- Installing: /home/mdxfsai/FS_autonomous/ros/ros2_ws/install/hellocm_msgs/local/lib/python3.10/dist-packages/hellocm_msgs-0.1.0-py3.10.egg-info/top_level.txt
[0.399s] -- Up-to-date: /home/mdxfsai/FS_autonomous/ros/ros2_ws/install/hellocm_msgs/local/lib/python3.10/dist-packages/hellocm_msgs
[0.399s] -- Up-to-date: /home/mdxfsai/FS_autonomous/ros/ros2_ws/install/hellocm_msgs/local/lib/python3.10/dist-packages/hellocm_msgs/_hellocm_msgs_s.ep.rosidl_typesupport_fastrtps_c.c
[0.399s] -- Up-to-date: /home/mdxfsai/FS_autonomous/ros/ros2_ws/install/hellocm_msgs/local/lib/python3.10/dist-packages/hellocm_msgs/_hellocm_msgs_s.ep.rosidl_typesupport_c.c
[0.399s] -- Up-to-date: /home/mdxfsai/FS_autonomous/ros/ros2_ws/install/hellocm_msgs/local/lib/python3.10/dist-packages/hellocm_msgs/libhellocm_msgs__rosidl_generator_py.so
[0.399s] -- Up-to-date: /home/mdxfsai/FS_autonomous/ros/ros2_ws/install/hellocm_msgs/local/lib/python3.10/dist-packages/hellocm_msgs/srv
[0.400s] -- Up-to-date: /home/mdxfsai/FS_autonomous/ros/ros2_ws/install/hellocm_msgs/local/lib/python3.10/dist-packages/hellocm_msgs/srv/_init_s.c
[0.400s] -- Up-to-date: /home/mdxfsai/FS_autonomous/ros/ros2_ws/install/hellocm_msgs/local/lib/python3.10/dist-packages/hellocm_msgs/srv/_init.py
[0.400s] -- Up-to-date: /home/mdxfsai/FS_autonomous/ros/ros2_ws/install/hellocm_msgs/local/lib/python3.10/dist-packages/hellocm_msgs/srv/__init__.py
[0.400s] -- Up-to-date: /home/mdxfsai/FS_autonomous/ros/ros2_ws/install/hellocm_msgs/local/lib/python3.10/dist-packages/hellocm_msgs/hellocm_msgs_s__rosidl_typesupport_c.cpython-310-x86_64-linux-gnu.so
[0.401s] -- Up-to-date: /home/mdxfsai/FS_autonomous/ros/ros2_ws/install/hellocm_msgs/local/lib/python3.10/dist-packages/hellocm_msgs/__init__.py
[0.401s] -- Up-to-date: /home/mdxfsai/FS_autonomous/ros/ros2_ws/install/hellocm_msgs/local/lib/python3.10/dist-packages/hellocm_msgs/hellocm_msgs_s__rosidl_typesupport_fastrtps_c.cpython-310-x86_64-linux-gnu.so
[0.401s] -- Up-to-date: /home/mdxfsai/FS_autonomous/ros/ros2_ws/install/hellocm_msgs/local/lib/python3.10/dist-packages/hellocm_msgs/_hellocm_msgs_s.ep.rosidl_typesupport_introspection_c.c
[0.401s] -- Up-to-date: /home/mdxfsai/FS_autonomous/ros/ros2_ws/install/hellocm_msgs/local/lib/python3.10/dist-packages/hellocm_msgs/hellocm_msgs_s__rosidl_typesupport_introspection_c.cpython-310-x86_64-linux-gnu.so
[0.401s] -- Up-to-date: /home/mdxfsai/FS_autonomous/ros/ros2_ws/install/hellocm_msgs/local/lib/python3.10/dist-packages/hellocm_msgs/msg
[0.402s] -- Up-to-date: /home/mdxfsai/FS_autonomous/ros/ros2_ws/install/hellocm_msgs/local/lib/python3.10/dist-packages/hellocm_msgs/msg/_ext2_cm.py
[0.402s] -- Up-to-date: /home/mdxfsai/FS_autonomous/ros/ros2_ws/install/hellocm_msgs/local/lib/python3.10/dist-packages/hellocm_msgs/msg/_cm2_ext.py
[0.402s] -- Up-to-date: /home/mdxfsai/FS_autonomous/ros/ros2_ws/install/hellocm_msgs/local/lib/python3.10/dist-packages/hellocm_msgs/msg/__init__.py
[0.402s] -- Up-to-date: /home/mdxfsai/FS_autonomous/ros/ros2_ws/install/hellocm_msgs/local/lib/python3.10/dist-packages/hellocm_msgs/msg/_ext2_cm_s.c
[0.402s] -- Up-to-date: /home/mdxfsai/FS_autonomous/ros/ros2_ws/install/hellocm_msgs/local/lib/python3.10/dist-packages/hellocm_msgs/msg/_cm2_ext_s.c
[0.427s] Listing '/home/mdxfsai/FS_autonomous/ros/ros2_ws/install/hellocm_msgs/local/lib/python3.10/dist-packages/hellocm_msgs'...
[0.427s] Listing '/home/mdxfsai/FS_autonomous/ros/ros2_ws/install/hellocm_msgs/local/lib/python3.10/dist-packages/hellocm_msgs/msg'...
[0.427s] Listing '/home/mdxfsai/FS_autonomous/ros/ros2_ws/install/hellocm_msgs/local/lib/python3.10/dist-packages/hellocm_msgs/srv'...
[0.445s] -- Up-to-date: /home/mdxfsai/FS_autonomous/ros/ros2_ws/install/hellocm_msgs/local/lib/python3.10/dist-packages/hellocm_msgs/hellocm_msgs_s__rosidl_typesupport_fastrtps_c.cpython-310-x86_64-linux-gnu.so
[0.451s] -- Up-to-date: /home/mdxfsai/FS_autonomous/ros/ros2_ws/install/hellocm_msgs/local/lib/python3.10/dist-packages/hellocm_msgs/hellocm_msgs_s__rosidl_typesupport_introspection_c.cpython-310-x86_64-linux-gnu.so
[0.464s] -- Up-to-date: /home/mdxfsai/FS_autonomous/ros/ros2_ws/install/hellocm_msgs/local/lib/python3.10/dist-packages/hellocm_msgs/hellocm_msgs_s__rosidl_typesupport_c.cpython-310-x86_64-linux-gnu.so
[0.468s] -- Up-to-date: /home/mdxfsai/FS_autonomous/ros/ros2_ws/install/hellocm_msgs/lib/libhellocm_msgs__rosidl_generator_py.so
[0.470s] -- Up-to-date: /home/mdxfsai/FS_autonomous/ros/ros2_ws/install/hellocm_msgs/share/hellocm_msgs/msg/CM2Ext.idl
[0.471s] -- Up-to-date: /home/mdxfsai/FS_autonomous/ros/ros2_ws/install/hellocm_msgs/share/hellocm_msgs/msg/Ext2CM.idl
[0.471s] -- Up-to-date: /home/mdxfsai/FS_autonomous/ros/ros2_ws/install/hellocm_msgs/share/hellocm_msgs/srv/Init.idl
[0.471s] -- Up-to-date: /home/mdxfsai/FS_autonomous/ros/ros2_ws/install/hellocm_msgs/share/hellocm_msgs/msg/CM2Ext.msg
[0.473s] -- Up-to-date: /home/mdxfsai/FS_autonomous/ros/ros2_ws/install/hellocm_msgs/share/hellocm_msgs/msg/Ext2CM.msg
[0.474s] -- Up-to-date: /home/mdxfsai/FS_autonomous/ros/ros2_ws/install/hellocm_msgs/share/hellocm_msgs/srv/Init.srv
[0.474s] -- Up-to-date: /home/mdxfsai/FS_autonomous/ros/ros2_ws/install/hellocm_msgs/share/hellocm_msgs/srv/Init_Request.msg
[0.474s] -- Up-to-date: /home/mdxfsai/FS_autonomous/ros/ros2_ws/install/hellocm_msgs/share/hellocm_msgs/srv/Init_Response.msg
[0.475s] -- Up-to-date: /home/mdxfsai/FS_autonomous/ros/ros2_ws/install/hellocm_msgs/share/ament_index/resource_index/package_run_dependencies/hellocm_msgs
[0.475s] -- Up-to-date: /home/mdxfsai/FS_autonomous/ros/ros2_ws/install/hellocm_msgs/share/ament_index/resource_index/parent_prefix_path/hellocm_msgs
[0.475s] -- Up-to-date: /home/mdxfsai/FS_autonomous/ros/ros2_ws/install/hellocm_msgs/share/hellocm_msgs/environment/ament_prefix_path.sh
[0.476s] -- Up-to-date: /home/mdxfsai/FS_autonomous/ros/ros2_ws/install/hellocm_msgs/share/hellocm_msgs/environment/ament_prefix_path.dsv
[0.476s] -- Up-to-date: /home/mdxfsai/FS_autonomous/ros/ros2_ws/install/hellocm_msgs/share/hellocm_msgs/environment/path.sh
[0.476s] -- Up-to-date: /home/mdxfsai/FS_autonomous/ros/ros2_ws/install/hellocm_msgs/share/hellocm_msgs/environment/path.dsv
[0.477s] -- Up-to-date: /home/mdxfsai/FS_autonomous/ros/ros2_ws/install/hellocm_msgs/share/hellocm_msgs/local_setup.bash
[0.477s] -- Up-to-date: /home/mdxfsai/FS_autonomous/ros/ros2_ws/install/hellocm_msgs/share/hellocm_msgs/local_setup.sh
[0.477s] -- Up-to-date: /home/mdxfsai/FS_autonomous/ros/ros2_ws/install/hellocm_msgs/share/hellocm_msgs/local_setup.zsh
[0.478s] -- Up-to-date: /home/mdxfsai/FS_autonomous/ros/ros2_ws/install/hellocm_msgs/share/hellocm_msgs/local_setup.dsv
[0.478s] -- Up-to-date: /home/mdxfsai/FS_autonomous/ros/ros2_ws/install/hellocm_msgs/share/hellocm_msgs/package.dsv
[0.478s] -- Up-to-date: /home/mdxfsai/FS_autonomous/ros/ros2_ws/install/hellocm_msgs/share/ament_index/resource_index/packages/hellocm_msgs
[0.478s] -- Up-to-date: /home/mdxfsai/FS_autonomous/ros/ros2_ws/install/hellocm_msgs/share/hellocm_msgs/cmake/export_hellocm_msgs__rosidl_generator_cExport.cmake
[0.478s] -- Up-to-date: /home/mdxfsai/FS_autonomous/ros/ros2_ws/install/hellocm_msgs/share/hellocm_msgs/cmake/export_hellocm_msgs__rosidl_generator_cExport-noconfig.cmake
[0.479s] -- Up-to-date: /home/mdxfsai/FS_autonomous/ros/ros2_ws/install/hellocm_msgs/share/hellocm_msgs/cmake/export_hellocm_msgs__rosidl_typesupport_fastrtps_cExport.cmake
[0.479s] -- Up-to-date: /home/mdxfsai/FS_autonomous/ros/ros2_ws/install/hellocm_msgs/share/hellocm_msgs/cmake/export_hellocm_msgs__rosidl_typesupport_fastrtps_cExport-noconfig.cmake
[0.479s] -- Up-to-date: /home/mdxfsai/FS_autonomous/ros/ros2_ws/install/hellocm_msgs/share/hellocm_msgs/cmake/hellocm_msgs__rosidl_typesupport_introspection_cExport.cmake
[0.479s] -- Up-to-date: /home/mdxfsai/FS_autonomous/ros/ros2_ws/install/hellocm_msgs/share/hellocm_msgs/cmake/hellocm_msgs__rosidl_typesupport_introspection_cExport-noconfig.cmake
[0.479s] -- Up-to-date: /home/mdxfsai/FS_autonomous/ros/ros2_ws/install/hellocm_msgs/share/hellocm_msgs/cmake/hellocm_msgs__rosidl_typesupport_cExport.cmake
[0.479s] -- Up-to-date: /home/mdxfsai/FS_autonomous/ros/ros2_ws/install/hellocm_msgs/share/hellocm_msgs/cmake/hellocm_msgs__rosidl_typesupport_cExport-noconfig.cmake
[0.479s] -- Up-to-date: /home/mdxfsai/FS_autonomous/ros/ros2_ws/install/hellocm_msgs/share/hellocm_msgs/cmake/export_hellocm_msgs__rosidl_generator_cppExport.cmake
[0.480s] -- Up-to-date: /home/mdxfsai/FS_autonomous/ros/ros2_ws/install/hellocm_msgs/share/hellocm_msgs/cmake/export_hellocm_msgs__rosidl_typesupport_fastrtps_cppExport.cmake
[0.480s] -- Up-to-date: /home/mdxfsai/FS_autonomous/ros/ros2_ws/install/hellocm_msgs/share/hellocm_msgs/cmake/export_hellocm_msgs__rosidl_typesupport_fastrtps_cppExport-noconfig.cmake
[0.480s] -- Up-to-date: /home/mdxfsai/FS_autonomous/ros/ros2_ws/install/hellocm_msgs/share/hellocm_msgs/cmake/hellocm_msgs__rosidl_typesupport_introspection_cppExport.cmake
[0.481s] -- Up-to-date: /home/mdxfsai/FS_autonomous/ros/ros2_ws/install/hellocm_msgs/share/hellocm_msgs/cmake/hellocm_msgs__rosidl_typesupport_introspection_cppExport-noconfig.cmake
[0.481s] -- Up-to-date: /home/mdxfsai/FS_autonomous/ros/ros2_ws/install/hellocm_msgs/share/hellocm_msgs/cmake/hellocm_msgs__rosidl_typesupport_cppExport.cmake
[0.481s] -- Up-to-date: /home/mdxfsai/FS_autonomous/ros/ros2_ws/install/hellocm_msgs/share/hellocm_msgs/cmake/hellocm_msgs__rosidl_typesupport_cppExport-noconfig.cmake
[0.482s] -- Up-to-date: /home/mdxfsai/FS_autonomous/ros/ros2_ws/install/hellocm_msgs/share/hellocm_msgs/cmake/export_hellocm_msgs__rosidl_generator_pyExport.cmake
[0.483s] -- Up-to-date: /home/mdxfsai/FS_autonomous/ros/ros2_ws/install/hellocm_msgs/share/hellocm_msgs/cmake/export_hellocm_msgs__rosidl_generator_pyExport-noconfig.cmake
[0.484s] -- Up-to-date: /home/mdxfsai/FS_autonomous/ros/ros2_ws/install/hellocm_msgs/share/hellocm_msgs/cmake/rosidl_cmake-extras.cmake
[0.484s] -- Up-to-date: /home/mdxfsai/FS_autonomous/ros/ros2_ws/install/hellocm_msgs/share/hellocm_msgs/cmake/ament_cmake_export_dependencies-extras.cmake
[0.484s] -- Up-to-date: /home/mdxfsai/FS_autonomous/ros/ros2_ws/install/hellocm_msgs/share/hellocm_msgs/cmake/ament_cmake_export_include_directories-extras.cmake
[0.484s] -- Up-to-date: /home/mdxfsai/FS_autonomous/ros/ros2_ws/install/hellocm_msgs/share/hellocm_msgs/cmake/ament_cmake_export_libraries-extras.cmake
[0.484s] -- Up-to-date: /home/mdxfsai/FS_autonomous/ros/ros2_ws/install/hellocm_msgs/share/hellocm_msgs/cmake/ament_cmake_export_targets-extras.cmake
[0.484s] -- Up-to-date: /home/mdxfsai/FS_autonomous/ros/ros2_ws/install/hellocm_msgs/share/hellocm_msgs/cmake/rosidl_cmake_export_typesupport_targets-extras.cmake
[0.484s] -- Up-to-date: /home/mdxfsai/FS_autonomous/ros/ros2_ws/install/hellocm_msgs/share/hellocm_msgs/cmake/rosidl_cmake_export_typesupport_libraries-extras.cmake
[0.484s] -- Up-to-date: /home/mdxfsai/FS_autonomous/ros/ros2_ws/install/hellocm_msgs/share/hellocm_msgs/cmake/hellocm_msgsConfig.cmake
[0.484s] -- Up-to-date: /home/mdxfsai/FS_autonomous/ros/ros2_ws/install/hellocm_msgs/share/hellocm_msgs/cmake/hellocm_msgsConfig-version.cmake
[0.484s] -- Up-to-date: /home/mdxfsai/FS_autonomous/ros/ros2_ws/install/hellocm_msgs/share/hellocm_msgs/package.xml
[0.517s] Invoked command in '/home/mdxfsai/FS_autonomous/ros/ros2_ws/build/hellocm_msgs' returned '0': CMAKE_PREFIX_PATH=/opt/ros/humble /usr/bin/cmake --install /home/mdxfsai/FS_autonomous/ros/ros2_ws/build/hellocm_msgs
