[0.106s] DEBUG:colcon:Command line arguments: ['/usr/bin/colcon', 'build']
[0.106s] DEBUG:colcon:Parsed command line arguments: Namespace(log_base=None, log_level=None, verb_name='build', build_base='build', install_base='install', merge_install=False, symlink_install=False, test_result_base=None, continue_on_error=False, executor='parallel', parallel_workers=20, event_handlers=None, ignore_user_meta=False, metas=['./colcon.meta'], base_paths=['.'], packages_ignore=None, packages_ignore_regex=None, paths=None, packages_up_to=None, packages_up_to_regex=None, packages_above=None, packages_above_and_dependencies=None, packages_above_depth=None, packages_select_by_dep=None, packages_skip_by_dep=None, packages_skip_up_to=None, packages_select_build_failed=False, packages_skip_build_finished=False, packages_select_test_failures=False, packages_skip_test_passed=False, packages_select=None, packages_skip=None, packages_select_regex=None, packages_skip_regex=None, packages_start=None, packages_end=None, allow_overriding=[], cmake_args=None, cmake_target=None, cmake_target_skip_unavailable=False, cmake_clean_cache=False, cmake_clean_first=False, cmake_force_configure=False, ament_cmake_args=None, catkin_cmake_args=None, catkin_skip_building_tests=False, mixin_files=None, mixin=None, verb_parser=<colcon_mixin.mixin.mixin_argument.MixinArgumentDecorator object at 0x77b7a0965780>, verb_extension=<colcon_core.verb.build.BuildVerb object at 0x77b7a0964b20>, main=<bound method BuildVerb.main of <colcon_core.verb.build.BuildVerb object at 0x77b7a0964b20>>, mixin_verb=('build',))
[0.254s] Level 1:colcon.colcon_core.package_discovery:discover_packages(colcon_meta) check parameters
[0.254s] Level 1:colcon.colcon_core.package_discovery:discover_packages(recursive) check parameters
[0.254s] Level 1:colcon.colcon_core.package_discovery:discover_packages(ignore) check parameters
[0.254s] Level 1:colcon.colcon_core.package_discovery:discover_packages(path) check parameters
[0.254s] Level 1:colcon.colcon_core.package_discovery:discover_packages(colcon_meta) discover
[0.254s] Level 1:colcon.colcon_core.package_discovery:discover_packages(recursive) discover
[0.254s] INFO:colcon.colcon_core.package_discovery:Crawling recursively for packages in '/home/mdxfsai/FS_autonomous/ros/ros2_ws'
[0.254s] Level 1:colcon.colcon_core.package_identification:_identify(.) by extensions ['ignore', 'ignore_ament_install']
[0.254s] Level 1:colcon.colcon_core.package_identification:_identify(.) by extension 'ignore'
[0.254s] Level 1:colcon.colcon_core.package_identification:_identify(.) by extension 'ignore_ament_install'
[0.254s] Level 1:colcon.colcon_core.package_identification:_identify(.) by extensions ['colcon_pkg']
[0.254s] Level 1:colcon.colcon_core.package_identification:_identify(.) by extension 'colcon_pkg'
[0.254s] Level 1:colcon.colcon_core.package_identification:_identify(.) by extensions ['colcon_meta']
[0.254s] Level 1:colcon.colcon_core.package_identification:_identify(.) by extension 'colcon_meta'
[0.254s] Level 1:colcon.colcon_core.package_identification:_identify(.) by extensions ['ros']
[0.254s] Level 1:colcon.colcon_core.package_identification:_identify(.) by extension 'ros'
[0.265s] Level 1:colcon.colcon_core.package_identification:_identify(.) by extensions ['cmake', 'python']
[0.266s] Level 1:colcon.colcon_core.package_identification:_identify(.) by extension 'cmake'
[0.266s] Level 1:colcon.colcon_core.package_identification:_identify(.) by extension 'python'
[0.266s] Level 1:colcon.colcon_core.package_identification:_identify(.) by extensions ['python_setup_py']
[0.266s] Level 1:colcon.colcon_core.package_identification:_identify(.) by extension 'python_setup_py'
[0.266s] Level 1:colcon.colcon_core.package_identification:_identify(build) by extensions ['ignore', 'ignore_ament_install']
[0.266s] Level 1:colcon.colcon_core.package_identification:_identify(build) by extension 'ignore'
[0.266s] Level 1:colcon.colcon_core.package_identification:_identify(build) ignored
[0.266s] Level 1:colcon.colcon_core.package_identification:_identify(install) by extensions ['ignore', 'ignore_ament_install']
[0.266s] Level 1:colcon.colcon_core.package_identification:_identify(install) by extension 'ignore'
[0.266s] Level 1:colcon.colcon_core.package_identification:_identify(install) ignored
[0.266s] Level 1:colcon.colcon_core.package_identification:_identify(log) by extensions ['ignore', 'ignore_ament_install']
[0.266s] Level 1:colcon.colcon_core.package_identification:_identify(log) by extension 'ignore'
[0.266s] Level 1:colcon.colcon_core.package_identification:_identify(log) ignored
[0.266s] Level 1:colcon.colcon_core.package_identification:_identify(src) by extensions ['ignore', 'ignore_ament_install']
[0.266s] Level 1:colcon.colcon_core.package_identification:_identify(src) by extension 'ignore'
[0.267s] Level 1:colcon.colcon_core.package_identification:_identify(src) by extension 'ignore_ament_install'
[0.267s] Level 1:colcon.colcon_core.package_identification:_identify(src) by extensions ['colcon_pkg']
[0.267s] Level 1:colcon.colcon_core.package_identification:_identify(src) by extension 'colcon_pkg'
[0.267s] Level 1:colcon.colcon_core.package_identification:_identify(src) by extensions ['colcon_meta']
[0.267s] Level 1:colcon.colcon_core.package_identification:_identify(src) by extension 'colcon_meta'
[0.267s] Level 1:colcon.colcon_core.package_identification:_identify(src) by extensions ['ros']
[0.267s] Level 1:colcon.colcon_core.package_identification:_identify(src) by extension 'ros'
[0.267s] Level 1:colcon.colcon_core.package_identification:_identify(src) by extensions ['cmake', 'python']
[0.267s] Level 1:colcon.colcon_core.package_identification:_identify(src) by extension 'cmake'
[0.267s] Level 1:colcon.colcon_core.package_identification:_identify(src) by extension 'python'
[0.267s] Level 1:colcon.colcon_core.package_identification:_identify(src) by extensions ['python_setup_py']
[0.267s] Level 1:colcon.colcon_core.package_identification:_identify(src) by extension 'python_setup_py'
[0.267s] Level 1:colcon.colcon_core.package_identification:_identify(src/camera_msgs) by extensions ['ignore', 'ignore_ament_install']
[0.267s] Level 1:colcon.colcon_core.package_identification:_identify(src/camera_msgs) by extension 'ignore'
[0.267s] Level 1:colcon.colcon_core.package_identification:_identify(src/camera_msgs) by extension 'ignore_ament_install'
[0.267s] Level 1:colcon.colcon_core.package_identification:_identify(src/camera_msgs) by extensions ['colcon_pkg']
[0.267s] Level 1:colcon.colcon_core.package_identification:_identify(src/camera_msgs) by extension 'colcon_pkg'
[0.267s] Level 1:colcon.colcon_core.package_identification:_identify(src/camera_msgs) by extensions ['colcon_meta']
[0.267s] Level 1:colcon.colcon_core.package_identification:_identify(src/camera_msgs) by extension 'colcon_meta'
[0.267s] Level 1:colcon.colcon_core.package_identification:_identify(src/camera_msgs) by extensions ['ros']
[0.267s] Level 1:colcon.colcon_core.package_identification:_identify(src/camera_msgs) by extension 'ros'
[0.270s] DEBUG:colcon.colcon_core.package_identification:Package 'src/camera_msgs' with type 'ros.ament_cmake' and name 'camera_msgs'
[0.270s] Level 1:colcon.colcon_core.package_identification:_identify(src/carmaker_rsds_client) by extensions ['ignore', 'ignore_ament_install']
[0.270s] Level 1:colcon.colcon_core.package_identification:_identify(src/carmaker_rsds_client) by extension 'ignore'
[0.270s] Level 1:colcon.colcon_core.package_identification:_identify(src/carmaker_rsds_client) by extension 'ignore_ament_install'
[0.270s] Level 1:colcon.colcon_core.package_identification:_identify(src/carmaker_rsds_client) by extensions ['colcon_pkg']
[0.270s] Level 1:colcon.colcon_core.package_identification:_identify(src/carmaker_rsds_client) by extension 'colcon_pkg'
[0.270s] Level 1:colcon.colcon_core.package_identification:_identify(src/carmaker_rsds_client) by extensions ['colcon_meta']
[0.270s] Level 1:colcon.colcon_core.package_identification:_identify(src/carmaker_rsds_client) by extension 'colcon_meta'
[0.270s] Level 1:colcon.colcon_core.package_identification:_identify(src/carmaker_rsds_client) by extensions ['ros']
[0.270s] Level 1:colcon.colcon_core.package_identification:_identify(src/carmaker_rsds_client) by extension 'ros'
[0.271s] DEBUG:colcon.colcon_core.package_identification:Package 'src/carmaker_rsds_client' with type 'ros.ament_cmake' and name 'carmaker_rsds_client'
[0.271s] Level 1:colcon.colcon_core.package_identification:_identify(src/cmrosutils) by extensions ['ignore', 'ignore_ament_install']
[0.271s] Level 1:colcon.colcon_core.package_identification:_identify(src/cmrosutils) by extension 'ignore'
[0.271s] Level 1:colcon.colcon_core.package_identification:_identify(src/cmrosutils) by extension 'ignore_ament_install'
[0.271s] Level 1:colcon.colcon_core.package_identification:_identify(src/cmrosutils) by extensions ['colcon_pkg']
[0.271s] Level 1:colcon.colcon_core.package_identification:_identify(src/cmrosutils) by extension 'colcon_pkg'
[0.271s] Level 1:colcon.colcon_core.package_identification:_identify(src/cmrosutils) by extensions ['colcon_meta']
[0.272s] Level 1:colcon.colcon_core.package_identification:_identify(src/cmrosutils) by extension 'colcon_meta'
[0.272s] Level 1:colcon.colcon_core.package_identification:_identify(src/cmrosutils) by extensions ['ros']
[0.272s] Level 1:colcon.colcon_core.package_identification:_identify(src/cmrosutils) by extension 'ros'
[0.272s] DEBUG:colcon.colcon_core.package_identification:Package 'src/cmrosutils' with type 'ros.ament_cmake' and name 'cmrosutils'
[0.272s] Level 1:colcon.colcon_core.package_identification:_identify(src/hellocm) by extensions ['ignore', 'ignore_ament_install']
[0.272s] Level 1:colcon.colcon_core.package_identification:_identify(src/hellocm) by extension 'ignore'
[0.272s] Level 1:colcon.colcon_core.package_identification:_identify(src/hellocm) by extension 'ignore_ament_install'
[0.273s] Level 1:colcon.colcon_core.package_identification:_identify(src/hellocm) by extensions ['colcon_pkg']
[0.273s] Level 1:colcon.colcon_core.package_identification:_identify(src/hellocm) by extension 'colcon_pkg'
[0.273s] Level 1:colcon.colcon_core.package_identification:_identify(src/hellocm) by extensions ['colcon_meta']
[0.273s] Level 1:colcon.colcon_core.package_identification:_identify(src/hellocm) by extension 'colcon_meta'
[0.273s] Level 1:colcon.colcon_core.package_identification:_identify(src/hellocm) by extensions ['ros']
[0.273s] Level 1:colcon.colcon_core.package_identification:_identify(src/hellocm) by extension 'ros'
[0.273s] DEBUG:colcon.colcon_core.package_identification:Package 'src/hellocm' with type 'ros.ament_cmake' and name 'hellocm'
[0.273s] Level 1:colcon.colcon_core.package_identification:_identify(src/hellocm_cmnode) by extensions ['ignore', 'ignore_ament_install']
[0.273s] Level 1:colcon.colcon_core.package_identification:_identify(src/hellocm_cmnode) by extension 'ignore'
[0.273s] Level 1:colcon.colcon_core.package_identification:_identify(src/hellocm_cmnode) by extension 'ignore_ament_install'
[0.274s] Level 1:colcon.colcon_core.package_identification:_identify(src/hellocm_cmnode) by extensions ['colcon_pkg']
[0.274s] Level 1:colcon.colcon_core.package_identification:_identify(src/hellocm_cmnode) by extension 'colcon_pkg'
[0.274s] Level 1:colcon.colcon_core.package_identification:_identify(src/hellocm_cmnode) by extensions ['colcon_meta']
[0.274s] Level 1:colcon.colcon_core.package_identification:_identify(src/hellocm_cmnode) by extension 'colcon_meta'
[0.274s] Level 1:colcon.colcon_core.package_identification:_identify(src/hellocm_cmnode) by extensions ['ros']
[0.274s] Level 1:colcon.colcon_core.package_identification:_identify(src/hellocm_cmnode) by extension 'ros'
[0.275s] DEBUG:colcon.colcon_core.package_identification:Package 'src/hellocm_cmnode' with type 'ros.ament_cmake' and name 'hellocm_cmnode'
[0.275s] Level 1:colcon.colcon_core.package_identification:_identify(src/hellocm_msgs) by extensions ['ignore', 'ignore_ament_install']
[0.275s] Level 1:colcon.colcon_core.package_identification:_identify(src/hellocm_msgs) by extension 'ignore'
[0.275s] Level 1:colcon.colcon_core.package_identification:_identify(src/hellocm_msgs) by extension 'ignore_ament_install'
[0.275s] Level 1:colcon.colcon_core.package_identification:_identify(src/hellocm_msgs) by extensions ['colcon_pkg']
[0.275s] Level 1:colcon.colcon_core.package_identification:_identify(src/hellocm_msgs) by extension 'colcon_pkg'
[0.275s] Level 1:colcon.colcon_core.package_identification:_identify(src/hellocm_msgs) by extensions ['colcon_meta']
[0.275s] Level 1:colcon.colcon_core.package_identification:_identify(src/hellocm_msgs) by extension 'colcon_meta'
[0.275s] Level 1:colcon.colcon_core.package_identification:_identify(src/hellocm_msgs) by extensions ['ros']
[0.275s] Level 1:colcon.colcon_core.package_identification:_identify(src/hellocm_msgs) by extension 'ros'
[0.276s] DEBUG:colcon.colcon_core.package_identification:Package 'src/hellocm_msgs' with type 'ros.ament_cmake' and name 'hellocm_msgs'
[0.276s] Level 1:colcon.colcon_core.package_identification:_identify(src/vehiclecontrol_msgs) by extensions ['ignore', 'ignore_ament_install']
[0.276s] Level 1:colcon.colcon_core.package_identification:_identify(src/vehiclecontrol_msgs) by extension 'ignore'
[0.276s] Level 1:colcon.colcon_core.package_identification:_identify(src/vehiclecontrol_msgs) by extension 'ignore_ament_install'
[0.276s] Level 1:colcon.colcon_core.package_identification:_identify(src/vehiclecontrol_msgs) by extensions ['colcon_pkg']
[0.276s] Level 1:colcon.colcon_core.package_identification:_identify(src/vehiclecontrol_msgs) by extension 'colcon_pkg'
[0.276s] Level 1:colcon.colcon_core.package_identification:_identify(src/vehiclecontrol_msgs) by extensions ['colcon_meta']
[0.276s] Level 1:colcon.colcon_core.package_identification:_identify(src/vehiclecontrol_msgs) by extension 'colcon_meta'
[0.276s] Level 1:colcon.colcon_core.package_identification:_identify(src/vehiclecontrol_msgs) by extensions ['ros']
[0.276s] Level 1:colcon.colcon_core.package_identification:_identify(src/vehiclecontrol_msgs) by extension 'ros'
[0.277s] DEBUG:colcon.colcon_core.package_identification:Package 'src/vehiclecontrol_msgs' with type 'ros.ament_cmake' and name 'vehiclecontrol_msgs'
[0.277s] Level 1:colcon.colcon_core.package_discovery:discover_packages(recursive) using defaults
[0.277s] Level 1:colcon.colcon_core.package_discovery:discover_packages(ignore) discover
[0.277s] Level 1:colcon.colcon_core.package_discovery:discover_packages(ignore) using defaults
[0.277s] Level 1:colcon.colcon_core.package_discovery:discover_packages(path) discover
[0.277s] Level 1:colcon.colcon_core.package_discovery:discover_packages(path) using defaults
[0.307s] Level 1:colcon.colcon_core.package_discovery:discover_packages(prefix_path) check parameters
[0.307s] Level 1:colcon.colcon_core.package_discovery:discover_packages(prefix_path) discover
[0.309s] DEBUG:colcon.colcon_installed_package_information.package_discovery:Found 274 installed packages in /opt/ros/humble
[0.310s] Level 1:colcon.colcon_core.package_discovery:discover_packages(prefix_path) using defaults
[0.343s] Level 5:colcon.colcon_core.verb:set package 'camera_msgs' build argument 'cmake_args' from command line to 'None'
[0.344s] Level 5:colcon.colcon_core.verb:set package 'camera_msgs' build argument 'cmake_target' from command line to 'None'
[0.344s] Level 5:colcon.colcon_core.verb:set package 'camera_msgs' build argument 'cmake_target_skip_unavailable' from command line to 'False'
[0.344s] Level 5:colcon.colcon_core.verb:set package 'camera_msgs' build argument 'cmake_clean_cache' from command line to 'False'
[0.344s] Level 5:colcon.colcon_core.verb:set package 'camera_msgs' build argument 'cmake_clean_first' from command line to 'False'
[0.344s] Level 5:colcon.colcon_core.verb:set package 'camera_msgs' build argument 'cmake_force_configure' from command line to 'False'
[0.344s] Level 5:colcon.colcon_core.verb:set package 'camera_msgs' build argument 'ament_cmake_args' from command line to 'None'
[0.344s] Level 5:colcon.colcon_core.verb:set package 'camera_msgs' build argument 'catkin_cmake_args' from command line to 'None'
[0.344s] Level 5:colcon.colcon_core.verb:set package 'camera_msgs' build argument 'catkin_skip_building_tests' from command line to 'False'
[0.344s] DEBUG:colcon.colcon_core.verb:Building package 'camera_msgs' with the following arguments: {'ament_cmake_args': None, 'build_base': '/home/mdxfsai/FS_autonomous/ros/ros2_ws/build/camera_msgs', 'catkin_cmake_args': None, 'catkin_skip_building_tests': False, 'cmake_args': None, 'cmake_clean_cache': False, 'cmake_clean_first': False, 'cmake_force_configure': False, 'cmake_target': None, 'cmake_target_skip_unavailable': False, 'install_base': '/home/mdxfsai/FS_autonomous/ros/ros2_ws/install/camera_msgs', 'merge_install': False, 'path': '/home/mdxfsai/FS_autonomous/ros/ros2_ws/src/camera_msgs', 'symlink_install': False, 'test_result_base': None}
[0.344s] Level 5:colcon.colcon_core.verb:set package 'cmrosutils' build argument 'cmake_args' from command line to 'None'
[0.344s] Level 5:colcon.colcon_core.verb:set package 'cmrosutils' build argument 'cmake_target' from command line to 'None'
[0.344s] Level 5:colcon.colcon_core.verb:set package 'cmrosutils' build argument 'cmake_target_skip_unavailable' from command line to 'False'
[0.344s] Level 5:colcon.colcon_core.verb:set package 'cmrosutils' build argument 'cmake_clean_cache' from command line to 'False'
[0.344s] Level 5:colcon.colcon_core.verb:set package 'cmrosutils' build argument 'cmake_clean_first' from command line to 'False'
[0.344s] Level 5:colcon.colcon_core.verb:set package 'cmrosutils' build argument 'cmake_force_configure' from command line to 'False'
[0.344s] Level 5:colcon.colcon_core.verb:set package 'cmrosutils' build argument 'ament_cmake_args' from command line to 'None'
[0.344s] Level 5:colcon.colcon_core.verb:set package 'cmrosutils' build argument 'catkin_cmake_args' from command line to 'None'
[0.344s] Level 5:colcon.colcon_core.verb:set package 'cmrosutils' build argument 'catkin_skip_building_tests' from command line to 'False'
[0.344s] DEBUG:colcon.colcon_core.verb:Building package 'cmrosutils' with the following arguments: {'ament_cmake_args': None, 'build_base': '/home/mdxfsai/FS_autonomous/ros/ros2_ws/build/cmrosutils', 'catkin_cmake_args': None, 'catkin_skip_building_tests': False, 'cmake_args': None, 'cmake_clean_cache': False, 'cmake_clean_first': False, 'cmake_force_configure': False, 'cmake_target': None, 'cmake_target_skip_unavailable': False, 'install_base': '/home/mdxfsai/FS_autonomous/ros/ros2_ws/install/cmrosutils', 'merge_install': False, 'path': '/home/mdxfsai/FS_autonomous/ros/ros2_ws/src/cmrosutils', 'symlink_install': False, 'test_result_base': None}
[0.345s] Level 5:colcon.colcon_core.verb:set package 'hellocm_msgs' build argument 'cmake_args' from command line to 'None'
[0.345s] Level 5:colcon.colcon_core.verb:set package 'hellocm_msgs' build argument 'cmake_target' from command line to 'None'
[0.345s] Level 5:colcon.colcon_core.verb:set package 'hellocm_msgs' build argument 'cmake_target_skip_unavailable' from command line to 'False'
[0.345s] Level 5:colcon.colcon_core.verb:set package 'hellocm_msgs' build argument 'cmake_clean_cache' from command line to 'False'
[0.345s] Level 5:colcon.colcon_core.verb:set package 'hellocm_msgs' build argument 'cmake_clean_first' from command line to 'False'
[0.345s] Level 5:colcon.colcon_core.verb:set package 'hellocm_msgs' build argument 'cmake_force_configure' from command line to 'False'
[0.345s] Level 5:colcon.colcon_core.verb:set package 'hellocm_msgs' build argument 'ament_cmake_args' from command line to 'None'
[0.345s] Level 5:colcon.colcon_core.verb:set package 'hellocm_msgs' build argument 'catkin_cmake_args' from command line to 'None'
[0.345s] Level 5:colcon.colcon_core.verb:set package 'hellocm_msgs' build argument 'catkin_skip_building_tests' from command line to 'False'
[0.345s] DEBUG:colcon.colcon_core.verb:Building package 'hellocm_msgs' with the following arguments: {'ament_cmake_args': None, 'build_base': '/home/mdxfsai/FS_autonomous/ros/ros2_ws/build/hellocm_msgs', 'catkin_cmake_args': None, 'catkin_skip_building_tests': False, 'cmake_args': None, 'cmake_clean_cache': False, 'cmake_clean_first': False, 'cmake_force_configure': False, 'cmake_target': None, 'cmake_target_skip_unavailable': False, 'install_base': '/home/mdxfsai/FS_autonomous/ros/ros2_ws/install/hellocm_msgs', 'merge_install': False, 'path': '/home/mdxfsai/FS_autonomous/ros/ros2_ws/src/hellocm_msgs', 'symlink_install': False, 'test_result_base': None}
[0.345s] Level 5:colcon.colcon_core.verb:set package 'vehiclecontrol_msgs' build argument 'cmake_args' from command line to 'None'
[0.345s] Level 5:colcon.colcon_core.verb:set package 'vehiclecontrol_msgs' build argument 'cmake_target' from command line to 'None'
[0.345s] Level 5:colcon.colcon_core.verb:set package 'vehiclecontrol_msgs' build argument 'cmake_target_skip_unavailable' from command line to 'False'
[0.345s] Level 5:colcon.colcon_core.verb:set package 'vehiclecontrol_msgs' build argument 'cmake_clean_cache' from command line to 'False'
[0.345s] Level 5:colcon.colcon_core.verb:set package 'vehiclecontrol_msgs' build argument 'cmake_clean_first' from command line to 'False'
[0.345s] Level 5:colcon.colcon_core.verb:set package 'vehiclecontrol_msgs' build argument 'cmake_force_configure' from command line to 'False'
[0.345s] Level 5:colcon.colcon_core.verb:set package 'vehiclecontrol_msgs' build argument 'ament_cmake_args' from command line to 'None'
[0.345s] Level 5:colcon.colcon_core.verb:set package 'vehiclecontrol_msgs' build argument 'catkin_cmake_args' from command line to 'None'
[0.345s] Level 5:colcon.colcon_core.verb:set package 'vehiclecontrol_msgs' build argument 'catkin_skip_building_tests' from command line to 'False'
[0.345s] DEBUG:colcon.colcon_core.verb:Building package 'vehiclecontrol_msgs' with the following arguments: {'ament_cmake_args': None, 'build_base': '/home/mdxfsai/FS_autonomous/ros/ros2_ws/build/vehiclecontrol_msgs', 'catkin_cmake_args': None, 'catkin_skip_building_tests': False, 'cmake_args': None, 'cmake_clean_cache': False, 'cmake_clean_first': False, 'cmake_force_configure': False, 'cmake_target': None, 'cmake_target_skip_unavailable': False, 'install_base': '/home/mdxfsai/FS_autonomous/ros/ros2_ws/install/vehiclecontrol_msgs', 'merge_install': False, 'path': '/home/mdxfsai/FS_autonomous/ros/ros2_ws/src/vehiclecontrol_msgs', 'symlink_install': False, 'test_result_base': None}
[0.346s] Level 5:colcon.colcon_core.verb:set package 'carmaker_rsds_client' build argument 'cmake_args' from command line to 'None'
[0.346s] Level 5:colcon.colcon_core.verb:set package 'carmaker_rsds_client' build argument 'cmake_target' from command line to 'None'
[0.346s] Level 5:colcon.colcon_core.verb:set package 'carmaker_rsds_client' build argument 'cmake_target_skip_unavailable' from command line to 'False'
[0.346s] Level 5:colcon.colcon_core.verb:set package 'carmaker_rsds_client' build argument 'cmake_clean_cache' from command line to 'False'
[0.346s] Level 5:colcon.colcon_core.verb:set package 'carmaker_rsds_client' build argument 'cmake_clean_first' from command line to 'False'
[0.346s] Level 5:colcon.colcon_core.verb:set package 'carmaker_rsds_client' build argument 'cmake_force_configure' from command line to 'False'
[0.346s] Level 5:colcon.colcon_core.verb:set package 'carmaker_rsds_client' build argument 'ament_cmake_args' from command line to 'None'
[0.346s] Level 5:colcon.colcon_core.verb:set package 'carmaker_rsds_client' build argument 'catkin_cmake_args' from command line to 'None'
[0.346s] Level 5:colcon.colcon_core.verb:set package 'carmaker_rsds_client' build argument 'catkin_skip_building_tests' from command line to 'False'
[0.346s] DEBUG:colcon.colcon_core.verb:Building package 'carmaker_rsds_client' with the following arguments: {'ament_cmake_args': None, 'build_base': '/home/mdxfsai/FS_autonomous/ros/ros2_ws/build/carmaker_rsds_client', 'catkin_cmake_args': None, 'catkin_skip_building_tests': False, 'cmake_args': None, 'cmake_clean_cache': False, 'cmake_clean_first': False, 'cmake_force_configure': False, 'cmake_target': None, 'cmake_target_skip_unavailable': False, 'install_base': '/home/mdxfsai/FS_autonomous/ros/ros2_ws/install/carmaker_rsds_client', 'merge_install': False, 'path': '/home/mdxfsai/FS_autonomous/ros/ros2_ws/src/carmaker_rsds_client', 'symlink_install': False, 'test_result_base': None}
[0.346s] Level 5:colcon.colcon_core.verb:set package 'hellocm' build argument 'cmake_args' from command line to 'None'
[0.346s] Level 5:colcon.colcon_core.verb:set package 'hellocm' build argument 'cmake_target' from command line to 'None'
[0.346s] Level 5:colcon.colcon_core.verb:set package 'hellocm' build argument 'cmake_target_skip_unavailable' from command line to 'False'
[0.346s] Level 5:colcon.colcon_core.verb:set package 'hellocm' build argument 'cmake_clean_cache' from command line to 'False'
[0.346s] Level 5:colcon.colcon_core.verb:set package 'hellocm' build argument 'cmake_clean_first' from command line to 'False'
[0.346s] Level 5:colcon.colcon_core.verb:set package 'hellocm' build argument 'cmake_force_configure' from command line to 'False'
[0.346s] Level 5:colcon.colcon_core.verb:set package 'hellocm' build argument 'ament_cmake_args' from command line to 'None'
[0.346s] Level 5:colcon.colcon_core.verb:set package 'hellocm' build argument 'catkin_cmake_args' from command line to 'None'
[0.346s] Level 5:colcon.colcon_core.verb:set package 'hellocm' build argument 'catkin_skip_building_tests' from command line to 'False'
[0.346s] DEBUG:colcon.colcon_core.verb:Building package 'hellocm' with the following arguments: {'ament_cmake_args': None, 'build_base': '/home/mdxfsai/FS_autonomous/ros/ros2_ws/build/hellocm', 'catkin_cmake_args': None, 'catkin_skip_building_tests': False, 'cmake_args': None, 'cmake_clean_cache': False, 'cmake_clean_first': False, 'cmake_force_configure': False, 'cmake_target': None, 'cmake_target_skip_unavailable': False, 'install_base': '/home/mdxfsai/FS_autonomous/ros/ros2_ws/install/hellocm', 'merge_install': False, 'path': '/home/mdxfsai/FS_autonomous/ros/ros2_ws/src/hellocm', 'symlink_install': False, 'test_result_base': None}
[0.347s] Level 5:colcon.colcon_core.verb:set package 'hellocm_cmnode' build argument 'cmake_args' from command line to 'None'
[0.347s] Level 5:colcon.colcon_core.verb:set package 'hellocm_cmnode' build argument 'cmake_target' from command line to 'None'
[0.347s] Level 5:colcon.colcon_core.verb:set package 'hellocm_cmnode' build argument 'cmake_target_skip_unavailable' from command line to 'False'
[0.347s] Level 5:colcon.colcon_core.verb:set package 'hellocm_cmnode' build argument 'cmake_clean_cache' from command line to 'False'
[0.347s] Level 5:colcon.colcon_core.verb:set package 'hellocm_cmnode' build argument 'cmake_clean_first' from command line to 'False'
[0.347s] Level 5:colcon.colcon_core.verb:set package 'hellocm_cmnode' build argument 'cmake_force_configure' from command line to 'False'
[0.347s] Level 5:colcon.colcon_core.verb:set package 'hellocm_cmnode' build argument 'ament_cmake_args' from command line to 'None'
[0.347s] Level 5:colcon.colcon_core.verb:set package 'hellocm_cmnode' build argument 'catkin_cmake_args' from command line to 'None'
[0.347s] Level 5:colcon.colcon_core.verb:set package 'hellocm_cmnode' build argument 'catkin_skip_building_tests' from command line to 'False'
[0.347s] DEBUG:colcon.colcon_core.verb:Building package 'hellocm_cmnode' with the following arguments: {'ament_cmake_args': None, 'build_base': '/home/mdxfsai/FS_autonomous/ros/ros2_ws/build/hellocm_cmnode', 'catkin_cmake_args': None, 'catkin_skip_building_tests': False, 'cmake_args': None, 'cmake_clean_cache': False, 'cmake_clean_first': False, 'cmake_force_configure': False, 'cmake_target': None, 'cmake_target_skip_unavailable': False, 'install_base': '/home/mdxfsai/FS_autonomous/ros/ros2_ws/install/hellocm_cmnode', 'merge_install': False, 'path': '/home/mdxfsai/FS_autonomous/ros/ros2_ws/src/hellocm_cmnode', 'symlink_install': False, 'test_result_base': None}
[0.347s] INFO:colcon.colcon_core.executor:Executing jobs using 'parallel' executor
[0.348s] DEBUG:colcon.colcon_parallel_executor.executor.parallel:run_until_complete
[0.348s] INFO:colcon.colcon_ros.task.ament_cmake.build:Building ROS package in '/home/mdxfsai/FS_autonomous/ros/ros2_ws/src/camera_msgs' with build type 'ament_cmake'
[0.348s] INFO:colcon.colcon_cmake.task.cmake.build:Building CMake package in '/home/mdxfsai/FS_autonomous/ros/ros2_ws/src/camera_msgs'
[0.350s] INFO:colcon.colcon_core.plugin_system:Skipping extension 'colcon_core.shell.bat': Not used on non-Windows systems
[0.351s] INFO:colcon.colcon_core.shell:Skip shell extension 'powershell' for command environment: Not usable outside of PowerShell
[0.351s] DEBUG:colcon.colcon_core.shell:Skip shell extension 'dsv' for command environment
[0.353s] INFO:colcon.colcon_ros.task.ament_cmake.build:Building ROS package in '/home/mdxfsai/FS_autonomous/ros/ros2_ws/src/cmrosutils' with build type 'ament_cmake'
[0.353s] INFO:colcon.colcon_cmake.task.cmake.build:Building CMake package in '/home/mdxfsai/FS_autonomous/ros/ros2_ws/src/cmrosutils'
[0.354s] INFO:colcon.colcon_core.shell:Skip shell extension 'powershell' for command environment: Not usable outside of PowerShell
[0.354s] DEBUG:colcon.colcon_core.shell:Skip shell extension 'dsv' for command environment
[0.356s] INFO:colcon.colcon_ros.task.ament_cmake.build:Building ROS package in '/home/mdxfsai/FS_autonomous/ros/ros2_ws/src/hellocm_msgs' with build type 'ament_cmake'
[0.356s] INFO:colcon.colcon_cmake.task.cmake.build:Building CMake package in '/home/mdxfsai/FS_autonomous/ros/ros2_ws/src/hellocm_msgs'
[0.356s] INFO:colcon.colcon_core.shell:Skip shell extension 'powershell' for command environment: Not usable outside of PowerShell
[0.356s] DEBUG:colcon.colcon_core.shell:Skip shell extension 'dsv' for command environment
[0.359s] INFO:colcon.colcon_ros.task.ament_cmake.build:Building ROS package in '/home/mdxfsai/FS_autonomous/ros/ros2_ws/src/vehiclecontrol_msgs' with build type 'ament_cmake'
[0.359s] INFO:colcon.colcon_cmake.task.cmake.build:Building CMake package in '/home/mdxfsai/FS_autonomous/ros/ros2_ws/src/vehiclecontrol_msgs'
[0.359s] INFO:colcon.colcon_core.shell:Skip shell extension 'powershell' for command environment: Not usable outside of PowerShell
[0.359s] DEBUG:colcon.colcon_core.shell:Skip shell extension 'dsv' for command environment
[0.367s] DEBUG:colcon.colcon_core.event_handler.log_command:Invoking command in '/home/mdxfsai/FS_autonomous/ros/ros2_ws/build/camera_msgs': CMAKE_PREFIX_PATH=/opt/ros/humble /usr/bin/cmake --build /home/mdxfsai/FS_autonomous/ros/ros2_ws/build/camera_msgs -- -j20 -l20
[0.371s] DEBUG:colcon.colcon_core.event_handler.log_command:Invoking command in '/home/mdxfsai/FS_autonomous/ros/ros2_ws/build/cmrosutils': CMAKE_PREFIX_PATH=/opt/ros/humble /usr/bin/cmake --build /home/mdxfsai/FS_autonomous/ros/ros2_ws/build/cmrosutils -- -j20 -l20
[0.374s] DEBUG:colcon.colcon_core.event_handler.log_command:Invoking command in '/home/mdxfsai/FS_autonomous/ros/ros2_ws/build/hellocm_msgs': CMAKE_PREFIX_PATH=/opt/ros/humble /usr/bin/cmake --build /home/mdxfsai/FS_autonomous/ros/ros2_ws/build/hellocm_msgs -- -j20 -l20
[0.376s] DEBUG:colcon.colcon_core.event_handler.log_command:Invoking command in '/home/mdxfsai/FS_autonomous/ros/ros2_ws/build/vehiclecontrol_msgs': CMAKE_PREFIX_PATH=/opt/ros/humble /usr/bin/cmake --build /home/mdxfsai/FS_autonomous/ros/ros2_ws/build/vehiclecontrol_msgs -- -j20 -l20
[0.740s] DEBUG:colcon.colcon_core.event_handler.log_command:Invoked command in '/home/mdxfsai/FS_autonomous/ros/ros2_ws/build/camera_msgs' returned '0': CMAKE_PREFIX_PATH=/opt/ros/humble /usr/bin/cmake --build /home/mdxfsai/FS_autonomous/ros/ros2_ws/build/camera_msgs -- -j20 -l20
[0.754s] DEBUG:colcon.colcon_core.event_handler.log_command:Invoking command in '/home/mdxfsai/FS_autonomous/ros/ros2_ws/build/camera_msgs': CMAKE_PREFIX_PATH=/opt/ros/humble /usr/bin/cmake --install /home/mdxfsai/FS_autonomous/ros/ros2_ws/build/camera_msgs
[0.774s] DEBUG:colcon.colcon_core.event_handler.log_command:Invoked command in '/home/mdxfsai/FS_autonomous/ros/ros2_ws/build/vehiclecontrol_msgs' returned '0': CMAKE_PREFIX_PATH=/opt/ros/humble /usr/bin/cmake --build /home/mdxfsai/FS_autonomous/ros/ros2_ws/build/vehiclecontrol_msgs -- -j20 -l20
[0.775s] DEBUG:colcon.colcon_core.event_handler.log_command:Invoking command in '/home/mdxfsai/FS_autonomous/ros/ros2_ws/build/vehiclecontrol_msgs': CMAKE_PREFIX_PATH=/opt/ros/humble /usr/bin/cmake --install /home/mdxfsai/FS_autonomous/ros/ros2_ws/build/vehiclecontrol_msgs
[0.796s] DEBUG:colcon.colcon_core.event_handler.log_command:Invoked command in '/home/mdxfsai/FS_autonomous/ros/ros2_ws/build/cmrosutils' returned '0': CMAKE_PREFIX_PATH=/opt/ros/humble /usr/bin/cmake --build /home/mdxfsai/FS_autonomous/ros/ros2_ws/build/cmrosutils -- -j20 -l20
[0.800s] DEBUG:colcon.colcon_core.event_handler.log_command:Invoking command in '/home/mdxfsai/FS_autonomous/ros/ros2_ws/build/cmrosutils': CMAKE_PREFIX_PATH=/opt/ros/humble /usr/bin/cmake --install /home/mdxfsai/FS_autonomous/ros/ros2_ws/build/cmrosutils
[0.801s] DEBUG:colcon.colcon_core.event_handler.log_command:Invoked command in '/home/mdxfsai/FS_autonomous/ros/ros2_ws/build/hellocm_msgs' returned '0': CMAKE_PREFIX_PATH=/opt/ros/humble /usr/bin/cmake --build /home/mdxfsai/FS_autonomous/ros/ros2_ws/build/hellocm_msgs -- -j20 -l20
[0.803s] DEBUG:colcon.colcon_core.event_handler.log_command:Invoking command in '/home/mdxfsai/FS_autonomous/ros/ros2_ws/build/hellocm_msgs': CMAKE_PREFIX_PATH=/opt/ros/humble /usr/bin/cmake --install /home/mdxfsai/FS_autonomous/ros/ros2_ws/build/hellocm_msgs
[0.820s] Level 1:colcon.colcon_core.environment:create_environment_scripts_only(camera_msgs)
[0.828s] Level 1:colcon.colcon_core.environment:checking '/home/mdxfsai/FS_autonomous/ros/ros2_ws/install/camera_msgs' for CMake module files
[0.830s] Level 1:colcon.colcon_core.environment:checking '/home/mdxfsai/FS_autonomous/ros/ros2_ws/install/camera_msgs' for CMake config files
[0.836s] DEBUG:colcon.colcon_core.event_handler.log_command:Invoked command in '/home/mdxfsai/FS_autonomous/ros/ros2_ws/build/camera_msgs' returned '0': CMAKE_PREFIX_PATH=/opt/ros/humble /usr/bin/cmake --install /home/mdxfsai/FS_autonomous/ros/ros2_ws/build/camera_msgs
[0.840s] Level 1:colcon.colcon_core.shell:create_environment_hook('camera_msgs', 'cmake_prefix_path')
[0.840s] INFO:colcon.colcon_core.shell:Creating environment hook '/home/mdxfsai/FS_autonomous/ros/ros2_ws/install/camera_msgs/share/camera_msgs/hook/cmake_prefix_path.ps1'
[0.841s] INFO:colcon.colcon_core.shell:Creating environment descriptor '/home/mdxfsai/FS_autonomous/ros/ros2_ws/install/camera_msgs/share/camera_msgs/hook/cmake_prefix_path.dsv'
[0.842s] INFO:colcon.colcon_core.shell:Creating environment hook '/home/mdxfsai/FS_autonomous/ros/ros2_ws/install/camera_msgs/share/camera_msgs/hook/cmake_prefix_path.sh'
[0.843s] Level 1:colcon.colcon_core.environment:checking '/home/mdxfsai/FS_autonomous/ros/ros2_ws/install/camera_msgs/lib'
[0.844s] Level 1:colcon.colcon_core.shell:create_environment_hook('camera_msgs', 'ld_library_path_lib')
[0.844s] INFO:colcon.colcon_core.shell:Creating environment hook '/home/mdxfsai/FS_autonomous/ros/ros2_ws/install/camera_msgs/share/camera_msgs/hook/ld_library_path_lib.ps1'
[0.845s] INFO:colcon.colcon_core.shell:Creating environment descriptor '/home/mdxfsai/FS_autonomous/ros/ros2_ws/install/camera_msgs/share/camera_msgs/hook/ld_library_path_lib.dsv'
[0.845s] INFO:colcon.colcon_core.shell:Creating environment hook '/home/mdxfsai/FS_autonomous/ros/ros2_ws/install/camera_msgs/share/camera_msgs/hook/ld_library_path_lib.sh'
[0.846s] Level 1:colcon.colcon_core.environment:checking '/home/mdxfsai/FS_autonomous/ros/ros2_ws/install/camera_msgs/bin'
[0.846s] Level 1:colcon.colcon_core.environment:checking '/home/mdxfsai/FS_autonomous/ros/ros2_ws/install/camera_msgs/lib/pkgconfig/camera_msgs.pc'
[0.846s] Level 1:colcon.colcon_core.environment:checking '/home/mdxfsai/FS_autonomous/ros/ros2_ws/install/camera_msgs/lib/python3.10/site-packages'
[0.847s] Level 1:colcon.colcon_core.environment:checking '/home/mdxfsai/FS_autonomous/ros/ros2_ws/install/camera_msgs/bin'
[0.848s] INFO:colcon.colcon_core.shell:Creating package script '/home/mdxfsai/FS_autonomous/ros/ros2_ws/install/camera_msgs/share/camera_msgs/package.ps1'
[0.849s] INFO:colcon.colcon_core.shell:Creating package descriptor '/home/mdxfsai/FS_autonomous/ros/ros2_ws/install/camera_msgs/share/camera_msgs/package.dsv'
[0.851s] INFO:colcon.colcon_core.shell:Creating package script '/home/mdxfsai/FS_autonomous/ros/ros2_ws/install/camera_msgs/share/camera_msgs/package.sh'
[0.852s] INFO:colcon.colcon_core.shell:Creating package script '/home/mdxfsai/FS_autonomous/ros/ros2_ws/install/camera_msgs/share/camera_msgs/package.bash'
[0.853s] INFO:colcon.colcon_core.shell:Creating package script '/home/mdxfsai/FS_autonomous/ros/ros2_ws/install/camera_msgs/share/camera_msgs/package.zsh'
[0.855s] Level 1:colcon.colcon_core.environment:create_file_with_runtime_dependencies(/home/mdxfsai/FS_autonomous/ros/ros2_ws/install/camera_msgs/share/colcon-core/packages/camera_msgs)
[0.859s] Level 1:colcon.colcon_core.environment:create_environment_scripts_only(camera_msgs)
[0.859s] Level 1:colcon.colcon_core.environment:checking '/home/mdxfsai/FS_autonomous/ros/ros2_ws/install/camera_msgs' for CMake module files
[0.863s] Level 1:colcon.colcon_core.environment:checking '/home/mdxfsai/FS_autonomous/ros/ros2_ws/install/camera_msgs' for CMake config files
[0.863s] Level 1:colcon.colcon_core.shell:create_environment_hook('camera_msgs', 'cmake_prefix_path')
[0.864s] INFO:colcon.colcon_core.shell:Creating environment hook '/home/mdxfsai/FS_autonomous/ros/ros2_ws/install/camera_msgs/share/camera_msgs/hook/cmake_prefix_path.ps1'
[0.864s] INFO:colcon.colcon_core.shell:Creating environment descriptor '/home/mdxfsai/FS_autonomous/ros/ros2_ws/install/camera_msgs/share/camera_msgs/hook/cmake_prefix_path.dsv'
[0.864s] INFO:colcon.colcon_core.shell:Creating environment hook '/home/mdxfsai/FS_autonomous/ros/ros2_ws/install/camera_msgs/share/camera_msgs/hook/cmake_prefix_path.sh'
[0.865s] Level 1:colcon.colcon_core.environment:checking '/home/mdxfsai/FS_autonomous/ros/ros2_ws/install/camera_msgs/lib'
[0.865s] Level 1:colcon.colcon_core.shell:create_environment_hook('camera_msgs', 'ld_library_path_lib')
[0.865s] INFO:colcon.colcon_core.shell:Creating environment hook '/home/mdxfsai/FS_autonomous/ros/ros2_ws/install/camera_msgs/share/camera_msgs/hook/ld_library_path_lib.ps1'
[0.866s] INFO:colcon.colcon_core.shell:Creating environment descriptor '/home/mdxfsai/FS_autonomous/ros/ros2_ws/install/camera_msgs/share/camera_msgs/hook/ld_library_path_lib.dsv'
[0.866s] INFO:colcon.colcon_core.shell:Creating environment hook '/home/mdxfsai/FS_autonomous/ros/ros2_ws/install/camera_msgs/share/camera_msgs/hook/ld_library_path_lib.sh'
[0.866s] Level 1:colcon.colcon_core.environment:checking '/home/mdxfsai/FS_autonomous/ros/ros2_ws/install/camera_msgs/bin'
[0.866s] Level 1:colcon.colcon_core.environment:checking '/home/mdxfsai/FS_autonomous/ros/ros2_ws/install/camera_msgs/lib/pkgconfig/camera_msgs.pc'
[0.866s] Level 1:colcon.colcon_core.environment:checking '/home/mdxfsai/FS_autonomous/ros/ros2_ws/install/camera_msgs/lib/python3.10/site-packages'
[0.867s] Level 1:colcon.colcon_core.environment:checking '/home/mdxfsai/FS_autonomous/ros/ros2_ws/install/camera_msgs/bin'
[0.867s] INFO:colcon.colcon_core.shell:Creating package script '/home/mdxfsai/FS_autonomous/ros/ros2_ws/install/camera_msgs/share/camera_msgs/package.ps1'
[0.868s] INFO:colcon.colcon_core.shell:Creating package descriptor '/home/mdxfsai/FS_autonomous/ros/ros2_ws/install/camera_msgs/share/camera_msgs/package.dsv'
[0.868s] INFO:colcon.colcon_core.shell:Creating package script '/home/mdxfsai/FS_autonomous/ros/ros2_ws/install/camera_msgs/share/camera_msgs/package.sh'
[0.868s] INFO:colcon.colcon_core.shell:Creating package script '/home/mdxfsai/FS_autonomous/ros/ros2_ws/install/camera_msgs/share/camera_msgs/package.bash'
[0.869s] INFO:colcon.colcon_core.shell:Creating package script '/home/mdxfsai/FS_autonomous/ros/ros2_ws/install/camera_msgs/share/camera_msgs/package.zsh'
[0.869s] Level 1:colcon.colcon_core.environment:create_file_with_runtime_dependencies(/home/mdxfsai/FS_autonomous/ros/ros2_ws/install/camera_msgs/share/colcon-core/packages/camera_msgs)
[0.871s] Level 1:colcon.colcon_core.environment:create_environment_scripts_only(vehiclecontrol_msgs)
[0.871s] Level 1:colcon.colcon_core.environment:checking '/home/mdxfsai/FS_autonomous/ros/ros2_ws/install/vehiclecontrol_msgs' for CMake module files
[0.872s] DEBUG:colcon.colcon_core.event_handler.log_command:Invoked command in '/home/mdxfsai/FS_autonomous/ros/ros2_ws/build/vehiclecontrol_msgs' returned '0': CMAKE_PREFIX_PATH=/opt/ros/humble /usr/bin/cmake --install /home/mdxfsai/FS_autonomous/ros/ros2_ws/build/vehiclecontrol_msgs
[0.872s] Level 1:colcon.colcon_core.environment:checking '/home/mdxfsai/FS_autonomous/ros/ros2_ws/install/vehiclecontrol_msgs' for CMake config files
[0.872s] Level 1:colcon.colcon_core.shell:create_environment_hook('vehiclecontrol_msgs', 'cmake_prefix_path')
[0.873s] INFO:colcon.colcon_core.shell:Creating environment hook '/home/mdxfsai/FS_autonomous/ros/ros2_ws/install/vehiclecontrol_msgs/share/vehiclecontrol_msgs/hook/cmake_prefix_path.ps1'
[0.873s] INFO:colcon.colcon_core.shell:Creating environment descriptor '/home/mdxfsai/FS_autonomous/ros/ros2_ws/install/vehiclecontrol_msgs/share/vehiclecontrol_msgs/hook/cmake_prefix_path.dsv'
[0.873s] INFO:colcon.colcon_core.shell:Creating environment hook '/home/mdxfsai/FS_autonomous/ros/ros2_ws/install/vehiclecontrol_msgs/share/vehiclecontrol_msgs/hook/cmake_prefix_path.sh'
[0.874s] Level 1:colcon.colcon_core.environment:checking '/home/mdxfsai/FS_autonomous/ros/ros2_ws/install/vehiclecontrol_msgs/lib'
[0.874s] Level 1:colcon.colcon_core.shell:create_environment_hook('vehiclecontrol_msgs', 'ld_library_path_lib')
[0.874s] INFO:colcon.colcon_core.shell:Creating environment hook '/home/mdxfsai/FS_autonomous/ros/ros2_ws/install/vehiclecontrol_msgs/share/vehiclecontrol_msgs/hook/ld_library_path_lib.ps1'
[0.875s] INFO:colcon.colcon_core.shell:Creating environment descriptor '/home/mdxfsai/FS_autonomous/ros/ros2_ws/install/vehiclecontrol_msgs/share/vehiclecontrol_msgs/hook/ld_library_path_lib.dsv'
[0.875s] INFO:colcon.colcon_core.shell:Creating environment hook '/home/mdxfsai/FS_autonomous/ros/ros2_ws/install/vehiclecontrol_msgs/share/vehiclecontrol_msgs/hook/ld_library_path_lib.sh'
[0.875s] Level 1:colcon.colcon_core.environment:checking '/home/mdxfsai/FS_autonomous/ros/ros2_ws/install/vehiclecontrol_msgs/bin'
[0.875s] Level 1:colcon.colcon_core.environment:checking '/home/mdxfsai/FS_autonomous/ros/ros2_ws/install/vehiclecontrol_msgs/lib/pkgconfig/vehiclecontrol_msgs.pc'
[0.876s] Level 1:colcon.colcon_core.environment:checking '/home/mdxfsai/FS_autonomous/ros/ros2_ws/install/vehiclecontrol_msgs/lib/python3.10/site-packages'
[0.876s] Level 1:colcon.colcon_core.environment:checking '/home/mdxfsai/FS_autonomous/ros/ros2_ws/install/vehiclecontrol_msgs/bin'
[0.876s] INFO:colcon.colcon_core.shell:Creating package script '/home/mdxfsai/FS_autonomous/ros/ros2_ws/install/vehiclecontrol_msgs/share/vehiclecontrol_msgs/package.ps1'
[0.877s] INFO:colcon.colcon_core.shell:Creating package descriptor '/home/mdxfsai/FS_autonomous/ros/ros2_ws/install/vehiclecontrol_msgs/share/vehiclecontrol_msgs/package.dsv'
[0.877s] INFO:colcon.colcon_core.shell:Creating package script '/home/mdxfsai/FS_autonomous/ros/ros2_ws/install/vehiclecontrol_msgs/share/vehiclecontrol_msgs/package.sh'
[0.877s] INFO:colcon.colcon_core.shell:Creating package script '/home/mdxfsai/FS_autonomous/ros/ros2_ws/install/vehiclecontrol_msgs/share/vehiclecontrol_msgs/package.bash'
[0.878s] INFO:colcon.colcon_core.shell:Creating package script '/home/mdxfsai/FS_autonomous/ros/ros2_ws/install/vehiclecontrol_msgs/share/vehiclecontrol_msgs/package.zsh'
[0.878s] Level 1:colcon.colcon_core.environment:create_file_with_runtime_dependencies(/home/mdxfsai/FS_autonomous/ros/ros2_ws/install/vehiclecontrol_msgs/share/colcon-core/packages/vehiclecontrol_msgs)
[0.879s] Level 1:colcon.colcon_core.environment:create_environment_scripts_only(vehiclecontrol_msgs)
[0.879s] Level 1:colcon.colcon_core.environment:checking '/home/mdxfsai/FS_autonomous/ros/ros2_ws/install/vehiclecontrol_msgs' for CMake module files
[0.879s] Level 1:colcon.colcon_core.environment:checking '/home/mdxfsai/FS_autonomous/ros/ros2_ws/install/vehiclecontrol_msgs' for CMake config files
[0.880s] Level 1:colcon.colcon_core.shell:create_environment_hook('vehiclecontrol_msgs', 'cmake_prefix_path')
[0.880s] INFO:colcon.colcon_core.shell:Creating environment hook '/home/mdxfsai/FS_autonomous/ros/ros2_ws/install/vehiclecontrol_msgs/share/vehiclecontrol_msgs/hook/cmake_prefix_path.ps1'
[0.880s] INFO:colcon.colcon_core.shell:Creating environment descriptor '/home/mdxfsai/FS_autonomous/ros/ros2_ws/install/vehiclecontrol_msgs/share/vehiclecontrol_msgs/hook/cmake_prefix_path.dsv'
[0.880s] INFO:colcon.colcon_core.shell:Creating environment hook '/home/mdxfsai/FS_autonomous/ros/ros2_ws/install/vehiclecontrol_msgs/share/vehiclecontrol_msgs/hook/cmake_prefix_path.sh'
[0.881s] Level 1:colcon.colcon_core.environment:checking '/home/mdxfsai/FS_autonomous/ros/ros2_ws/install/vehiclecontrol_msgs/lib'
[0.881s] Level 1:colcon.colcon_core.shell:create_environment_hook('vehiclecontrol_msgs', 'ld_library_path_lib')
[0.881s] INFO:colcon.colcon_core.shell:Creating environment hook '/home/mdxfsai/FS_autonomous/ros/ros2_ws/install/vehiclecontrol_msgs/share/vehiclecontrol_msgs/hook/ld_library_path_lib.ps1'
[0.882s] INFO:colcon.colcon_core.shell:Creating environment descriptor '/home/mdxfsai/FS_autonomous/ros/ros2_ws/install/vehiclecontrol_msgs/share/vehiclecontrol_msgs/hook/ld_library_path_lib.dsv'
[0.882s] INFO:colcon.colcon_core.shell:Creating environment hook '/home/mdxfsai/FS_autonomous/ros/ros2_ws/install/vehiclecontrol_msgs/share/vehiclecontrol_msgs/hook/ld_library_path_lib.sh'
[0.882s] Level 1:colcon.colcon_core.environment:checking '/home/mdxfsai/FS_autonomous/ros/ros2_ws/install/vehiclecontrol_msgs/bin'
[0.882s] Level 1:colcon.colcon_core.environment:checking '/home/mdxfsai/FS_autonomous/ros/ros2_ws/install/vehiclecontrol_msgs/lib/pkgconfig/vehiclecontrol_msgs.pc'
[0.882s] Level 1:colcon.colcon_core.environment:checking '/home/mdxfsai/FS_autonomous/ros/ros2_ws/install/vehiclecontrol_msgs/lib/python3.10/site-packages'
[0.883s] Level 1:colcon.colcon_core.environment:checking '/home/mdxfsai/FS_autonomous/ros/ros2_ws/install/vehiclecontrol_msgs/bin'
[0.883s] INFO:colcon.colcon_core.shell:Creating package script '/home/mdxfsai/FS_autonomous/ros/ros2_ws/install/vehiclecontrol_msgs/share/vehiclecontrol_msgs/package.ps1'
[0.883s] INFO:colcon.colcon_core.shell:Creating package descriptor '/home/mdxfsai/FS_autonomous/ros/ros2_ws/install/vehiclecontrol_msgs/share/vehiclecontrol_msgs/package.dsv'
[0.884s] INFO:colcon.colcon_core.shell:Creating package script '/home/mdxfsai/FS_autonomous/ros/ros2_ws/install/vehiclecontrol_msgs/share/vehiclecontrol_msgs/package.sh'
[0.884s] INFO:colcon.colcon_core.shell:Creating package script '/home/mdxfsai/FS_autonomous/ros/ros2_ws/install/vehiclecontrol_msgs/share/vehiclecontrol_msgs/package.bash'
[0.885s] INFO:colcon.colcon_core.shell:Creating package script '/home/mdxfsai/FS_autonomous/ros/ros2_ws/install/vehiclecontrol_msgs/share/vehiclecontrol_msgs/package.zsh'
[0.885s] Level 1:colcon.colcon_core.environment:create_file_with_runtime_dependencies(/home/mdxfsai/FS_autonomous/ros/ros2_ws/install/vehiclecontrol_msgs/share/colcon-core/packages/vehiclecontrol_msgs)
[0.885s] Level 1:colcon.colcon_core.environment:create_environment_scripts_only(hellocm_msgs)
[0.885s] Level 1:colcon.colcon_core.environment:checking '/home/mdxfsai/FS_autonomous/ros/ros2_ws/install/hellocm_msgs' for CMake module files
[0.886s] Level 1:colcon.colcon_core.environment:checking '/home/mdxfsai/FS_autonomous/ros/ros2_ws/install/hellocm_msgs' for CMake config files
[0.887s] DEBUG:colcon.colcon_core.event_handler.log_command:Invoked command in '/home/mdxfsai/FS_autonomous/ros/ros2_ws/build/hellocm_msgs' returned '0': CMAKE_PREFIX_PATH=/opt/ros/humble /usr/bin/cmake --install /home/mdxfsai/FS_autonomous/ros/ros2_ws/build/hellocm_msgs
[0.887s] Level 1:colcon.colcon_core.shell:create_environment_hook('hellocm_msgs', 'cmake_prefix_path')
[0.887s] INFO:colcon.colcon_core.shell:Creating environment hook '/home/mdxfsai/FS_autonomous/ros/ros2_ws/install/hellocm_msgs/share/hellocm_msgs/hook/cmake_prefix_path.ps1'
[0.888s] INFO:colcon.colcon_core.shell:Creating environment descriptor '/home/mdxfsai/FS_autonomous/ros/ros2_ws/install/hellocm_msgs/share/hellocm_msgs/hook/cmake_prefix_path.dsv'
[0.888s] INFO:colcon.colcon_core.shell:Creating environment hook '/home/mdxfsai/FS_autonomous/ros/ros2_ws/install/hellocm_msgs/share/hellocm_msgs/hook/cmake_prefix_path.sh'
[0.889s] Level 1:colcon.colcon_core.environment:checking '/home/mdxfsai/FS_autonomous/ros/ros2_ws/install/hellocm_msgs/lib'
[0.889s] Level 1:colcon.colcon_core.shell:create_environment_hook('hellocm_msgs', 'ld_library_path_lib')
[0.889s] INFO:colcon.colcon_core.shell:Creating environment hook '/home/mdxfsai/FS_autonomous/ros/ros2_ws/install/hellocm_msgs/share/hellocm_msgs/hook/ld_library_path_lib.ps1'
[0.889s] INFO:colcon.colcon_core.shell:Creating environment descriptor '/home/mdxfsai/FS_autonomous/ros/ros2_ws/install/hellocm_msgs/share/hellocm_msgs/hook/ld_library_path_lib.dsv'
[0.889s] INFO:colcon.colcon_core.shell:Creating environment hook '/home/mdxfsai/FS_autonomous/ros/ros2_ws/install/hellocm_msgs/share/hellocm_msgs/hook/ld_library_path_lib.sh'
[0.890s] Level 1:colcon.colcon_core.environment:checking '/home/mdxfsai/FS_autonomous/ros/ros2_ws/install/hellocm_msgs/bin'
[0.890s] Level 1:colcon.colcon_core.environment:checking '/home/mdxfsai/FS_autonomous/ros/ros2_ws/install/hellocm_msgs/lib/pkgconfig/hellocm_msgs.pc'
[0.890s] Level 1:colcon.colcon_core.environment:checking '/home/mdxfsai/FS_autonomous/ros/ros2_ws/install/hellocm_msgs/lib/python3.10/site-packages'
[0.890s] Level 1:colcon.colcon_core.environment:checking '/home/mdxfsai/FS_autonomous/ros/ros2_ws/install/hellocm_msgs/bin'
[0.891s] INFO:colcon.colcon_core.shell:Creating package script '/home/mdxfsai/FS_autonomous/ros/ros2_ws/install/hellocm_msgs/share/hellocm_msgs/package.ps1'
[0.891s] INFO:colcon.colcon_core.shell:Creating package descriptor '/home/mdxfsai/FS_autonomous/ros/ros2_ws/install/hellocm_msgs/share/hellocm_msgs/package.dsv'
[0.891s] INFO:colcon.colcon_core.shell:Creating package script '/home/mdxfsai/FS_autonomous/ros/ros2_ws/install/hellocm_msgs/share/hellocm_msgs/package.sh'
[0.892s] INFO:colcon.colcon_core.shell:Creating package script '/home/mdxfsai/FS_autonomous/ros/ros2_ws/install/hellocm_msgs/share/hellocm_msgs/package.bash'
[0.892s] INFO:colcon.colcon_core.shell:Creating package script '/home/mdxfsai/FS_autonomous/ros/ros2_ws/install/hellocm_msgs/share/hellocm_msgs/package.zsh'
[0.892s] Level 1:colcon.colcon_core.environment:create_file_with_runtime_dependencies(/home/mdxfsai/FS_autonomous/ros/ros2_ws/install/hellocm_msgs/share/colcon-core/packages/hellocm_msgs)
[0.893s] Level 1:colcon.colcon_core.environment:create_environment_scripts_only(hellocm_msgs)
[0.893s] Level 1:colcon.colcon_core.environment:checking '/home/mdxfsai/FS_autonomous/ros/ros2_ws/install/hellocm_msgs' for CMake module files
[0.894s] Level 1:colcon.colcon_core.environment:checking '/home/mdxfsai/FS_autonomous/ros/ros2_ws/install/hellocm_msgs' for CMake config files
[0.894s] Level 1:colcon.colcon_core.shell:create_environment_hook('hellocm_msgs', 'cmake_prefix_path')
[0.894s] INFO:colcon.colcon_core.shell:Creating environment hook '/home/mdxfsai/FS_autonomous/ros/ros2_ws/install/hellocm_msgs/share/hellocm_msgs/hook/cmake_prefix_path.ps1'
[0.895s] INFO:colcon.colcon_core.shell:Creating environment descriptor '/home/mdxfsai/FS_autonomous/ros/ros2_ws/install/hellocm_msgs/share/hellocm_msgs/hook/cmake_prefix_path.dsv'
[0.895s] INFO:colcon.colcon_core.shell:Creating environment hook '/home/mdxfsai/FS_autonomous/ros/ros2_ws/install/hellocm_msgs/share/hellocm_msgs/hook/cmake_prefix_path.sh'
[0.895s] Level 1:colcon.colcon_core.environment:checking '/home/mdxfsai/FS_autonomous/ros/ros2_ws/install/hellocm_msgs/lib'
[0.896s] Level 1:colcon.colcon_core.shell:create_environment_hook('hellocm_msgs', 'ld_library_path_lib')
[0.896s] INFO:colcon.colcon_core.shell:Creating environment hook '/home/mdxfsai/FS_autonomous/ros/ros2_ws/install/hellocm_msgs/share/hellocm_msgs/hook/ld_library_path_lib.ps1'
[0.896s] INFO:colcon.colcon_core.shell:Creating environment descriptor '/home/mdxfsai/FS_autonomous/ros/ros2_ws/install/hellocm_msgs/share/hellocm_msgs/hook/ld_library_path_lib.dsv'
[0.896s] INFO:colcon.colcon_core.shell:Creating environment hook '/home/mdxfsai/FS_autonomous/ros/ros2_ws/install/hellocm_msgs/share/hellocm_msgs/hook/ld_library_path_lib.sh'
[0.897s] Level 1:colcon.colcon_core.environment:checking '/home/mdxfsai/FS_autonomous/ros/ros2_ws/install/hellocm_msgs/bin'
[0.897s] Level 1:colcon.colcon_core.environment:checking '/home/mdxfsai/FS_autonomous/ros/ros2_ws/install/hellocm_msgs/lib/pkgconfig/hellocm_msgs.pc'
[0.897s] Level 1:colcon.colcon_core.environment:checking '/home/mdxfsai/FS_autonomous/ros/ros2_ws/install/hellocm_msgs/lib/python3.10/site-packages'
[0.897s] Level 1:colcon.colcon_core.environment:checking '/home/mdxfsai/FS_autonomous/ros/ros2_ws/install/hellocm_msgs/bin'
[0.898s] INFO:colcon.colcon_core.shell:Creating package script '/home/mdxfsai/FS_autonomous/ros/ros2_ws/install/hellocm_msgs/share/hellocm_msgs/package.ps1'
[0.898s] INFO:colcon.colcon_core.shell:Creating package descriptor '/home/mdxfsai/FS_autonomous/ros/ros2_ws/install/hellocm_msgs/share/hellocm_msgs/package.dsv'
[0.899s] INFO:colcon.colcon_core.shell:Creating package script '/home/mdxfsai/FS_autonomous/ros/ros2_ws/install/hellocm_msgs/share/hellocm_msgs/package.sh'
[0.899s] INFO:colcon.colcon_core.shell:Creating package script '/home/mdxfsai/FS_autonomous/ros/ros2_ws/install/hellocm_msgs/share/hellocm_msgs/package.bash'
[0.899s] INFO:colcon.colcon_core.shell:Creating package script '/home/mdxfsai/FS_autonomous/ros/ros2_ws/install/hellocm_msgs/share/hellocm_msgs/package.zsh'
[0.900s] Level 1:colcon.colcon_core.environment:create_file_with_runtime_dependencies(/home/mdxfsai/FS_autonomous/ros/ros2_ws/install/hellocm_msgs/share/colcon-core/packages/hellocm_msgs)
[0.900s] INFO:colcon.colcon_ros.task.ament_cmake.build:Building ROS package in '/home/mdxfsai/FS_autonomous/ros/ros2_ws/src/hellocm' with build type 'ament_cmake'
[0.900s] INFO:colcon.colcon_cmake.task.cmake.build:Building CMake package in '/home/mdxfsai/FS_autonomous/ros/ros2_ws/src/hellocm'
[0.900s] INFO:colcon.colcon_core.shell:Skip shell extension 'powershell' for command environment: Not usable outside of PowerShell
[0.900s] DEBUG:colcon.colcon_core.shell:Skip shell extension 'dsv' for command environment
[0.903s] Level 1:colcon.colcon_core.environment:create_environment_scripts_only(cmrosutils)
[0.904s] Level 1:colcon.colcon_core.environment:checking '/home/mdxfsai/FS_autonomous/ros/ros2_ws/install/cmrosutils' for CMake module files
[0.904s] DEBUG:colcon.colcon_core.event_handler.log_command:Invoked command in '/home/mdxfsai/FS_autonomous/ros/ros2_ws/build/cmrosutils' returned '0': CMAKE_PREFIX_PATH=/opt/ros/humble /usr/bin/cmake --install /home/mdxfsai/FS_autonomous/ros/ros2_ws/build/cmrosutils
[0.904s] Level 1:colcon.colcon_core.environment:checking '/home/mdxfsai/FS_autonomous/ros/ros2_ws/install/cmrosutils' for CMake config files
[0.905s] Level 1:colcon.colcon_core.shell:create_environment_hook('cmrosutils', 'cmake_prefix_path')
[0.905s] INFO:colcon.colcon_core.shell:Creating environment hook '/home/mdxfsai/FS_autonomous/ros/ros2_ws/install/cmrosutils/share/cmrosutils/hook/cmake_prefix_path.ps1'
[0.905s] INFO:colcon.colcon_core.shell:Creating environment descriptor '/home/mdxfsai/FS_autonomous/ros/ros2_ws/install/cmrosutils/share/cmrosutils/hook/cmake_prefix_path.dsv'
[0.906s] INFO:colcon.colcon_core.shell:Creating environment hook '/home/mdxfsai/FS_autonomous/ros/ros2_ws/install/cmrosutils/share/cmrosutils/hook/cmake_prefix_path.sh'
[0.906s] Level 1:colcon.colcon_core.environment:checking '/home/mdxfsai/FS_autonomous/ros/ros2_ws/install/cmrosutils/lib'
[0.906s] Level 1:colcon.colcon_core.shell:create_environment_hook('cmrosutils', 'ld_library_path_lib')
[0.906s] INFO:colcon.colcon_core.shell:Creating environment hook '/home/mdxfsai/FS_autonomous/ros/ros2_ws/install/cmrosutils/share/cmrosutils/hook/ld_library_path_lib.ps1'
[0.907s] INFO:colcon.colcon_core.shell:Creating environment descriptor '/home/mdxfsai/FS_autonomous/ros/ros2_ws/install/cmrosutils/share/cmrosutils/hook/ld_library_path_lib.dsv'
[0.907s] INFO:colcon.colcon_core.shell:Creating environment hook '/home/mdxfsai/FS_autonomous/ros/ros2_ws/install/cmrosutils/share/cmrosutils/hook/ld_library_path_lib.sh'
[0.907s] Level 1:colcon.colcon_core.environment:checking '/home/mdxfsai/FS_autonomous/ros/ros2_ws/install/cmrosutils/bin'
[0.907s] Level 1:colcon.colcon_core.environment:checking '/home/mdxfsai/FS_autonomous/ros/ros2_ws/install/cmrosutils/lib/pkgconfig/cmrosutils.pc'
[0.908s] Level 1:colcon.colcon_core.environment:checking '/home/mdxfsai/FS_autonomous/ros/ros2_ws/install/cmrosutils/lib/python3.10/site-packages'
[0.908s] Level 1:colcon.colcon_core.environment:checking '/home/mdxfsai/FS_autonomous/ros/ros2_ws/install/cmrosutils/bin'
[0.908s] INFO:colcon.colcon_core.shell:Creating package script '/home/mdxfsai/FS_autonomous/ros/ros2_ws/install/cmrosutils/share/cmrosutils/package.ps1'
[0.909s] INFO:colcon.colcon_core.shell:Creating package descriptor '/home/mdxfsai/FS_autonomous/ros/ros2_ws/install/cmrosutils/share/cmrosutils/package.dsv'
[0.909s] INFO:colcon.colcon_core.shell:Creating package script '/home/mdxfsai/FS_autonomous/ros/ros2_ws/install/cmrosutils/share/cmrosutils/package.sh'
[0.910s] INFO:colcon.colcon_core.shell:Creating package script '/home/mdxfsai/FS_autonomous/ros/ros2_ws/install/cmrosutils/share/cmrosutils/package.bash'
[0.910s] INFO:colcon.colcon_core.shell:Creating package script '/home/mdxfsai/FS_autonomous/ros/ros2_ws/install/cmrosutils/share/cmrosutils/package.zsh'
[0.910s] Level 1:colcon.colcon_core.environment:create_file_with_runtime_dependencies(/home/mdxfsai/FS_autonomous/ros/ros2_ws/install/cmrosutils/share/colcon-core/packages/cmrosutils)
[0.911s] Level 1:colcon.colcon_core.environment:create_environment_scripts_only(cmrosutils)
[0.911s] Level 1:colcon.colcon_core.environment:checking '/home/mdxfsai/FS_autonomous/ros/ros2_ws/install/cmrosutils' for CMake module files
[0.911s] Level 1:colcon.colcon_core.environment:checking '/home/mdxfsai/FS_autonomous/ros/ros2_ws/install/cmrosutils' for CMake config files
[0.912s] Level 1:colcon.colcon_core.shell:create_environment_hook('cmrosutils', 'cmake_prefix_path')
[0.912s] INFO:colcon.colcon_core.shell:Creating environment hook '/home/mdxfsai/FS_autonomous/ros/ros2_ws/install/cmrosutils/share/cmrosutils/hook/cmake_prefix_path.ps1'
[0.912s] INFO:colcon.colcon_core.shell:Creating environment descriptor '/home/mdxfsai/FS_autonomous/ros/ros2_ws/install/cmrosutils/share/cmrosutils/hook/cmake_prefix_path.dsv'
[0.913s] INFO:colcon.colcon_core.shell:Creating environment hook '/home/mdxfsai/FS_autonomous/ros/ros2_ws/install/cmrosutils/share/cmrosutils/hook/cmake_prefix_path.sh'
[0.913s] Level 1:colcon.colcon_core.environment:checking '/home/mdxfsai/FS_autonomous/ros/ros2_ws/install/cmrosutils/lib'
[0.913s] Level 1:colcon.colcon_core.shell:create_environment_hook('cmrosutils', 'ld_library_path_lib')
[0.913s] INFO:colcon.colcon_core.shell:Creating environment hook '/home/mdxfsai/FS_autonomous/ros/ros2_ws/install/cmrosutils/share/cmrosutils/hook/ld_library_path_lib.ps1'
[0.914s] INFO:colcon.colcon_core.shell:Creating environment descriptor '/home/mdxfsai/FS_autonomous/ros/ros2_ws/install/cmrosutils/share/cmrosutils/hook/ld_library_path_lib.dsv'
[0.914s] INFO:colcon.colcon_core.shell:Creating environment hook '/home/mdxfsai/FS_autonomous/ros/ros2_ws/install/cmrosutils/share/cmrosutils/hook/ld_library_path_lib.sh'
[0.914s] Level 1:colcon.colcon_core.environment:checking '/home/mdxfsai/FS_autonomous/ros/ros2_ws/install/cmrosutils/bin'
[0.914s] Level 1:colcon.colcon_core.environment:checking '/home/mdxfsai/FS_autonomous/ros/ros2_ws/install/cmrosutils/lib/pkgconfig/cmrosutils.pc'
[0.915s] Level 1:colcon.colcon_core.environment:checking '/home/mdxfsai/FS_autonomous/ros/ros2_ws/install/cmrosutils/lib/python3.10/site-packages'
[0.915s] Level 1:colcon.colcon_core.environment:checking '/home/mdxfsai/FS_autonomous/ros/ros2_ws/install/cmrosutils/bin'
[0.915s] INFO:colcon.colcon_core.shell:Creating package script '/home/mdxfsai/FS_autonomous/ros/ros2_ws/install/cmrosutils/share/cmrosutils/package.ps1'
[0.916s] INFO:colcon.colcon_core.shell:Creating package descriptor '/home/mdxfsai/FS_autonomous/ros/ros2_ws/install/cmrosutils/share/cmrosutils/package.dsv'
[0.916s] INFO:colcon.colcon_core.shell:Creating package script '/home/mdxfsai/FS_autonomous/ros/ros2_ws/install/cmrosutils/share/cmrosutils/package.sh'
[0.917s] INFO:colcon.colcon_core.shell:Creating package script '/home/mdxfsai/FS_autonomous/ros/ros2_ws/install/cmrosutils/share/cmrosutils/package.bash'
[0.917s] INFO:colcon.colcon_core.shell:Creating package script '/home/mdxfsai/FS_autonomous/ros/ros2_ws/install/cmrosutils/share/cmrosutils/package.zsh'
[0.917s] Level 1:colcon.colcon_core.environment:create_file_with_runtime_dependencies(/home/mdxfsai/FS_autonomous/ros/ros2_ws/install/cmrosutils/share/colcon-core/packages/cmrosutils)
[0.918s] INFO:colcon.colcon_ros.task.ament_cmake.build:Building ROS package in '/home/mdxfsai/FS_autonomous/ros/ros2_ws/src/carmaker_rsds_client' with build type 'ament_cmake'
[0.918s] INFO:colcon.colcon_cmake.task.cmake.build:Building CMake package in '/home/mdxfsai/FS_autonomous/ros/ros2_ws/src/carmaker_rsds_client'
[0.918s] INFO:colcon.colcon_core.shell:Skip shell extension 'powershell' for command environment: Not usable outside of PowerShell
[0.918s] DEBUG:colcon.colcon_core.shell:Skip shell extension 'dsv' for command environment
[0.921s] INFO:colcon.colcon_ros.task.ament_cmake.build:Building ROS package in '/home/mdxfsai/FS_autonomous/ros/ros2_ws/src/hellocm_cmnode' with build type 'ament_cmake'
[0.921s] INFO:colcon.colcon_cmake.task.cmake.build:Building CMake package in '/home/mdxfsai/FS_autonomous/ros/ros2_ws/src/hellocm_cmnode'
[0.921s] INFO:colcon.colcon_core.shell:Skip shell extension 'powershell' for command environment: Not usable outside of PowerShell
[0.921s] DEBUG:colcon.colcon_core.shell:Skip shell extension 'dsv' for command environment
[0.930s] DEBUG:colcon.colcon_core.event_handler.log_command:Invoking command in '/home/mdxfsai/FS_autonomous/ros/ros2_ws/build/hellocm': AMENT_PREFIX_PATH=/home/mdxfsai/FS_autonomous/ros/ros2_ws/install/hellocm_msgs:${AMENT_PREFIX_PATH} CMAKE_PREFIX_PATH=/home/mdxfsai/FS_autonomous/ros/ros2_ws/install/hellocm_msgs:/opt/ros/humble LD_LIBRARY_PATH=/home/mdxfsai/FS_autonomous/ros/ros2_ws/install/hellocm_msgs/lib:${LD_LIBRARY_PATH} PYTHONPATH=/home/mdxfsai/FS_autonomous/ros/ros2_ws/install/hellocm_msgs/local/lib/python3.10/dist-packages:${PYTHONPATH} /usr/bin/cmake --build /home/mdxfsai/FS_autonomous/ros/ros2_ws/build/hellocm -- -j20 -l20
[0.933s] DEBUG:colcon.colcon_core.event_handler.log_command:Invoking command in '/home/mdxfsai/FS_autonomous/ros/ros2_ws/build/carmaker_rsds_client': AMENT_PREFIX_PATH=/home/mdxfsai/FS_autonomous/ros/ros2_ws/install/cmrosutils:/home/mdxfsai/FS_autonomous/ros/ros2_ws/install/camera_msgs:${AMENT_PREFIX_PATH} CMAKE_PREFIX_PATH=/home/mdxfsai/FS_autonomous/ros/ros2_ws/install/cmrosutils:/home/mdxfsai/FS_autonomous/ros/ros2_ws/install/camera_msgs:/opt/ros/humble LD_LIBRARY_PATH=/home/mdxfsai/FS_autonomous/ros/ros2_ws/install/cmrosutils/lib:/home/mdxfsai/FS_autonomous/ros/ros2_ws/install/camera_msgs/lib:${LD_LIBRARY_PATH} PYTHONPATH=/home/mdxfsai/FS_autonomous/ros/ros2_ws/install/cmrosutils/local/lib/python3.10/dist-packages:/home/mdxfsai/FS_autonomous/ros/ros2_ws/install/camera_msgs/local/lib/python3.10/dist-packages:${PYTHONPATH} /usr/bin/cmake --build /home/mdxfsai/FS_autonomous/ros/ros2_ws/build/carmaker_rsds_client -- -j20 -l20
[0.942s] DEBUG:colcon.colcon_core.event_handler.log_command:Invoking command in '/home/mdxfsai/FS_autonomous/ros/ros2_ws/build/hellocm_cmnode': AMENT_PREFIX_PATH=/home/mdxfsai/FS_autonomous/ros/ros2_ws/install/vehiclecontrol_msgs:/home/mdxfsai/FS_autonomous/ros/ros2_ws/install/hellocm_msgs:/home/mdxfsai/FS_autonomous/ros/ros2_ws/install/cmrosutils:/home/mdxfsai/FS_autonomous/ros/ros2_ws/install/camera_msgs:${AMENT_PREFIX_PATH} CMAKE_PREFIX_PATH=/home/mdxfsai/FS_autonomous/ros/ros2_ws/install/vehiclecontrol_msgs:/home/mdxfsai/FS_autonomous/ros/ros2_ws/install/hellocm_msgs:/home/mdxfsai/FS_autonomous/ros/ros2_ws/install/cmrosutils:/home/mdxfsai/FS_autonomous/ros/ros2_ws/install/camera_msgs:/opt/ros/humble LD_LIBRARY_PATH=/home/mdxfsai/FS_autonomous/ros/ros2_ws/install/vehiclecontrol_msgs/lib:/home/mdxfsai/FS_autonomous/ros/ros2_ws/install/hellocm_msgs/lib:/home/mdxfsai/FS_autonomous/ros/ros2_ws/install/cmrosutils/lib:/home/mdxfsai/FS_autonomous/ros/ros2_ws/install/camera_msgs/lib:${LD_LIBRARY_PATH} PYTHONPATH=/home/mdxfsai/FS_autonomous/ros/ros2_ws/install/vehiclecontrol_msgs/local/lib/python3.10/dist-packages:/home/mdxfsai/FS_autonomous/ros/ros2_ws/install/hellocm_msgs/local/lib/python3.10/dist-packages:/home/mdxfsai/FS_autonomous/ros/ros2_ws/install/cmrosutils/local/lib/python3.10/dist-packages:/home/mdxfsai/FS_autonomous/ros/ros2_ws/install/camera_msgs/local/lib/python3.10/dist-packages:${PYTHONPATH} /usr/bin/cmake --build /home/mdxfsai/FS_autonomous/ros/ros2_ws/build/hellocm_cmnode -- -j20 -l20
[1.008s] DEBUG:colcon.colcon_core.event_handler.log_command:Invoked command in '/home/mdxfsai/FS_autonomous/ros/ros2_ws/build/hellocm' returned '0': AMENT_PREFIX_PATH=/home/mdxfsai/FS_autonomous/ros/ros2_ws/install/hellocm_msgs:${AMENT_PREFIX_PATH} CMAKE_PREFIX_PATH=/home/mdxfsai/FS_autonomous/ros/ros2_ws/install/hellocm_msgs:/opt/ros/humble LD_LIBRARY_PATH=/home/mdxfsai/FS_autonomous/ros/ros2_ws/install/hellocm_msgs/lib:${LD_LIBRARY_PATH} PYTHONPATH=/home/mdxfsai/FS_autonomous/ros/ros2_ws/install/hellocm_msgs/local/lib/python3.10/dist-packages:${PYTHONPATH} /usr/bin/cmake --build /home/mdxfsai/FS_autonomous/ros/ros2_ws/build/hellocm -- -j20 -l20
[1.009s] DEBUG:colcon.colcon_core.event_handler.log_command:Invoking command in '/home/mdxfsai/FS_autonomous/ros/ros2_ws/build/hellocm': AMENT_PREFIX_PATH=/home/mdxfsai/FS_autonomous/ros/ros2_ws/install/hellocm_msgs:${AMENT_PREFIX_PATH} CMAKE_PREFIX_PATH=/home/mdxfsai/FS_autonomous/ros/ros2_ws/install/hellocm_msgs:/opt/ros/humble LD_LIBRARY_PATH=/home/mdxfsai/FS_autonomous/ros/ros2_ws/install/hellocm_msgs/lib:${LD_LIBRARY_PATH} PYTHONPATH=/home/mdxfsai/FS_autonomous/ros/ros2_ws/install/hellocm_msgs/local/lib/python3.10/dist-packages:${PYTHONPATH} /usr/bin/cmake --install /home/mdxfsai/FS_autonomous/ros/ros2_ws/build/hellocm
[1.021s] Level 1:colcon.colcon_core.environment:create_environment_scripts_only(hellocm)
[1.022s] Level 1:colcon.colcon_core.environment:checking '/home/mdxfsai/FS_autonomous/ros/ros2_ws/install/hellocm' for CMake module files
[1.022s] DEBUG:colcon.colcon_core.event_handler.log_command:Invoked command in '/home/mdxfsai/FS_autonomous/ros/ros2_ws/build/hellocm' returned '0': AMENT_PREFIX_PATH=/home/mdxfsai/FS_autonomous/ros/ros2_ws/install/hellocm_msgs:${AMENT_PREFIX_PATH} CMAKE_PREFIX_PATH=/home/mdxfsai/FS_autonomous/ros/ros2_ws/install/hellocm_msgs:/opt/ros/humble LD_LIBRARY_PATH=/home/mdxfsai/FS_autonomous/ros/ros2_ws/install/hellocm_msgs/lib:${LD_LIBRARY_PATH} PYTHONPATH=/home/mdxfsai/FS_autonomous/ros/ros2_ws/install/hellocm_msgs/local/lib/python3.10/dist-packages:${PYTHONPATH} /usr/bin/cmake --install /home/mdxfsai/FS_autonomous/ros/ros2_ws/build/hellocm
[1.023s] Level 1:colcon.colcon_core.environment:checking '/home/mdxfsai/FS_autonomous/ros/ros2_ws/install/hellocm' for CMake config files
[1.023s] Level 1:colcon.colcon_core.shell:create_environment_hook('hellocm', 'cmake_prefix_path')
[1.024s] INFO:colcon.colcon_core.shell:Creating environment hook '/home/mdxfsai/FS_autonomous/ros/ros2_ws/install/hellocm/share/hellocm/hook/cmake_prefix_path.ps1'
[1.025s] INFO:colcon.colcon_core.shell:Creating environment descriptor '/home/mdxfsai/FS_autonomous/ros/ros2_ws/install/hellocm/share/hellocm/hook/cmake_prefix_path.dsv'
[1.025s] INFO:colcon.colcon_core.shell:Creating environment hook '/home/mdxfsai/FS_autonomous/ros/ros2_ws/install/hellocm/share/hellocm/hook/cmake_prefix_path.sh'
[1.026s] Level 1:colcon.colcon_core.environment:checking '/home/mdxfsai/FS_autonomous/ros/ros2_ws/install/hellocm/lib'
[1.026s] Level 1:colcon.colcon_core.environment:checking '/home/mdxfsai/FS_autonomous/ros/ros2_ws/install/hellocm/bin'
[1.026s] Level 1:colcon.colcon_core.environment:checking '/home/mdxfsai/FS_autonomous/ros/ros2_ws/install/hellocm/lib/pkgconfig/hellocm.pc'
[1.026s] Level 1:colcon.colcon_core.environment:checking '/home/mdxfsai/FS_autonomous/ros/ros2_ws/install/hellocm/lib/python3.10/site-packages'
[1.027s] Level 1:colcon.colcon_core.environment:checking '/home/mdxfsai/FS_autonomous/ros/ros2_ws/install/hellocm/bin'
[1.027s] INFO:colcon.colcon_core.shell:Creating package script '/home/mdxfsai/FS_autonomous/ros/ros2_ws/install/hellocm/share/hellocm/package.ps1'
[1.027s] INFO:colcon.colcon_core.shell:Creating package descriptor '/home/mdxfsai/FS_autonomous/ros/ros2_ws/install/hellocm/share/hellocm/package.dsv'
[1.028s] INFO:colcon.colcon_core.shell:Creating package script '/home/mdxfsai/FS_autonomous/ros/ros2_ws/install/hellocm/share/hellocm/package.sh'
[1.028s] INFO:colcon.colcon_core.shell:Creating package script '/home/mdxfsai/FS_autonomous/ros/ros2_ws/install/hellocm/share/hellocm/package.bash'
[1.028s] INFO:colcon.colcon_core.shell:Creating package script '/home/mdxfsai/FS_autonomous/ros/ros2_ws/install/hellocm/share/hellocm/package.zsh'
[1.028s] Level 1:colcon.colcon_core.environment:create_file_with_runtime_dependencies(/home/mdxfsai/FS_autonomous/ros/ros2_ws/install/hellocm/share/colcon-core/packages/hellocm)
[1.029s] Level 1:colcon.colcon_core.environment:create_environment_scripts_only(hellocm)
[1.029s] Level 1:colcon.colcon_core.environment:checking '/home/mdxfsai/FS_autonomous/ros/ros2_ws/install/hellocm' for CMake module files
[1.030s] Level 1:colcon.colcon_core.environment:checking '/home/mdxfsai/FS_autonomous/ros/ros2_ws/install/hellocm' for CMake config files
[1.030s] Level 1:colcon.colcon_core.shell:create_environment_hook('hellocm', 'cmake_prefix_path')
[1.030s] INFO:colcon.colcon_core.shell:Creating environment hook '/home/mdxfsai/FS_autonomous/ros/ros2_ws/install/hellocm/share/hellocm/hook/cmake_prefix_path.ps1'
[1.030s] INFO:colcon.colcon_core.shell:Creating environment descriptor '/home/mdxfsai/FS_autonomous/ros/ros2_ws/install/hellocm/share/hellocm/hook/cmake_prefix_path.dsv'
[1.031s] INFO:colcon.colcon_core.shell:Creating environment hook '/home/mdxfsai/FS_autonomous/ros/ros2_ws/install/hellocm/share/hellocm/hook/cmake_prefix_path.sh'
[1.031s] Level 1:colcon.colcon_core.environment:checking '/home/mdxfsai/FS_autonomous/ros/ros2_ws/install/hellocm/lib'
[1.031s] Level 1:colcon.colcon_core.environment:checking '/home/mdxfsai/FS_autonomous/ros/ros2_ws/install/hellocm/bin'
[1.031s] Level 1:colcon.colcon_core.environment:checking '/home/mdxfsai/FS_autonomous/ros/ros2_ws/install/hellocm/lib/pkgconfig/hellocm.pc'
[1.031s] Level 1:colcon.colcon_core.environment:checking '/home/mdxfsai/FS_autonomous/ros/ros2_ws/install/hellocm/lib/python3.10/site-packages'
[1.032s] Level 1:colcon.colcon_core.environment:checking '/home/mdxfsai/FS_autonomous/ros/ros2_ws/install/hellocm/bin'
[1.032s] INFO:colcon.colcon_core.shell:Creating package script '/home/mdxfsai/FS_autonomous/ros/ros2_ws/install/hellocm/share/hellocm/package.ps1'
[1.032s] INFO:colcon.colcon_core.shell:Creating package descriptor '/home/mdxfsai/FS_autonomous/ros/ros2_ws/install/hellocm/share/hellocm/package.dsv'
[1.033s] INFO:colcon.colcon_core.shell:Creating package script '/home/mdxfsai/FS_autonomous/ros/ros2_ws/install/hellocm/share/hellocm/package.sh'
[1.033s] INFO:colcon.colcon_core.shell:Creating package script '/home/mdxfsai/FS_autonomous/ros/ros2_ws/install/hellocm/share/hellocm/package.bash'
[1.033s] INFO:colcon.colcon_core.shell:Creating package script '/home/mdxfsai/FS_autonomous/ros/ros2_ws/install/hellocm/share/hellocm/package.zsh'
[1.034s] Level 1:colcon.colcon_core.environment:create_file_with_runtime_dependencies(/home/mdxfsai/FS_autonomous/ros/ros2_ws/install/hellocm/share/colcon-core/packages/hellocm)
[1.035s] DEBUG:colcon.colcon_core.event_handler.log_command:Invoked command in '/home/mdxfsai/FS_autonomous/ros/ros2_ws/build/carmaker_rsds_client' returned '0': AMENT_PREFIX_PATH=/home/mdxfsai/FS_autonomous/ros/ros2_ws/install/cmrosutils:/home/mdxfsai/FS_autonomous/ros/ros2_ws/install/camera_msgs:${AMENT_PREFIX_PATH} CMAKE_PREFIX_PATH=/home/mdxfsai/FS_autonomous/ros/ros2_ws/install/cmrosutils:/home/mdxfsai/FS_autonomous/ros/ros2_ws/install/camera_msgs:/opt/ros/humble LD_LIBRARY_PATH=/home/mdxfsai/FS_autonomous/ros/ros2_ws/install/cmrosutils/lib:/home/mdxfsai/FS_autonomous/ros/ros2_ws/install/camera_msgs/lib:${LD_LIBRARY_PATH} PYTHONPATH=/home/mdxfsai/FS_autonomous/ros/ros2_ws/install/cmrosutils/local/lib/python3.10/dist-packages:/home/mdxfsai/FS_autonomous/ros/ros2_ws/install/camera_msgs/local/lib/python3.10/dist-packages:${PYTHONPATH} /usr/bin/cmake --build /home/mdxfsai/FS_autonomous/ros/ros2_ws/build/carmaker_rsds_client -- -j20 -l20
[1.037s] DEBUG:colcon.colcon_core.event_handler.log_command:Invoking command in '/home/mdxfsai/FS_autonomous/ros/ros2_ws/build/carmaker_rsds_client': AMENT_PREFIX_PATH=/home/mdxfsai/FS_autonomous/ros/ros2_ws/install/cmrosutils:/home/mdxfsai/FS_autonomous/ros/ros2_ws/install/camera_msgs:${AMENT_PREFIX_PATH} CMAKE_PREFIX_PATH=/home/mdxfsai/FS_autonomous/ros/ros2_ws/install/cmrosutils:/home/mdxfsai/FS_autonomous/ros/ros2_ws/install/camera_msgs:/opt/ros/humble LD_LIBRARY_PATH=/home/mdxfsai/FS_autonomous/ros/ros2_ws/install/cmrosutils/lib:/home/mdxfsai/FS_autonomous/ros/ros2_ws/install/camera_msgs/lib:${LD_LIBRARY_PATH} PYTHONPATH=/home/mdxfsai/FS_autonomous/ros/ros2_ws/install/cmrosutils/local/lib/python3.10/dist-packages:/home/mdxfsai/FS_autonomous/ros/ros2_ws/install/camera_msgs/local/lib/python3.10/dist-packages:${PYTHONPATH} /usr/bin/cmake --install /home/mdxfsai/FS_autonomous/ros/ros2_ws/build/carmaker_rsds_client
[1.038s] DEBUG:colcon.colcon_core.event_handler.log_command:Invoked command in '/home/mdxfsai/FS_autonomous/ros/ros2_ws/build/hellocm_cmnode' returned '0': AMENT_PREFIX_PATH=/home/mdxfsai/FS_autonomous/ros/ros2_ws/install/vehiclecontrol_msgs:/home/mdxfsai/FS_autonomous/ros/ros2_ws/install/hellocm_msgs:/home/mdxfsai/FS_autonomous/ros/ros2_ws/install/cmrosutils:/home/mdxfsai/FS_autonomous/ros/ros2_ws/install/camera_msgs:${AMENT_PREFIX_PATH} CMAKE_PREFIX_PATH=/home/mdxfsai/FS_autonomous/ros/ros2_ws/install/vehiclecontrol_msgs:/home/mdxfsai/FS_autonomous/ros/ros2_ws/install/hellocm_msgs:/home/mdxfsai/FS_autonomous/ros/ros2_ws/install/cmrosutils:/home/mdxfsai/FS_autonomous/ros/ros2_ws/install/camera_msgs:/opt/ros/humble LD_LIBRARY_PATH=/home/mdxfsai/FS_autonomous/ros/ros2_ws/install/vehiclecontrol_msgs/lib:/home/mdxfsai/FS_autonomous/ros/ros2_ws/install/hellocm_msgs/lib:/home/mdxfsai/FS_autonomous/ros/ros2_ws/install/cmrosutils/lib:/home/mdxfsai/FS_autonomous/ros/ros2_ws/install/camera_msgs/lib:${LD_LIBRARY_PATH} PYTHONPATH=/home/mdxfsai/FS_autonomous/ros/ros2_ws/install/vehiclecontrol_msgs/local/lib/python3.10/dist-packages:/home/mdxfsai/FS_autonomous/ros/ros2_ws/install/hellocm_msgs/local/lib/python3.10/dist-packages:/home/mdxfsai/FS_autonomous/ros/ros2_ws/install/cmrosutils/local/lib/python3.10/dist-packages:/home/mdxfsai/FS_autonomous/ros/ros2_ws/install/camera_msgs/local/lib/python3.10/dist-packages:${PYTHONPATH} /usr/bin/cmake --build /home/mdxfsai/FS_autonomous/ros/ros2_ws/build/hellocm_cmnode -- -j20 -l20
[1.040s] DEBUG:colcon.colcon_core.event_handler.log_command:Invoking command in '/home/mdxfsai/FS_autonomous/ros/ros2_ws/build/hellocm_cmnode': AMENT_PREFIX_PATH=/home/mdxfsai/FS_autonomous/ros/ros2_ws/install/vehiclecontrol_msgs:/home/mdxfsai/FS_autonomous/ros/ros2_ws/install/hellocm_msgs:/home/mdxfsai/FS_autonomous/ros/ros2_ws/install/cmrosutils:/home/mdxfsai/FS_autonomous/ros/ros2_ws/install/camera_msgs:${AMENT_PREFIX_PATH} CMAKE_PREFIX_PATH=/home/mdxfsai/FS_autonomous/ros/ros2_ws/install/vehiclecontrol_msgs:/home/mdxfsai/FS_autonomous/ros/ros2_ws/install/hellocm_msgs:/home/mdxfsai/FS_autonomous/ros/ros2_ws/install/cmrosutils:/home/mdxfsai/FS_autonomous/ros/ros2_ws/install/camera_msgs:/opt/ros/humble LD_LIBRARY_PATH=/home/mdxfsai/FS_autonomous/ros/ros2_ws/install/vehiclecontrol_msgs/lib:/home/mdxfsai/FS_autonomous/ros/ros2_ws/install/hellocm_msgs/lib:/home/mdxfsai/FS_autonomous/ros/ros2_ws/install/cmrosutils/lib:/home/mdxfsai/FS_autonomous/ros/ros2_ws/install/camera_msgs/lib:${LD_LIBRARY_PATH} PYTHONPATH=/home/mdxfsai/FS_autonomous/ros/ros2_ws/install/vehiclecontrol_msgs/local/lib/python3.10/dist-packages:/home/mdxfsai/FS_autonomous/ros/ros2_ws/install/hellocm_msgs/local/lib/python3.10/dist-packages:/home/mdxfsai/FS_autonomous/ros/ros2_ws/install/cmrosutils/local/lib/python3.10/dist-packages:/home/mdxfsai/FS_autonomous/ros/ros2_ws/install/camera_msgs/local/lib/python3.10/dist-packages:${PYTHONPATH} /usr/bin/cmake --install /home/mdxfsai/FS_autonomous/ros/ros2_ws/build/hellocm_cmnode
[1.047s] Level 1:colcon.colcon_core.environment:create_environment_scripts_only(carmaker_rsds_client)
[1.048s] Level 1:colcon.colcon_core.environment:checking '/home/mdxfsai/FS_autonomous/ros/ros2_ws/install/carmaker_rsds_client' for CMake module files
[1.049s] Level 1:colcon.colcon_core.environment:checking '/home/mdxfsai/FS_autonomous/ros/ros2_ws/install/carmaker_rsds_client' for CMake config files
[1.051s] Level 1:colcon.colcon_core.shell:create_environment_hook('carmaker_rsds_client', 'cmake_prefix_path')
[1.051s] INFO:colcon.colcon_core.shell:Creating environment hook '/home/mdxfsai/FS_autonomous/ros/ros2_ws/install/carmaker_rsds_client/share/carmaker_rsds_client/hook/cmake_prefix_path.ps1'
[1.051s] DEBUG:colcon.colcon_core.event_handler.log_command:Invoked command in '/home/mdxfsai/FS_autonomous/ros/ros2_ws/build/carmaker_rsds_client' returned '0': AMENT_PREFIX_PATH=/home/mdxfsai/FS_autonomous/ros/ros2_ws/install/cmrosutils:/home/mdxfsai/FS_autonomous/ros/ros2_ws/install/camera_msgs:${AMENT_PREFIX_PATH} CMAKE_PREFIX_PATH=/home/mdxfsai/FS_autonomous/ros/ros2_ws/install/cmrosutils:/home/mdxfsai/FS_autonomous/ros/ros2_ws/install/camera_msgs:/opt/ros/humble LD_LIBRARY_PATH=/home/mdxfsai/FS_autonomous/ros/ros2_ws/install/cmrosutils/lib:/home/mdxfsai/FS_autonomous/ros/ros2_ws/install/camera_msgs/lib:${LD_LIBRARY_PATH} PYTHONPATH=/home/mdxfsai/FS_autonomous/ros/ros2_ws/install/cmrosutils/local/lib/python3.10/dist-packages:/home/mdxfsai/FS_autonomous/ros/ros2_ws/install/camera_msgs/local/lib/python3.10/dist-packages:${PYTHONPATH} /usr/bin/cmake --install /home/mdxfsai/FS_autonomous/ros/ros2_ws/build/carmaker_rsds_client
[1.052s] INFO:colcon.colcon_core.shell:Creating environment descriptor '/home/mdxfsai/FS_autonomous/ros/ros2_ws/install/carmaker_rsds_client/share/carmaker_rsds_client/hook/cmake_prefix_path.dsv'
[1.052s] INFO:colcon.colcon_core.shell:Creating environment hook '/home/mdxfsai/FS_autonomous/ros/ros2_ws/install/carmaker_rsds_client/share/carmaker_rsds_client/hook/cmake_prefix_path.sh'
[1.053s] Level 1:colcon.colcon_core.environment:checking '/home/mdxfsai/FS_autonomous/ros/ros2_ws/install/carmaker_rsds_client/lib'
[1.053s] Level 1:colcon.colcon_core.environment:checking '/home/mdxfsai/FS_autonomous/ros/ros2_ws/install/carmaker_rsds_client/bin'
[1.053s] Level 1:colcon.colcon_core.environment:checking '/home/mdxfsai/FS_autonomous/ros/ros2_ws/install/carmaker_rsds_client/lib/pkgconfig/carmaker_rsds_client.pc'
[1.053s] Level 1:colcon.colcon_core.environment:checking '/home/mdxfsai/FS_autonomous/ros/ros2_ws/install/carmaker_rsds_client/lib/python3.10/site-packages'
[1.053s] Level 1:colcon.colcon_core.environment:checking '/home/mdxfsai/FS_autonomous/ros/ros2_ws/install/carmaker_rsds_client/bin'
[1.054s] INFO:colcon.colcon_core.shell:Creating package script '/home/mdxfsai/FS_autonomous/ros/ros2_ws/install/carmaker_rsds_client/share/carmaker_rsds_client/package.ps1'
[1.054s] INFO:colcon.colcon_core.shell:Creating package descriptor '/home/mdxfsai/FS_autonomous/ros/ros2_ws/install/carmaker_rsds_client/share/carmaker_rsds_client/package.dsv'
[1.055s] INFO:colcon.colcon_core.shell:Creating package script '/home/mdxfsai/FS_autonomous/ros/ros2_ws/install/carmaker_rsds_client/share/carmaker_rsds_client/package.sh'
[1.055s] INFO:colcon.colcon_core.shell:Creating package script '/home/mdxfsai/FS_autonomous/ros/ros2_ws/install/carmaker_rsds_client/share/carmaker_rsds_client/package.bash'
[1.056s] INFO:colcon.colcon_core.shell:Creating package script '/home/mdxfsai/FS_autonomous/ros/ros2_ws/install/carmaker_rsds_client/share/carmaker_rsds_client/package.zsh'
[1.056s] Level 1:colcon.colcon_core.environment:create_file_with_runtime_dependencies(/home/mdxfsai/FS_autonomous/ros/ros2_ws/install/carmaker_rsds_client/share/colcon-core/packages/carmaker_rsds_client)
[1.057s] Level 1:colcon.colcon_core.environment:create_environment_scripts_only(carmaker_rsds_client)
[1.058s] Level 1:colcon.colcon_core.environment:checking '/home/mdxfsai/FS_autonomous/ros/ros2_ws/install/carmaker_rsds_client' for CMake module files
[1.058s] Level 1:colcon.colcon_core.environment:checking '/home/mdxfsai/FS_autonomous/ros/ros2_ws/install/carmaker_rsds_client' for CMake config files
[1.058s] Level 1:colcon.colcon_core.shell:create_environment_hook('carmaker_rsds_client', 'cmake_prefix_path')
[1.059s] INFO:colcon.colcon_core.shell:Creating environment hook '/home/mdxfsai/FS_autonomous/ros/ros2_ws/install/carmaker_rsds_client/share/carmaker_rsds_client/hook/cmake_prefix_path.ps1'
[1.059s] INFO:colcon.colcon_core.shell:Creating environment descriptor '/home/mdxfsai/FS_autonomous/ros/ros2_ws/install/carmaker_rsds_client/share/carmaker_rsds_client/hook/cmake_prefix_path.dsv'
[1.060s] INFO:colcon.colcon_core.shell:Creating environment hook '/home/mdxfsai/FS_autonomous/ros/ros2_ws/install/carmaker_rsds_client/share/carmaker_rsds_client/hook/cmake_prefix_path.sh'
[1.060s] Level 1:colcon.colcon_core.environment:checking '/home/mdxfsai/FS_autonomous/ros/ros2_ws/install/carmaker_rsds_client/lib'
[1.060s] Level 1:colcon.colcon_core.environment:checking '/home/mdxfsai/FS_autonomous/ros/ros2_ws/install/carmaker_rsds_client/bin'
[1.061s] Level 1:colcon.colcon_core.environment:checking '/home/mdxfsai/FS_autonomous/ros/ros2_ws/install/carmaker_rsds_client/lib/pkgconfig/carmaker_rsds_client.pc'
[1.061s] Level 1:colcon.colcon_core.environment:checking '/home/mdxfsai/FS_autonomous/ros/ros2_ws/install/carmaker_rsds_client/lib/python3.10/site-packages'
[1.061s] Level 1:colcon.colcon_core.environment:checking '/home/mdxfsai/FS_autonomous/ros/ros2_ws/install/carmaker_rsds_client/bin'
[1.062s] INFO:colcon.colcon_core.shell:Creating package script '/home/mdxfsai/FS_autonomous/ros/ros2_ws/install/carmaker_rsds_client/share/carmaker_rsds_client/package.ps1'
[1.062s] INFO:colcon.colcon_core.shell:Creating package descriptor '/home/mdxfsai/FS_autonomous/ros/ros2_ws/install/carmaker_rsds_client/share/carmaker_rsds_client/package.dsv'
[1.063s] INFO:colcon.colcon_core.shell:Creating package script '/home/mdxfsai/FS_autonomous/ros/ros2_ws/install/carmaker_rsds_client/share/carmaker_rsds_client/package.sh'
[1.063s] INFO:colcon.colcon_core.shell:Creating package script '/home/mdxfsai/FS_autonomous/ros/ros2_ws/install/carmaker_rsds_client/share/carmaker_rsds_client/package.bash'
[1.064s] INFO:colcon.colcon_core.shell:Creating package script '/home/mdxfsai/FS_autonomous/ros/ros2_ws/install/carmaker_rsds_client/share/carmaker_rsds_client/package.zsh'
[1.064s] Level 1:colcon.colcon_core.environment:create_file_with_runtime_dependencies(/home/mdxfsai/FS_autonomous/ros/ros2_ws/install/carmaker_rsds_client/share/colcon-core/packages/carmaker_rsds_client)
[1.066s] Level 1:colcon.colcon_core.environment:create_environment_scripts_only(hellocm_cmnode)
[1.066s] Level 1:colcon.colcon_core.environment:checking '/home/mdxfsai/FS_autonomous/ros/ros2_ws/install/hellocm_cmnode' for CMake module files
[1.067s] DEBUG:colcon.colcon_core.event_handler.log_command:Invoked command in '/home/mdxfsai/FS_autonomous/ros/ros2_ws/build/hellocm_cmnode' returned '0': AMENT_PREFIX_PATH=/home/mdxfsai/FS_autonomous/ros/ros2_ws/install/vehiclecontrol_msgs:/home/mdxfsai/FS_autonomous/ros/ros2_ws/install/hellocm_msgs:/home/mdxfsai/FS_autonomous/ros/ros2_ws/install/cmrosutils:/home/mdxfsai/FS_autonomous/ros/ros2_ws/install/camera_msgs:${AMENT_PREFIX_PATH} CMAKE_PREFIX_PATH=/home/mdxfsai/FS_autonomous/ros/ros2_ws/install/vehiclecontrol_msgs:/home/mdxfsai/FS_autonomous/ros/ros2_ws/install/hellocm_msgs:/home/mdxfsai/FS_autonomous/ros/ros2_ws/install/cmrosutils:/home/mdxfsai/FS_autonomous/ros/ros2_ws/install/camera_msgs:/opt/ros/humble LD_LIBRARY_PATH=/home/mdxfsai/FS_autonomous/ros/ros2_ws/install/vehiclecontrol_msgs/lib:/home/mdxfsai/FS_autonomous/ros/ros2_ws/install/hellocm_msgs/lib:/home/mdxfsai/FS_autonomous/ros/ros2_ws/install/cmrosutils/lib:/home/mdxfsai/FS_autonomous/ros/ros2_ws/install/camera_msgs/lib:${LD_LIBRARY_PATH} PYTHONPATH=/home/mdxfsai/FS_autonomous/ros/ros2_ws/install/vehiclecontrol_msgs/local/lib/python3.10/dist-packages:/home/mdxfsai/FS_autonomous/ros/ros2_ws/install/hellocm_msgs/local/lib/python3.10/dist-packages:/home/mdxfsai/FS_autonomous/ros/ros2_ws/install/cmrosutils/local/lib/python3.10/dist-packages:/home/mdxfsai/FS_autonomous/ros/ros2_ws/install/camera_msgs/local/lib/python3.10/dist-packages:${PYTHONPATH} /usr/bin/cmake --install /home/mdxfsai/FS_autonomous/ros/ros2_ws/build/hellocm_cmnode
[1.067s] Level 1:colcon.colcon_core.environment:checking '/home/mdxfsai/FS_autonomous/ros/ros2_ws/install/hellocm_cmnode' for CMake config files
[1.067s] Level 1:colcon.colcon_core.shell:create_environment_hook('hellocm_cmnode', 'cmake_prefix_path')
[1.068s] INFO:colcon.colcon_core.shell:Creating environment hook '/home/mdxfsai/FS_autonomous/ros/ros2_ws/install/hellocm_cmnode/share/hellocm_cmnode/hook/cmake_prefix_path.ps1'
[1.068s] INFO:colcon.colcon_core.shell:Creating environment descriptor '/home/mdxfsai/FS_autonomous/ros/ros2_ws/install/hellocm_cmnode/share/hellocm_cmnode/hook/cmake_prefix_path.dsv'
[1.068s] INFO:colcon.colcon_core.shell:Creating environment hook '/home/mdxfsai/FS_autonomous/ros/ros2_ws/install/hellocm_cmnode/share/hellocm_cmnode/hook/cmake_prefix_path.sh'
[1.069s] Level 1:colcon.colcon_core.environment:checking '/home/mdxfsai/FS_autonomous/ros/ros2_ws/install/hellocm_cmnode/lib'
[1.069s] Level 1:colcon.colcon_core.shell:create_environment_hook('hellocm_cmnode', 'ld_library_path_lib')
[1.069s] INFO:colcon.colcon_core.shell:Creating environment hook '/home/mdxfsai/FS_autonomous/ros/ros2_ws/install/hellocm_cmnode/share/hellocm_cmnode/hook/ld_library_path_lib.ps1'
[1.070s] INFO:colcon.colcon_core.shell:Creating environment descriptor '/home/mdxfsai/FS_autonomous/ros/ros2_ws/install/hellocm_cmnode/share/hellocm_cmnode/hook/ld_library_path_lib.dsv'
[1.070s] INFO:colcon.colcon_core.shell:Creating environment hook '/home/mdxfsai/FS_autonomous/ros/ros2_ws/install/hellocm_cmnode/share/hellocm_cmnode/hook/ld_library_path_lib.sh'
[1.070s] Level 1:colcon.colcon_core.environment:checking '/home/mdxfsai/FS_autonomous/ros/ros2_ws/install/hellocm_cmnode/bin'
[1.070s] Level 1:colcon.colcon_core.environment:checking '/home/mdxfsai/FS_autonomous/ros/ros2_ws/install/hellocm_cmnode/lib/pkgconfig/hellocm_cmnode.pc'
[1.071s] Level 1:colcon.colcon_core.environment:checking '/home/mdxfsai/FS_autonomous/ros/ros2_ws/install/hellocm_cmnode/lib/python3.10/site-packages'
[1.071s] Level 1:colcon.colcon_core.environment:checking '/home/mdxfsai/FS_autonomous/ros/ros2_ws/install/hellocm_cmnode/bin'
[1.071s] INFO:colcon.colcon_core.shell:Creating package script '/home/mdxfsai/FS_autonomous/ros/ros2_ws/install/hellocm_cmnode/share/hellocm_cmnode/package.ps1'
[1.072s] INFO:colcon.colcon_core.shell:Creating package descriptor '/home/mdxfsai/FS_autonomous/ros/ros2_ws/install/hellocm_cmnode/share/hellocm_cmnode/package.dsv'
[1.072s] INFO:colcon.colcon_core.shell:Creating package script '/home/mdxfsai/FS_autonomous/ros/ros2_ws/install/hellocm_cmnode/share/hellocm_cmnode/package.sh'
[1.073s] INFO:colcon.colcon_core.shell:Creating package script '/home/mdxfsai/FS_autonomous/ros/ros2_ws/install/hellocm_cmnode/share/hellocm_cmnode/package.bash'
[1.073s] INFO:colcon.colcon_core.shell:Creating package script '/home/mdxfsai/FS_autonomous/ros/ros2_ws/install/hellocm_cmnode/share/hellocm_cmnode/package.zsh'
[1.073s] Level 1:colcon.colcon_core.environment:create_file_with_runtime_dependencies(/home/mdxfsai/FS_autonomous/ros/ros2_ws/install/hellocm_cmnode/share/colcon-core/packages/hellocm_cmnode)
[1.074s] Level 1:colcon.colcon_core.environment:create_environment_scripts_only(hellocm_cmnode)
[1.074s] Level 1:colcon.colcon_core.environment:checking '/home/mdxfsai/FS_autonomous/ros/ros2_ws/install/hellocm_cmnode' for CMake module files
[1.075s] Level 1:colcon.colcon_core.environment:checking '/home/mdxfsai/FS_autonomous/ros/ros2_ws/install/hellocm_cmnode' for CMake config files
[1.075s] Level 1:colcon.colcon_core.shell:create_environment_hook('hellocm_cmnode', 'cmake_prefix_path')
[1.075s] INFO:colcon.colcon_core.shell:Creating environment hook '/home/mdxfsai/FS_autonomous/ros/ros2_ws/install/hellocm_cmnode/share/hellocm_cmnode/hook/cmake_prefix_path.ps1'
[1.075s] INFO:colcon.colcon_core.shell:Creating environment descriptor '/home/mdxfsai/FS_autonomous/ros/ros2_ws/install/hellocm_cmnode/share/hellocm_cmnode/hook/cmake_prefix_path.dsv'
[1.076s] INFO:colcon.colcon_core.shell:Creating environment hook '/home/mdxfsai/FS_autonomous/ros/ros2_ws/install/hellocm_cmnode/share/hellocm_cmnode/hook/cmake_prefix_path.sh'
[1.076s] Level 1:colcon.colcon_core.environment:checking '/home/mdxfsai/FS_autonomous/ros/ros2_ws/install/hellocm_cmnode/lib'
[1.076s] Level 1:colcon.colcon_core.shell:create_environment_hook('hellocm_cmnode', 'ld_library_path_lib')
[1.076s] INFO:colcon.colcon_core.shell:Creating environment hook '/home/mdxfsai/FS_autonomous/ros/ros2_ws/install/hellocm_cmnode/share/hellocm_cmnode/hook/ld_library_path_lib.ps1'
[1.077s] INFO:colcon.colcon_core.shell:Creating environment descriptor '/home/mdxfsai/FS_autonomous/ros/ros2_ws/install/hellocm_cmnode/share/hellocm_cmnode/hook/ld_library_path_lib.dsv'
[1.077s] INFO:colcon.colcon_core.shell:Creating environment hook '/home/mdxfsai/FS_autonomous/ros/ros2_ws/install/hellocm_cmnode/share/hellocm_cmnode/hook/ld_library_path_lib.sh'
[1.077s] Level 1:colcon.colcon_core.environment:checking '/home/mdxfsai/FS_autonomous/ros/ros2_ws/install/hellocm_cmnode/bin'
[1.078s] Level 1:colcon.colcon_core.environment:checking '/home/mdxfsai/FS_autonomous/ros/ros2_ws/install/hellocm_cmnode/lib/pkgconfig/hellocm_cmnode.pc'
[1.078s] Level 1:colcon.colcon_core.environment:checking '/home/mdxfsai/FS_autonomous/ros/ros2_ws/install/hellocm_cmnode/lib/python3.10/site-packages'
[1.078s] Level 1:colcon.colcon_core.environment:checking '/home/mdxfsai/FS_autonomous/ros/ros2_ws/install/hellocm_cmnode/bin'
[1.078s] INFO:colcon.colcon_core.shell:Creating package script '/home/mdxfsai/FS_autonomous/ros/ros2_ws/install/hellocm_cmnode/share/hellocm_cmnode/package.ps1'
[1.079s] INFO:colcon.colcon_core.shell:Creating package descriptor '/home/mdxfsai/FS_autonomous/ros/ros2_ws/install/hellocm_cmnode/share/hellocm_cmnode/package.dsv'
[1.079s] INFO:colcon.colcon_core.shell:Creating package script '/home/mdxfsai/FS_autonomous/ros/ros2_ws/install/hellocm_cmnode/share/hellocm_cmnode/package.sh'
[1.080s] INFO:colcon.colcon_core.shell:Creating package script '/home/mdxfsai/FS_autonomous/ros/ros2_ws/install/hellocm_cmnode/share/hellocm_cmnode/package.bash'
[1.081s] INFO:colcon.colcon_core.shell:Creating package script '/home/mdxfsai/FS_autonomous/ros/ros2_ws/install/hellocm_cmnode/share/hellocm_cmnode/package.zsh'
[1.081s] Level 1:colcon.colcon_core.environment:create_file_with_runtime_dependencies(/home/mdxfsai/FS_autonomous/ros/ros2_ws/install/hellocm_cmnode/share/colcon-core/packages/hellocm_cmnode)
[1.081s] DEBUG:colcon.colcon_parallel_executor.executor.parallel:closing loop
[1.082s] DEBUG:colcon.colcon_parallel_executor.executor.parallel:loop closed
[1.082s] DEBUG:colcon.colcon_parallel_executor.executor.parallel:run_until_complete finished with '0'
[1.082s] DEBUG:colcon.colcon_core.event_reactor:joining thread
[1.091s] INFO:colcon.colcon_core.plugin_system:Skipping extension 'colcon_notification.desktop_notification.terminal_notifier': Not used on non-Darwin systems
[1.091s] INFO:colcon.colcon_core.plugin_system:Skipping extension 'colcon_notification.desktop_notification.win32': Not used on non-Windows systems
[1.091s] INFO:colcon.colcon_notification.desktop_notification:Sending desktop notification using 'notify2'
[1.105s] DEBUG:colcon.colcon_core.event_reactor:joined thread
[1.106s] INFO:colcon.colcon_core.shell:Creating prefix script '/home/mdxfsai/FS_autonomous/ros/ros2_ws/install/local_setup.ps1'
[1.107s] INFO:colcon.colcon_core.shell:Creating prefix util module '/home/mdxfsai/FS_autonomous/ros/ros2_ws/install/_local_setup_util_ps1.py'
[1.109s] INFO:colcon.colcon_core.shell:Creating prefix chain script '/home/mdxfsai/FS_autonomous/ros/ros2_ws/install/setup.ps1'
[1.111s] INFO:colcon.colcon_core.shell:Creating prefix script '/home/mdxfsai/FS_autonomous/ros/ros2_ws/install/local_setup.sh'
[1.112s] INFO:colcon.colcon_core.shell:Creating prefix util module '/home/mdxfsai/FS_autonomous/ros/ros2_ws/install/_local_setup_util_sh.py'
[1.112s] INFO:colcon.colcon_core.shell:Creating prefix chain script '/home/mdxfsai/FS_autonomous/ros/ros2_ws/install/setup.sh'
[1.114s] INFO:colcon.colcon_core.shell:Creating prefix script '/home/mdxfsai/FS_autonomous/ros/ros2_ws/install/local_setup.bash'
[1.115s] INFO:colcon.colcon_core.shell:Creating prefix chain script '/home/mdxfsai/FS_autonomous/ros/ros2_ws/install/setup.bash'
[1.116s] INFO:colcon.colcon_core.shell:Creating prefix script '/home/mdxfsai/FS_autonomous/ros/ros2_ws/install/local_setup.zsh'
[1.117s] INFO:colcon.colcon_core.shell:Creating prefix chain script '/home/mdxfsai/FS_autonomous/ros/ros2_ws/install/setup.zsh'
