[0.017s] Invoking command in '/home/mdxfsai/FS_autonomous/ros/ros2_ws/build/carmaker_rsds_client': CMAKE_PREFIX_PATH=/home/mdxfsai/FS_autonomous/ros/ros2_ws/install/cmrosutils:/home/mdxfsai/FS_autonomous/ros/ros2_ws/install/camera_msgs:/home/mdxfsai/FS_autonomous/ros/ros2_ws/install/hellocm_cmnode:/home/mdxfsai/FS_autonomous/ros/ros2_ws/install/vehiclecontrol_msgs:/home/mdxfsai/FS_autonomous/ros/ros2_ws/install/hellocm:/home/mdxfsai/FS_autonomous/ros/ros2_ws/install/hellocm_msgs:/home/mdxfsai/FS_autonomous/ros/ros2_ws/install/carmaker_rsds_client:/opt/ros/humble LD_LIBRARY_PATH=/home/mdxfsai/FS_autonomous/ros/ros2_ws/install/cmrosutils/lib:/home/mdxfsai/FS_autonomous/ros/ros2_ws/install/camera_msgs/lib:/home/mdxfsai/FS_autonomous/ros/ros2_ws/install/hellocm_cmnode/lib:/home/mdxfsai/FS_autonomous/ros/ros2_ws/install/vehiclecontrol_msgs/lib:/home/mdxfsai/FS_autonomous/ros/ros2_ws/install/hellocm_msgs/lib:/opt/ros/humble/opt/rviz_ogre_vendor/lib:/opt/ros/humble/lib/x86_64-linux-gnu:/opt/ros/humble/lib /usr/bin/cmake --build /home/mdxfsai/FS_autonomous/ros/ros2_ws/build/carmaker_rsds_client -- -j20 -l20
[0.075s] [35m[1mConsolidate compiler generated dependencies of target carmaker_rsds_client_node[0m
[0.100s] [ 50%] [32mBuilding CXX object CMakeFiles/carmaker_rsds_client_node.dir/src/carmaker_rsds_client_node.cpp.o[0m
[4.438s] [100%] [32m[1mLinking CXX executable carmaker_rsds_client_node[0m
[4.671s] [100%] Built target carmaker_rsds_client_node
[4.685s] Invoked command in '/home/mdxfsai/FS_autonomous/ros/ros2_ws/build/carmaker_rsds_client' returned '0': CMAKE_PREFIX_PATH=/home/mdxfsai/FS_autonomous/ros/ros2_ws/install/cmrosutils:/home/mdxfsai/FS_autonomous/ros/ros2_ws/install/camera_msgs:/home/mdxfsai/FS_autonomous/ros/ros2_ws/install/hellocm_cmnode:/home/mdxfsai/FS_autonomous/ros/ros2_ws/install/vehiclecontrol_msgs:/home/mdxfsai/FS_autonomous/ros/ros2_ws/install/hellocm:/home/mdxfsai/FS_autonomous/ros/ros2_ws/install/hellocm_msgs:/home/mdxfsai/FS_autonomous/ros/ros2_ws/install/carmaker_rsds_client:/opt/ros/humble LD_LIBRARY_PATH=/home/mdxfsai/FS_autonomous/ros/ros2_ws/install/cmrosutils/lib:/home/mdxfsai/FS_autonomous/ros/ros2_ws/install/camera_msgs/lib:/home/mdxfsai/FS_autonomous/ros/ros2_ws/install/hellocm_cmnode/lib:/home/mdxfsai/FS_autonomous/ros/ros2_ws/install/vehiclecontrol_msgs/lib:/home/mdxfsai/FS_autonomous/ros/ros2_ws/install/hellocm_msgs/lib:/opt/ros/humble/opt/rviz_ogre_vendor/lib:/opt/ros/humble/lib/x86_64-linux-gnu:/opt/ros/humble/lib /usr/bin/cmake --build /home/mdxfsai/FS_autonomous/ros/ros2_ws/build/carmaker_rsds_client -- -j20 -l20
[4.698s] Invoking command in '/home/mdxfsai/FS_autonomous/ros/ros2_ws/build/carmaker_rsds_client': CMAKE_PREFIX_PATH=/home/mdxfsai/FS_autonomous/ros/ros2_ws/install/cmrosutils:/home/mdxfsai/FS_autonomous/ros/ros2_ws/install/camera_msgs:/home/mdxfsai/FS_autonomous/ros/ros2_ws/install/hellocm_cmnode:/home/mdxfsai/FS_autonomous/ros/ros2_ws/install/vehiclecontrol_msgs:/home/mdxfsai/FS_autonomous/ros/ros2_ws/install/hellocm:/home/mdxfsai/FS_autonomous/ros/ros2_ws/install/hellocm_msgs:/home/mdxfsai/FS_autonomous/ros/ros2_ws/install/carmaker_rsds_client:/opt/ros/humble LD_LIBRARY_PATH=/home/mdxfsai/FS_autonomous/ros/ros2_ws/install/cmrosutils/lib:/home/mdxfsai/FS_autonomous/ros/ros2_ws/install/camera_msgs/lib:/home/mdxfsai/FS_autonomous/ros/ros2_ws/install/hellocm_cmnode/lib:/home/mdxfsai/FS_autonomous/ros/ros2_ws/install/vehiclecontrol_msgs/lib:/home/mdxfsai/FS_autonomous/ros/ros2_ws/install/hellocm_msgs/lib:/opt/ros/humble/opt/rviz_ogre_vendor/lib:/opt/ros/humble/lib/x86_64-linux-gnu:/opt/ros/humble/lib /usr/bin/cmake --install /home/mdxfsai/FS_autonomous/ros/ros2_ws/build/carmaker_rsds_client
[4.707s] -- Install configuration: ""
[4.708s] -- Installing: /home/mdxfsai/FS_autonomous/ros/ros2_ws/install/carmaker_rsds_client/lib/carmaker_rsds_client/carmaker_rsds_client_node
[4.709s] -- Set runtime path of "/home/mdxfsai/FS_autonomous/ros/ros2_ws/install/carmaker_rsds_client/lib/carmaker_rsds_client/carmaker_rsds_client_node" to ""
[4.709s] -- Up-to-date: /home/mdxfsai/FS_autonomous/ros/ros2_ws/install/carmaker_rsds_client/share/carmaker_rsds_client//launch
[4.709s] -- Up-to-date: /home/mdxfsai/FS_autonomous/ros/ros2_ws/install/carmaker_rsds_client/share/carmaker_rsds_client//launch/rqt_image_view.launch.py
[4.709s] -- Up-to-date: /home/mdxfsai/FS_autonomous/ros/ros2_ws/install/carmaker_rsds_client/share/carmaker_rsds_client//launch/carmaker_rsds_client.launch.py
[4.709s] -- Up-to-date: /home/mdxfsai/FS_autonomous/ros/ros2_ws/install/carmaker_rsds_client/share/ament_index/resource_index/package_run_dependencies/carmaker_rsds_client
[4.709s] -- Up-to-date: /home/mdxfsai/FS_autonomous/ros/ros2_ws/install/carmaker_rsds_client/share/ament_index/resource_index/parent_prefix_path/carmaker_rsds_client
[4.709s] -- Up-to-date: /home/mdxfsai/FS_autonomous/ros/ros2_ws/install/carmaker_rsds_client/share/carmaker_rsds_client/environment/ament_prefix_path.sh
[4.709s] -- Up-to-date: /home/mdxfsai/FS_autonomous/ros/ros2_ws/install/carmaker_rsds_client/share/carmaker_rsds_client/environment/ament_prefix_path.dsv
[4.709s] -- Up-to-date: /home/mdxfsai/FS_autonomous/ros/ros2_ws/install/carmaker_rsds_client/share/carmaker_rsds_client/environment/path.sh
[4.709s] -- Up-to-date: /home/mdxfsai/FS_autonomous/ros/ros2_ws/install/carmaker_rsds_client/share/carmaker_rsds_client/environment/path.dsv
[4.709s] -- Up-to-date: /home/mdxfsai/FS_autonomous/ros/ros2_ws/install/carmaker_rsds_client/share/carmaker_rsds_client/local_setup.bash
[4.709s] -- Up-to-date: /home/mdxfsai/FS_autonomous/ros/ros2_ws/install/carmaker_rsds_client/share/carmaker_rsds_client/local_setup.sh
[4.709s] -- Up-to-date: /home/mdxfsai/FS_autonomous/ros/ros2_ws/install/carmaker_rsds_client/share/carmaker_rsds_client/local_setup.zsh
[4.710s] -- Up-to-date: /home/mdxfsai/FS_autonomous/ros/ros2_ws/install/carmaker_rsds_client/share/carmaker_rsds_client/local_setup.dsv
[4.710s] -- Installing: /home/mdxfsai/FS_autonomous/ros/ros2_ws/install/carmaker_rsds_client/share/carmaker_rsds_client/package.dsv
[4.710s] -- Up-to-date: /home/mdxfsai/FS_autonomous/ros/ros2_ws/install/carmaker_rsds_client/share/ament_index/resource_index/packages/carmaker_rsds_client
[4.710s] -- Up-to-date: /home/mdxfsai/FS_autonomous/ros/ros2_ws/install/carmaker_rsds_client/share/carmaker_rsds_client/cmake/carmaker_rsds_clientConfig.cmake
[4.710s] -- Up-to-date: /home/mdxfsai/FS_autonomous/ros/ros2_ws/install/carmaker_rsds_client/share/carmaker_rsds_client/cmake/carmaker_rsds_clientConfig-version.cmake
[4.710s] -- Up-to-date: /home/mdxfsai/FS_autonomous/ros/ros2_ws/install/carmaker_rsds_client/share/carmaker_rsds_client/package.xml
[4.711s] Invoked command in '/home/mdxfsai/FS_autonomous/ros/ros2_ws/build/carmaker_rsds_client' returned '0': CMAKE_PREFIX_PATH=/home/mdxfsai/FS_autonomous/ros/ros2_ws/install/cmrosutils:/home/mdxfsai/FS_autonomous/ros/ros2_ws/install/camera_msgs:/home/mdxfsai/FS_autonomous/ros/ros2_ws/install/hellocm_cmnode:/home/mdxfsai/FS_autonomous/ros/ros2_ws/install/vehiclecontrol_msgs:/home/mdxfsai/FS_autonomous/ros/ros2_ws/install/hellocm:/home/mdxfsai/FS_autonomous/ros/ros2_ws/install/hellocm_msgs:/home/mdxfsai/FS_autonomous/ros/ros2_ws/install/carmaker_rsds_client:/opt/ros/humble LD_LIBRARY_PATH=/home/mdxfsai/FS_autonomous/ros/ros2_ws/install/cmrosutils/lib:/home/mdxfsai/FS_autonomous/ros/ros2_ws/install/camera_msgs/lib:/home/mdxfsai/FS_autonomous/ros/ros2_ws/install/hellocm_cmnode/lib:/home/mdxfsai/FS_autonomous/ros/ros2_ws/install/vehiclecontrol_msgs/lib:/home/mdxfsai/FS_autonomous/ros/ros2_ws/install/hellocm_msgs/lib:/opt/ros/humble/opt/rviz_ogre_vendor/lib:/opt/ros/humble/lib/x86_64-linux-gnu:/opt/ros/humble/lib /usr/bin/cmake --install /home/mdxfsai/FS_autonomous/ros/ros2_ws/build/carmaker_rsds_client
