[  1%] Generating type hashes for ROS interfaces
[  1%] Built target ament_cmake_python_copy_hellocm_msgs
running egg_info
writing hellocm_msgs.egg-info/PKG-INFO
writing dependency_links to hellocm_msgs.egg-info/dependency_links.txt
writing top-level names to hellocm_msgs.egg-info/top_level.txt
reading manifest file 'hellocm_msgs.egg-info/SOURCES.txt'
writing manifest file 'hellocm_msgs.egg-info/SOURCES.txt'
[  1%] Built target ament_cmake_python_build_hellocm_msgs_egg
[  1%] Built target hellocm_msgs__rosidl_generator_type_description
[  3%] Generating C code for ROS interfaces
[  5%] Generating C++ code for ROS interfaces
[  7%] Building C object CMakeFiles/hellocm_msgs__rosidl_generator_c.dir/rosidl_generator_c/hellocm_msgs/msg/detail/cm2_ext__description.c.o
[ 11%] Building C object CMakeFiles/hellocm_msgs__rosidl_generator_c.dir/rosidl_generator_c/hellocm_msgs/msg/detail/ext2_cm__type_support.c.o
[  9%] Building C object CMakeFiles/hellocm_msgs__rosidl_generator_c.dir/rosidl_generator_c/hellocm_msgs/msg/detail/cm2_ext__functions.c.o
[ 12%] Building C object CMakeFiles/hellocm_msgs__rosidl_generator_c.dir/rosidl_generator_c/hellocm_msgs/msg/detail/ext2_cm__functions.c.o
[ 16%] Building C object CMakeFiles/hellocm_msgs__rosidl_generator_c.dir/rosidl_generator_c/hellocm_msgs/srv/detail/init__functions.c.o
[ 14%] Building C object CMakeFiles/hellocm_msgs__rosidl_generator_c.dir/rosidl_generator_c/hellocm_msgs/msg/detail/ext2_cm__description.c.o
[ 18%] Building C object CMakeFiles/hellocm_msgs__rosidl_generator_c.dir/rosidl_generator_c/hellocm_msgs/srv/detail/init__description.c.o
[ 20%] Building C object CMakeFiles/hellocm_msgs__rosidl_generator_c.dir/rosidl_generator_c/hellocm_msgs/msg/detail/cm2_ext__type_support.c.o
[ 22%] Building C object CMakeFiles/hellocm_msgs__rosidl_generator_c.dir/rosidl_generator_c/hellocm_msgs/srv/detail/init__type_support.c.o
[ 22%] Built target hellocm_msgs__cpp
[ 24%] Linking C shared library libhellocm_msgs__rosidl_generator_c.so
[ 24%] Built target hellocm_msgs__rosidl_generator_c
[ 25%] Generating C++ type support for eProsima Fast-RTPS
[ 27%] Generating C type support for eProsima Fast-RTPS
[ 31%] Generating C++ introspection for ROS interfaces
[ 29%] Generating C++ type support dispatch for ROS interfaces
[ 33%] Generating C introspection for ROS interfaces
[ 35%] Generating C type support dispatch for ROS interfaces
[ 37%] Building CXX object CMakeFiles/hellocm_msgs__rosidl_typesupport_cpp.dir/rosidl_typesupport_cpp/hellocm_msgs/msg/cm2_ext__type_support.cpp.o
[ 38%] Building CXX object CMakeFiles/hellocm_msgs__rosidl_typesupport_cpp.dir/rosidl_typesupport_cpp/hellocm_msgs/msg/ext2_cm__type_support.cpp.o
[ 40%] Building CXX object CMakeFiles/hellocm_msgs__rosidl_typesupport_cpp.dir/rosidl_typesupport_cpp/hellocm_msgs/srv/init__type_support.cpp.o
[ 42%] Building C object CMakeFiles/hellocm_msgs__rosidl_typesupport_introspection_c.dir/rosidl_typesupport_introspection_c/hellocm_msgs/msg/detail/cm2_ext__type_support.c.o
[ 44%] Building C object CMakeFiles/hellocm_msgs__rosidl_typesupport_introspection_c.dir/rosidl_typesupport_introspection_c/hellocm_msgs/srv/detail/init__type_support.c.o
[ 46%] Building C object CMakeFiles/hellocm_msgs__rosidl_typesupport_introspection_c.dir/rosidl_typesupport_introspection_c/hellocm_msgs/msg/detail/ext2_cm__type_support.c.o
[ 50%] Building CXX object CMakeFiles/hellocm_msgs__rosidl_typesupport_introspection_cpp.dir/rosidl_typesupport_introspection_cpp/hellocm_msgs/msg/detail/ext2_cm__type_support.cpp.o
[ 50%] Building CXX object CMakeFiles/hellocm_msgs__rosidl_typesupport_introspection_cpp.dir/rosidl_typesupport_introspection_cpp/hellocm_msgs/msg/detail/cm2_ext__type_support.cpp.o
[ 51%] Building CXX object CMakeFiles/hellocm_msgs__rosidl_typesupport_introspection_cpp.dir/rosidl_typesupport_introspection_cpp/hellocm_msgs/srv/detail/init__type_support.cpp.o
[ 53%] Building CXX object CMakeFiles/hellocm_msgs__rosidl_typesupport_c.dir/rosidl_typesupport_c/hellocm_msgs/msg/cm2_ext__type_support.cpp.o
[ 55%] Building CXX object CMakeFiles/hellocm_msgs__rosidl_typesupport_c.dir/rosidl_typesupport_c/hellocm_msgs/msg/ext2_cm__type_support.cpp.o
[ 57%] Building CXX object CMakeFiles/hellocm_msgs__rosidl_typesupport_c.dir/rosidl_typesupport_c/hellocm_msgs/srv/init__type_support.cpp.o
[ 59%] Linking C shared library libhellocm_msgs__rosidl_typesupport_introspection_c.so
[ 61%] Linking CXX shared library libhellocm_msgs__rosidl_typesupport_c.so
[ 61%] Built target hellocm_msgs__rosidl_typesupport_introspection_c
[ 62%] Building CXX object CMakeFiles/hellocm_msgs__rosidl_typesupport_fastrtps_cpp.dir/rosidl_typesupport_fastrtps_cpp/hellocm_msgs/msg/detail/dds_fastrtps/cm2_ext__type_support.cpp.o
[ 64%] Building CXX object CMakeFiles/hellocm_msgs__rosidl_typesupport_fastrtps_cpp.dir/rosidl_typesupport_fastrtps_cpp/hellocm_msgs/msg/detail/dds_fastrtps/ext2_cm__type_support.cpp.o
[ 66%] Building CXX object CMakeFiles/hellocm_msgs__rosidl_typesupport_fastrtps_cpp.dir/rosidl_typesupport_fastrtps_cpp/hellocm_msgs/srv/detail/dds_fastrtps/init__type_support.cpp.o
[ 66%] Built target hellocm_msgs__rosidl_typesupport_c
[ 68%] Building CXX object CMakeFiles/hellocm_msgs__rosidl_typesupport_fastrtps_c.dir/rosidl_typesupport_fastrtps_c/hellocm_msgs/msg/detail/cm2_ext__type_support_c.cpp.o
[ 70%] Building CXX object CMakeFiles/hellocm_msgs__rosidl_typesupport_fastrtps_c.dir/rosidl_typesupport_fastrtps_c/hellocm_msgs/srv/detail/init__type_support_c.cpp.o
[ 72%] Building CXX object CMakeFiles/hellocm_msgs__rosidl_typesupport_fastrtps_c.dir/rosidl_typesupport_fastrtps_c/hellocm_msgs/msg/detail/ext2_cm__type_support_c.cpp.o
[ 74%] Linking CXX shared library libhellocm_msgs__rosidl_typesupport_introspection_cpp.so
[ 75%] Linking CXX shared library libhellocm_msgs__rosidl_typesupport_cpp.so
[ 75%] Built target hellocm_msgs__rosidl_typesupport_introspection_cpp
[ 75%] Built target hellocm_msgs__rosidl_typesupport_cpp
[ 77%] Linking CXX shared library libhellocm_msgs__rosidl_typesupport_fastrtps_cpp.so
[ 77%] Built target hellocm_msgs__rosidl_typesupport_fastrtps_cpp
[ 79%] Linking CXX shared library libhellocm_msgs__rosidl_typesupport_fastrtps_c.so
[ 79%] Built target hellocm_msgs__rosidl_typesupport_fastrtps_c
[ 79%] Built target hellocm_msgs
[ 81%] Generating Python code for ROS interfaces
[ 81%] Built target hellocm_msgs__py
[ 83%] Building C object CMakeFiles/hellocm_msgs__rosidl_generator_py.dir/rosidl_generator_py/hellocm_msgs/msg/_ext2_cm_s.c.o
[ 87%] Building C object CMakeFiles/hellocm_msgs__rosidl_generator_py.dir/rosidl_generator_py/hellocm_msgs/srv/_init_s.c.o
[ 87%] Building C object CMakeFiles/hellocm_msgs__rosidl_generator_py.dir/rosidl_generator_py/hellocm_msgs/msg/_cm2_ext_s.c.o
[ 88%] Linking C shared library libhellocm_msgs__rosidl_generator_py.so
[ 88%] Built target hellocm_msgs__rosidl_generator_py
[ 90%] Building C object CMakeFiles/hellocm_msgs_s__rosidl_typesupport_introspection_c.dir/rosidl_generator_py/hellocm_msgs/_hellocm_msgs_s.ep.rosidl_typesupport_introspection_c.c.o
[ 92%] Building C object CMakeFiles/hellocm_msgs_s__rosidl_typesupport_fastrtps_c.dir/rosidl_generator_py/hellocm_msgs/_hellocm_msgs_s.ep.rosidl_typesupport_fastrtps_c.c.o
[ 94%] Building C object CMakeFiles/hellocm_msgs_s__rosidl_typesupport_c.dir/rosidl_generator_py/hellocm_msgs/_hellocm_msgs_s.ep.rosidl_typesupport_c.c.o
[ 96%] Linking C shared module rosidl_generator_py/hellocm_msgs/hellocm_msgs_s__rosidl_typesupport_introspection_c.so
[ 98%] Linking C shared module rosidl_generator_py/hellocm_msgs/hellocm_msgs_s__rosidl_typesupport_fastrtps_c.so
[100%] Linking C shared module rosidl_generator_py/hellocm_msgs/hellocm_msgs_s__rosidl_typesupport_c.so
[100%] Built target hellocm_msgs_s__rosidl_typesupport_introspection_c
[100%] Built target hellocm_msgs_s__rosidl_typesupport_fastrtps_c
[100%] Built target hellocm_msgs_s__rosidl_typesupport_c
-- Install configuration: ""
-- Installing: /home/bashesam33/FS-AI/ros2_ws/install/hellocm_msgs/share/ament_index/resource_index/rosidl_interfaces/hellocm_msgs
-- Installing: /home/bashesam33/FS-AI/ros2_ws/install/hellocm_msgs/share/hellocm_msgs/msg/CM2Ext.json
-- Installing: /home/bashesam33/FS-AI/ros2_ws/install/hellocm_msgs/share/hellocm_msgs/msg/Ext2CM.json
-- Installing: /home/bashesam33/FS-AI/ros2_ws/install/hellocm_msgs/share/hellocm_msgs/srv/Init.json
-- Up-to-date: /home/bashesam33/FS-AI/ros2_ws/install/hellocm_msgs/include/hellocm_msgs/hellocm_msgs
-- Up-to-date: /home/bashesam33/FS-AI/ros2_ws/install/hellocm_msgs/include/hellocm_msgs/hellocm_msgs/msg
-- Installing: /home/bashesam33/FS-AI/ros2_ws/install/hellocm_msgs/include/hellocm_msgs/hellocm_msgs/msg/ext2_cm.h
-- Up-to-date: /home/bashesam33/FS-AI/ros2_ws/install/hellocm_msgs/include/hellocm_msgs/hellocm_msgs/msg/detail
-- Installing: /home/bashesam33/FS-AI/ros2_ws/install/hellocm_msgs/include/hellocm_msgs/hellocm_msgs/msg/detail/ext2_cm__struct.h
-- Installing: /home/bashesam33/FS-AI/ros2_ws/install/hellocm_msgs/include/hellocm_msgs/hellocm_msgs/msg/detail/cm2_ext__functions.h
-- Installing: /home/bashesam33/FS-AI/ros2_ws/install/hellocm_msgs/include/hellocm_msgs/hellocm_msgs/msg/detail/ext2_cm__functions.c
-- Installing: /home/bashesam33/FS-AI/ros2_ws/install/hellocm_msgs/include/hellocm_msgs/hellocm_msgs/msg/detail/ext2_cm__type_support.h
-- Installing: /home/bashesam33/FS-AI/ros2_ws/install/hellocm_msgs/include/hellocm_msgs/hellocm_msgs/msg/detail/cm2_ext__type_support.h
-- Installing: /home/bashesam33/FS-AI/ros2_ws/install/hellocm_msgs/include/hellocm_msgs/hellocm_msgs/msg/detail/ext2_cm__functions.h
-- Installing: /home/bashesam33/FS-AI/ros2_ws/install/hellocm_msgs/include/hellocm_msgs/hellocm_msgs/msg/detail/ext2_cm__type_support.c
-- Installing: /home/bashesam33/FS-AI/ros2_ws/install/hellocm_msgs/include/hellocm_msgs/hellocm_msgs/msg/detail/cm2_ext__struct.h
-- Installing: /home/bashesam33/FS-AI/ros2_ws/install/hellocm_msgs/include/hellocm_msgs/hellocm_msgs/msg/detail/cm2_ext__functions.c
-- Installing: /home/bashesam33/FS-AI/ros2_ws/install/hellocm_msgs/include/hellocm_msgs/hellocm_msgs/msg/detail/ext2_cm__description.c
-- Installing: /home/bashesam33/FS-AI/ros2_ws/install/hellocm_msgs/include/hellocm_msgs/hellocm_msgs/msg/detail/cm2_ext__description.c
-- Installing: /home/bashesam33/FS-AI/ros2_ws/install/hellocm_msgs/include/hellocm_msgs/hellocm_msgs/msg/detail/cm2_ext__type_support.c
-- Up-to-date: /home/bashesam33/FS-AI/ros2_ws/install/hellocm_msgs/include/hellocm_msgs/hellocm_msgs/msg/rosidl_generator_c__visibility_control.h
-- Installing: /home/bashesam33/FS-AI/ros2_ws/install/hellocm_msgs/include/hellocm_msgs/hellocm_msgs/msg/cm2_ext.h
-- Up-to-date: /home/bashesam33/FS-AI/ros2_ws/install/hellocm_msgs/include/hellocm_msgs/hellocm_msgs/srv
-- Up-to-date: /home/bashesam33/FS-AI/ros2_ws/install/hellocm_msgs/include/hellocm_msgs/hellocm_msgs/srv/detail
-- Installing: /home/bashesam33/FS-AI/ros2_ws/install/hellocm_msgs/include/hellocm_msgs/hellocm_msgs/srv/detail/init__struct.h
-- Installing: /home/bashesam33/FS-AI/ros2_ws/install/hellocm_msgs/include/hellocm_msgs/hellocm_msgs/srv/detail/init__type_support.c
-- Installing: /home/bashesam33/FS-AI/ros2_ws/install/hellocm_msgs/include/hellocm_msgs/hellocm_msgs/srv/detail/init__description.c
-- Installing: /home/bashesam33/FS-AI/ros2_ws/install/hellocm_msgs/include/hellocm_msgs/hellocm_msgs/srv/detail/init__functions.c
-- Installing: /home/bashesam33/FS-AI/ros2_ws/install/hellocm_msgs/include/hellocm_msgs/hellocm_msgs/srv/detail/init__functions.h
-- Installing: /home/bashesam33/FS-AI/ros2_ws/install/hellocm_msgs/include/hellocm_msgs/hellocm_msgs/srv/detail/init__type_support.h
-- Installing: /home/bashesam33/FS-AI/ros2_ws/install/hellocm_msgs/include/hellocm_msgs/hellocm_msgs/srv/init.h
-- Installing: /home/bashesam33/FS-AI/ros2_ws/install/hellocm_msgs/share/hellocm_msgs/environment/library_path.sh
-- Up-to-date: /home/bashesam33/FS-AI/ros2_ws/install/hellocm_msgs/share/hellocm_msgs/environment/library_path.dsv
-- Installing: /home/bashesam33/FS-AI/ros2_ws/install/hellocm_msgs/lib/libhellocm_msgs__rosidl_generator_c.so
-- Set non-toolchain portion of runtime path of "/home/bashesam33/FS-AI/ros2_ws/install/hellocm_msgs/lib/libhellocm_msgs__rosidl_generator_c.so" to ""
-- Up-to-date: /home/bashesam33/FS-AI/ros2_ws/install/hellocm_msgs/include/hellocm_msgs/hellocm_msgs
-- Up-to-date: /home/bashesam33/FS-AI/ros2_ws/install/hellocm_msgs/include/hellocm_msgs/hellocm_msgs/msg
-- Up-to-date: /home/bashesam33/FS-AI/ros2_ws/install/hellocm_msgs/include/hellocm_msgs/hellocm_msgs/msg/rosidl_typesupport_fastrtps_c__visibility_control.h
-- Up-to-date: /home/bashesam33/FS-AI/ros2_ws/install/hellocm_msgs/include/hellocm_msgs/hellocm_msgs/msg/detail
-- Installing: /home/bashesam33/FS-AI/ros2_ws/install/hellocm_msgs/include/hellocm_msgs/hellocm_msgs/msg/detail/ext2_cm__rosidl_typesupport_fastrtps_c.h
-- Installing: /home/bashesam33/FS-AI/ros2_ws/install/hellocm_msgs/include/hellocm_msgs/hellocm_msgs/msg/detail/cm2_ext__rosidl_typesupport_fastrtps_c.h
-- Up-to-date: /home/bashesam33/FS-AI/ros2_ws/install/hellocm_msgs/include/hellocm_msgs/hellocm_msgs/srv
-- Up-to-date: /home/bashesam33/FS-AI/ros2_ws/install/hellocm_msgs/include/hellocm_msgs/hellocm_msgs/srv/detail
-- Installing: /home/bashesam33/FS-AI/ros2_ws/install/hellocm_msgs/include/hellocm_msgs/hellocm_msgs/srv/detail/init__rosidl_typesupport_fastrtps_c.h
-- Installing: /home/bashesam33/FS-AI/ros2_ws/install/hellocm_msgs/lib/libhellocm_msgs__rosidl_typesupport_fastrtps_c.so
-- Set non-toolchain portion of runtime path of "/home/bashesam33/FS-AI/ros2_ws/install/hellocm_msgs/lib/libhellocm_msgs__rosidl_typesupport_fastrtps_c.so" to ""
-- Up-to-date: /home/bashesam33/FS-AI/ros2_ws/install/hellocm_msgs/include/hellocm_msgs/hellocm_msgs
-- Up-to-date: /home/bashesam33/FS-AI/ros2_ws/install/hellocm_msgs/include/hellocm_msgs/hellocm_msgs/msg
-- Up-to-date: /home/bashesam33/FS-AI/ros2_ws/install/hellocm_msgs/include/hellocm_msgs/hellocm_msgs/msg/detail
-- Installing: /home/bashesam33/FS-AI/ros2_ws/install/hellocm_msgs/include/hellocm_msgs/hellocm_msgs/msg/detail/cm2_ext__rosidl_typesupport_introspection_c.h
-- Installing: /home/bashesam33/FS-AI/ros2_ws/install/hellocm_msgs/include/hellocm_msgs/hellocm_msgs/msg/detail/ext2_cm__rosidl_typesupport_introspection_c.h
-- Installing: /home/bashesam33/FS-AI/ros2_ws/install/hellocm_msgs/include/hellocm_msgs/hellocm_msgs/msg/detail/ext2_cm__type_support.c
-- Installing: /home/bashesam33/FS-AI/ros2_ws/install/hellocm_msgs/include/hellocm_msgs/hellocm_msgs/msg/detail/cm2_ext__type_support.c
-- Up-to-date: /home/bashesam33/FS-AI/ros2_ws/install/hellocm_msgs/include/hellocm_msgs/hellocm_msgs/msg/rosidl_typesupport_introspection_c__visibility_control.h
-- Up-to-date: /home/bashesam33/FS-AI/ros2_ws/install/hellocm_msgs/include/hellocm_msgs/hellocm_msgs/srv
-- Up-to-date: /home/bashesam33/FS-AI/ros2_ws/install/hellocm_msgs/include/hellocm_msgs/hellocm_msgs/srv/detail
-- Installing: /home/bashesam33/FS-AI/ros2_ws/install/hellocm_msgs/include/hellocm_msgs/hellocm_msgs/srv/detail/init__type_support.c
-- Installing: /home/bashesam33/FS-AI/ros2_ws/install/hellocm_msgs/include/hellocm_msgs/hellocm_msgs/srv/detail/init__rosidl_typesupport_introspection_c.h
-- Installing: /home/bashesam33/FS-AI/ros2_ws/install/hellocm_msgs/lib/libhellocm_msgs__rosidl_typesupport_introspection_c.so
-- Set non-toolchain portion of runtime path of "/home/bashesam33/FS-AI/ros2_ws/install/hellocm_msgs/lib/libhellocm_msgs__rosidl_typesupport_introspection_c.so" to ""
-- Installing: /home/bashesam33/FS-AI/ros2_ws/install/hellocm_msgs/lib/libhellocm_msgs__rosidl_typesupport_c.so
-- Set non-toolchain portion of runtime path of "/home/bashesam33/FS-AI/ros2_ws/install/hellocm_msgs/lib/libhellocm_msgs__rosidl_typesupport_c.so" to ""
-- Up-to-date: /home/bashesam33/FS-AI/ros2_ws/install/hellocm_msgs/include/hellocm_msgs/hellocm_msgs
-- Up-to-date: /home/bashesam33/FS-AI/ros2_ws/install/hellocm_msgs/include/hellocm_msgs/hellocm_msgs/msg
-- Up-to-date: /home/bashesam33/FS-AI/ros2_ws/install/hellocm_msgs/include/hellocm_msgs/hellocm_msgs/msg/detail
-- Installing: /home/bashesam33/FS-AI/ros2_ws/install/hellocm_msgs/include/hellocm_msgs/hellocm_msgs/msg/detail/ext2_cm__type_support.hpp
-- Installing: /home/bashesam33/FS-AI/ros2_ws/install/hellocm_msgs/include/hellocm_msgs/hellocm_msgs/msg/detail/ext2_cm__struct.hpp
-- Installing: /home/bashesam33/FS-AI/ros2_ws/install/hellocm_msgs/include/hellocm_msgs/hellocm_msgs/msg/detail/cm2_ext__struct.hpp
-- Installing: /home/bashesam33/FS-AI/ros2_ws/install/hellocm_msgs/include/hellocm_msgs/hellocm_msgs/msg/detail/ext2_cm__traits.hpp
-- Installing: /home/bashesam33/FS-AI/ros2_ws/install/hellocm_msgs/include/hellocm_msgs/hellocm_msgs/msg/detail/cm2_ext__traits.hpp
-- Installing: /home/bashesam33/FS-AI/ros2_ws/install/hellocm_msgs/include/hellocm_msgs/hellocm_msgs/msg/detail/ext2_cm__builder.hpp
-- Installing: /home/bashesam33/FS-AI/ros2_ws/install/hellocm_msgs/include/hellocm_msgs/hellocm_msgs/msg/detail/cm2_ext__builder.hpp
-- Installing: /home/bashesam33/FS-AI/ros2_ws/install/hellocm_msgs/include/hellocm_msgs/hellocm_msgs/msg/detail/cm2_ext__type_support.hpp
-- Installing: /home/bashesam33/FS-AI/ros2_ws/install/hellocm_msgs/include/hellocm_msgs/hellocm_msgs/msg/ext2_cm.hpp
-- Installing: /home/bashesam33/FS-AI/ros2_ws/install/hellocm_msgs/include/hellocm_msgs/hellocm_msgs/msg/rosidl_generator_cpp__visibility_control.hpp
-- Installing: /home/bashesam33/FS-AI/ros2_ws/install/hellocm_msgs/include/hellocm_msgs/hellocm_msgs/msg/cm2_ext.hpp
-- Up-to-date: /home/bashesam33/FS-AI/ros2_ws/install/hellocm_msgs/include/hellocm_msgs/hellocm_msgs/srv
-- Installing: /home/bashesam33/FS-AI/ros2_ws/install/hellocm_msgs/include/hellocm_msgs/hellocm_msgs/srv/init.hpp
-- Up-to-date: /home/bashesam33/FS-AI/ros2_ws/install/hellocm_msgs/include/hellocm_msgs/hellocm_msgs/srv/detail
-- Installing: /home/bashesam33/FS-AI/ros2_ws/install/hellocm_msgs/include/hellocm_msgs/hellocm_msgs/srv/detail/init__traits.hpp
-- Installing: /home/bashesam33/FS-AI/ros2_ws/install/hellocm_msgs/include/hellocm_msgs/hellocm_msgs/srv/detail/init__struct.hpp
-- Installing: /home/bashesam33/FS-AI/ros2_ws/install/hellocm_msgs/include/hellocm_msgs/hellocm_msgs/srv/detail/init__type_support.hpp
-- Installing: /home/bashesam33/FS-AI/ros2_ws/install/hellocm_msgs/include/hellocm_msgs/hellocm_msgs/srv/detail/init__builder.hpp
-- Up-to-date: /home/bashesam33/FS-AI/ros2_ws/install/hellocm_msgs/include/hellocm_msgs/hellocm_msgs
-- Up-to-date: /home/bashesam33/FS-AI/ros2_ws/install/hellocm_msgs/include/hellocm_msgs/hellocm_msgs/msg
-- Up-to-date: /home/bashesam33/FS-AI/ros2_ws/install/hellocm_msgs/include/hellocm_msgs/hellocm_msgs/msg/detail
-- Installing: /home/bashesam33/FS-AI/ros2_ws/install/hellocm_msgs/include/hellocm_msgs/hellocm_msgs/msg/detail/cm2_ext__rosidl_typesupport_fastrtps_cpp.hpp
-- Installing: /home/bashesam33/FS-AI/ros2_ws/install/hellocm_msgs/include/hellocm_msgs/hellocm_msgs/msg/detail/ext2_cm__rosidl_typesupport_fastrtps_cpp.hpp
-- Up-to-date: /home/bashesam33/FS-AI/ros2_ws/install/hellocm_msgs/include/hellocm_msgs/hellocm_msgs/msg/detail/dds_fastrtps
-- Up-to-date: /home/bashesam33/FS-AI/ros2_ws/install/hellocm_msgs/include/hellocm_msgs/hellocm_msgs/msg/rosidl_typesupport_fastrtps_cpp__visibility_control.h
-- Up-to-date: /home/bashesam33/FS-AI/ros2_ws/install/hellocm_msgs/include/hellocm_msgs/hellocm_msgs/srv
-- Up-to-date: /home/bashesam33/FS-AI/ros2_ws/install/hellocm_msgs/include/hellocm_msgs/hellocm_msgs/srv/detail
-- Installing: /home/bashesam33/FS-AI/ros2_ws/install/hellocm_msgs/include/hellocm_msgs/hellocm_msgs/srv/detail/init__rosidl_typesupport_fastrtps_cpp.hpp
-- Up-to-date: /home/bashesam33/FS-AI/ros2_ws/install/hellocm_msgs/include/hellocm_msgs/hellocm_msgs/srv/detail/dds_fastrtps
-- Installing: /home/bashesam33/FS-AI/ros2_ws/install/hellocm_msgs/lib/libhellocm_msgs__rosidl_typesupport_fastrtps_cpp.so
-- Set non-toolchain portion of runtime path of "/home/bashesam33/FS-AI/ros2_ws/install/hellocm_msgs/lib/libhellocm_msgs__rosidl_typesupport_fastrtps_cpp.so" to ""
-- Up-to-date: /home/bashesam33/FS-AI/ros2_ws/install/hellocm_msgs/include/hellocm_msgs/hellocm_msgs
-- Up-to-date: /home/bashesam33/FS-AI/ros2_ws/install/hellocm_msgs/include/hellocm_msgs/hellocm_msgs/msg
-- Up-to-date: /home/bashesam33/FS-AI/ros2_ws/install/hellocm_msgs/include/hellocm_msgs/hellocm_msgs/msg/detail
-- Installing: /home/bashesam33/FS-AI/ros2_ws/install/hellocm_msgs/include/hellocm_msgs/hellocm_msgs/msg/detail/ext2_cm__rosidl_typesupport_introspection_cpp.hpp
-- Installing: /home/bashesam33/FS-AI/ros2_ws/install/hellocm_msgs/include/hellocm_msgs/hellocm_msgs/msg/detail/cm2_ext__type_support.cpp
-- Installing: /home/bashesam33/FS-AI/ros2_ws/install/hellocm_msgs/include/hellocm_msgs/hellocm_msgs/msg/detail/cm2_ext__rosidl_typesupport_introspection_cpp.hpp
-- Installing: /home/bashesam33/FS-AI/ros2_ws/install/hellocm_msgs/include/hellocm_msgs/hellocm_msgs/msg/detail/ext2_cm__type_support.cpp
-- Up-to-date: /home/bashesam33/FS-AI/ros2_ws/install/hellocm_msgs/include/hellocm_msgs/hellocm_msgs/srv
-- Up-to-date: /home/bashesam33/FS-AI/ros2_ws/install/hellocm_msgs/include/hellocm_msgs/hellocm_msgs/srv/detail
-- Installing: /home/bashesam33/FS-AI/ros2_ws/install/hellocm_msgs/include/hellocm_msgs/hellocm_msgs/srv/detail/init__type_support.cpp
-- Installing: /home/bashesam33/FS-AI/ros2_ws/install/hellocm_msgs/include/hellocm_msgs/hellocm_msgs/srv/detail/init__rosidl_typesupport_introspection_cpp.hpp
-- Installing: /home/bashesam33/FS-AI/ros2_ws/install/hellocm_msgs/lib/libhellocm_msgs__rosidl_typesupport_introspection_cpp.so
-- Set non-toolchain portion of runtime path of "/home/bashesam33/FS-AI/ros2_ws/install/hellocm_msgs/lib/libhellocm_msgs__rosidl_typesupport_introspection_cpp.so" to ""
-- Installing: /home/bashesam33/FS-AI/ros2_ws/install/hellocm_msgs/lib/libhellocm_msgs__rosidl_typesupport_cpp.so
-- Set non-toolchain portion of runtime path of "/home/bashesam33/FS-AI/ros2_ws/install/hellocm_msgs/lib/libhellocm_msgs__rosidl_typesupport_cpp.so" to ""
-- Installing: /home/bashesam33/FS-AI/ros2_ws/install/hellocm_msgs/share/hellocm_msgs/environment/pythonpath.sh
-- Installing: /home/bashesam33/FS-AI/ros2_ws/install/hellocm_msgs/share/hellocm_msgs/environment/pythonpath.dsv
-- Installing: /home/bashesam33/FS-AI/ros2_ws/install/hellocm_msgs/lib/python3.12/site-packages/hellocm_msgs-0.1.0-py3.12.egg-info
-- Installing: /home/bashesam33/FS-AI/ros2_ws/install/hellocm_msgs/lib/python3.12/site-packages/hellocm_msgs-0.1.0-py3.12.egg-info/SOURCES.txt
-- Installing: /home/bashesam33/FS-AI/ros2_ws/install/hellocm_msgs/lib/python3.12/site-packages/hellocm_msgs-0.1.0-py3.12.egg-info/top_level.txt
-- Installing: /home/bashesam33/FS-AI/ros2_ws/install/hellocm_msgs/lib/python3.12/site-packages/hellocm_msgs-0.1.0-py3.12.egg-info/PKG-INFO
-- Installing: /home/bashesam33/FS-AI/ros2_ws/install/hellocm_msgs/lib/python3.12/site-packages/hellocm_msgs-0.1.0-py3.12.egg-info/dependency_links.txt
-- Installing: /home/bashesam33/FS-AI/ros2_ws/install/hellocm_msgs/lib/python3.12/site-packages/hellocm_msgs
-- Installing: /home/bashesam33/FS-AI/ros2_ws/install/hellocm_msgs/lib/python3.12/site-packages/hellocm_msgs/hellocm_msgs_s__rosidl_typesupport_c.cpython-310-x86_64-linux-gnu.so
-- Installing: /home/bashesam33/FS-AI/ros2_ws/install/hellocm_msgs/lib/python3.12/site-packages/hellocm_msgs/hellocm_msgs_s__rosidl_typesupport_fastrtps_c.so
-- Installing: /home/bashesam33/FS-AI/ros2_ws/install/hellocm_msgs/lib/python3.12/site-packages/hellocm_msgs/libhellocm_msgs__rosidl_generator_py.so
-- Installing: /home/bashesam33/FS-AI/ros2_ws/install/hellocm_msgs/lib/python3.12/site-packages/hellocm_msgs/hellocm_msgs_s__rosidl_typesupport_fastrtps_c.cpython-310-x86_64-linux-gnu.so
-- Installing: /home/bashesam33/FS-AI/ros2_ws/install/hellocm_msgs/lib/python3.12/site-packages/hellocm_msgs/__init__.py
-- Installing: /home/bashesam33/FS-AI/ros2_ws/install/hellocm_msgs/lib/python3.12/site-packages/hellocm_msgs/hellocm_msgs_s__rosidl_typesupport_introspection_c.so
-- Installing: /home/bashesam33/FS-AI/ros2_ws/install/hellocm_msgs/lib/python3.12/site-packages/hellocm_msgs/msg
-- Installing: /home/bashesam33/FS-AI/ros2_ws/install/hellocm_msgs/lib/python3.12/site-packages/hellocm_msgs/msg/__init__.py
-- Installing: /home/bashesam33/FS-AI/ros2_ws/install/hellocm_msgs/lib/python3.12/site-packages/hellocm_msgs/msg/_ext2_cm_s.c
-- Installing: /home/bashesam33/FS-AI/ros2_ws/install/hellocm_msgs/lib/python3.12/site-packages/hellocm_msgs/msg/_cm2_ext_s.c
-- Installing: /home/bashesam33/FS-AI/ros2_ws/install/hellocm_msgs/lib/python3.12/site-packages/hellocm_msgs/msg/_ext2_cm.py
-- Installing: /home/bashesam33/FS-AI/ros2_ws/install/hellocm_msgs/lib/python3.12/site-packages/hellocm_msgs/msg/_cm2_ext.py
-- Installing: /home/bashesam33/FS-AI/ros2_ws/install/hellocm_msgs/lib/python3.12/site-packages/hellocm_msgs/_hellocm_msgs_s.ep.rosidl_typesupport_c.c
-- Installing: /home/bashesam33/FS-AI/ros2_ws/install/hellocm_msgs/lib/python3.12/site-packages/hellocm_msgs/hellocm_msgs_s__rosidl_typesupport_introspection_c.cpython-310-x86_64-linux-gnu.so
-- Installing: /home/bashesam33/FS-AI/ros2_ws/install/hellocm_msgs/lib/python3.12/site-packages/hellocm_msgs/hellocm_msgs_s__rosidl_typesupport_c.so
-- Installing: /home/bashesam33/FS-AI/ros2_ws/install/hellocm_msgs/lib/python3.12/site-packages/hellocm_msgs/_hellocm_msgs_s.ep.rosidl_typesupport_fastrtps_c.c
-- Installing: /home/bashesam33/FS-AI/ros2_ws/install/hellocm_msgs/lib/python3.12/site-packages/hellocm_msgs/srv
-- Installing: /home/bashesam33/FS-AI/ros2_ws/install/hellocm_msgs/lib/python3.12/site-packages/hellocm_msgs/srv/__init__.py
-- Installing: /home/bashesam33/FS-AI/ros2_ws/install/hellocm_msgs/lib/python3.12/site-packages/hellocm_msgs/srv/_init.py
-- Installing: /home/bashesam33/FS-AI/ros2_ws/install/hellocm_msgs/lib/python3.12/site-packages/hellocm_msgs/srv/_init_s.c
-- Installing: /home/bashesam33/FS-AI/ros2_ws/install/hellocm_msgs/lib/python3.12/site-packages/hellocm_msgs/_hellocm_msgs_s.ep.rosidl_typesupport_introspection_c.c
Listing '/home/bashesam33/FS-AI/ros2_ws/install/hellocm_msgs/lib/python3.12/site-packages/hellocm_msgs'...
Compiling '/home/bashesam33/FS-AI/ros2_ws/install/hellocm_msgs/lib/python3.12/site-packages/hellocm_msgs/__init__.py'...
Listing '/home/bashesam33/FS-AI/ros2_ws/install/hellocm_msgs/lib/python3.12/site-packages/hellocm_msgs/msg'...
Compiling '/home/bashesam33/FS-AI/ros2_ws/install/hellocm_msgs/lib/python3.12/site-packages/hellocm_msgs/msg/__init__.py'...
Compiling '/home/bashesam33/FS-AI/ros2_ws/install/hellocm_msgs/lib/python3.12/site-packages/hellocm_msgs/msg/_cm2_ext.py'...
Compiling '/home/bashesam33/FS-AI/ros2_ws/install/hellocm_msgs/lib/python3.12/site-packages/hellocm_msgs/msg/_ext2_cm.py'...
Listing '/home/bashesam33/FS-AI/ros2_ws/install/hellocm_msgs/lib/python3.12/site-packages/hellocm_msgs/srv'...
Compiling '/home/bashesam33/FS-AI/ros2_ws/install/hellocm_msgs/lib/python3.12/site-packages/hellocm_msgs/srv/__init__.py'...
Compiling '/home/bashesam33/FS-AI/ros2_ws/install/hellocm_msgs/lib/python3.12/site-packages/hellocm_msgs/srv/_init.py'...
-- Installing: /home/bashesam33/FS-AI/ros2_ws/install/hellocm_msgs/lib/python3.12/site-packages/hellocm_msgs/hellocm_msgs_s__rosidl_typesupport_fastrtps_c.so
-- Set non-toolchain portion of runtime path of "/home/bashesam33/FS-AI/ros2_ws/install/hellocm_msgs/lib/python3.12/site-packages/hellocm_msgs/hellocm_msgs_s__rosidl_typesupport_fastrtps_c.so" to ""
-- Installing: /home/bashesam33/FS-AI/ros2_ws/install/hellocm_msgs/lib/python3.12/site-packages/hellocm_msgs/hellocm_msgs_s__rosidl_typesupport_introspection_c.so
-- Set non-toolchain portion of runtime path of "/home/bashesam33/FS-AI/ros2_ws/install/hellocm_msgs/lib/python3.12/site-packages/hellocm_msgs/hellocm_msgs_s__rosidl_typesupport_introspection_c.so" to ""
-- Installing: /home/bashesam33/FS-AI/ros2_ws/install/hellocm_msgs/lib/python3.12/site-packages/hellocm_msgs/hellocm_msgs_s__rosidl_typesupport_c.so
-- Set non-toolchain portion of runtime path of "/home/bashesam33/FS-AI/ros2_ws/install/hellocm_msgs/lib/python3.12/site-packages/hellocm_msgs/hellocm_msgs_s__rosidl_typesupport_c.so" to ""
-- Installing: /home/bashesam33/FS-AI/ros2_ws/install/hellocm_msgs/lib/libhellocm_msgs__rosidl_generator_py.so
-- Set non-toolchain portion of runtime path of "/home/bashesam33/FS-AI/ros2_ws/install/hellocm_msgs/lib/libhellocm_msgs__rosidl_generator_py.so" to ""
-- Up-to-date: /home/bashesam33/FS-AI/ros2_ws/install/hellocm_msgs/share/hellocm_msgs/msg/CM2Ext.idl
-- Up-to-date: /home/bashesam33/FS-AI/ros2_ws/install/hellocm_msgs/share/hellocm_msgs/msg/Ext2CM.idl
-- Up-to-date: /home/bashesam33/FS-AI/ros2_ws/install/hellocm_msgs/share/hellocm_msgs/srv/Init.idl
-- Up-to-date: /home/bashesam33/FS-AI/ros2_ws/install/hellocm_msgs/share/hellocm_msgs/msg/CM2Ext.msg
-- Up-to-date: /home/bashesam33/FS-AI/ros2_ws/install/hellocm_msgs/share/hellocm_msgs/msg/Ext2CM.msg
-- Up-to-date: /home/bashesam33/FS-AI/ros2_ws/install/hellocm_msgs/share/hellocm_msgs/srv/Init.srv
-- Up-to-date: /home/bashesam33/FS-AI/ros2_ws/install/hellocm_msgs/share/ament_index/resource_index/package_run_dependencies/hellocm_msgs
-- Installing: /home/bashesam33/FS-AI/ros2_ws/install/hellocm_msgs/share/ament_index/resource_index/parent_prefix_path/hellocm_msgs
-- Installing: /home/bashesam33/FS-AI/ros2_ws/install/hellocm_msgs/share/hellocm_msgs/environment/ament_prefix_path.sh
-- Up-to-date: /home/bashesam33/FS-AI/ros2_ws/install/hellocm_msgs/share/hellocm_msgs/environment/ament_prefix_path.dsv
-- Installing: /home/bashesam33/FS-AI/ros2_ws/install/hellocm_msgs/share/hellocm_msgs/environment/path.sh
-- Up-to-date: /home/bashesam33/FS-AI/ros2_ws/install/hellocm_msgs/share/hellocm_msgs/environment/path.dsv
-- Up-to-date: /home/bashesam33/FS-AI/ros2_ws/install/hellocm_msgs/share/hellocm_msgs/local_setup.bash
-- Installing: /home/bashesam33/FS-AI/ros2_ws/install/hellocm_msgs/share/hellocm_msgs/local_setup.sh
-- Up-to-date: /home/bashesam33/FS-AI/ros2_ws/install/hellocm_msgs/share/hellocm_msgs/local_setup.zsh
-- Up-to-date: /home/bashesam33/FS-AI/ros2_ws/install/hellocm_msgs/share/hellocm_msgs/local_setup.dsv
-- Installing: /home/bashesam33/FS-AI/ros2_ws/install/hellocm_msgs/share/hellocm_msgs/package.dsv
-- Up-to-date: /home/bashesam33/FS-AI/ros2_ws/install/hellocm_msgs/share/ament_index/resource_index/packages/hellocm_msgs
-- Old export file "/home/bashesam33/FS-AI/ros2_ws/install/hellocm_msgs/share/hellocm_msgs/cmake/export_hellocm_msgs__rosidl_generator_cExport.cmake" will be replaced.  Removing files [/home/bashesam33/FS-AI/ros2_ws/install/hellocm_msgs/share/hellocm_msgs/cmake/export_hellocm_msgs__rosidl_generator_cExport-noconfig.cmake].
-- Installing: /home/bashesam33/FS-AI/ros2_ws/install/hellocm_msgs/share/hellocm_msgs/cmake/export_hellocm_msgs__rosidl_generator_cExport.cmake
-- Installing: /home/bashesam33/FS-AI/ros2_ws/install/hellocm_msgs/share/hellocm_msgs/cmake/export_hellocm_msgs__rosidl_generator_cExport-noconfig.cmake
-- Old export file "/home/bashesam33/FS-AI/ros2_ws/install/hellocm_msgs/share/hellocm_msgs/cmake/export_hellocm_msgs__rosidl_typesupport_fastrtps_cExport.cmake" will be replaced.  Removing files [/home/bashesam33/FS-AI/ros2_ws/install/hellocm_msgs/share/hellocm_msgs/cmake/export_hellocm_msgs__rosidl_typesupport_fastrtps_cExport-noconfig.cmake].
-- Installing: /home/bashesam33/FS-AI/ros2_ws/install/hellocm_msgs/share/hellocm_msgs/cmake/export_hellocm_msgs__rosidl_typesupport_fastrtps_cExport.cmake
-- Installing: /home/bashesam33/FS-AI/ros2_ws/install/hellocm_msgs/share/hellocm_msgs/cmake/export_hellocm_msgs__rosidl_typesupport_fastrtps_cExport-noconfig.cmake
-- Old export file "/home/bashesam33/FS-AI/ros2_ws/install/hellocm_msgs/share/hellocm_msgs/cmake/hellocm_msgs__rosidl_typesupport_introspection_cExport.cmake" will be replaced.  Removing files [/home/bashesam33/FS-AI/ros2_ws/install/hellocm_msgs/share/hellocm_msgs/cmake/hellocm_msgs__rosidl_typesupport_introspection_cExport-noconfig.cmake].
-- Installing: /home/bashesam33/FS-AI/ros2_ws/install/hellocm_msgs/share/hellocm_msgs/cmake/hellocm_msgs__rosidl_typesupport_introspection_cExport.cmake
-- Installing: /home/bashesam33/FS-AI/ros2_ws/install/hellocm_msgs/share/hellocm_msgs/cmake/hellocm_msgs__rosidl_typesupport_introspection_cExport-noconfig.cmake
-- Old export file "/home/bashesam33/FS-AI/ros2_ws/install/hellocm_msgs/share/hellocm_msgs/cmake/hellocm_msgs__rosidl_typesupport_cExport.cmake" will be replaced.  Removing files [/home/bashesam33/FS-AI/ros2_ws/install/hellocm_msgs/share/hellocm_msgs/cmake/hellocm_msgs__rosidl_typesupport_cExport-noconfig.cmake].
-- Installing: /home/bashesam33/FS-AI/ros2_ws/install/hellocm_msgs/share/hellocm_msgs/cmake/hellocm_msgs__rosidl_typesupport_cExport.cmake
-- Installing: /home/bashesam33/FS-AI/ros2_ws/install/hellocm_msgs/share/hellocm_msgs/cmake/hellocm_msgs__rosidl_typesupport_cExport-noconfig.cmake
-- Installing: /home/bashesam33/FS-AI/ros2_ws/install/hellocm_msgs/share/hellocm_msgs/cmake/export_hellocm_msgs__rosidl_generator_cppExport.cmake
-- Old export file "/home/bashesam33/FS-AI/ros2_ws/install/hellocm_msgs/share/hellocm_msgs/cmake/export_hellocm_msgs__rosidl_typesupport_fastrtps_cppExport.cmake" will be replaced.  Removing files [/home/bashesam33/FS-AI/ros2_ws/install/hellocm_msgs/share/hellocm_msgs/cmake/export_hellocm_msgs__rosidl_typesupport_fastrtps_cppExport-noconfig.cmake].
-- Installing: /home/bashesam33/FS-AI/ros2_ws/install/hellocm_msgs/share/hellocm_msgs/cmake/export_hellocm_msgs__rosidl_typesupport_fastrtps_cppExport.cmake
-- Installing: /home/bashesam33/FS-AI/ros2_ws/install/hellocm_msgs/share/hellocm_msgs/cmake/export_hellocm_msgs__rosidl_typesupport_fastrtps_cppExport-noconfig.cmake
-- Old export file "/home/bashesam33/FS-AI/ros2_ws/install/hellocm_msgs/share/hellocm_msgs/cmake/hellocm_msgs__rosidl_typesupport_introspection_cppExport.cmake" will be replaced.  Removing files [/home/bashesam33/FS-AI/ros2_ws/install/hellocm_msgs/share/hellocm_msgs/cmake/hellocm_msgs__rosidl_typesupport_introspection_cppExport-noconfig.cmake].
-- Installing: /home/bashesam33/FS-AI/ros2_ws/install/hellocm_msgs/share/hellocm_msgs/cmake/hellocm_msgs__rosidl_typesupport_introspection_cppExport.cmake
-- Installing: /home/bashesam33/FS-AI/ros2_ws/install/hellocm_msgs/share/hellocm_msgs/cmake/hellocm_msgs__rosidl_typesupport_introspection_cppExport-noconfig.cmake
-- Old export file "/home/bashesam33/FS-AI/ros2_ws/install/hellocm_msgs/share/hellocm_msgs/cmake/hellocm_msgs__rosidl_typesupport_cppExport.cmake" will be replaced.  Removing files [/home/bashesam33/FS-AI/ros2_ws/install/hellocm_msgs/share/hellocm_msgs/cmake/hellocm_msgs__rosidl_typesupport_cppExport-noconfig.cmake].
-- Installing: /home/bashesam33/FS-AI/ros2_ws/install/hellocm_msgs/share/hellocm_msgs/cmake/hellocm_msgs__rosidl_typesupport_cppExport.cmake
-- Installing: /home/bashesam33/FS-AI/ros2_ws/install/hellocm_msgs/share/hellocm_msgs/cmake/hellocm_msgs__rosidl_typesupport_cppExport-noconfig.cmake
-- Old export file "/home/bashesam33/FS-AI/ros2_ws/install/hellocm_msgs/share/hellocm_msgs/cmake/export_hellocm_msgs__rosidl_generator_pyExport.cmake" will be replaced.  Removing files [/home/bashesam33/FS-AI/ros2_ws/install/hellocm_msgs/share/hellocm_msgs/cmake/export_hellocm_msgs__rosidl_generator_pyExport-noconfig.cmake].
-- Installing: /home/bashesam33/FS-AI/ros2_ws/install/hellocm_msgs/share/hellocm_msgs/cmake/export_hellocm_msgs__rosidl_generator_pyExport.cmake
-- Installing: /home/bashesam33/FS-AI/ros2_ws/install/hellocm_msgs/share/hellocm_msgs/cmake/export_hellocm_msgs__rosidl_generator_pyExport-noconfig.cmake
-- Installing: /home/bashesam33/FS-AI/ros2_ws/install/hellocm_msgs/share/hellocm_msgs/cmake/rosidl_cmake-extras.cmake
-- Installing: /home/bashesam33/FS-AI/ros2_ws/install/hellocm_msgs/share/hellocm_msgs/cmake/ament_cmake_export_dependencies-extras.cmake
-- Up-to-date: /home/bashesam33/FS-AI/ros2_ws/install/hellocm_msgs/share/hellocm_msgs/cmake/ament_cmake_export_include_directories-extras.cmake
-- Up-to-date: /home/bashesam33/FS-AI/ros2_ws/install/hellocm_msgs/share/hellocm_msgs/cmake/ament_cmake_export_libraries-extras.cmake
-- Up-to-date: /home/bashesam33/FS-AI/ros2_ws/install/hellocm_msgs/share/hellocm_msgs/cmake/ament_cmake_export_targets-extras.cmake
-- Installing: /home/bashesam33/FS-AI/ros2_ws/install/hellocm_msgs/share/hellocm_msgs/cmake/rosidl_cmake_export_typesupport_targets-extras.cmake
-- Up-to-date: /home/bashesam33/FS-AI/ros2_ws/install/hellocm_msgs/share/hellocm_msgs/cmake/rosidl_cmake_export_typesupport_libraries-extras.cmake
-- Installing: /home/bashesam33/FS-AI/ros2_ws/install/hellocm_msgs/share/hellocm_msgs/cmake/hellocm_msgsConfig.cmake
-- Up-to-date: /home/bashesam33/FS-AI/ros2_ws/install/hellocm_msgs/share/hellocm_msgs/cmake/hellocm_msgsConfig-version.cmake
-- Up-to-date: /home/bashesam33/FS-AI/ros2_ws/install/hellocm_msgs/share/hellocm_msgs/package.xml
