[0.008s] Invoking command in '/home/bashesam33/FS-AI/ros2_ws/build/hellocm_msgs': CMAKE_PREFIX_PATH=${CMAKE_PREFIX_PATH}:/opt/ros/jazzy DEBUGINFOD_URLS=https://debuginfod.ubuntu.com /usr/bin/cmake --build /home/bashesam33/FS-AI/ros2_ws/build/hellocm_msgs -- -j12 -l12
[0.054s] [  1%] Generating type hashes for ROS interfaces
[0.068s] [  1%] Built target ament_cmake_python_copy_hellocm_msgs
[0.277s] running egg_info
[0.294s] writing hellocm_msgs.egg-info/PKG-INFO
[0.294s] writing dependency_links to hellocm_msgs.egg-info/dependency_links.txt
[0.294s] writing top-level names to hellocm_msgs.egg-info/top_level.txt
[0.340s] reading manifest file 'hellocm_msgs.egg-info/SOURCES.txt'
[0.342s] writing manifest file 'hellocm_msgs.egg-info/SOURCES.txt'
[0.369s] [  1%] Built target ament_cmake_python_build_hellocm_msgs_egg
[0.483s] [  1%] Built target hellocm_msgs__rosidl_generator_type_description
[0.493s] [  3%] Generating C code for ROS interfaces
[0.506s] [  5%] Generating C++ code for ROS interfaces
[1.047s] [  7%] Building C object CMakeFiles/hellocm_msgs__rosidl_generator_c.dir/rosidl_generator_c/hellocm_msgs/msg/detail/cm2_ext__description.c.o
[1.048s] [ 11%] Building C object CMakeFiles/hellocm_msgs__rosidl_generator_c.dir/rosidl_generator_c/hellocm_msgs/msg/detail/ext2_cm__type_support.c.o
[1.048s] [  9%] Building C object CMakeFiles/hellocm_msgs__rosidl_generator_c.dir/rosidl_generator_c/hellocm_msgs/msg/detail/cm2_ext__functions.c.o
[1.048s] [ 12%] Building C object CMakeFiles/hellocm_msgs__rosidl_generator_c.dir/rosidl_generator_c/hellocm_msgs/msg/detail/ext2_cm__functions.c.o
[1.049s] [ 16%] Building C object CMakeFiles/hellocm_msgs__rosidl_generator_c.dir/rosidl_generator_c/hellocm_msgs/srv/detail/init__functions.c.o
[1.052s] [ 14%] Building C object CMakeFiles/hellocm_msgs__rosidl_generator_c.dir/rosidl_generator_c/hellocm_msgs/msg/detail/ext2_cm__description.c.o
[1.052s] [ 18%] Building C object CMakeFiles/hellocm_msgs__rosidl_generator_c.dir/rosidl_generator_c/hellocm_msgs/srv/detail/init__description.c.o
[1.054s] [ 20%] Building C object CMakeFiles/hellocm_msgs__rosidl_generator_c.dir/rosidl_generator_c/hellocm_msgs/msg/detail/cm2_ext__type_support.c.o
[1.056s] [ 22%] Building C object CMakeFiles/hellocm_msgs__rosidl_generator_c.dir/rosidl_generator_c/hellocm_msgs/srv/detail/init__type_support.c.o
[1.151s] [ 22%] Built target hellocm_msgs__cpp
[1.192s] [ 24%] Linking C shared library libhellocm_msgs__rosidl_generator_c.so
[1.234s] [ 24%] Built target hellocm_msgs__rosidl_generator_c
[1.247s] [ 25%] Generating C++ type support for eProsima Fast-RTPS
[1.252s] [ 27%] Generating C type support for eProsima Fast-RTPS
[1.264s] [ 31%] Generating C++ introspection for ROS interfaces
[1.265s] [ 29%] Generating C++ type support dispatch for ROS interfaces
[1.270s] [ 33%] Generating C introspection for ROS interfaces
[1.277s] [ 35%] Generating C type support dispatch for ROS interfaces
[1.928s] [ 37%] Building CXX object CMakeFiles/hellocm_msgs__rosidl_typesupport_cpp.dir/rosidl_typesupport_cpp/hellocm_msgs/msg/cm2_ext__type_support.cpp.o
[1.929s] [ 38%] Building CXX object CMakeFiles/hellocm_msgs__rosidl_typesupport_cpp.dir/rosidl_typesupport_cpp/hellocm_msgs/msg/ext2_cm__type_support.cpp.o
[1.929s] [ 40%] Building CXX object CMakeFiles/hellocm_msgs__rosidl_typesupport_cpp.dir/rosidl_typesupport_cpp/hellocm_msgs/srv/init__type_support.cpp.o
[2.006s] [ 42%] Building C object CMakeFiles/hellocm_msgs__rosidl_typesupport_introspection_c.dir/rosidl_typesupport_introspection_c/hellocm_msgs/msg/detail/cm2_ext__type_support.c.o
[2.007s] [ 44%] Building C object CMakeFiles/hellocm_msgs__rosidl_typesupport_introspection_c.dir/rosidl_typesupport_introspection_c/hellocm_msgs/srv/detail/init__type_support.c.o
[2.013s] [ 46%] Building C object CMakeFiles/hellocm_msgs__rosidl_typesupport_introspection_c.dir/rosidl_typesupport_introspection_c/hellocm_msgs/msg/detail/ext2_cm__type_support.c.o
[2.017s] [ 50%] Building CXX object CMakeFiles/hellocm_msgs__rosidl_typesupport_introspection_cpp.dir/rosidl_typesupport_introspection_cpp/hellocm_msgs/msg/detail/ext2_cm__type_support.cpp.o
[2.017s] [ 50%] Building CXX object CMakeFiles/hellocm_msgs__rosidl_typesupport_introspection_cpp.dir/rosidl_typesupport_introspection_cpp/hellocm_msgs/msg/detail/cm2_ext__type_support.cpp.o
[2.033s] [ 51%] Building CXX object CMakeFiles/hellocm_msgs__rosidl_typesupport_introspection_cpp.dir/rosidl_typesupport_introspection_cpp/hellocm_msgs/srv/detail/init__type_support.cpp.o
[2.094s] [ 53%] Building CXX object CMakeFiles/hellocm_msgs__rosidl_typesupport_c.dir/rosidl_typesupport_c/hellocm_msgs/msg/cm2_ext__type_support.cpp.o
[2.110s] [ 55%] Building CXX object CMakeFiles/hellocm_msgs__rosidl_typesupport_c.dir/rosidl_typesupport_c/hellocm_msgs/msg/ext2_cm__type_support.cpp.o
[2.110s] [ 57%] Building CXX object CMakeFiles/hellocm_msgs__rosidl_typesupport_c.dir/rosidl_typesupport_c/hellocm_msgs/srv/init__type_support.cpp.o
[2.148s] [ 59%] Linking C shared library libhellocm_msgs__rosidl_typesupport_introspection_c.so
[2.214s] [ 61%] Linking CXX shared library libhellocm_msgs__rosidl_typesupport_c.so
[2.217s] [ 61%] Built target hellocm_msgs__rosidl_typesupport_introspection_c
[2.234s] [ 62%] Building CXX object CMakeFiles/hellocm_msgs__rosidl_typesupport_fastrtps_cpp.dir/rosidl_typesupport_fastrtps_cpp/hellocm_msgs/msg/detail/dds_fastrtps/cm2_ext__type_support.cpp.o
[2.242s] [ 64%] Building CXX object CMakeFiles/hellocm_msgs__rosidl_typesupport_fastrtps_cpp.dir/rosidl_typesupport_fastrtps_cpp/hellocm_msgs/msg/detail/dds_fastrtps/ext2_cm__type_support.cpp.o
[2.245s] [ 66%] Building CXX object CMakeFiles/hellocm_msgs__rosidl_typesupport_fastrtps_cpp.dir/rosidl_typesupport_fastrtps_cpp/hellocm_msgs/srv/detail/dds_fastrtps/init__type_support.cpp.o
[2.275s] [ 66%] Built target hellocm_msgs__rosidl_typesupport_c
[2.386s] [ 68%] Building CXX object CMakeFiles/hellocm_msgs__rosidl_typesupport_fastrtps_c.dir/rosidl_typesupport_fastrtps_c/hellocm_msgs/msg/detail/cm2_ext__type_support_c.cpp.o
[2.390s] [ 70%] Building CXX object CMakeFiles/hellocm_msgs__rosidl_typesupport_fastrtps_c.dir/rosidl_typesupport_fastrtps_c/hellocm_msgs/srv/detail/init__type_support_c.cpp.o
[2.394s] [ 72%] Building CXX object CMakeFiles/hellocm_msgs__rosidl_typesupport_fastrtps_c.dir/rosidl_typesupport_fastrtps_c/hellocm_msgs/msg/detail/ext2_cm__type_support_c.cpp.o
[2.640s] [ 74%] Linking CXX shared library libhellocm_msgs__rosidl_typesupport_introspection_cpp.so
[2.642s] [ 75%] Linking CXX shared library libhellocm_msgs__rosidl_typesupport_cpp.so
[2.736s] [ 75%] Built target hellocm_msgs__rosidl_typesupport_introspection_cpp
[2.739s] [ 75%] Built target hellocm_msgs__rosidl_typesupport_cpp
[2.857s] [ 77%] Linking CXX shared library libhellocm_msgs__rosidl_typesupport_fastrtps_cpp.so
[2.919s] [ 77%] Built target hellocm_msgs__rosidl_typesupport_fastrtps_cpp
[2.945s] [ 79%] Linking CXX shared library libhellocm_msgs__rosidl_typesupport_fastrtps_c.so
[3.004s] [ 79%] Built target hellocm_msgs__rosidl_typesupport_fastrtps_c
[3.022s] [ 79%] Built target hellocm_msgs
[3.045s] [ 81%] Generating Python code for ROS interfaces
[3.528s] [ 81%] Built target hellocm_msgs__py
[3.550s] [ 83%] Building C object CMakeFiles/hellocm_msgs__rosidl_generator_py.dir/rosidl_generator_py/hellocm_msgs/msg/_ext2_cm_s.c.o
[3.553s] [ 87%] Building C object CMakeFiles/hellocm_msgs__rosidl_generator_py.dir/rosidl_generator_py/hellocm_msgs/srv/_init_s.c.o
[3.553s] [ 87%] Building C object CMakeFiles/hellocm_msgs__rosidl_generator_py.dir/rosidl_generator_py/hellocm_msgs/msg/_cm2_ext_s.c.o
[3.652s] [ 88%] Linking C shared library libhellocm_msgs__rosidl_generator_py.so
[3.688s] [ 88%] Built target hellocm_msgs__rosidl_generator_py
[3.704s] [ 90%] Building C object CMakeFiles/hellocm_msgs_s__rosidl_typesupport_introspection_c.dir/rosidl_generator_py/hellocm_msgs/_hellocm_msgs_s.ep.rosidl_typesupport_introspection_c.c.o
[3.705s] [ 92%] Building C object CMakeFiles/hellocm_msgs_s__rosidl_typesupport_fastrtps_c.dir/rosidl_generator_py/hellocm_msgs/_hellocm_msgs_s.ep.rosidl_typesupport_fastrtps_c.c.o
[3.706s] [ 94%] Building C object CMakeFiles/hellocm_msgs_s__rosidl_typesupport_c.dir/rosidl_generator_py/hellocm_msgs/_hellocm_msgs_s.ep.rosidl_typesupport_c.c.o
[3.780s] [ 96%] Linking C shared module rosidl_generator_py/hellocm_msgs/hellocm_msgs_s__rosidl_typesupport_introspection_c.so
[3.781s] [ 98%] Linking C shared module rosidl_generator_py/hellocm_msgs/hellocm_msgs_s__rosidl_typesupport_fastrtps_c.so
[3.795s] [100%] Linking C shared module rosidl_generator_py/hellocm_msgs/hellocm_msgs_s__rosidl_typesupport_c.so
[3.806s] [100%] Built target hellocm_msgs_s__rosidl_typesupport_introspection_c
[3.806s] [100%] Built target hellocm_msgs_s__rosidl_typesupport_fastrtps_c
[3.818s] [100%] Built target hellocm_msgs_s__rosidl_typesupport_c
[3.829s] Invoked command in '/home/bashesam33/FS-AI/ros2_ws/build/hellocm_msgs' returned '0': CMAKE_PREFIX_PATH=${CMAKE_PREFIX_PATH}:/opt/ros/jazzy DEBUGINFOD_URLS=https://debuginfod.ubuntu.com /usr/bin/cmake --build /home/bashesam33/FS-AI/ros2_ws/build/hellocm_msgs -- -j12 -l12
[3.830s] Invoking command in '/home/bashesam33/FS-AI/ros2_ws/build/hellocm_msgs': CMAKE_PREFIX_PATH=${CMAKE_PREFIX_PATH}:/opt/ros/jazzy DEBUGINFOD_URLS=https://debuginfod.ubuntu.com /usr/bin/cmake --install /home/bashesam33/FS-AI/ros2_ws/build/hellocm_msgs
[3.837s] -- Install configuration: ""
[3.837s] -- Installing: /home/bashesam33/FS-AI/ros2_ws/install/hellocm_msgs/share/ament_index/resource_index/rosidl_interfaces/hellocm_msgs
[3.837s] -- Installing: /home/bashesam33/FS-AI/ros2_ws/install/hellocm_msgs/share/hellocm_msgs/msg/CM2Ext.json
[3.838s] -- Installing: /home/bashesam33/FS-AI/ros2_ws/install/hellocm_msgs/share/hellocm_msgs/msg/Ext2CM.json
[3.838s] -- Installing: /home/bashesam33/FS-AI/ros2_ws/install/hellocm_msgs/share/hellocm_msgs/srv/Init.json
[3.838s] -- Up-to-date: /home/bashesam33/FS-AI/ros2_ws/install/hellocm_msgs/include/hellocm_msgs/hellocm_msgs
[3.839s] -- Up-to-date: /home/bashesam33/FS-AI/ros2_ws/install/hellocm_msgs/include/hellocm_msgs/hellocm_msgs/msg
[3.839s] -- Installing: /home/bashesam33/FS-AI/ros2_ws/install/hellocm_msgs/include/hellocm_msgs/hellocm_msgs/msg/ext2_cm.h
[3.839s] -- Up-to-date: /home/bashesam33/FS-AI/ros2_ws/install/hellocm_msgs/include/hellocm_msgs/hellocm_msgs/msg/detail
[3.839s] -- Installing: /home/bashesam33/FS-AI/ros2_ws/install/hellocm_msgs/include/hellocm_msgs/hellocm_msgs/msg/detail/ext2_cm__struct.h
[3.839s] -- Installing: /home/bashesam33/FS-AI/ros2_ws/install/hellocm_msgs/include/hellocm_msgs/hellocm_msgs/msg/detail/cm2_ext__functions.h
[3.839s] -- Installing: /home/bashesam33/FS-AI/ros2_ws/install/hellocm_msgs/include/hellocm_msgs/hellocm_msgs/msg/detail/ext2_cm__functions.c
[3.839s] -- Installing: /home/bashesam33/FS-AI/ros2_ws/install/hellocm_msgs/include/hellocm_msgs/hellocm_msgs/msg/detail/ext2_cm__type_support.h
[3.839s] -- Installing: /home/bashesam33/FS-AI/ros2_ws/install/hellocm_msgs/include/hellocm_msgs/hellocm_msgs/msg/detail/cm2_ext__type_support.h
[3.840s] -- Installing: /home/bashesam33/FS-AI/ros2_ws/install/hellocm_msgs/include/hellocm_msgs/hellocm_msgs/msg/detail/ext2_cm__functions.h
[3.840s] -- Installing: /home/bashesam33/FS-AI/ros2_ws/install/hellocm_msgs/include/hellocm_msgs/hellocm_msgs/msg/detail/ext2_cm__type_support.c
[3.840s] -- Installing: /home/bashesam33/FS-AI/ros2_ws/install/hellocm_msgs/include/hellocm_msgs/hellocm_msgs/msg/detail/cm2_ext__struct.h
[3.840s] -- Installing: /home/bashesam33/FS-AI/ros2_ws/install/hellocm_msgs/include/hellocm_msgs/hellocm_msgs/msg/detail/cm2_ext__functions.c
[3.840s] -- Installing: /home/bashesam33/FS-AI/ros2_ws/install/hellocm_msgs/include/hellocm_msgs/hellocm_msgs/msg/detail/ext2_cm__description.c
[3.840s] -- Installing: /home/bashesam33/FS-AI/ros2_ws/install/hellocm_msgs/include/hellocm_msgs/hellocm_msgs/msg/detail/cm2_ext__description.c
[3.840s] -- Installing: /home/bashesam33/FS-AI/ros2_ws/install/hellocm_msgs/include/hellocm_msgs/hellocm_msgs/msg/detail/cm2_ext__type_support.c
[3.840s] -- Up-to-date: /home/bashesam33/FS-AI/ros2_ws/install/hellocm_msgs/include/hellocm_msgs/hellocm_msgs/msg/rosidl_generator_c__visibility_control.h
[3.840s] -- Installing: /home/bashesam33/FS-AI/ros2_ws/install/hellocm_msgs/include/hellocm_msgs/hellocm_msgs/msg/cm2_ext.h
[3.840s] -- Up-to-date: /home/bashesam33/FS-AI/ros2_ws/install/hellocm_msgs/include/hellocm_msgs/hellocm_msgs/srv
[3.840s] -- Up-to-date: /home/bashesam33/FS-AI/ros2_ws/install/hellocm_msgs/include/hellocm_msgs/hellocm_msgs/srv/detail
[3.840s] -- Installing: /home/bashesam33/FS-AI/ros2_ws/install/hellocm_msgs/include/hellocm_msgs/hellocm_msgs/srv/detail/init__struct.h
[3.840s] -- Installing: /home/bashesam33/FS-AI/ros2_ws/install/hellocm_msgs/include/hellocm_msgs/hellocm_msgs/srv/detail/init__type_support.c
[3.840s] -- Installing: /home/bashesam33/FS-AI/ros2_ws/install/hellocm_msgs/include/hellocm_msgs/hellocm_msgs/srv/detail/init__description.c
[3.840s] -- Installing: /home/bashesam33/FS-AI/ros2_ws/install/hellocm_msgs/include/hellocm_msgs/hellocm_msgs/srv/detail/init__functions.c
[3.840s] -- Installing: /home/bashesam33/FS-AI/ros2_ws/install/hellocm_msgs/include/hellocm_msgs/hellocm_msgs/srv/detail/init__functions.h
[3.840s] -- Installing: /home/bashesam33/FS-AI/ros2_ws/install/hellocm_msgs/include/hellocm_msgs/hellocm_msgs/srv/detail/init__type_support.h
[3.840s] -- Installing: /home/bashesam33/FS-AI/ros2_ws/install/hellocm_msgs/include/hellocm_msgs/hellocm_msgs/srv/init.h
[3.840s] -- Installing: /home/bashesam33/FS-AI/ros2_ws/install/hellocm_msgs/share/hellocm_msgs/environment/library_path.sh
[3.840s] -- Up-to-date: /home/bashesam33/FS-AI/ros2_ws/install/hellocm_msgs/share/hellocm_msgs/environment/library_path.dsv
[3.840s] -- Installing: /home/bashesam33/FS-AI/ros2_ws/install/hellocm_msgs/lib/libhellocm_msgs__rosidl_generator_c.so
[3.840s] -- Set non-toolchain portion of runtime path of "/home/bashesam33/FS-AI/ros2_ws/install/hellocm_msgs/lib/libhellocm_msgs__rosidl_generator_c.so" to ""
[3.840s] -- Up-to-date: /home/bashesam33/FS-AI/ros2_ws/install/hellocm_msgs/include/hellocm_msgs/hellocm_msgs
[3.840s] -- Up-to-date: /home/bashesam33/FS-AI/ros2_ws/install/hellocm_msgs/include/hellocm_msgs/hellocm_msgs/msg
[3.841s] -- Up-to-date: /home/bashesam33/FS-AI/ros2_ws/install/hellocm_msgs/include/hellocm_msgs/hellocm_msgs/msg/rosidl_typesupport_fastrtps_c__visibility_control.h
[3.841s] -- Up-to-date: /home/bashesam33/FS-AI/ros2_ws/install/hellocm_msgs/include/hellocm_msgs/hellocm_msgs/msg/detail
[3.841s] -- Installing: /home/bashesam33/FS-AI/ros2_ws/install/hellocm_msgs/include/hellocm_msgs/hellocm_msgs/msg/detail/ext2_cm__rosidl_typesupport_fastrtps_c.h
[3.841s] -- Installing: /home/bashesam33/FS-AI/ros2_ws/install/hellocm_msgs/include/hellocm_msgs/hellocm_msgs/msg/detail/cm2_ext__rosidl_typesupport_fastrtps_c.h
[3.841s] -- Up-to-date: /home/bashesam33/FS-AI/ros2_ws/install/hellocm_msgs/include/hellocm_msgs/hellocm_msgs/srv
[3.841s] -- Up-to-date: /home/bashesam33/FS-AI/ros2_ws/install/hellocm_msgs/include/hellocm_msgs/hellocm_msgs/srv/detail
[3.841s] -- Installing: /home/bashesam33/FS-AI/ros2_ws/install/hellocm_msgs/include/hellocm_msgs/hellocm_msgs/srv/detail/init__rosidl_typesupport_fastrtps_c.h
[3.841s] -- Installing: /home/bashesam33/FS-AI/ros2_ws/install/hellocm_msgs/lib/libhellocm_msgs__rosidl_typesupport_fastrtps_c.so
[3.841s] -- Set non-toolchain portion of runtime path of "/home/bashesam33/FS-AI/ros2_ws/install/hellocm_msgs/lib/libhellocm_msgs__rosidl_typesupport_fastrtps_c.so" to ""
[3.841s] -- Up-to-date: /home/bashesam33/FS-AI/ros2_ws/install/hellocm_msgs/include/hellocm_msgs/hellocm_msgs
[3.841s] -- Up-to-date: /home/bashesam33/FS-AI/ros2_ws/install/hellocm_msgs/include/hellocm_msgs/hellocm_msgs/msg
[3.841s] -- Up-to-date: /home/bashesam33/FS-AI/ros2_ws/install/hellocm_msgs/include/hellocm_msgs/hellocm_msgs/msg/detail
[3.841s] -- Installing: /home/bashesam33/FS-AI/ros2_ws/install/hellocm_msgs/include/hellocm_msgs/hellocm_msgs/msg/detail/cm2_ext__rosidl_typesupport_introspection_c.h
[3.841s] -- Installing: /home/bashesam33/FS-AI/ros2_ws/install/hellocm_msgs/include/hellocm_msgs/hellocm_msgs/msg/detail/ext2_cm__rosidl_typesupport_introspection_c.h
[3.841s] -- Installing: /home/bashesam33/FS-AI/ros2_ws/install/hellocm_msgs/include/hellocm_msgs/hellocm_msgs/msg/detail/ext2_cm__type_support.c
[3.841s] -- Installing: /home/bashesam33/FS-AI/ros2_ws/install/hellocm_msgs/include/hellocm_msgs/hellocm_msgs/msg/detail/cm2_ext__type_support.c
[3.841s] -- Up-to-date: /home/bashesam33/FS-AI/ros2_ws/install/hellocm_msgs/include/hellocm_msgs/hellocm_msgs/msg/rosidl_typesupport_introspection_c__visibility_control.h
[3.841s] -- Up-to-date: /home/bashesam33/FS-AI/ros2_ws/install/hellocm_msgs/include/hellocm_msgs/hellocm_msgs/srv
[3.841s] -- Up-to-date: /home/bashesam33/FS-AI/ros2_ws/install/hellocm_msgs/include/hellocm_msgs/hellocm_msgs/srv/detail
[3.841s] -- Installing: /home/bashesam33/FS-AI/ros2_ws/install/hellocm_msgs/include/hellocm_msgs/hellocm_msgs/srv/detail/init__type_support.c
[3.841s] -- Installing: /home/bashesam33/FS-AI/ros2_ws/install/hellocm_msgs/include/hellocm_msgs/hellocm_msgs/srv/detail/init__rosidl_typesupport_introspection_c.h
[3.841s] -- Installing: /home/bashesam33/FS-AI/ros2_ws/install/hellocm_msgs/lib/libhellocm_msgs__rosidl_typesupport_introspection_c.so
[3.841s] -- Set non-toolchain portion of runtime path of "/home/bashesam33/FS-AI/ros2_ws/install/hellocm_msgs/lib/libhellocm_msgs__rosidl_typesupport_introspection_c.so" to ""
[3.841s] -- Installing: /home/bashesam33/FS-AI/ros2_ws/install/hellocm_msgs/lib/libhellocm_msgs__rosidl_typesupport_c.so
[3.842s] -- Set non-toolchain portion of runtime path of "/home/bashesam33/FS-AI/ros2_ws/install/hellocm_msgs/lib/libhellocm_msgs__rosidl_typesupport_c.so" to ""
[3.842s] -- Up-to-date: /home/bashesam33/FS-AI/ros2_ws/install/hellocm_msgs/include/hellocm_msgs/hellocm_msgs
[3.842s] -- Up-to-date: /home/bashesam33/FS-AI/ros2_ws/install/hellocm_msgs/include/hellocm_msgs/hellocm_msgs/msg
[3.842s] -- Up-to-date: /home/bashesam33/FS-AI/ros2_ws/install/hellocm_msgs/include/hellocm_msgs/hellocm_msgs/msg/detail
[3.842s] -- Installing: /home/bashesam33/FS-AI/ros2_ws/install/hellocm_msgs/include/hellocm_msgs/hellocm_msgs/msg/detail/ext2_cm__type_support.hpp
[3.842s] -- Installing: /home/bashesam33/FS-AI/ros2_ws/install/hellocm_msgs/include/hellocm_msgs/hellocm_msgs/msg/detail/ext2_cm__struct.hpp
[3.842s] -- Installing: /home/bashesam33/FS-AI/ros2_ws/install/hellocm_msgs/include/hellocm_msgs/hellocm_msgs/msg/detail/cm2_ext__struct.hpp
[3.842s] -- Installing: /home/bashesam33/FS-AI/ros2_ws/install/hellocm_msgs/include/hellocm_msgs/hellocm_msgs/msg/detail/ext2_cm__traits.hpp
[3.842s] -- Installing: /home/bashesam33/FS-AI/ros2_ws/install/hellocm_msgs/include/hellocm_msgs/hellocm_msgs/msg/detail/cm2_ext__traits.hpp
[3.842s] -- Installing: /home/bashesam33/FS-AI/ros2_ws/install/hellocm_msgs/include/hellocm_msgs/hellocm_msgs/msg/detail/ext2_cm__builder.hpp
[3.842s] -- Installing: /home/bashesam33/FS-AI/ros2_ws/install/hellocm_msgs/include/hellocm_msgs/hellocm_msgs/msg/detail/cm2_ext__builder.hpp
[3.842s] -- Installing: /home/bashesam33/FS-AI/ros2_ws/install/hellocm_msgs/include/hellocm_msgs/hellocm_msgs/msg/detail/cm2_ext__type_support.hpp
[3.842s] -- Installing: /home/bashesam33/FS-AI/ros2_ws/install/hellocm_msgs/include/hellocm_msgs/hellocm_msgs/msg/ext2_cm.hpp
[3.842s] -- Installing: /home/bashesam33/FS-AI/ros2_ws/install/hellocm_msgs/include/hellocm_msgs/hellocm_msgs/msg/rosidl_generator_cpp__visibility_control.hpp
[3.842s] -- Installing: /home/bashesam33/FS-AI/ros2_ws/install/hellocm_msgs/include/hellocm_msgs/hellocm_msgs/msg/cm2_ext.hpp
[3.842s] -- Up-to-date: /home/bashesam33/FS-AI/ros2_ws/install/hellocm_msgs/include/hellocm_msgs/hellocm_msgs/srv
[3.842s] -- Installing: /home/bashesam33/FS-AI/ros2_ws/install/hellocm_msgs/include/hellocm_msgs/hellocm_msgs/srv/init.hpp
[3.842s] -- Up-to-date: /home/bashesam33/FS-AI/ros2_ws/install/hellocm_msgs/include/hellocm_msgs/hellocm_msgs/srv/detail
[3.843s] -- Installing: /home/bashesam33/FS-AI/ros2_ws/install/hellocm_msgs/include/hellocm_msgs/hellocm_msgs/srv/detail/init__traits.hpp
[3.843s] -- Installing: /home/bashesam33/FS-AI/ros2_ws/install/hellocm_msgs/include/hellocm_msgs/hellocm_msgs/srv/detail/init__struct.hpp
[3.843s] -- Installing: /home/bashesam33/FS-AI/ros2_ws/install/hellocm_msgs/include/hellocm_msgs/hellocm_msgs/srv/detail/init__type_support.hpp
[3.843s] -- Installing: /home/bashesam33/FS-AI/ros2_ws/install/hellocm_msgs/include/hellocm_msgs/hellocm_msgs/srv/detail/init__builder.hpp
[3.843s] -- Up-to-date: /home/bashesam33/FS-AI/ros2_ws/install/hellocm_msgs/include/hellocm_msgs/hellocm_msgs
[3.843s] -- Up-to-date: /home/bashesam33/FS-AI/ros2_ws/install/hellocm_msgs/include/hellocm_msgs/hellocm_msgs/msg
[3.843s] -- Up-to-date: /home/bashesam33/FS-AI/ros2_ws/install/hellocm_msgs/include/hellocm_msgs/hellocm_msgs/msg/detail
[3.843s] -- Installing: /home/bashesam33/FS-AI/ros2_ws/install/hellocm_msgs/include/hellocm_msgs/hellocm_msgs/msg/detail/cm2_ext__rosidl_typesupport_fastrtps_cpp.hpp
[3.843s] -- Installing: /home/bashesam33/FS-AI/ros2_ws/install/hellocm_msgs/include/hellocm_msgs/hellocm_msgs/msg/detail/ext2_cm__rosidl_typesupport_fastrtps_cpp.hpp
[3.843s] -- Up-to-date: /home/bashesam33/FS-AI/ros2_ws/install/hellocm_msgs/include/hellocm_msgs/hellocm_msgs/msg/detail/dds_fastrtps
[3.843s] -- Up-to-date: /home/bashesam33/FS-AI/ros2_ws/install/hellocm_msgs/include/hellocm_msgs/hellocm_msgs/msg/rosidl_typesupport_fastrtps_cpp__visibility_control.h
[3.843s] -- Up-to-date: /home/bashesam33/FS-AI/ros2_ws/install/hellocm_msgs/include/hellocm_msgs/hellocm_msgs/srv
[3.843s] -- Up-to-date: /home/bashesam33/FS-AI/ros2_ws/install/hellocm_msgs/include/hellocm_msgs/hellocm_msgs/srv/detail
[3.843s] -- Installing: /home/bashesam33/FS-AI/ros2_ws/install/hellocm_msgs/include/hellocm_msgs/hellocm_msgs/srv/detail/init__rosidl_typesupport_fastrtps_cpp.hpp
[3.843s] -- Up-to-date: /home/bashesam33/FS-AI/ros2_ws/install/hellocm_msgs/include/hellocm_msgs/hellocm_msgs/srv/detail/dds_fastrtps
[3.843s] -- Installing: /home/bashesam33/FS-AI/ros2_ws/install/hellocm_msgs/lib/libhellocm_msgs__rosidl_typesupport_fastrtps_cpp.so
[3.843s] -- Set non-toolchain portion of runtime path of "/home/bashesam33/FS-AI/ros2_ws/install/hellocm_msgs/lib/libhellocm_msgs__rosidl_typesupport_fastrtps_cpp.so" to ""
[3.843s] -- Up-to-date: /home/bashesam33/FS-AI/ros2_ws/install/hellocm_msgs/include/hellocm_msgs/hellocm_msgs
[3.843s] -- Up-to-date: /home/bashesam33/FS-AI/ros2_ws/install/hellocm_msgs/include/hellocm_msgs/hellocm_msgs/msg
[3.843s] -- Up-to-date: /home/bashesam33/FS-AI/ros2_ws/install/hellocm_msgs/include/hellocm_msgs/hellocm_msgs/msg/detail
[3.843s] -- Installing: /home/bashesam33/FS-AI/ros2_ws/install/hellocm_msgs/include/hellocm_msgs/hellocm_msgs/msg/detail/ext2_cm__rosidl_typesupport_introspection_cpp.hpp
[3.843s] -- Installing: /home/bashesam33/FS-AI/ros2_ws/install/hellocm_msgs/include/hellocm_msgs/hellocm_msgs/msg/detail/cm2_ext__type_support.cpp
[3.843s] -- Installing: /home/bashesam33/FS-AI/ros2_ws/install/hellocm_msgs/include/hellocm_msgs/hellocm_msgs/msg/detail/cm2_ext__rosidl_typesupport_introspection_cpp.hpp
[3.844s] -- Installing: /home/bashesam33/FS-AI/ros2_ws/install/hellocm_msgs/include/hellocm_msgs/hellocm_msgs/msg/detail/ext2_cm__type_support.cpp
[3.844s] -- Up-to-date: /home/bashesam33/FS-AI/ros2_ws/install/hellocm_msgs/include/hellocm_msgs/hellocm_msgs/srv
[3.844s] -- Up-to-date: /home/bashesam33/FS-AI/ros2_ws/install/hellocm_msgs/include/hellocm_msgs/hellocm_msgs/srv/detail
[3.844s] -- Installing: /home/bashesam33/FS-AI/ros2_ws/install/hellocm_msgs/include/hellocm_msgs/hellocm_msgs/srv/detail/init__type_support.cpp
[3.844s] -- Installing: /home/bashesam33/FS-AI/ros2_ws/install/hellocm_msgs/include/hellocm_msgs/hellocm_msgs/srv/detail/init__rosidl_typesupport_introspection_cpp.hpp
[3.844s] -- Installing: /home/bashesam33/FS-AI/ros2_ws/install/hellocm_msgs/lib/libhellocm_msgs__rosidl_typesupport_introspection_cpp.so
[3.844s] -- Set non-toolchain portion of runtime path of "/home/bashesam33/FS-AI/ros2_ws/install/hellocm_msgs/lib/libhellocm_msgs__rosidl_typesupport_introspection_cpp.so" to ""
[3.844s] -- Installing: /home/bashesam33/FS-AI/ros2_ws/install/hellocm_msgs/lib/libhellocm_msgs__rosidl_typesupport_cpp.so
[3.844s] -- Set non-toolchain portion of runtime path of "/home/bashesam33/FS-AI/ros2_ws/install/hellocm_msgs/lib/libhellocm_msgs__rosidl_typesupport_cpp.so" to ""
[3.844s] -- Installing: /home/bashesam33/FS-AI/ros2_ws/install/hellocm_msgs/share/hellocm_msgs/environment/pythonpath.sh
[3.844s] -- Installing: /home/bashesam33/FS-AI/ros2_ws/install/hellocm_msgs/share/hellocm_msgs/environment/pythonpath.dsv
[3.844s] -- Installing: /home/bashesam33/FS-AI/ros2_ws/install/hellocm_msgs/lib/python3.12/site-packages/hellocm_msgs-0.1.0-py3.12.egg-info
[3.844s] -- Installing: /home/bashesam33/FS-AI/ros2_ws/install/hellocm_msgs/lib/python3.12/site-packages/hellocm_msgs-0.1.0-py3.12.egg-info/SOURCES.txt
[3.844s] -- Installing: /home/bashesam33/FS-AI/ros2_ws/install/hellocm_msgs/lib/python3.12/site-packages/hellocm_msgs-0.1.0-py3.12.egg-info/top_level.txt
[3.844s] -- Installing: /home/bashesam33/FS-AI/ros2_ws/install/hellocm_msgs/lib/python3.12/site-packages/hellocm_msgs-0.1.0-py3.12.egg-info/PKG-INFO
[3.844s] -- Installing: /home/bashesam33/FS-AI/ros2_ws/install/hellocm_msgs/lib/python3.12/site-packages/hellocm_msgs-0.1.0-py3.12.egg-info/dependency_links.txt
[3.844s] -- Installing: /home/bashesam33/FS-AI/ros2_ws/install/hellocm_msgs/lib/python3.12/site-packages/hellocm_msgs
[3.844s] -- Installing: /home/bashesam33/FS-AI/ros2_ws/install/hellocm_msgs/lib/python3.12/site-packages/hellocm_msgs/hellocm_msgs_s__rosidl_typesupport_c.cpython-310-x86_64-linux-gnu.so
[3.844s] -- Installing: /home/bashesam33/FS-AI/ros2_ws/install/hellocm_msgs/lib/python3.12/site-packages/hellocm_msgs/hellocm_msgs_s__rosidl_typesupport_fastrtps_c.so
[3.844s] -- Installing: /home/bashesam33/FS-AI/ros2_ws/install/hellocm_msgs/lib/python3.12/site-packages/hellocm_msgs/libhellocm_msgs__rosidl_generator_py.so
[3.844s] -- Installing: /home/bashesam33/FS-AI/ros2_ws/install/hellocm_msgs/lib/python3.12/site-packages/hellocm_msgs/hellocm_msgs_s__rosidl_typesupport_fastrtps_c.cpython-310-x86_64-linux-gnu.so
[3.844s] -- Installing: /home/bashesam33/FS-AI/ros2_ws/install/hellocm_msgs/lib/python3.12/site-packages/hellocm_msgs/__init__.py
[3.844s] -- Installing: /home/bashesam33/FS-AI/ros2_ws/install/hellocm_msgs/lib/python3.12/site-packages/hellocm_msgs/hellocm_msgs_s__rosidl_typesupport_introspection_c.so
[3.844s] -- Installing: /home/bashesam33/FS-AI/ros2_ws/install/hellocm_msgs/lib/python3.12/site-packages/hellocm_msgs/msg
[3.845s] -- Installing: /home/bashesam33/FS-AI/ros2_ws/install/hellocm_msgs/lib/python3.12/site-packages/hellocm_msgs/msg/__init__.py
[3.845s] -- Installing: /home/bashesam33/FS-AI/ros2_ws/install/hellocm_msgs/lib/python3.12/site-packages/hellocm_msgs/msg/_ext2_cm_s.c
[3.845s] -- Installing: /home/bashesam33/FS-AI/ros2_ws/install/hellocm_msgs/lib/python3.12/site-packages/hellocm_msgs/msg/_cm2_ext_s.c
[3.845s] -- Installing: /home/bashesam33/FS-AI/ros2_ws/install/hellocm_msgs/lib/python3.12/site-packages/hellocm_msgs/msg/_ext2_cm.py
[3.845s] -- Installing: /home/bashesam33/FS-AI/ros2_ws/install/hellocm_msgs/lib/python3.12/site-packages/hellocm_msgs/msg/_cm2_ext.py
[3.845s] -- Installing: /home/bashesam33/FS-AI/ros2_ws/install/hellocm_msgs/lib/python3.12/site-packages/hellocm_msgs/_hellocm_msgs_s.ep.rosidl_typesupport_c.c
[3.845s] -- Installing: /home/bashesam33/FS-AI/ros2_ws/install/hellocm_msgs/lib/python3.12/site-packages/hellocm_msgs/hellocm_msgs_s__rosidl_typesupport_introspection_c.cpython-310-x86_64-linux-gnu.so
[3.845s] -- Installing: /home/bashesam33/FS-AI/ros2_ws/install/hellocm_msgs/lib/python3.12/site-packages/hellocm_msgs/hellocm_msgs_s__rosidl_typesupport_c.so
[3.845s] -- Installing: /home/bashesam33/FS-AI/ros2_ws/install/hellocm_msgs/lib/python3.12/site-packages/hellocm_msgs/_hellocm_msgs_s.ep.rosidl_typesupport_fastrtps_c.c
[3.845s] -- Installing: /home/bashesam33/FS-AI/ros2_ws/install/hellocm_msgs/lib/python3.12/site-packages/hellocm_msgs/srv
[3.845s] -- Installing: /home/bashesam33/FS-AI/ros2_ws/install/hellocm_msgs/lib/python3.12/site-packages/hellocm_msgs/srv/__init__.py
[3.845s] -- Installing: /home/bashesam33/FS-AI/ros2_ws/install/hellocm_msgs/lib/python3.12/site-packages/hellocm_msgs/srv/_init.py
[3.845s] -- Installing: /home/bashesam33/FS-AI/ros2_ws/install/hellocm_msgs/lib/python3.12/site-packages/hellocm_msgs/srv/_init_s.c
[3.845s] -- Installing: /home/bashesam33/FS-AI/ros2_ws/install/hellocm_msgs/lib/python3.12/site-packages/hellocm_msgs/_hellocm_msgs_s.ep.rosidl_typesupport_introspection_c.c
[3.875s] Listing '/home/bashesam33/FS-AI/ros2_ws/install/hellocm_msgs/lib/python3.12/site-packages/hellocm_msgs'...
[3.875s] Compiling '/home/bashesam33/FS-AI/ros2_ws/install/hellocm_msgs/lib/python3.12/site-packages/hellocm_msgs/__init__.py'...
[3.875s] Listing '/home/bashesam33/FS-AI/ros2_ws/install/hellocm_msgs/lib/python3.12/site-packages/hellocm_msgs/msg'...
[3.875s] Compiling '/home/bashesam33/FS-AI/ros2_ws/install/hellocm_msgs/lib/python3.12/site-packages/hellocm_msgs/msg/__init__.py'...
[3.875s] Compiling '/home/bashesam33/FS-AI/ros2_ws/install/hellocm_msgs/lib/python3.12/site-packages/hellocm_msgs/msg/_cm2_ext.py'...
[3.875s] Compiling '/home/bashesam33/FS-AI/ros2_ws/install/hellocm_msgs/lib/python3.12/site-packages/hellocm_msgs/msg/_ext2_cm.py'...
[3.875s] Listing '/home/bashesam33/FS-AI/ros2_ws/install/hellocm_msgs/lib/python3.12/site-packages/hellocm_msgs/srv'...
[3.875s] Compiling '/home/bashesam33/FS-AI/ros2_ws/install/hellocm_msgs/lib/python3.12/site-packages/hellocm_msgs/srv/__init__.py'...
[3.875s] Compiling '/home/bashesam33/FS-AI/ros2_ws/install/hellocm_msgs/lib/python3.12/site-packages/hellocm_msgs/srv/_init.py'...
[3.879s] -- Installing: /home/bashesam33/FS-AI/ros2_ws/install/hellocm_msgs/lib/python3.12/site-packages/hellocm_msgs/hellocm_msgs_s__rosidl_typesupport_fastrtps_c.so
[3.879s] -- Set non-toolchain portion of runtime path of "/home/bashesam33/FS-AI/ros2_ws/install/hellocm_msgs/lib/python3.12/site-packages/hellocm_msgs/hellocm_msgs_s__rosidl_typesupport_fastrtps_c.so" to ""
[3.879s] -- Installing: /home/bashesam33/FS-AI/ros2_ws/install/hellocm_msgs/lib/python3.12/site-packages/hellocm_msgs/hellocm_msgs_s__rosidl_typesupport_introspection_c.so
[3.880s] -- Set non-toolchain portion of runtime path of "/home/bashesam33/FS-AI/ros2_ws/install/hellocm_msgs/lib/python3.12/site-packages/hellocm_msgs/hellocm_msgs_s__rosidl_typesupport_introspection_c.so" to ""
[3.880s] -- Installing: /home/bashesam33/FS-AI/ros2_ws/install/hellocm_msgs/lib/python3.12/site-packages/hellocm_msgs/hellocm_msgs_s__rosidl_typesupport_c.so
[3.880s] -- Set non-toolchain portion of runtime path of "/home/bashesam33/FS-AI/ros2_ws/install/hellocm_msgs/lib/python3.12/site-packages/hellocm_msgs/hellocm_msgs_s__rosidl_typesupport_c.so" to ""
[3.880s] -- Installing: /home/bashesam33/FS-AI/ros2_ws/install/hellocm_msgs/lib/libhellocm_msgs__rosidl_generator_py.so
[3.880s] -- Set non-toolchain portion of runtime path of "/home/bashesam33/FS-AI/ros2_ws/install/hellocm_msgs/lib/libhellocm_msgs__rosidl_generator_py.so" to ""
[3.880s] -- Up-to-date: /home/bashesam33/FS-AI/ros2_ws/install/hellocm_msgs/share/hellocm_msgs/msg/CM2Ext.idl
[3.880s] -- Up-to-date: /home/bashesam33/FS-AI/ros2_ws/install/hellocm_msgs/share/hellocm_msgs/msg/Ext2CM.idl
[3.880s] -- Up-to-date: /home/bashesam33/FS-AI/ros2_ws/install/hellocm_msgs/share/hellocm_msgs/srv/Init.idl
[3.880s] -- Up-to-date: /home/bashesam33/FS-AI/ros2_ws/install/hellocm_msgs/share/hellocm_msgs/msg/CM2Ext.msg
[3.880s] -- Up-to-date: /home/bashesam33/FS-AI/ros2_ws/install/hellocm_msgs/share/hellocm_msgs/msg/Ext2CM.msg
[3.880s] -- Up-to-date: /home/bashesam33/FS-AI/ros2_ws/install/hellocm_msgs/share/hellocm_msgs/srv/Init.srv
[3.881s] -- Up-to-date: /home/bashesam33/FS-AI/ros2_ws/install/hellocm_msgs/share/ament_index/resource_index/package_run_dependencies/hellocm_msgs
[3.881s] -- Installing: /home/bashesam33/FS-AI/ros2_ws/install/hellocm_msgs/share/ament_index/resource_index/parent_prefix_path/hellocm_msgs
[3.881s] -- Installing: /home/bashesam33/FS-AI/ros2_ws/install/hellocm_msgs/share/hellocm_msgs/environment/ament_prefix_path.sh
[3.881s] -- Up-to-date: /home/bashesam33/FS-AI/ros2_ws/install/hellocm_msgs/share/hellocm_msgs/environment/ament_prefix_path.dsv
[3.881s] -- Installing: /home/bashesam33/FS-AI/ros2_ws/install/hellocm_msgs/share/hellocm_msgs/environment/path.sh
[3.881s] -- Up-to-date: /home/bashesam33/FS-AI/ros2_ws/install/hellocm_msgs/share/hellocm_msgs/environment/path.dsv
[3.881s] -- Up-to-date: /home/bashesam33/FS-AI/ros2_ws/install/hellocm_msgs/share/hellocm_msgs/local_setup.bash
[3.881s] -- Installing: /home/bashesam33/FS-AI/ros2_ws/install/hellocm_msgs/share/hellocm_msgs/local_setup.sh
[3.881s] -- Up-to-date: /home/bashesam33/FS-AI/ros2_ws/install/hellocm_msgs/share/hellocm_msgs/local_setup.zsh
[3.881s] -- Up-to-date: /home/bashesam33/FS-AI/ros2_ws/install/hellocm_msgs/share/hellocm_msgs/local_setup.dsv
[3.881s] -- Installing: /home/bashesam33/FS-AI/ros2_ws/install/hellocm_msgs/share/hellocm_msgs/package.dsv
[3.881s] -- Up-to-date: /home/bashesam33/FS-AI/ros2_ws/install/hellocm_msgs/share/ament_index/resource_index/packages/hellocm_msgs
[3.881s] -- Old export file "/home/bashesam33/FS-AI/ros2_ws/install/hellocm_msgs/share/hellocm_msgs/cmake/export_hellocm_msgs__rosidl_generator_cExport.cmake" will be replaced.  Removing files [/home/bashesam33/FS-AI/ros2_ws/install/hellocm_msgs/share/hellocm_msgs/cmake/export_hellocm_msgs__rosidl_generator_cExport-noconfig.cmake].
[3.881s] -- Installing: /home/bashesam33/FS-AI/ros2_ws/install/hellocm_msgs/share/hellocm_msgs/cmake/export_hellocm_msgs__rosidl_generator_cExport.cmake
[3.881s] -- Installing: /home/bashesam33/FS-AI/ros2_ws/install/hellocm_msgs/share/hellocm_msgs/cmake/export_hellocm_msgs__rosidl_generator_cExport-noconfig.cmake
[3.881s] -- Old export file "/home/bashesam33/FS-AI/ros2_ws/install/hellocm_msgs/share/hellocm_msgs/cmake/export_hellocm_msgs__rosidl_typesupport_fastrtps_cExport.cmake" will be replaced.  Removing files [/home/bashesam33/FS-AI/ros2_ws/install/hellocm_msgs/share/hellocm_msgs/cmake/export_hellocm_msgs__rosidl_typesupport_fastrtps_cExport-noconfig.cmake].
[3.881s] -- Installing: /home/bashesam33/FS-AI/ros2_ws/install/hellocm_msgs/share/hellocm_msgs/cmake/export_hellocm_msgs__rosidl_typesupport_fastrtps_cExport.cmake
[3.881s] -- Installing: /home/bashesam33/FS-AI/ros2_ws/install/hellocm_msgs/share/hellocm_msgs/cmake/export_hellocm_msgs__rosidl_typesupport_fastrtps_cExport-noconfig.cmake
[3.881s] -- Old export file "/home/bashesam33/FS-AI/ros2_ws/install/hellocm_msgs/share/hellocm_msgs/cmake/hellocm_msgs__rosidl_typesupport_introspection_cExport.cmake" will be replaced.  Removing files [/home/bashesam33/FS-AI/ros2_ws/install/hellocm_msgs/share/hellocm_msgs/cmake/hellocm_msgs__rosidl_typesupport_introspection_cExport-noconfig.cmake].
[3.881s] -- Installing: /home/bashesam33/FS-AI/ros2_ws/install/hellocm_msgs/share/hellocm_msgs/cmake/hellocm_msgs__rosidl_typesupport_introspection_cExport.cmake
[3.881s] -- Installing: /home/bashesam33/FS-AI/ros2_ws/install/hellocm_msgs/share/hellocm_msgs/cmake/hellocm_msgs__rosidl_typesupport_introspection_cExport-noconfig.cmake
[3.882s] -- Old export file "/home/bashesam33/FS-AI/ros2_ws/install/hellocm_msgs/share/hellocm_msgs/cmake/hellocm_msgs__rosidl_typesupport_cExport.cmake" will be replaced.  Removing files [/home/bashesam33/FS-AI/ros2_ws/install/hellocm_msgs/share/hellocm_msgs/cmake/hellocm_msgs__rosidl_typesupport_cExport-noconfig.cmake].
[3.882s] -- Installing: /home/bashesam33/FS-AI/ros2_ws/install/hellocm_msgs/share/hellocm_msgs/cmake/hellocm_msgs__rosidl_typesupport_cExport.cmake
[3.882s] -- Installing: /home/bashesam33/FS-AI/ros2_ws/install/hellocm_msgs/share/hellocm_msgs/cmake/hellocm_msgs__rosidl_typesupport_cExport-noconfig.cmake
[3.882s] -- Installing: /home/bashesam33/FS-AI/ros2_ws/install/hellocm_msgs/share/hellocm_msgs/cmake/export_hellocm_msgs__rosidl_generator_cppExport.cmake
[3.882s] -- Old export file "/home/bashesam33/FS-AI/ros2_ws/install/hellocm_msgs/share/hellocm_msgs/cmake/export_hellocm_msgs__rosidl_typesupport_fastrtps_cppExport.cmake" will be replaced.  Removing files [/home/bashesam33/FS-AI/ros2_ws/install/hellocm_msgs/share/hellocm_msgs/cmake/export_hellocm_msgs__rosidl_typesupport_fastrtps_cppExport-noconfig.cmake].
[3.882s] -- Installing: /home/bashesam33/FS-AI/ros2_ws/install/hellocm_msgs/share/hellocm_msgs/cmake/export_hellocm_msgs__rosidl_typesupport_fastrtps_cppExport.cmake
[3.882s] -- Installing: /home/bashesam33/FS-AI/ros2_ws/install/hellocm_msgs/share/hellocm_msgs/cmake/export_hellocm_msgs__rosidl_typesupport_fastrtps_cppExport-noconfig.cmake
[3.882s] -- Old export file "/home/bashesam33/FS-AI/ros2_ws/install/hellocm_msgs/share/hellocm_msgs/cmake/hellocm_msgs__rosidl_typesupport_introspection_cppExport.cmake" will be replaced.  Removing files [/home/bashesam33/FS-AI/ros2_ws/install/hellocm_msgs/share/hellocm_msgs/cmake/hellocm_msgs__rosidl_typesupport_introspection_cppExport-noconfig.cmake].
[3.882s] -- Installing: /home/bashesam33/FS-AI/ros2_ws/install/hellocm_msgs/share/hellocm_msgs/cmake/hellocm_msgs__rosidl_typesupport_introspection_cppExport.cmake
[3.882s] -- Installing: /home/bashesam33/FS-AI/ros2_ws/install/hellocm_msgs/share/hellocm_msgs/cmake/hellocm_msgs__rosidl_typesupport_introspection_cppExport-noconfig.cmake
[3.882s] -- Old export file "/home/bashesam33/FS-AI/ros2_ws/install/hellocm_msgs/share/hellocm_msgs/cmake/hellocm_msgs__rosidl_typesupport_cppExport.cmake" will be replaced.  Removing files [/home/bashesam33/FS-AI/ros2_ws/install/hellocm_msgs/share/hellocm_msgs/cmake/hellocm_msgs__rosidl_typesupport_cppExport-noconfig.cmake].
[3.882s] -- Installing: /home/bashesam33/FS-AI/ros2_ws/install/hellocm_msgs/share/hellocm_msgs/cmake/hellocm_msgs__rosidl_typesupport_cppExport.cmake
[3.882s] -- Installing: /home/bashesam33/FS-AI/ros2_ws/install/hellocm_msgs/share/hellocm_msgs/cmake/hellocm_msgs__rosidl_typesupport_cppExport-noconfig.cmake
[3.882s] -- Old export file "/home/bashesam33/FS-AI/ros2_ws/install/hellocm_msgs/share/hellocm_msgs/cmake/export_hellocm_msgs__rosidl_generator_pyExport.cmake" will be replaced.  Removing files [/home/bashesam33/FS-AI/ros2_ws/install/hellocm_msgs/share/hellocm_msgs/cmake/export_hellocm_msgs__rosidl_generator_pyExport-noconfig.cmake].
[3.883s] -- Installing: /home/bashesam33/FS-AI/ros2_ws/install/hellocm_msgs/share/hellocm_msgs/cmake/export_hellocm_msgs__rosidl_generator_pyExport.cmake
[3.883s] -- Installing: /home/bashesam33/FS-AI/ros2_ws/install/hellocm_msgs/share/hellocm_msgs/cmake/export_hellocm_msgs__rosidl_generator_pyExport-noconfig.cmake
[3.883s] -- Installing: /home/bashesam33/FS-AI/ros2_ws/install/hellocm_msgs/share/hellocm_msgs/cmake/rosidl_cmake-extras.cmake
[3.883s] -- Installing: /home/bashesam33/FS-AI/ros2_ws/install/hellocm_msgs/share/hellocm_msgs/cmake/ament_cmake_export_dependencies-extras.cmake
[3.883s] -- Up-to-date: /home/bashesam33/FS-AI/ros2_ws/install/hellocm_msgs/share/hellocm_msgs/cmake/ament_cmake_export_include_directories-extras.cmake
[3.883s] -- Up-to-date: /home/bashesam33/FS-AI/ros2_ws/install/hellocm_msgs/share/hellocm_msgs/cmake/ament_cmake_export_libraries-extras.cmake
[3.883s] -- Up-to-date: /home/bashesam33/FS-AI/ros2_ws/install/hellocm_msgs/share/hellocm_msgs/cmake/ament_cmake_export_targets-extras.cmake
[3.883s] -- Installing: /home/bashesam33/FS-AI/ros2_ws/install/hellocm_msgs/share/hellocm_msgs/cmake/rosidl_cmake_export_typesupport_targets-extras.cmake
[3.883s] -- Up-to-date: /home/bashesam33/FS-AI/ros2_ws/install/hellocm_msgs/share/hellocm_msgs/cmake/rosidl_cmake_export_typesupport_libraries-extras.cmake
[3.883s] -- Installing: /home/bashesam33/FS-AI/ros2_ws/install/hellocm_msgs/share/hellocm_msgs/cmake/hellocm_msgsConfig.cmake
[3.883s] -- Up-to-date: /home/bashesam33/FS-AI/ros2_ws/install/hellocm_msgs/share/hellocm_msgs/cmake/hellocm_msgsConfig-version.cmake
[3.883s] -- Up-to-date: /home/bashesam33/FS-AI/ros2_ws/install/hellocm_msgs/share/hellocm_msgs/package.xml
[3.885s] Invoked command in '/home/bashesam33/FS-AI/ros2_ws/build/hellocm_msgs' returned '0': CMAKE_PREFIX_PATH=${CMAKE_PREFIX_PATH}:/opt/ros/jazzy DEBUGINFOD_URLS=https://debuginfod.ubuntu.com /usr/bin/cmake --install /home/bashesam33/FS-AI/ros2_ws/build/hellocm_msgs
