[0.017s] Invoking command in '/home/mdxfsai/FS_autonomous/ros/ros2_ws/build/carmaker_rsds_client': AMENT_PREFIX_PATH=/home/mdxfsai/FS_autonomous/ros/ros2_ws/install/cmrosutils:/home/mdxfsai/FS_autonomous/ros/ros2_ws/install/camera_msgs:${AMENT_PREFIX_PATH} CMAKE_PREFIX_PATH=/home/mdxfsai/FS_autonomous/ros/ros2_ws/install/cmrosutils:/home/mdxfsai/FS_autonomous/ros/ros2_ws/install/camera_msgs:/opt/ros/humble LD_LIBRARY_PATH=/home/mdxfsai/FS_autonomous/ros/ros2_ws/install/cmrosutils/lib:/home/mdxfsai/FS_autonomous/ros/ros2_ws/install/camera_msgs/lib:${LD_LIBRARY_PATH} PYTHONPATH=/home/mdxfsai/FS_autonomous/ros/ros2_ws/install/cmrosutils/local/lib/python3.10/dist-packages:/home/mdxfsai/FS_autonomous/ros/ros2_ws/install/camera_msgs/local/lib/python3.10/dist-packages:${PYTHONPATH} /usr/bin/cmake --build /home/mdxfsai/FS_autonomous/ros/ros2_ws/build/carmaker_rsds_client -- -j20 -l20
[0.071s] [35m[1mConsolidate compiler generated dependencies of target carmaker_rsds_client_node[0m
[0.089s] [ 50%] [32mBuilding CXX object CMakeFiles/carmaker_rsds_client_node.dir/src/carmaker_rsds_client_node.cpp.o[0m
[4.432s] [100%] [32m[1mLinking CXX executable carmaker_rsds_client_node[0m
[4.668s] [100%] Built target carmaker_rsds_client_node
[4.681s] Invoked command in '/home/mdxfsai/FS_autonomous/ros/ros2_ws/build/carmaker_rsds_client' returned '0': AMENT_PREFIX_PATH=/home/mdxfsai/FS_autonomous/ros/ros2_ws/install/cmrosutils:/home/mdxfsai/FS_autonomous/ros/ros2_ws/install/camera_msgs:${AMENT_PREFIX_PATH} CMAKE_PREFIX_PATH=/home/mdxfsai/FS_autonomous/ros/ros2_ws/install/cmrosutils:/home/mdxfsai/FS_autonomous/ros/ros2_ws/install/camera_msgs:/opt/ros/humble LD_LIBRARY_PATH=/home/mdxfsai/FS_autonomous/ros/ros2_ws/install/cmrosutils/lib:/home/mdxfsai/FS_autonomous/ros/ros2_ws/install/camera_msgs/lib:${LD_LIBRARY_PATH} PYTHONPATH=/home/mdxfsai/FS_autonomous/ros/ros2_ws/install/cmrosutils/local/lib/python3.10/dist-packages:/home/mdxfsai/FS_autonomous/ros/ros2_ws/install/camera_msgs/local/lib/python3.10/dist-packages:${PYTHONPATH} /usr/bin/cmake --build /home/mdxfsai/FS_autonomous/ros/ros2_ws/build/carmaker_rsds_client -- -j20 -l20
[4.691s] Invoking command in '/home/mdxfsai/FS_autonomous/ros/ros2_ws/build/carmaker_rsds_client': AMENT_PREFIX_PATH=/home/mdxfsai/FS_autonomous/ros/ros2_ws/install/cmrosutils:/home/mdxfsai/FS_autonomous/ros/ros2_ws/install/camera_msgs:${AMENT_PREFIX_PATH} CMAKE_PREFIX_PATH=/home/mdxfsai/FS_autonomous/ros/ros2_ws/install/cmrosutils:/home/mdxfsai/FS_autonomous/ros/ros2_ws/install/camera_msgs:/opt/ros/humble LD_LIBRARY_PATH=/home/mdxfsai/FS_autonomous/ros/ros2_ws/install/cmrosutils/lib:/home/mdxfsai/FS_autonomous/ros/ros2_ws/install/camera_msgs/lib:${LD_LIBRARY_PATH} PYTHONPATH=/home/mdxfsai/FS_autonomous/ros/ros2_ws/install/cmrosutils/local/lib/python3.10/dist-packages:/home/mdxfsai/FS_autonomous/ros/ros2_ws/install/camera_msgs/local/lib/python3.10/dist-packages:${PYTHONPATH} /usr/bin/cmake --install /home/mdxfsai/FS_autonomous/ros/ros2_ws/build/carmaker_rsds_client
[4.698s] -- Install configuration: ""
[4.698s] -- Installing: /home/mdxfsai/FS_autonomous/ros/ros2_ws/install/carmaker_rsds_client/lib/carmaker_rsds_client/carmaker_rsds_client_node
[4.699s] -- Set runtime path of "/home/mdxfsai/FS_autonomous/ros/ros2_ws/install/carmaker_rsds_client/lib/carmaker_rsds_client/carmaker_rsds_client_node" to ""
[4.699s] -- Up-to-date: /home/mdxfsai/FS_autonomous/ros/ros2_ws/install/carmaker_rsds_client/share/carmaker_rsds_client//launch
[4.700s] -- Up-to-date: /home/mdxfsai/FS_autonomous/ros/ros2_ws/install/carmaker_rsds_client/share/carmaker_rsds_client//launch/rqt_image_view.launch.py
[4.700s] -- Up-to-date: /home/mdxfsai/FS_autonomous/ros/ros2_ws/install/carmaker_rsds_client/share/carmaker_rsds_client//launch/carmaker_rsds_client.launch.py
[4.700s] -- Up-to-date: /home/mdxfsai/FS_autonomous/ros/ros2_ws/install/carmaker_rsds_client/share/ament_index/resource_index/package_run_dependencies/carmaker_rsds_client
[4.700s] -- Up-to-date: /home/mdxfsai/FS_autonomous/ros/ros2_ws/install/carmaker_rsds_client/share/ament_index/resource_index/parent_prefix_path/carmaker_rsds_client
[4.700s] -- Up-to-date: /home/mdxfsai/FS_autonomous/ros/ros2_ws/install/carmaker_rsds_client/share/carmaker_rsds_client/environment/ament_prefix_path.sh
[4.700s] -- Up-to-date: /home/mdxfsai/FS_autonomous/ros/ros2_ws/install/carmaker_rsds_client/share/carmaker_rsds_client/environment/ament_prefix_path.dsv
[4.700s] -- Up-to-date: /home/mdxfsai/FS_autonomous/ros/ros2_ws/install/carmaker_rsds_client/share/carmaker_rsds_client/environment/path.sh
[4.700s] -- Up-to-date: /home/mdxfsai/FS_autonomous/ros/ros2_ws/install/carmaker_rsds_client/share/carmaker_rsds_client/environment/path.dsv
[4.701s] -- Up-to-date: /home/mdxfsai/FS_autonomous/ros/ros2_ws/install/carmaker_rsds_client/share/carmaker_rsds_client/local_setup.bash
[4.701s] -- Up-to-date: /home/mdxfsai/FS_autonomous/ros/ros2_ws/install/carmaker_rsds_client/share/carmaker_rsds_client/local_setup.sh
[4.701s] -- Up-to-date: /home/mdxfsai/FS_autonomous/ros/ros2_ws/install/carmaker_rsds_client/share/carmaker_rsds_client/local_setup.zsh
[4.702s] -- Up-to-date: /home/mdxfsai/FS_autonomous/ros/ros2_ws/install/carmaker_rsds_client/share/carmaker_rsds_client/local_setup.dsv
[4.702s] -- Installing: /home/mdxfsai/FS_autonomous/ros/ros2_ws/install/carmaker_rsds_client/share/carmaker_rsds_client/package.dsv
[4.702s] -- Up-to-date: /home/mdxfsai/FS_autonomous/ros/ros2_ws/install/carmaker_rsds_client/share/ament_index/resource_index/packages/carmaker_rsds_client
[4.702s] -- Up-to-date: /home/mdxfsai/FS_autonomous/ros/ros2_ws/install/carmaker_rsds_client/share/carmaker_rsds_client/cmake/carmaker_rsds_clientConfig.cmake
[4.702s] -- Up-to-date: /home/mdxfsai/FS_autonomous/ros/ros2_ws/install/carmaker_rsds_client/share/carmaker_rsds_client/cmake/carmaker_rsds_clientConfig-version.cmake
[4.702s] -- Up-to-date: /home/mdxfsai/FS_autonomous/ros/ros2_ws/install/carmaker_rsds_client/share/carmaker_rsds_client/package.xml
[4.703s] Invoked command in '/home/mdxfsai/FS_autonomous/ros/ros2_ws/build/carmaker_rsds_client' returned '0': AMENT_PREFIX_PATH=/home/mdxfsai/FS_autonomous/ros/ros2_ws/install/cmrosutils:/home/mdxfsai/FS_autonomous/ros/ros2_ws/install/camera_msgs:${AMENT_PREFIX_PATH} CMAKE_PREFIX_PATH=/home/mdxfsai/FS_autonomous/ros/ros2_ws/install/cmrosutils:/home/mdxfsai/FS_autonomous/ros/ros2_ws/install/camera_msgs:/opt/ros/humble LD_LIBRARY_PATH=/home/mdxfsai/FS_autonomous/ros/ros2_ws/install/cmrosutils/lib:/home/mdxfsai/FS_autonomous/ros/ros2_ws/install/camera_msgs/lib:${LD_LIBRARY_PATH} PYTHONPATH=/home/mdxfsai/FS_autonomous/ros/ros2_ws/install/cmrosutils/local/lib/python3.10/dist-packages:/home/mdxfsai/FS_autonomous/ros/ros2_ws/install/camera_msgs/local/lib/python3.10/dist-packages:${PYTHONPATH} /usr/bin/cmake --install /home/mdxfsai/FS_autonomous/ros/ros2_ws/build/carmaker_rsds_client
