[0.012s] Invoking command in '/home/mdxfsai/FS_autonomous/ros/ros2_ws/build/carmaker_rsds_client': AMENT_PREFIX_PATH=/home/mdxfsai/FS_autonomous/ros/ros2_ws/install/cmrosutils:/home/mdxfsai/FS_autonomous/ros/ros2_ws/install/camera_msgs:${AMENT_PREFIX_PATH} CMAKE_PREFIX_PATH=/home/mdxfsai/FS_autonomous/ros/ros2_ws/install/cmrosutils:/home/mdxfsai/FS_autonomous/ros/ros2_ws/install/camera_msgs:/opt/ros/humble LD_LIBRARY_PATH=/home/mdxfsai/FS_autonomous/ros/ros2_ws/install/cmrosutils/lib:/home/mdxfsai/FS_autonomous/ros/ros2_ws/install/camera_msgs/lib:${LD_LIBRARY_PATH} PYTHONPATH=/home/mdxfsai/FS_autonomous/ros/ros2_ws/install/cmrosutils/local/lib/python3.10/dist-packages:/home/mdxfsai/FS_autonomous/ros/ros2_ws/install/camera_msgs/local/lib/python3.10/dist-packages:${PYTHONPATH} /usr/bin/cmake /home/mdxfsai/FS_autonomous/ros/ros2_ws/src/carmaker_rsds_client -DCARMAKER_VER:STRING=14.1.1 -DCARMAKER_DIR:PATH=/opt/ipg/carmaker/linux64-14.1.1 --no-warn-unused-cli -DCMAKE_INSTALL_PREFIX=/home/mdxfsai/FS_autonomous/ros/ros2_ws/install/carmaker_rsds_client
[0.022s] Not searching for unused variables given on the command line.
[0.081s] -- The C compiler identification is GNU 11.4.0
[0.143s] -- The CXX compiler identification is GNU 11.4.0
[0.151s] -- Detecting C compiler ABI info
[0.227s] -- Detecting C compiler ABI info - done
[0.234s] -- Check for working C compiler: /usr/bin/cc - skipped
[0.234s] -- Detecting C compile features
[0.235s] -- Detecting C compile features - done
[0.238s] -- Detecting CXX compiler ABI info
[0.329s] -- Detecting CXX compiler ABI info - done
[0.338s] -- Check for working CXX compiler: /usr/bin/c++ - skipped
[0.339s] -- Detecting CXX compile features
[0.339s] -- Detecting CXX compile features - done
[0.341s] -- Found ament_cmake: 1.3.12 (/opt/ros/humble/share/ament_cmake/cmake)
[0.513s] -- Found Python3: /usr/bin/python3 (found version "3.10.12") found components: Interpreter 
[0.602s] -- Found rosidl_default_generators: 1.2.0 (/opt/ros/humble/share/rosidl_default_generators/cmake)
[0.604s] -- Using all available rosidl_typesupport_c: rosidl_typesupport_fastrtps_c;rosidl_typesupport_introspection_c
[0.610s] -- Found rosidl_adapter: 3.1.8 (/opt/ros/humble/share/rosidl_adapter/cmake)
[0.648s] -- Using all available rosidl_typesupport_cpp: rosidl_typesupport_fastrtps_cpp;rosidl_typesupport_introspection_cpp
[0.680s] -- Found angles: 1.15.0 (/opt/ros/humble/share/angles/cmake)
[0.682s] -- Found rclcpp: 16.0.17 (/opt/ros/humble/share/rclcpp/cmake)
[0.730s] -- Found rmw_implementation_cmake: 6.1.2 (/opt/ros/humble/share/rmw_implementation_cmake/cmake)
[0.732s] -- Found rmw_fastrtps_cpp: 6.2.9 (/opt/ros/humble/share/rmw_fastrtps_cpp/cmake)
[0.829s] -- Found OpenSSL: /usr/lib/x86_64-linux-gnu/libcrypto.so (found version "3.0.2")  
[0.858s] -- Found FastRTPS: /opt/ros/humble/include  
[0.899s] -- Using RMW implementation 'rmw_fastrtps_cpp' as default
[0.906s] -- Looking for pthread.h
[0.992s] -- Looking for pthread.h - found
[0.992s] -- Performing Test CMAKE_HAVE_LIBC_PTHREAD
[1.073s] -- Performing Test CMAKE_HAVE_LIBC_PTHREAD - Success
[1.075s] -- Found Threads: TRUE  
[1.125s] -- Found cmrosutils: 0.1.0 (/home/mdxfsai/FS_autonomous/ros/ros2_ws/install/cmrosutils/share/cmrosutils/cmake)
[1.139s] -- Found sensor_msgs: 4.9.0 (/opt/ros/humble/share/sensor_msgs/cmake)
[1.175s] -- Found camera_msgs: 1.0.0 (/home/mdxfsai/FS_autonomous/ros/ros2_ws/install/camera_msgs/share/camera_msgs/cmake)
[1.190s] -- Found image_transport: 3.1.12 (/opt/ros/humble/share/image_transport/cmake)
[1.225s] -- Found tf2: 0.25.18 (/opt/ros/humble/share/tf2/cmake)
[1.231s] -- Found tf2_ros: 0.25.18 (/opt/ros/humble/share/tf2_ros/cmake)
[1.326s] -- Found tf2_geometry_msgs: 0.25.18 (/opt/ros/humble/share/tf2_geometry_msgs/cmake)
[1.340s] -- Found eigen3_cmake_module: 0.1.1 (/opt/ros/humble/share/eigen3_cmake_module/cmake)
[1.342s] -- Found Eigen3: TRUE (found version "3.4.0") 
[1.342s] -- Ensuring Eigen3 include directory is part of orocos-kdl CMake target
[1.347s] -- Found ament_lint_auto: 0.12.14 (/opt/ros/humble/share/ament_lint_auto/cmake)
[1.428s] -- Added test 'copyright' to check source files copyright and LICENSE
[1.429s] -- Added test 'cppcheck' to perform static code analysis on C / C++ code
[1.430s] -- Configured cppcheck include dirs: 
[1.430s] -- Configured cppcheck exclude dirs and/or files: 
[1.430s] -- Added test 'cpplint' to check C / C++ code against the Google style
[1.430s] -- Configured cpplint exclude dirs and/or files: 
[1.430s] -- Added test 'flake8' to check Python code syntax and style conventions
[1.431s] -- Added test 'lint_cmake' to check CMake code style
[1.431s] -- Added test 'pep257' to check Python code against some of the docstring style conventions in PEP 257
[1.432s] -- Added test 'uncrustify' to check C / C++ code style
[1.432s] -- Configured uncrustify additional arguments: 
[1.433s] -- Added test 'xmllint' to check XML markup files
[1.434s] -- Configuring done
[1.447s] -- Generating done
[1.453s] -- Build files have been written to: /home/mdxfsai/FS_autonomous/ros/ros2_ws/build/carmaker_rsds_client
[1.463s] Invoked command in '/home/mdxfsai/FS_autonomous/ros/ros2_ws/build/carmaker_rsds_client' returned '0': AMENT_PREFIX_PATH=/home/mdxfsai/FS_autonomous/ros/ros2_ws/install/cmrosutils:/home/mdxfsai/FS_autonomous/ros/ros2_ws/install/camera_msgs:${AMENT_PREFIX_PATH} CMAKE_PREFIX_PATH=/home/mdxfsai/FS_autonomous/ros/ros2_ws/install/cmrosutils:/home/mdxfsai/FS_autonomous/ros/ros2_ws/install/camera_msgs:/opt/ros/humble LD_LIBRARY_PATH=/home/mdxfsai/FS_autonomous/ros/ros2_ws/install/cmrosutils/lib:/home/mdxfsai/FS_autonomous/ros/ros2_ws/install/camera_msgs/lib:${LD_LIBRARY_PATH} PYTHONPATH=/home/mdxfsai/FS_autonomous/ros/ros2_ws/install/cmrosutils/local/lib/python3.10/dist-packages:/home/mdxfsai/FS_autonomous/ros/ros2_ws/install/camera_msgs/local/lib/python3.10/dist-packages:${PYTHONPATH} /usr/bin/cmake /home/mdxfsai/FS_autonomous/ros/ros2_ws/src/carmaker_rsds_client -DCARMAKER_VER:STRING=14.1.1 -DCARMAKER_DIR:PATH=/opt/ipg/carmaker/linux64-14.1.1 --no-warn-unused-cli -DCMAKE_INSTALL_PREFIX=/home/mdxfsai/FS_autonomous/ros/ros2_ws/install/carmaker_rsds_client
[1.465s] Invoking command in '/home/mdxfsai/FS_autonomous/ros/ros2_ws/build/carmaker_rsds_client': AMENT_PREFIX_PATH=/home/mdxfsai/FS_autonomous/ros/ros2_ws/install/cmrosutils:/home/mdxfsai/FS_autonomous/ros/ros2_ws/install/camera_msgs:${AMENT_PREFIX_PATH} CMAKE_PREFIX_PATH=/home/mdxfsai/FS_autonomous/ros/ros2_ws/install/cmrosutils:/home/mdxfsai/FS_autonomous/ros/ros2_ws/install/camera_msgs:/opt/ros/humble LD_LIBRARY_PATH=/home/mdxfsai/FS_autonomous/ros/ros2_ws/install/cmrosutils/lib:/home/mdxfsai/FS_autonomous/ros/ros2_ws/install/camera_msgs/lib:${LD_LIBRARY_PATH} PYTHONPATH=/home/mdxfsai/FS_autonomous/ros/ros2_ws/install/cmrosutils/local/lib/python3.10/dist-packages:/home/mdxfsai/FS_autonomous/ros/ros2_ws/install/camera_msgs/local/lib/python3.10/dist-packages:${PYTHONPATH} /usr/bin/cmake --build /home/mdxfsai/FS_autonomous/ros/ros2_ws/build/carmaker_rsds_client -- -j20 -l20
[1.534s] [ 50%] [32mBuilding CXX object CMakeFiles/carmaker_rsds_client_node.dir/src/carmaker_rsds_client_node.cpp.o[0m
[5.946s] [100%] [32m[1mLinking CXX executable carmaker_rsds_client_node[0m
[6.208s] [100%] Built target carmaker_rsds_client_node
[6.220s] Invoked command in '/home/mdxfsai/FS_autonomous/ros/ros2_ws/build/carmaker_rsds_client' returned '0': AMENT_PREFIX_PATH=/home/mdxfsai/FS_autonomous/ros/ros2_ws/install/cmrosutils:/home/mdxfsai/FS_autonomous/ros/ros2_ws/install/camera_msgs:${AMENT_PREFIX_PATH} CMAKE_PREFIX_PATH=/home/mdxfsai/FS_autonomous/ros/ros2_ws/install/cmrosutils:/home/mdxfsai/FS_autonomous/ros/ros2_ws/install/camera_msgs:/opt/ros/humble LD_LIBRARY_PATH=/home/mdxfsai/FS_autonomous/ros/ros2_ws/install/cmrosutils/lib:/home/mdxfsai/FS_autonomous/ros/ros2_ws/install/camera_msgs/lib:${LD_LIBRARY_PATH} PYTHONPATH=/home/mdxfsai/FS_autonomous/ros/ros2_ws/install/cmrosutils/local/lib/python3.10/dist-packages:/home/mdxfsai/FS_autonomous/ros/ros2_ws/install/camera_msgs/local/lib/python3.10/dist-packages:${PYTHONPATH} /usr/bin/cmake --build /home/mdxfsai/FS_autonomous/ros/ros2_ws/build/carmaker_rsds_client -- -j20 -l20
[6.222s] Invoking command in '/home/mdxfsai/FS_autonomous/ros/ros2_ws/build/carmaker_rsds_client': AMENT_PREFIX_PATH=/home/mdxfsai/FS_autonomous/ros/ros2_ws/install/cmrosutils:/home/mdxfsai/FS_autonomous/ros/ros2_ws/install/camera_msgs:${AMENT_PREFIX_PATH} CMAKE_PREFIX_PATH=/home/mdxfsai/FS_autonomous/ros/ros2_ws/install/cmrosutils:/home/mdxfsai/FS_autonomous/ros/ros2_ws/install/camera_msgs:/opt/ros/humble LD_LIBRARY_PATH=/home/mdxfsai/FS_autonomous/ros/ros2_ws/install/cmrosutils/lib:/home/mdxfsai/FS_autonomous/ros/ros2_ws/install/camera_msgs/lib:${LD_LIBRARY_PATH} PYTHONPATH=/home/mdxfsai/FS_autonomous/ros/ros2_ws/install/cmrosutils/local/lib/python3.10/dist-packages:/home/mdxfsai/FS_autonomous/ros/ros2_ws/install/camera_msgs/local/lib/python3.10/dist-packages:${PYTHONPATH} /usr/bin/cmake --install /home/mdxfsai/FS_autonomous/ros/ros2_ws/build/carmaker_rsds_client
[6.229s] -- Install configuration: ""
[6.229s] -- Installing: /home/mdxfsai/FS_autonomous/ros/ros2_ws/install/carmaker_rsds_client/lib/carmaker_rsds_client/carmaker_rsds_client_node
[6.230s] -- Set runtime path of "/home/mdxfsai/FS_autonomous/ros/ros2_ws/install/carmaker_rsds_client/lib/carmaker_rsds_client/carmaker_rsds_client_node" to ""
[6.231s] -- Installing: /home/mdxfsai/FS_autonomous/ros/ros2_ws/install/carmaker_rsds_client/share/carmaker_rsds_client//launch
[6.231s] -- Installing: /home/mdxfsai/FS_autonomous/ros/ros2_ws/install/carmaker_rsds_client/share/carmaker_rsds_client//launch/rqt_image_view.launch.py
[6.231s] -- Installing: /home/mdxfsai/FS_autonomous/ros/ros2_ws/install/carmaker_rsds_client/share/carmaker_rsds_client//launch/carmaker_rsds_client.launch.py
[6.231s] -- Installing: /home/mdxfsai/FS_autonomous/ros/ros2_ws/install/carmaker_rsds_client/share/ament_index/resource_index/package_run_dependencies/carmaker_rsds_client
[6.231s] -- Installing: /home/mdxfsai/FS_autonomous/ros/ros2_ws/install/carmaker_rsds_client/share/ament_index/resource_index/parent_prefix_path/carmaker_rsds_client
[6.231s] -- Installing: /home/mdxfsai/FS_autonomous/ros/ros2_ws/install/carmaker_rsds_client/share/carmaker_rsds_client/environment/ament_prefix_path.sh
[6.231s] -- Installing: /home/mdxfsai/FS_autonomous/ros/ros2_ws/install/carmaker_rsds_client/share/carmaker_rsds_client/environment/ament_prefix_path.dsv
[6.231s] -- Installing: /home/mdxfsai/FS_autonomous/ros/ros2_ws/install/carmaker_rsds_client/share/carmaker_rsds_client/environment/path.sh
[6.231s] -- Installing: /home/mdxfsai/FS_autonomous/ros/ros2_ws/install/carmaker_rsds_client/share/carmaker_rsds_client/environment/path.dsv
[6.231s] -- Installing: /home/mdxfsai/FS_autonomous/ros/ros2_ws/install/carmaker_rsds_client/share/carmaker_rsds_client/local_setup.bash
[6.231s] -- Installing: /home/mdxfsai/FS_autonomous/ros/ros2_ws/install/carmaker_rsds_client/share/carmaker_rsds_client/local_setup.sh
[6.232s] -- Installing: /home/mdxfsai/FS_autonomous/ros/ros2_ws/install/carmaker_rsds_client/share/carmaker_rsds_client/local_setup.zsh
[6.232s] -- Installing: /home/mdxfsai/FS_autonomous/ros/ros2_ws/install/carmaker_rsds_client/share/carmaker_rsds_client/local_setup.dsv
[6.232s] -- Installing: /home/mdxfsai/FS_autonomous/ros/ros2_ws/install/carmaker_rsds_client/share/carmaker_rsds_client/package.dsv
[6.232s] -- Installing: /home/mdxfsai/FS_autonomous/ros/ros2_ws/install/carmaker_rsds_client/share/ament_index/resource_index/packages/carmaker_rsds_client
[6.232s] -- Installing: /home/mdxfsai/FS_autonomous/ros/ros2_ws/install/carmaker_rsds_client/share/carmaker_rsds_client/cmake/carmaker_rsds_clientConfig.cmake
[6.232s] -- Installing: /home/mdxfsai/FS_autonomous/ros/ros2_ws/install/carmaker_rsds_client/share/carmaker_rsds_client/cmake/carmaker_rsds_clientConfig-version.cmake
[6.232s] -- Installing: /home/mdxfsai/FS_autonomous/ros/ros2_ws/install/carmaker_rsds_client/share/carmaker_rsds_client/package.xml
[6.234s] Invoked command in '/home/mdxfsai/FS_autonomous/ros/ros2_ws/build/carmaker_rsds_client' returned '0': AMENT_PREFIX_PATH=/home/mdxfsai/FS_autonomous/ros/ros2_ws/install/cmrosutils:/home/mdxfsai/FS_autonomous/ros/ros2_ws/install/camera_msgs:${AMENT_PREFIX_PATH} CMAKE_PREFIX_PATH=/home/mdxfsai/FS_autonomous/ros/ros2_ws/install/cmrosutils:/home/mdxfsai/FS_autonomous/ros/ros2_ws/install/camera_msgs:/opt/ros/humble LD_LIBRARY_PATH=/home/mdxfsai/FS_autonomous/ros/ros2_ws/install/cmrosutils/lib:/home/mdxfsai/FS_autonomous/ros/ros2_ws/install/camera_msgs/lib:${LD_LIBRARY_PATH} PYTHONPATH=/home/mdxfsai/FS_autonomous/ros/ros2_ws/install/cmrosutils/local/lib/python3.10/dist-packages:/home/mdxfsai/FS_autonomous/ros/ros2_ws/install/camera_msgs/local/lib/python3.10/dist-packages:${PYTHONPATH} /usr/bin/cmake --install /home/mdxfsai/FS_autonomous/ros/ros2_ws/build/carmaker_rsds_client
