[0.013s] Invoking command in '/home/mdxfsai/FS_autonomous/ros/ros2_ws/build/cmrosutils': CMAKE_PREFIX_PATH=/opt/ros/humble /usr/bin/cmake --build /home/mdxfsai/FS_autonomous/ros/ros2_ws/build/cmrosutils -- -j20 -l20
[0.066s] [  3%] Built target cmrosutils__cpp
[0.067s] [ 12%] Built target cmrosutils__rosidl_generator_c
[0.077s] [ 12%] Built target ament_cmake_python_copy_cmrosutils
[0.097s] [ 21%] Built target cmrosutils__rosidl_typesupport_introspection_cpp
[0.097s] [ 30%] Built target cmrosutils__rosidl_typesupport_fastrtps_cpp
[0.101s] [ 39%] Built target cmrosutils__rosidl_typesupport_cpp
[0.109s] [ 48%] Built target cmrosutils__rosidl_typesupport_c
[0.109s] [ 57%] Built target cmrosutils__rosidl_typesupport_fastrtps_c
[0.113s] [ 66%] Built target cmrosutils__rosidl_typesupport_introspection_c
[0.129s] [ 72%] Built target cmrosif
[0.135s] [ 72%] Built target cmrosutils
[0.154s] [ 75%] Built target cmrosutils__py
[0.175s] [ 81%] Built target cmrosutils__rosidl_generator_py
[0.202s] [ 87%] Built target cmrosutils__rosidl_typesupport_fastrtps_c__pyext
[0.202s] [ 93%] Built target cmrosutils__rosidl_typesupport_c__pyext
[0.205s] [100%] Built target cmrosutils__rosidl_typesupport_introspection_c__pyext
[0.342s] running egg_info
[0.342s] writing cmrosutils.egg-info/PKG-INFO
[0.343s] writing dependency_links to cmrosutils.egg-info/dependency_links.txt
[0.343s] writing top-level names to cmrosutils.egg-info/top_level.txt
[0.344s] reading manifest file 'cmrosutils.egg-info/SOURCES.txt'
[0.345s] writing manifest file 'cmrosutils.egg-info/SOURCES.txt'
[0.385s] [100%] Built target ament_cmake_python_build_cmrosutils_egg
[0.389s] Invoked command in '/home/mdxfsai/FS_autonomous/ros/ros2_ws/build/cmrosutils' returned '0': CMAKE_PREFIX_PATH=/opt/ros/humble /usr/bin/cmake --build /home/mdxfsai/FS_autonomous/ros/ros2_ws/build/cmrosutils -- -j20 -l20
[0.390s] Invoking command in '/home/mdxfsai/FS_autonomous/ros/ros2_ws/build/cmrosutils': CMAKE_PREFIX_PATH=/opt/ros/humble /usr/bin/cmake --install /home/mdxfsai/FS_autonomous/ros/ros2_ws/build/cmrosutils
[0.403s] -- Install configuration: ""
[0.403s] -- Up-to-date: /home/mdxfsai/FS_autonomous/ros/ros2_ws/install/cmrosutils/share/ament_index/resource_index/rosidl_interfaces/cmrosutils
[0.403s] -- Up-to-date: /home/mdxfsai/FS_autonomous/ros/ros2_ws/install/cmrosutils/include/cmrosutils/cmrosutils
[0.403s] -- Up-to-date: /home/mdxfsai/FS_autonomous/ros/ros2_ws/install/cmrosutils/include/cmrosutils/cmrosutils/srv
[0.403s] -- Up-to-date: /home/mdxfsai/FS_autonomous/ros/ros2_ws/install/cmrosutils/include/cmrosutils/cmrosutils/srv/cm_remote_control.h
[0.403s] -- Up-to-date: /home/mdxfsai/FS_autonomous/ros/ros2_ws/install/cmrosutils/include/cmrosutils/cmrosutils/srv/detail
[0.403s] -- Up-to-date: /home/mdxfsai/FS_autonomous/ros/ros2_ws/install/cmrosutils/include/cmrosutils/cmrosutils/srv/detail/cm_remote_control__type_support.h
[0.403s] -- Up-to-date: /home/mdxfsai/FS_autonomous/ros/ros2_ws/install/cmrosutils/include/cmrosutils/cmrosutils/srv/detail/cm_remote_control__functions.h
[0.403s] -- Up-to-date: /home/mdxfsai/FS_autonomous/ros/ros2_ws/install/cmrosutils/include/cmrosutils/cmrosutils/srv/detail/cm_remote_control__functions.c
[0.404s] -- Up-to-date: /home/mdxfsai/FS_autonomous/ros/ros2_ws/install/cmrosutils/include/cmrosutils/cmrosutils/srv/detail/cm_remote_control__struct.h
[0.404s] -- Up-to-date: /home/mdxfsai/FS_autonomous/ros/ros2_ws/install/cmrosutils/include/cmrosutils/cmrosutils/msg
[0.404s] -- Up-to-date: /home/mdxfsai/FS_autonomous/ros/ros2_ws/install/cmrosutils/include/cmrosutils/cmrosutils/msg/rosidl_generator_c__visibility_control.h
[0.404s] -- Up-to-date: /home/mdxfsai/FS_autonomous/ros/ros2_ws/install/cmrosutils/share/cmrosutils/environment/library_path.sh
[0.404s] -- Up-to-date: /home/mdxfsai/FS_autonomous/ros/ros2_ws/install/cmrosutils/share/cmrosutils/environment/library_path.dsv
[0.404s] -- Up-to-date: /home/mdxfsai/FS_autonomous/ros/ros2_ws/install/cmrosutils/lib/libcmrosutils__rosidl_generator_c.so
[0.404s] -- Up-to-date: /home/mdxfsai/FS_autonomous/ros/ros2_ws/install/cmrosutils/include/cmrosutils/cmrosutils
[0.404s] -- Up-to-date: /home/mdxfsai/FS_autonomous/ros/ros2_ws/install/cmrosutils/include/cmrosutils/cmrosutils/srv
[0.404s] -- Up-to-date: /home/mdxfsai/FS_autonomous/ros/ros2_ws/install/cmrosutils/include/cmrosutils/cmrosutils/srv/detail
[0.404s] -- Up-to-date: /home/mdxfsai/FS_autonomous/ros/ros2_ws/install/cmrosutils/include/cmrosutils/cmrosutils/srv/detail/cm_remote_control__rosidl_typesupport_fastrtps_c.h
[0.404s] -- Up-to-date: /home/mdxfsai/FS_autonomous/ros/ros2_ws/install/cmrosutils/include/cmrosutils/cmrosutils/msg
[0.404s] -- Up-to-date: /home/mdxfsai/FS_autonomous/ros/ros2_ws/install/cmrosutils/include/cmrosutils/cmrosutils/msg/rosidl_typesupport_fastrtps_c__visibility_control.h
[0.404s] -- Up-to-date: /home/mdxfsai/FS_autonomous/ros/ros2_ws/install/cmrosutils/lib/libcmrosutils__rosidl_typesupport_fastrtps_c.so
[0.405s] -- Up-to-date: /home/mdxfsai/FS_autonomous/ros/ros2_ws/install/cmrosutils/include/cmrosutils/cmrosutils
[0.405s] -- Up-to-date: /home/mdxfsai/FS_autonomous/ros/ros2_ws/install/cmrosutils/include/cmrosutils/cmrosutils/srv
[0.405s] -- Up-to-date: /home/mdxfsai/FS_autonomous/ros/ros2_ws/install/cmrosutils/include/cmrosutils/cmrosutils/srv/cm_remote_control.hpp
[0.405s] -- Up-to-date: /home/mdxfsai/FS_autonomous/ros/ros2_ws/install/cmrosutils/include/cmrosutils/cmrosutils/srv/detail
[0.405s] -- Up-to-date: /home/mdxfsai/FS_autonomous/ros/ros2_ws/install/cmrosutils/include/cmrosutils/cmrosutils/srv/detail/cm_remote_control__traits.hpp
[0.405s] -- Up-to-date: /home/mdxfsai/FS_autonomous/ros/ros2_ws/install/cmrosutils/include/cmrosutils/cmrosutils/srv/detail/cm_remote_control__struct.hpp
[0.405s] -- Up-to-date: /home/mdxfsai/FS_autonomous/ros/ros2_ws/install/cmrosutils/include/cmrosutils/cmrosutils/srv/detail/cm_remote_control__type_support.hpp
[0.405s] -- Up-to-date: /home/mdxfsai/FS_autonomous/ros/ros2_ws/install/cmrosutils/include/cmrosutils/cmrosutils/srv/detail/cm_remote_control__builder.hpp
[0.405s] -- Up-to-date: /home/mdxfsai/FS_autonomous/ros/ros2_ws/install/cmrosutils/include/cmrosutils/cmrosutils/msg
[0.405s] -- Up-to-date: /home/mdxfsai/FS_autonomous/ros/ros2_ws/install/cmrosutils/include/cmrosutils/cmrosutils/msg/rosidl_generator_cpp__visibility_control.hpp
[0.405s] -- Up-to-date: /home/mdxfsai/FS_autonomous/ros/ros2_ws/install/cmrosutils/include/cmrosutils/cmrosutils
[0.405s] -- Up-to-date: /home/mdxfsai/FS_autonomous/ros/ros2_ws/install/cmrosutils/include/cmrosutils/cmrosutils/srv
[0.405s] -- Up-to-date: /home/mdxfsai/FS_autonomous/ros/ros2_ws/install/cmrosutils/include/cmrosutils/cmrosutils/srv/detail
[0.406s] -- Up-to-date: /home/mdxfsai/FS_autonomous/ros/ros2_ws/install/cmrosutils/include/cmrosutils/cmrosutils/srv/detail/dds_fastrtps
[0.406s] -- Up-to-date: /home/mdxfsai/FS_autonomous/ros/ros2_ws/install/cmrosutils/include/cmrosutils/cmrosutils/srv/detail/cm_remote_control__rosidl_typesupport_fastrtps_cpp.hpp
[0.406s] -- Up-to-date: /home/mdxfsai/FS_autonomous/ros/ros2_ws/install/cmrosutils/include/cmrosutils/cmrosutils/msg
[0.406s] -- Up-to-date: /home/mdxfsai/FS_autonomous/ros/ros2_ws/install/cmrosutils/include/cmrosutils/cmrosutils/msg/rosidl_typesupport_fastrtps_cpp__visibility_control.h
[0.406s] -- Up-to-date: /home/mdxfsai/FS_autonomous/ros/ros2_ws/install/cmrosutils/lib/libcmrosutils__rosidl_typesupport_fastrtps_cpp.so
[0.406s] -- Up-to-date: /home/mdxfsai/FS_autonomous/ros/ros2_ws/install/cmrosutils/include/cmrosutils/cmrosutils
[0.406s] -- Up-to-date: /home/mdxfsai/FS_autonomous/ros/ros2_ws/install/cmrosutils/include/cmrosutils/cmrosutils/srv
[0.406s] -- Up-to-date: /home/mdxfsai/FS_autonomous/ros/ros2_ws/install/cmrosutils/include/cmrosutils/cmrosutils/srv/detail
[0.406s] -- Up-to-date: /home/mdxfsai/FS_autonomous/ros/ros2_ws/install/cmrosutils/include/cmrosutils/cmrosutils/srv/detail/cm_remote_control__type_support.c
[0.406s] -- Up-to-date: /home/mdxfsai/FS_autonomous/ros/ros2_ws/install/cmrosutils/include/cmrosutils/cmrosutils/srv/detail/cm_remote_control__rosidl_typesupport_introspection_c.h
[0.406s] -- Up-to-date: /home/mdxfsai/FS_autonomous/ros/ros2_ws/install/cmrosutils/include/cmrosutils/cmrosutils/msg
[0.406s] -- Up-to-date: /home/mdxfsai/FS_autonomous/ros/ros2_ws/install/cmrosutils/include/cmrosutils/cmrosutils/msg/rosidl_typesupport_introspection_c__visibility_control.h
[0.406s] -- Up-to-date: /home/mdxfsai/FS_autonomous/ros/ros2_ws/install/cmrosutils/lib/libcmrosutils__rosidl_typesupport_introspection_c.so
[0.407s] -- Up-to-date: /home/mdxfsai/FS_autonomous/ros/ros2_ws/install/cmrosutils/lib/libcmrosutils__rosidl_typesupport_c.so
[0.407s] -- Up-to-date: /home/mdxfsai/FS_autonomous/ros/ros2_ws/install/cmrosutils/include/cmrosutils/cmrosutils
[0.407s] -- Up-to-date: /home/mdxfsai/FS_autonomous/ros/ros2_ws/install/cmrosutils/include/cmrosutils/cmrosutils/srv
[0.407s] -- Up-to-date: /home/mdxfsai/FS_autonomous/ros/ros2_ws/install/cmrosutils/include/cmrosutils/cmrosutils/srv/detail
[0.407s] -- Up-to-date: /home/mdxfsai/FS_autonomous/ros/ros2_ws/install/cmrosutils/include/cmrosutils/cmrosutils/srv/detail/cm_remote_control__rosidl_typesupport_introspection_cpp.hpp
[0.407s] -- Up-to-date: /home/mdxfsai/FS_autonomous/ros/ros2_ws/install/cmrosutils/include/cmrosutils/cmrosutils/srv/detail/cm_remote_control__type_support.cpp
[0.407s] -- Up-to-date: /home/mdxfsai/FS_autonomous/ros/ros2_ws/install/cmrosutils/lib/libcmrosutils__rosidl_typesupport_introspection_cpp.so
[0.408s] -- Up-to-date: /home/mdxfsai/FS_autonomous/ros/ros2_ws/install/cmrosutils/lib/libcmrosutils__rosidl_typesupport_cpp.so
[0.408s] -- Up-to-date: /home/mdxfsai/FS_autonomous/ros/ros2_ws/install/cmrosutils/share/cmrosutils/environment/pythonpath.sh
[0.408s] -- Up-to-date: /home/mdxfsai/FS_autonomous/ros/ros2_ws/install/cmrosutils/share/cmrosutils/environment/pythonpath.dsv
[0.408s] -- Up-to-date: /home/mdxfsai/FS_autonomous/ros/ros2_ws/install/cmrosutils/local/lib/python3.10/dist-packages/cmrosutils-0.1.0-py3.10.egg-info
[0.408s] -- Installing: /home/mdxfsai/FS_autonomous/ros/ros2_ws/install/cmrosutils/local/lib/python3.10/dist-packages/cmrosutils-0.1.0-py3.10.egg-info/PKG-INFO
[0.408s] -- Installing: /home/mdxfsai/FS_autonomous/ros/ros2_ws/install/cmrosutils/local/lib/python3.10/dist-packages/cmrosutils-0.1.0-py3.10.egg-info/SOURCES.txt
[0.408s] -- Installing: /home/mdxfsai/FS_autonomous/ros/ros2_ws/install/cmrosutils/local/lib/python3.10/dist-packages/cmrosutils-0.1.0-py3.10.egg-info/dependency_links.txt
[0.408s] -- Installing: /home/mdxfsai/FS_autonomous/ros/ros2_ws/install/cmrosutils/local/lib/python3.10/dist-packages/cmrosutils-0.1.0-py3.10.egg-info/top_level.txt
[0.408s] -- Up-to-date: /home/mdxfsai/FS_autonomous/ros/ros2_ws/install/cmrosutils/local/lib/python3.10/dist-packages/cmrosutils
[0.409s] -- Up-to-date: /home/mdxfsai/FS_autonomous/ros/ros2_ws/install/cmrosutils/local/lib/python3.10/dist-packages/cmrosutils/_cmrosutils_s.ep.rosidl_typesupport_c.c
[0.409s] -- Up-to-date: /home/mdxfsai/FS_autonomous/ros/ros2_ws/install/cmrosutils/local/lib/python3.10/dist-packages/cmrosutils/srv
[0.409s] -- Up-to-date: /home/mdxfsai/FS_autonomous/ros/ros2_ws/install/cmrosutils/local/lib/python3.10/dist-packages/cmrosutils/srv/_cm_remote_control.py
[0.409s] -- Up-to-date: /home/mdxfsai/FS_autonomous/ros/ros2_ws/install/cmrosutils/local/lib/python3.10/dist-packages/cmrosutils/srv/_cm_remote_control_s.c
[0.409s] -- Up-to-date: /home/mdxfsai/FS_autonomous/ros/ros2_ws/install/cmrosutils/local/lib/python3.10/dist-packages/cmrosutils/srv/__init__.py
[0.409s] -- Up-to-date: /home/mdxfsai/FS_autonomous/ros/ros2_ws/install/cmrosutils/local/lib/python3.10/dist-packages/cmrosutils/cmrosutils_s__rosidl_typesupport_c.cpython-310-x86_64-linux-gnu.so
[0.409s] -- Up-to-date: /home/mdxfsai/FS_autonomous/ros/ros2_ws/install/cmrosutils/local/lib/python3.10/dist-packages/cmrosutils/__init__.py
[0.409s] -- Up-to-date: /home/mdxfsai/FS_autonomous/ros/ros2_ws/install/cmrosutils/local/lib/python3.10/dist-packages/cmrosutils/libcmrosutils__rosidl_generator_py.so
[0.409s] -- Up-to-date: /home/mdxfsai/FS_autonomous/ros/ros2_ws/install/cmrosutils/local/lib/python3.10/dist-packages/cmrosutils/cmrosutils_s__rosidl_typesupport_fastrtps_c.cpython-310-x86_64-linux-gnu.so
[0.409s] -- Up-to-date: /home/mdxfsai/FS_autonomous/ros/ros2_ws/install/cmrosutils/local/lib/python3.10/dist-packages/cmrosutils/_cmrosutils_s.ep.rosidl_typesupport_fastrtps_c.c
[0.409s] -- Up-to-date: /home/mdxfsai/FS_autonomous/ros/ros2_ws/install/cmrosutils/local/lib/python3.10/dist-packages/cmrosutils/_cmrosutils_s.ep.rosidl_typesupport_introspection_c.c
[0.409s] -- Up-to-date: /home/mdxfsai/FS_autonomous/ros/ros2_ws/install/cmrosutils/local/lib/python3.10/dist-packages/cmrosutils/cmrosutils_s__rosidl_typesupport_introspection_c.cpython-310-x86_64-linux-gnu.so
[0.469s] Listing '/home/mdxfsai/FS_autonomous/ros/ros2_ws/install/cmrosutils/local/lib/python3.10/dist-packages/cmrosutils'...
[0.469s] Listing '/home/mdxfsai/FS_autonomous/ros/ros2_ws/install/cmrosutils/local/lib/python3.10/dist-packages/cmrosutils/srv'...
[0.469s] -- Up-to-date: /home/mdxfsai/FS_autonomous/ros/ros2_ws/install/cmrosutils/local/lib/python3.10/dist-packages/cmrosutils/cmrosutils_s__rosidl_typesupport_fastrtps_c.cpython-310-x86_64-linux-gnu.so
[0.469s] -- Up-to-date: /home/mdxfsai/FS_autonomous/ros/ros2_ws/install/cmrosutils/local/lib/python3.10/dist-packages/cmrosutils/cmrosutils_s__rosidl_typesupport_introspection_c.cpython-310-x86_64-linux-gnu.so
[0.469s] -- Up-to-date: /home/mdxfsai/FS_autonomous/ros/ros2_ws/install/cmrosutils/local/lib/python3.10/dist-packages/cmrosutils/cmrosutils_s__rosidl_typesupport_c.cpython-310-x86_64-linux-gnu.so
[0.469s] -- Up-to-date: /home/mdxfsai/FS_autonomous/ros/ros2_ws/install/cmrosutils/lib/libcmrosutils__rosidl_generator_py.so
[0.470s] -- Up-to-date: /home/mdxfsai/FS_autonomous/ros/ros2_ws/install/cmrosutils/share/cmrosutils/srv/CMRemoteControl.idl
[0.470s] -- Up-to-date: /home/mdxfsai/FS_autonomous/ros/ros2_ws/install/cmrosutils/share/cmrosutils/srv/CMRemoteControl.srv
[0.470s] -- Up-to-date: /home/mdxfsai/FS_autonomous/ros/ros2_ws/install/cmrosutils/share/cmrosutils/srv/CMRemoteControl_Request.msg
[0.470s] -- Up-to-date: /home/mdxfsai/FS_autonomous/ros/ros2_ws/install/cmrosutils/share/cmrosutils/srv/CMRemoteControl_Response.msg
[0.470s] -- Up-to-date: /home/mdxfsai/FS_autonomous/ros/ros2_ws/install/cmrosutils/include
[0.470s] -- Up-to-date: /home/mdxfsai/FS_autonomous/ros/ros2_ws/install/cmrosutils/include/cmrosutils
[0.470s] -- Up-to-date: /home/mdxfsai/FS_autonomous/ros/ros2_ws/install/cmrosutils/include/cmrosutils/CMJob.h
[0.470s] -- Up-to-date: /home/mdxfsai/FS_autonomous/ros/ros2_ws/install/cmrosutils/include/cmrosutils/cmjob_subscriber.hpp
[0.470s] -- Up-to-date: /home/mdxfsai/FS_autonomous/ros/ros2_ws/install/cmrosutils/include/cmrosutils/cmcppif.h
[0.470s] -- Up-to-date: /home/mdxfsai/FS_autonomous/ros/ros2_ws/install/cmrosutils/include/cmrosutils/cmjob_publisher.hpp
[0.470s] -- Up-to-date: /home/mdxfsai/FS_autonomous/ros/ros2_ws/install/cmrosutils/include/cmrosutils/cmrosif.hpp
[0.470s] -- Up-to-date: /home/mdxfsai/FS_autonomous/ros/ros2_ws/install/cmrosutils/lib/libcmrosif.so
[0.470s] -- Up-to-date: /home/mdxfsai/FS_autonomous/ros/ros2_ws/install/cmrosutils/share/ament_index/resource_index/package_run_dependencies/cmrosutils
[0.470s] -- Up-to-date: /home/mdxfsai/FS_autonomous/ros/ros2_ws/install/cmrosutils/share/ament_index/resource_index/parent_prefix_path/cmrosutils
[0.470s] -- Up-to-date: /home/mdxfsai/FS_autonomous/ros/ros2_ws/install/cmrosutils/share/cmrosutils/environment/ament_prefix_path.sh
[0.470s] -- Up-to-date: /home/mdxfsai/FS_autonomous/ros/ros2_ws/install/cmrosutils/share/cmrosutils/environment/ament_prefix_path.dsv
[0.470s] -- Up-to-date: /home/mdxfsai/FS_autonomous/ros/ros2_ws/install/cmrosutils/share/cmrosutils/environment/path.sh
[0.470s] -- Up-to-date: /home/mdxfsai/FS_autonomous/ros/ros2_ws/install/cmrosutils/share/cmrosutils/environment/path.dsv
[0.470s] -- Up-to-date: /home/mdxfsai/FS_autonomous/ros/ros2_ws/install/cmrosutils/share/cmrosutils/local_setup.bash
[0.470s] -- Up-to-date: /home/mdxfsai/FS_autonomous/ros/ros2_ws/install/cmrosutils/share/cmrosutils/local_setup.sh
[0.470s] -- Up-to-date: /home/mdxfsai/FS_autonomous/ros/ros2_ws/install/cmrosutils/share/cmrosutils/local_setup.zsh
[0.470s] -- Up-to-date: /home/mdxfsai/FS_autonomous/ros/ros2_ws/install/cmrosutils/share/cmrosutils/local_setup.dsv
[0.471s] -- Installing: /home/mdxfsai/FS_autonomous/ros/ros2_ws/install/cmrosutils/share/cmrosutils/package.dsv
[0.471s] -- Up-to-date: /home/mdxfsai/FS_autonomous/ros/ros2_ws/install/cmrosutils/share/ament_index/resource_index/packages/cmrosutils
[0.471s] -- Up-to-date: /home/mdxfsai/FS_autonomous/ros/ros2_ws/install/cmrosutils/share/cmrosutils/cmake/export_cmrosutils__rosidl_generator_cExport.cmake
[0.471s] -- Up-to-date: /home/mdxfsai/FS_autonomous/ros/ros2_ws/install/cmrosutils/share/cmrosutils/cmake/export_cmrosutils__rosidl_generator_cExport-noconfig.cmake
[0.471s] -- Up-to-date: /home/mdxfsai/FS_autonomous/ros/ros2_ws/install/cmrosutils/share/cmrosutils/cmake/export_cmrosutils__rosidl_typesupport_fastrtps_cExport.cmake
[0.471s] -- Up-to-date: /home/mdxfsai/FS_autonomous/ros/ros2_ws/install/cmrosutils/share/cmrosutils/cmake/export_cmrosutils__rosidl_typesupport_fastrtps_cExport-noconfig.cmake
[0.471s] -- Up-to-date: /home/mdxfsai/FS_autonomous/ros/ros2_ws/install/cmrosutils/share/cmrosutils/cmake/export_cmrosutils__rosidl_generator_cppExport.cmake
[0.471s] -- Up-to-date: /home/mdxfsai/FS_autonomous/ros/ros2_ws/install/cmrosutils/share/cmrosutils/cmake/export_cmrosutils__rosidl_typesupport_fastrtps_cppExport.cmake
[0.471s] -- Up-to-date: /home/mdxfsai/FS_autonomous/ros/ros2_ws/install/cmrosutils/share/cmrosutils/cmake/export_cmrosutils__rosidl_typesupport_fastrtps_cppExport-noconfig.cmake
[0.471s] -- Up-to-date: /home/mdxfsai/FS_autonomous/ros/ros2_ws/install/cmrosutils/share/cmrosutils/cmake/cmrosutils__rosidl_typesupport_introspection_cExport.cmake
[0.471s] -- Up-to-date: /home/mdxfsai/FS_autonomous/ros/ros2_ws/install/cmrosutils/share/cmrosutils/cmake/cmrosutils__rosidl_typesupport_introspection_cExport-noconfig.cmake
[0.471s] -- Up-to-date: /home/mdxfsai/FS_autonomous/ros/ros2_ws/install/cmrosutils/share/cmrosutils/cmake/cmrosutils__rosidl_typesupport_cExport.cmake
[0.471s] -- Up-to-date: /home/mdxfsai/FS_autonomous/ros/ros2_ws/install/cmrosutils/share/cmrosutils/cmake/cmrosutils__rosidl_typesupport_cExport-noconfig.cmake
[0.471s] -- Up-to-date: /home/mdxfsai/FS_autonomous/ros/ros2_ws/install/cmrosutils/share/cmrosutils/cmake/cmrosutils__rosidl_typesupport_introspection_cppExport.cmake
[0.471s] -- Up-to-date: /home/mdxfsai/FS_autonomous/ros/ros2_ws/install/cmrosutils/share/cmrosutils/cmake/cmrosutils__rosidl_typesupport_introspection_cppExport-noconfig.cmake
[0.472s] -- Up-to-date: /home/mdxfsai/FS_autonomous/ros/ros2_ws/install/cmrosutils/share/cmrosutils/cmake/cmrosutils__rosidl_typesupport_cppExport.cmake
[0.472s] -- Up-to-date: /home/mdxfsai/FS_autonomous/ros/ros2_ws/install/cmrosutils/share/cmrosutils/cmake/cmrosutils__rosidl_typesupport_cppExport-noconfig.cmake
[0.472s] -- Up-to-date: /home/mdxfsai/FS_autonomous/ros/ros2_ws/install/cmrosutils/share/cmrosutils/cmake/export_cmrosutils__rosidl_generator_pyExport.cmake
[0.472s] -- Up-to-date: /home/mdxfsai/FS_autonomous/ros/ros2_ws/install/cmrosutils/share/cmrosutils/cmake/export_cmrosutils__rosidl_generator_pyExport-noconfig.cmake
[0.472s] -- Up-to-date: /home/mdxfsai/FS_autonomous/ros/ros2_ws/install/cmrosutils/share/cmrosutils/cmake/cmrosifTargetsExport.cmake
[0.472s] -- Up-to-date: /home/mdxfsai/FS_autonomous/ros/ros2_ws/install/cmrosutils/share/cmrosutils/cmake/cmrosifTargetsExport-noconfig.cmake
[0.472s] -- Up-to-date: /home/mdxfsai/FS_autonomous/ros/ros2_ws/install/cmrosutils/share/cmrosutils/cmake/rosidl_cmake-extras.cmake
[0.472s] -- Up-to-date: /home/mdxfsai/FS_autonomous/ros/ros2_ws/install/cmrosutils/share/cmrosutils/cmake/ament_cmake_export_dependencies-extras.cmake
[0.472s] -- Up-to-date: /home/mdxfsai/FS_autonomous/ros/ros2_ws/install/cmrosutils/share/cmrosutils/cmake/ament_cmake_export_include_directories-extras.cmake
[0.472s] -- Up-to-date: /home/mdxfsai/FS_autonomous/ros/ros2_ws/install/cmrosutils/share/cmrosutils/cmake/ament_cmake_export_libraries-extras.cmake
[0.472s] -- Up-to-date: /home/mdxfsai/FS_autonomous/ros/ros2_ws/install/cmrosutils/share/cmrosutils/cmake/ament_cmake_export_targets-extras.cmake
[0.472s] -- Up-to-date: /home/mdxfsai/FS_autonomous/ros/ros2_ws/install/cmrosutils/share/cmrosutils/cmake/rosidl_cmake_export_typesupport_targets-extras.cmake
[0.472s] -- Up-to-date: /home/mdxfsai/FS_autonomous/ros/ros2_ws/install/cmrosutils/share/cmrosutils/cmake/rosidl_cmake_export_typesupport_libraries-extras.cmake
[0.472s] -- Up-to-date: /home/mdxfsai/FS_autonomous/ros/ros2_ws/install/cmrosutils/share/cmrosutils/cmake/cmrosutilsConfig.cmake
[0.472s] -- Up-to-date: /home/mdxfsai/FS_autonomous/ros/ros2_ws/install/cmrosutils/share/cmrosutils/cmake/cmrosutilsConfig-version.cmake
[0.472s] -- Up-to-date: /home/mdxfsai/FS_autonomous/ros/ros2_ws/install/cmrosutils/share/cmrosutils/package.xml
[0.487s] Invoked command in '/home/mdxfsai/FS_autonomous/ros/ros2_ws/build/cmrosutils' returned '0': CMAKE_PREFIX_PATH=/opt/ros/humble /usr/bin/cmake --install /home/mdxfsai/FS_autonomous/ros/ros2_ws/build/cmrosutils
