[0.009s] Invoking command in '/home/bashesam33/FS-AI/ros2_ws/build/hellocm_msgs': CMAKE_PREFIX_PATH=${CMAKE_PREFIX_PATH}:/opt/ros/jazzy DEBUGINFOD_URLS=https://debuginfod.ubuntu.com /usr/bin/cmake --build /home/bashesam33/FS-AI/ros2_ws/build/hellocm_msgs -- -j12 -l12
[0.041s] [  1%] Built target hellocm_msgs__rosidl_generator_type_description
[0.056s] [  1%] Built target ament_cmake_python_copy_hellocm_msgs
[0.061s] [  3%] Built target hellocm_msgs__cpp
[0.063s] [ 24%] Built target hellocm_msgs__rosidl_generator_c
[0.111s] [ 33%] Built target hellocm_msgs__rosidl_typesupport_c
[0.114s] [ 42%] Built target hellocm_msgs__rosidl_typesupport_fastrtps_cpp
[0.115s] [ 51%] Built target hellocm_msgs__rosidl_typesupport_introspection_cpp
[0.116s] [ 70%] Built target hellocm_msgs__rosidl_typesupport_introspection_c
[0.116s] [ 68%] Built target hellocm_msgs__rosidl_typesupport_fastrtps_c
[0.120s] [ 79%] Built target hellocm_msgs__rosidl_typesupport_cpp
[0.138s] [ 79%] Built target hellocm_msgs
[0.160s] [ 81%] Built target hellocm_msgs__py
[0.186s] [ 88%] Built target hellocm_msgs__rosidl_generator_py
[0.204s] [ 92%] Built target hellocm_msgs_s__rosidl_typesupport_introspection_c
[0.208s] [ 96%] Built target hellocm_msgs_s__rosidl_typesupport_fastrtps_c
[0.210s] [100%] Built target hellocm_msgs_s__rosidl_typesupport_c
[0.246s] running egg_info
[0.258s] writing hellocm_msgs.egg-info/PKG-INFO
[0.258s] writing dependency_links to hellocm_msgs.egg-info/dependency_links.txt
[0.258s] writing top-level names to hellocm_msgs.egg-info/top_level.txt
[0.296s] reading manifest file 'hellocm_msgs.egg-info/SOURCES.txt'
[0.296s] writing manifest file 'hellocm_msgs.egg-info/SOURCES.txt'
[0.319s] [100%] Built target ament_cmake_python_build_hellocm_msgs_egg
[0.330s] Invoked command in '/home/bashesam33/FS-AI/ros2_ws/build/hellocm_msgs' returned '0': CMAKE_PREFIX_PATH=${CMAKE_PREFIX_PATH}:/opt/ros/jazzy DEBUGINFOD_URLS=https://debuginfod.ubuntu.com /usr/bin/cmake --build /home/bashesam33/FS-AI/ros2_ws/build/hellocm_msgs -- -j12 -l12
[0.331s] Invoking command in '/home/bashesam33/FS-AI/ros2_ws/build/hellocm_msgs': CMAKE_PREFIX_PATH=${CMAKE_PREFIX_PATH}:/opt/ros/jazzy DEBUGINFOD_URLS=https://debuginfod.ubuntu.com /usr/bin/cmake --install /home/bashesam33/FS-AI/ros2_ws/build/hellocm_msgs
[0.337s] -- Install configuration: ""
[0.338s] -- Up-to-date: /home/bashesam33/FS-AI/ros2_ws/install/hellocm_msgs/share/ament_index/resource_index/rosidl_interfaces/hellocm_msgs
[0.338s] -- Up-to-date: /home/bashesam33/FS-AI/ros2_ws/install/hellocm_msgs/share/hellocm_msgs/msg/CM2Ext.json
[0.338s] -- Up-to-date: /home/bashesam33/FS-AI/ros2_ws/install/hellocm_msgs/share/hellocm_msgs/msg/Ext2CM.json
[0.339s] -- Up-to-date: /home/bashesam33/FS-AI/ros2_ws/install/hellocm_msgs/share/hellocm_msgs/srv/Init.json
[0.339s] -- Up-to-date: /home/bashesam33/FS-AI/ros2_ws/install/hellocm_msgs/include/hellocm_msgs/hellocm_msgs
[0.339s] -- Up-to-date: /home/bashesam33/FS-AI/ros2_ws/install/hellocm_msgs/include/hellocm_msgs/hellocm_msgs/msg
[0.339s] -- Up-to-date: /home/bashesam33/FS-AI/ros2_ws/install/hellocm_msgs/include/hellocm_msgs/hellocm_msgs/msg/ext2_cm.h
[0.339s] -- Up-to-date: /home/bashesam33/FS-AI/ros2_ws/install/hellocm_msgs/include/hellocm_msgs/hellocm_msgs/msg/detail
[0.339s] -- Up-to-date: /home/bashesam33/FS-AI/ros2_ws/install/hellocm_msgs/include/hellocm_msgs/hellocm_msgs/msg/detail/ext2_cm__struct.h
[0.340s] -- Up-to-date: /home/bashesam33/FS-AI/ros2_ws/install/hellocm_msgs/include/hellocm_msgs/hellocm_msgs/msg/detail/cm2_ext__functions.h
[0.340s] -- Up-to-date: /home/bashesam33/FS-AI/ros2_ws/install/hellocm_msgs/include/hellocm_msgs/hellocm_msgs/msg/detail/ext2_cm__functions.c
[0.340s] -- Up-to-date: /home/bashesam33/FS-AI/ros2_ws/install/hellocm_msgs/include/hellocm_msgs/hellocm_msgs/msg/detail/ext2_cm__type_support.h
[0.340s] -- Up-to-date: /home/bashesam33/FS-AI/ros2_ws/install/hellocm_msgs/include/hellocm_msgs/hellocm_msgs/msg/detail/cm2_ext__type_support.h
[0.340s] -- Up-to-date: /home/bashesam33/FS-AI/ros2_ws/install/hellocm_msgs/include/hellocm_msgs/hellocm_msgs/msg/detail/ext2_cm__functions.h
[0.340s] -- Up-to-date: /home/bashesam33/FS-AI/ros2_ws/install/hellocm_msgs/include/hellocm_msgs/hellocm_msgs/msg/detail/ext2_cm__type_support.c
[0.340s] -- Up-to-date: /home/bashesam33/FS-AI/ros2_ws/install/hellocm_msgs/include/hellocm_msgs/hellocm_msgs/msg/detail/cm2_ext__struct.h
[0.340s] -- Up-to-date: /home/bashesam33/FS-AI/ros2_ws/install/hellocm_msgs/include/hellocm_msgs/hellocm_msgs/msg/detail/cm2_ext__functions.c
[0.340s] -- Up-to-date: /home/bashesam33/FS-AI/ros2_ws/install/hellocm_msgs/include/hellocm_msgs/hellocm_msgs/msg/detail/ext2_cm__description.c
[0.340s] -- Up-to-date: /home/bashesam33/FS-AI/ros2_ws/install/hellocm_msgs/include/hellocm_msgs/hellocm_msgs/msg/detail/cm2_ext__description.c
[0.340s] -- Up-to-date: /home/bashesam33/FS-AI/ros2_ws/install/hellocm_msgs/include/hellocm_msgs/hellocm_msgs/msg/detail/cm2_ext__type_support.c
[0.340s] -- Up-to-date: /home/bashesam33/FS-AI/ros2_ws/install/hellocm_msgs/include/hellocm_msgs/hellocm_msgs/msg/rosidl_generator_c__visibility_control.h
[0.340s] -- Up-to-date: /home/bashesam33/FS-AI/ros2_ws/install/hellocm_msgs/include/hellocm_msgs/hellocm_msgs/msg/cm2_ext.h
[0.340s] -- Up-to-date: /home/bashesam33/FS-AI/ros2_ws/install/hellocm_msgs/include/hellocm_msgs/hellocm_msgs/srv
[0.341s] -- Up-to-date: /home/bashesam33/FS-AI/ros2_ws/install/hellocm_msgs/include/hellocm_msgs/hellocm_msgs/srv/detail
[0.341s] -- Up-to-date: /home/bashesam33/FS-AI/ros2_ws/install/hellocm_msgs/include/hellocm_msgs/hellocm_msgs/srv/detail/init__struct.h
[0.341s] -- Up-to-date: /home/bashesam33/FS-AI/ros2_ws/install/hellocm_msgs/include/hellocm_msgs/hellocm_msgs/srv/detail/init__type_support.c
[0.341s] -- Up-to-date: /home/bashesam33/FS-AI/ros2_ws/install/hellocm_msgs/include/hellocm_msgs/hellocm_msgs/srv/detail/init__description.c
[0.341s] -- Up-to-date: /home/bashesam33/FS-AI/ros2_ws/install/hellocm_msgs/include/hellocm_msgs/hellocm_msgs/srv/detail/init__functions.c
[0.341s] -- Up-to-date: /home/bashesam33/FS-AI/ros2_ws/install/hellocm_msgs/include/hellocm_msgs/hellocm_msgs/srv/detail/init__functions.h
[0.341s] -- Up-to-date: /home/bashesam33/FS-AI/ros2_ws/install/hellocm_msgs/include/hellocm_msgs/hellocm_msgs/srv/detail/init__type_support.h
[0.341s] -- Up-to-date: /home/bashesam33/FS-AI/ros2_ws/install/hellocm_msgs/include/hellocm_msgs/hellocm_msgs/srv/init.h
[0.341s] -- Up-to-date: /home/bashesam33/FS-AI/ros2_ws/install/hellocm_msgs/share/hellocm_msgs/environment/library_path.sh
[0.341s] -- Up-to-date: /home/bashesam33/FS-AI/ros2_ws/install/hellocm_msgs/share/hellocm_msgs/environment/library_path.dsv
[0.341s] -- Up-to-date: /home/bashesam33/FS-AI/ros2_ws/install/hellocm_msgs/lib/libhellocm_msgs__rosidl_generator_c.so
[0.342s] -- Up-to-date: /home/bashesam33/FS-AI/ros2_ws/install/hellocm_msgs/include/hellocm_msgs/hellocm_msgs
[0.342s] -- Up-to-date: /home/bashesam33/FS-AI/ros2_ws/install/hellocm_msgs/include/hellocm_msgs/hellocm_msgs/msg
[0.342s] -- Up-to-date: /home/bashesam33/FS-AI/ros2_ws/install/hellocm_msgs/include/hellocm_msgs/hellocm_msgs/msg/rosidl_typesupport_fastrtps_c__visibility_control.h
[0.342s] -- Up-to-date: /home/bashesam33/FS-AI/ros2_ws/install/hellocm_msgs/include/hellocm_msgs/hellocm_msgs/msg/detail
[0.342s] -- Up-to-date: /home/bashesam33/FS-AI/ros2_ws/install/hellocm_msgs/include/hellocm_msgs/hellocm_msgs/msg/detail/ext2_cm__rosidl_typesupport_fastrtps_c.h
[0.342s] -- Up-to-date: /home/bashesam33/FS-AI/ros2_ws/install/hellocm_msgs/include/hellocm_msgs/hellocm_msgs/msg/detail/cm2_ext__rosidl_typesupport_fastrtps_c.h
[0.342s] -- Up-to-date: /home/bashesam33/FS-AI/ros2_ws/install/hellocm_msgs/include/hellocm_msgs/hellocm_msgs/srv
[0.342s] -- Up-to-date: /home/bashesam33/FS-AI/ros2_ws/install/hellocm_msgs/include/hellocm_msgs/hellocm_msgs/srv/detail
[0.342s] -- Up-to-date: /home/bashesam33/FS-AI/ros2_ws/install/hellocm_msgs/include/hellocm_msgs/hellocm_msgs/srv/detail/init__rosidl_typesupport_fastrtps_c.h
[0.342s] -- Up-to-date: /home/bashesam33/FS-AI/ros2_ws/install/hellocm_msgs/lib/libhellocm_msgs__rosidl_typesupport_fastrtps_c.so
[0.342s] -- Up-to-date: /home/bashesam33/FS-AI/ros2_ws/install/hellocm_msgs/include/hellocm_msgs/hellocm_msgs
[0.342s] -- Up-to-date: /home/bashesam33/FS-AI/ros2_ws/install/hellocm_msgs/include/hellocm_msgs/hellocm_msgs/msg
[0.342s] -- Up-to-date: /home/bashesam33/FS-AI/ros2_ws/install/hellocm_msgs/include/hellocm_msgs/hellocm_msgs/msg/detail
[0.342s] -- Up-to-date: /home/bashesam33/FS-AI/ros2_ws/install/hellocm_msgs/include/hellocm_msgs/hellocm_msgs/msg/detail/cm2_ext__rosidl_typesupport_introspection_c.h
[0.342s] -- Up-to-date: /home/bashesam33/FS-AI/ros2_ws/install/hellocm_msgs/include/hellocm_msgs/hellocm_msgs/msg/detail/ext2_cm__rosidl_typesupport_introspection_c.h
[0.342s] -- Up-to-date: /home/bashesam33/FS-AI/ros2_ws/install/hellocm_msgs/include/hellocm_msgs/hellocm_msgs/msg/detail/ext2_cm__type_support.c
[0.342s] -- Up-to-date: /home/bashesam33/FS-AI/ros2_ws/install/hellocm_msgs/include/hellocm_msgs/hellocm_msgs/msg/detail/cm2_ext__type_support.c
[0.342s] -- Up-to-date: /home/bashesam33/FS-AI/ros2_ws/install/hellocm_msgs/include/hellocm_msgs/hellocm_msgs/msg/rosidl_typesupport_introspection_c__visibility_control.h
[0.343s] -- Up-to-date: /home/bashesam33/FS-AI/ros2_ws/install/hellocm_msgs/include/hellocm_msgs/hellocm_msgs/srv
[0.343s] -- Up-to-date: /home/bashesam33/FS-AI/ros2_ws/install/hellocm_msgs/include/hellocm_msgs/hellocm_msgs/srv/detail
[0.343s] -- Up-to-date: /home/bashesam33/FS-AI/ros2_ws/install/hellocm_msgs/include/hellocm_msgs/hellocm_msgs/srv/detail/init__type_support.c
[0.343s] -- Up-to-date: /home/bashesam33/FS-AI/ros2_ws/install/hellocm_msgs/include/hellocm_msgs/hellocm_msgs/srv/detail/init__rosidl_typesupport_introspection_c.h
[0.343s] -- Up-to-date: /home/bashesam33/FS-AI/ros2_ws/install/hellocm_msgs/lib/libhellocm_msgs__rosidl_typesupport_introspection_c.so
[0.343s] -- Up-to-date: /home/bashesam33/FS-AI/ros2_ws/install/hellocm_msgs/lib/libhellocm_msgs__rosidl_typesupport_c.so
[0.343s] -- Up-to-date: /home/bashesam33/FS-AI/ros2_ws/install/hellocm_msgs/include/hellocm_msgs/hellocm_msgs
[0.343s] -- Up-to-date: /home/bashesam33/FS-AI/ros2_ws/install/hellocm_msgs/include/hellocm_msgs/hellocm_msgs/msg
[0.343s] -- Up-to-date: /home/bashesam33/FS-AI/ros2_ws/install/hellocm_msgs/include/hellocm_msgs/hellocm_msgs/msg/detail
[0.343s] -- Up-to-date: /home/bashesam33/FS-AI/ros2_ws/install/hellocm_msgs/include/hellocm_msgs/hellocm_msgs/msg/detail/ext2_cm__type_support.hpp
[0.343s] -- Up-to-date: /home/bashesam33/FS-AI/ros2_ws/install/hellocm_msgs/include/hellocm_msgs/hellocm_msgs/msg/detail/ext2_cm__struct.hpp
[0.343s] -- Up-to-date: /home/bashesam33/FS-AI/ros2_ws/install/hellocm_msgs/include/hellocm_msgs/hellocm_msgs/msg/detail/cm2_ext__struct.hpp
[0.343s] -- Up-to-date: /home/bashesam33/FS-AI/ros2_ws/install/hellocm_msgs/include/hellocm_msgs/hellocm_msgs/msg/detail/ext2_cm__traits.hpp
[0.343s] -- Up-to-date: /home/bashesam33/FS-AI/ros2_ws/install/hellocm_msgs/include/hellocm_msgs/hellocm_msgs/msg/detail/cm2_ext__traits.hpp
[0.343s] -- Up-to-date: /home/bashesam33/FS-AI/ros2_ws/install/hellocm_msgs/include/hellocm_msgs/hellocm_msgs/msg/detail/ext2_cm__builder.hpp
[0.343s] -- Up-to-date: /home/bashesam33/FS-AI/ros2_ws/install/hellocm_msgs/include/hellocm_msgs/hellocm_msgs/msg/detail/cm2_ext__builder.hpp
[0.343s] -- Up-to-date: /home/bashesam33/FS-AI/ros2_ws/install/hellocm_msgs/include/hellocm_msgs/hellocm_msgs/msg/detail/cm2_ext__type_support.hpp
[0.344s] -- Up-to-date: /home/bashesam33/FS-AI/ros2_ws/install/hellocm_msgs/include/hellocm_msgs/hellocm_msgs/msg/ext2_cm.hpp
[0.344s] -- Up-to-date: /home/bashesam33/FS-AI/ros2_ws/install/hellocm_msgs/include/hellocm_msgs/hellocm_msgs/msg/rosidl_generator_cpp__visibility_control.hpp
[0.344s] -- Up-to-date: /home/bashesam33/FS-AI/ros2_ws/install/hellocm_msgs/include/hellocm_msgs/hellocm_msgs/msg/cm2_ext.hpp
[0.344s] -- Up-to-date: /home/bashesam33/FS-AI/ros2_ws/install/hellocm_msgs/include/hellocm_msgs/hellocm_msgs/srv
[0.344s] -- Up-to-date: /home/bashesam33/FS-AI/ros2_ws/install/hellocm_msgs/include/hellocm_msgs/hellocm_msgs/srv/init.hpp
[0.344s] -- Up-to-date: /home/bashesam33/FS-AI/ros2_ws/install/hellocm_msgs/include/hellocm_msgs/hellocm_msgs/srv/detail
[0.344s] -- Up-to-date: /home/bashesam33/FS-AI/ros2_ws/install/hellocm_msgs/include/hellocm_msgs/hellocm_msgs/srv/detail/init__traits.hpp
[0.344s] -- Up-to-date: /home/bashesam33/FS-AI/ros2_ws/install/hellocm_msgs/include/hellocm_msgs/hellocm_msgs/srv/detail/init__struct.hpp
[0.344s] -- Up-to-date: /home/bashesam33/FS-AI/ros2_ws/install/hellocm_msgs/include/hellocm_msgs/hellocm_msgs/srv/detail/init__type_support.hpp
[0.344s] -- Up-to-date: /home/bashesam33/FS-AI/ros2_ws/install/hellocm_msgs/include/hellocm_msgs/hellocm_msgs/srv/detail/init__builder.hpp
[0.344s] -- Up-to-date: /home/bashesam33/FS-AI/ros2_ws/install/hellocm_msgs/include/hellocm_msgs/hellocm_msgs
[0.344s] -- Up-to-date: /home/bashesam33/FS-AI/ros2_ws/install/hellocm_msgs/include/hellocm_msgs/hellocm_msgs/msg
[0.344s] -- Up-to-date: /home/bashesam33/FS-AI/ros2_ws/install/hellocm_msgs/include/hellocm_msgs/hellocm_msgs/msg/detail
[0.344s] -- Up-to-date: /home/bashesam33/FS-AI/ros2_ws/install/hellocm_msgs/include/hellocm_msgs/hellocm_msgs/msg/detail/cm2_ext__rosidl_typesupport_fastrtps_cpp.hpp
[0.344s] -- Up-to-date: /home/bashesam33/FS-AI/ros2_ws/install/hellocm_msgs/include/hellocm_msgs/hellocm_msgs/msg/detail/ext2_cm__rosidl_typesupport_fastrtps_cpp.hpp
[0.344s] -- Up-to-date: /home/bashesam33/FS-AI/ros2_ws/install/hellocm_msgs/include/hellocm_msgs/hellocm_msgs/msg/detail/dds_fastrtps
[0.344s] -- Up-to-date: /home/bashesam33/FS-AI/ros2_ws/install/hellocm_msgs/include/hellocm_msgs/hellocm_msgs/msg/rosidl_typesupport_fastrtps_cpp__visibility_control.h
[0.344s] -- Up-to-date: /home/bashesam33/FS-AI/ros2_ws/install/hellocm_msgs/include/hellocm_msgs/hellocm_msgs/srv
[0.344s] -- Up-to-date: /home/bashesam33/FS-AI/ros2_ws/install/hellocm_msgs/include/hellocm_msgs/hellocm_msgs/srv/detail
[0.344s] -- Up-to-date: /home/bashesam33/FS-AI/ros2_ws/install/hellocm_msgs/include/hellocm_msgs/hellocm_msgs/srv/detail/init__rosidl_typesupport_fastrtps_cpp.hpp
[0.344s] -- Up-to-date: /home/bashesam33/FS-AI/ros2_ws/install/hellocm_msgs/include/hellocm_msgs/hellocm_msgs/srv/detail/dds_fastrtps
[0.344s] -- Up-to-date: /home/bashesam33/FS-AI/ros2_ws/install/hellocm_msgs/lib/libhellocm_msgs__rosidl_typesupport_fastrtps_cpp.so
[0.345s] -- Up-to-date: /home/bashesam33/FS-AI/ros2_ws/install/hellocm_msgs/include/hellocm_msgs/hellocm_msgs
[0.345s] -- Up-to-date: /home/bashesam33/FS-AI/ros2_ws/install/hellocm_msgs/include/hellocm_msgs/hellocm_msgs/msg
[0.345s] -- Up-to-date: /home/bashesam33/FS-AI/ros2_ws/install/hellocm_msgs/include/hellocm_msgs/hellocm_msgs/msg/detail
[0.345s] -- Up-to-date: /home/bashesam33/FS-AI/ros2_ws/install/hellocm_msgs/include/hellocm_msgs/hellocm_msgs/msg/detail/ext2_cm__rosidl_typesupport_introspection_cpp.hpp
[0.345s] -- Up-to-date: /home/bashesam33/FS-AI/ros2_ws/install/hellocm_msgs/include/hellocm_msgs/hellocm_msgs/msg/detail/cm2_ext__type_support.cpp
[0.345s] -- Up-to-date: /home/bashesam33/FS-AI/ros2_ws/install/hellocm_msgs/include/hellocm_msgs/hellocm_msgs/msg/detail/cm2_ext__rosidl_typesupport_introspection_cpp.hpp
[0.345s] -- Up-to-date: /home/bashesam33/FS-AI/ros2_ws/install/hellocm_msgs/include/hellocm_msgs/hellocm_msgs/msg/detail/ext2_cm__type_support.cpp
[0.345s] -- Up-to-date: /home/bashesam33/FS-AI/ros2_ws/install/hellocm_msgs/include/hellocm_msgs/hellocm_msgs/srv
[0.345s] -- Up-to-date: /home/bashesam33/FS-AI/ros2_ws/install/hellocm_msgs/include/hellocm_msgs/hellocm_msgs/srv/detail
[0.345s] -- Up-to-date: /home/bashesam33/FS-AI/ros2_ws/install/hellocm_msgs/include/hellocm_msgs/hellocm_msgs/srv/detail/init__type_support.cpp
[0.345s] -- Up-to-date: /home/bashesam33/FS-AI/ros2_ws/install/hellocm_msgs/include/hellocm_msgs/hellocm_msgs/srv/detail/init__rosidl_typesupport_introspection_cpp.hpp
[0.345s] -- Up-to-date: /home/bashesam33/FS-AI/ros2_ws/install/hellocm_msgs/lib/libhellocm_msgs__rosidl_typesupport_introspection_cpp.so
[0.345s] -- Up-to-date: /home/bashesam33/FS-AI/ros2_ws/install/hellocm_msgs/lib/libhellocm_msgs__rosidl_typesupport_cpp.so
[0.345s] -- Up-to-date: /home/bashesam33/FS-AI/ros2_ws/install/hellocm_msgs/share/hellocm_msgs/environment/pythonpath.sh
[0.345s] -- Up-to-date: /home/bashesam33/FS-AI/ros2_ws/install/hellocm_msgs/share/hellocm_msgs/environment/pythonpath.dsv
[0.345s] -- Up-to-date: /home/bashesam33/FS-AI/ros2_ws/install/hellocm_msgs/lib/python3.12/site-packages/hellocm_msgs-0.1.0-py3.12.egg-info
[0.345s] -- Installing: /home/bashesam33/FS-AI/ros2_ws/install/hellocm_msgs/lib/python3.12/site-packages/hellocm_msgs-0.1.0-py3.12.egg-info/SOURCES.txt
[0.345s] -- Installing: /home/bashesam33/FS-AI/ros2_ws/install/hellocm_msgs/lib/python3.12/site-packages/hellocm_msgs-0.1.0-py3.12.egg-info/top_level.txt
[0.345s] -- Installing: /home/bashesam33/FS-AI/ros2_ws/install/hellocm_msgs/lib/python3.12/site-packages/hellocm_msgs-0.1.0-py3.12.egg-info/PKG-INFO
[0.345s] -- Installing: /home/bashesam33/FS-AI/ros2_ws/install/hellocm_msgs/lib/python3.12/site-packages/hellocm_msgs-0.1.0-py3.12.egg-info/dependency_links.txt
[0.346s] -- Up-to-date: /home/bashesam33/FS-AI/ros2_ws/install/hellocm_msgs/lib/python3.12/site-packages/hellocm_msgs
[0.346s] -- Up-to-date: /home/bashesam33/FS-AI/ros2_ws/install/hellocm_msgs/lib/python3.12/site-packages/hellocm_msgs/hellocm_msgs_s__rosidl_typesupport_c.cpython-310-x86_64-linux-gnu.so
[0.346s] -- Up-to-date: /home/bashesam33/FS-AI/ros2_ws/install/hellocm_msgs/lib/python3.12/site-packages/hellocm_msgs/hellocm_msgs_s__rosidl_typesupport_fastrtps_c.so
[0.346s] -- Up-to-date: /home/bashesam33/FS-AI/ros2_ws/install/hellocm_msgs/lib/python3.12/site-packages/hellocm_msgs/libhellocm_msgs__rosidl_generator_py.so
[0.346s] -- Up-to-date: /home/bashesam33/FS-AI/ros2_ws/install/hellocm_msgs/lib/python3.12/site-packages/hellocm_msgs/hellocm_msgs_s__rosidl_typesupport_fastrtps_c.cpython-310-x86_64-linux-gnu.so
[0.346s] -- Up-to-date: /home/bashesam33/FS-AI/ros2_ws/install/hellocm_msgs/lib/python3.12/site-packages/hellocm_msgs/__init__.py
[0.346s] -- Up-to-date: /home/bashesam33/FS-AI/ros2_ws/install/hellocm_msgs/lib/python3.12/site-packages/hellocm_msgs/hellocm_msgs_s__rosidl_typesupport_introspection_c.so
[0.346s] -- Up-to-date: /home/bashesam33/FS-AI/ros2_ws/install/hellocm_msgs/lib/python3.12/site-packages/hellocm_msgs/msg
[0.346s] -- Up-to-date: /home/bashesam33/FS-AI/ros2_ws/install/hellocm_msgs/lib/python3.12/site-packages/hellocm_msgs/msg/__init__.py
[0.346s] -- Up-to-date: /home/bashesam33/FS-AI/ros2_ws/install/hellocm_msgs/lib/python3.12/site-packages/hellocm_msgs/msg/_ext2_cm_s.c
[0.346s] -- Up-to-date: /home/bashesam33/FS-AI/ros2_ws/install/hellocm_msgs/lib/python3.12/site-packages/hellocm_msgs/msg/_cm2_ext_s.c
[0.346s] -- Up-to-date: /home/bashesam33/FS-AI/ros2_ws/install/hellocm_msgs/lib/python3.12/site-packages/hellocm_msgs/msg/_ext2_cm.py
[0.346s] -- Up-to-date: /home/bashesam33/FS-AI/ros2_ws/install/hellocm_msgs/lib/python3.12/site-packages/hellocm_msgs/msg/_cm2_ext.py
[0.346s] -- Up-to-date: /home/bashesam33/FS-AI/ros2_ws/install/hellocm_msgs/lib/python3.12/site-packages/hellocm_msgs/_hellocm_msgs_s.ep.rosidl_typesupport_c.c
[0.346s] -- Up-to-date: /home/bashesam33/FS-AI/ros2_ws/install/hellocm_msgs/lib/python3.12/site-packages/hellocm_msgs/hellocm_msgs_s__rosidl_typesupport_introspection_c.cpython-310-x86_64-linux-gnu.so
[0.346s] -- Up-to-date: /home/bashesam33/FS-AI/ros2_ws/install/hellocm_msgs/lib/python3.12/site-packages/hellocm_msgs/hellocm_msgs_s__rosidl_typesupport_c.so
[0.346s] -- Up-to-date: /home/bashesam33/FS-AI/ros2_ws/install/hellocm_msgs/lib/python3.12/site-packages/hellocm_msgs/_hellocm_msgs_s.ep.rosidl_typesupport_fastrtps_c.c
[0.346s] -- Up-to-date: /home/bashesam33/FS-AI/ros2_ws/install/hellocm_msgs/lib/python3.12/site-packages/hellocm_msgs/srv
[0.347s] -- Up-to-date: /home/bashesam33/FS-AI/ros2_ws/install/hellocm_msgs/lib/python3.12/site-packages/hellocm_msgs/srv/__init__.py
[0.347s] -- Up-to-date: /home/bashesam33/FS-AI/ros2_ws/install/hellocm_msgs/lib/python3.12/site-packages/hellocm_msgs/srv/_init.py
[0.347s] -- Up-to-date: /home/bashesam33/FS-AI/ros2_ws/install/hellocm_msgs/lib/python3.12/site-packages/hellocm_msgs/srv/_init_s.c
[0.347s] -- Up-to-date: /home/bashesam33/FS-AI/ros2_ws/install/hellocm_msgs/lib/python3.12/site-packages/hellocm_msgs/_hellocm_msgs_s.ep.rosidl_typesupport_introspection_c.c
[0.366s] Listing '/home/bashesam33/FS-AI/ros2_ws/install/hellocm_msgs/lib/python3.12/site-packages/hellocm_msgs'...
[0.366s] Listing '/home/bashesam33/FS-AI/ros2_ws/install/hellocm_msgs/lib/python3.12/site-packages/hellocm_msgs/msg'...
[0.366s] Listing '/home/bashesam33/FS-AI/ros2_ws/install/hellocm_msgs/lib/python3.12/site-packages/hellocm_msgs/srv'...
[0.368s] -- Up-to-date: /home/bashesam33/FS-AI/ros2_ws/install/hellocm_msgs/lib/python3.12/site-packages/hellocm_msgs/hellocm_msgs_s__rosidl_typesupport_fastrtps_c.so
[0.368s] -- Up-to-date: /home/bashesam33/FS-AI/ros2_ws/install/hellocm_msgs/lib/python3.12/site-packages/hellocm_msgs/hellocm_msgs_s__rosidl_typesupport_introspection_c.so
[0.368s] -- Up-to-date: /home/bashesam33/FS-AI/ros2_ws/install/hellocm_msgs/lib/python3.12/site-packages/hellocm_msgs/hellocm_msgs_s__rosidl_typesupport_c.so
[0.368s] -- Up-to-date: /home/bashesam33/FS-AI/ros2_ws/install/hellocm_msgs/lib/libhellocm_msgs__rosidl_generator_py.so
[0.369s] -- Up-to-date: /home/bashesam33/FS-AI/ros2_ws/install/hellocm_msgs/share/hellocm_msgs/msg/CM2Ext.idl
[0.369s] -- Up-to-date: /home/bashesam33/FS-AI/ros2_ws/install/hellocm_msgs/share/hellocm_msgs/msg/Ext2CM.idl
[0.369s] -- Up-to-date: /home/bashesam33/FS-AI/ros2_ws/install/hellocm_msgs/share/hellocm_msgs/srv/Init.idl
[0.369s] -- Up-to-date: /home/bashesam33/FS-AI/ros2_ws/install/hellocm_msgs/share/hellocm_msgs/msg/CM2Ext.msg
[0.369s] -- Up-to-date: /home/bashesam33/FS-AI/ros2_ws/install/hellocm_msgs/share/hellocm_msgs/msg/Ext2CM.msg
[0.370s] -- Up-to-date: /home/bashesam33/FS-AI/ros2_ws/install/hellocm_msgs/share/hellocm_msgs/srv/Init.srv
[0.370s] -- Up-to-date: /home/bashesam33/FS-AI/ros2_ws/install/hellocm_msgs/share/ament_index/resource_index/package_run_dependencies/hellocm_msgs
[0.370s] -- Up-to-date: /home/bashesam33/FS-AI/ros2_ws/install/hellocm_msgs/share/ament_index/resource_index/parent_prefix_path/hellocm_msgs
[0.370s] -- Up-to-date: /home/bashesam33/FS-AI/ros2_ws/install/hellocm_msgs/share/hellocm_msgs/environment/ament_prefix_path.sh
[0.370s] -- Up-to-date: /home/bashesam33/FS-AI/ros2_ws/install/hellocm_msgs/share/hellocm_msgs/environment/ament_prefix_path.dsv
[0.370s] -- Up-to-date: /home/bashesam33/FS-AI/ros2_ws/install/hellocm_msgs/share/hellocm_msgs/environment/path.sh
[0.370s] -- Up-to-date: /home/bashesam33/FS-AI/ros2_ws/install/hellocm_msgs/share/hellocm_msgs/environment/path.dsv
[0.370s] -- Up-to-date: /home/bashesam33/FS-AI/ros2_ws/install/hellocm_msgs/share/hellocm_msgs/local_setup.bash
[0.370s] -- Up-to-date: /home/bashesam33/FS-AI/ros2_ws/install/hellocm_msgs/share/hellocm_msgs/local_setup.sh
[0.370s] -- Up-to-date: /home/bashesam33/FS-AI/ros2_ws/install/hellocm_msgs/share/hellocm_msgs/local_setup.zsh
[0.370s] -- Up-to-date: /home/bashesam33/FS-AI/ros2_ws/install/hellocm_msgs/share/hellocm_msgs/local_setup.dsv
[0.370s] -- Installing: /home/bashesam33/FS-AI/ros2_ws/install/hellocm_msgs/share/hellocm_msgs/package.dsv
[0.370s] -- Up-to-date: /home/bashesam33/FS-AI/ros2_ws/install/hellocm_msgs/share/ament_index/resource_index/packages/hellocm_msgs
[0.370s] -- Up-to-date: /home/bashesam33/FS-AI/ros2_ws/install/hellocm_msgs/share/hellocm_msgs/cmake/export_hellocm_msgs__rosidl_generator_cExport.cmake
[0.370s] -- Up-to-date: /home/bashesam33/FS-AI/ros2_ws/install/hellocm_msgs/share/hellocm_msgs/cmake/export_hellocm_msgs__rosidl_generator_cExport-noconfig.cmake
[0.370s] -- Up-to-date: /home/bashesam33/FS-AI/ros2_ws/install/hellocm_msgs/share/hellocm_msgs/cmake/export_hellocm_msgs__rosidl_typesupport_fastrtps_cExport.cmake
[0.370s] -- Up-to-date: /home/bashesam33/FS-AI/ros2_ws/install/hellocm_msgs/share/hellocm_msgs/cmake/export_hellocm_msgs__rosidl_typesupport_fastrtps_cExport-noconfig.cmake
[0.370s] -- Up-to-date: /home/bashesam33/FS-AI/ros2_ws/install/hellocm_msgs/share/hellocm_msgs/cmake/hellocm_msgs__rosidl_typesupport_introspection_cExport.cmake
[0.370s] -- Up-to-date: /home/bashesam33/FS-AI/ros2_ws/install/hellocm_msgs/share/hellocm_msgs/cmake/hellocm_msgs__rosidl_typesupport_introspection_cExport-noconfig.cmake
[0.371s] -- Up-to-date: /home/bashesam33/FS-AI/ros2_ws/install/hellocm_msgs/share/hellocm_msgs/cmake/hellocm_msgs__rosidl_typesupport_cExport.cmake
[0.371s] -- Up-to-date: /home/bashesam33/FS-AI/ros2_ws/install/hellocm_msgs/share/hellocm_msgs/cmake/hellocm_msgs__rosidl_typesupport_cExport-noconfig.cmake
[0.371s] -- Up-to-date: /home/bashesam33/FS-AI/ros2_ws/install/hellocm_msgs/share/hellocm_msgs/cmake/export_hellocm_msgs__rosidl_generator_cppExport.cmake
[0.371s] -- Up-to-date: /home/bashesam33/FS-AI/ros2_ws/install/hellocm_msgs/share/hellocm_msgs/cmake/export_hellocm_msgs__rosidl_typesupport_fastrtps_cppExport.cmake
[0.371s] -- Up-to-date: /home/bashesam33/FS-AI/ros2_ws/install/hellocm_msgs/share/hellocm_msgs/cmake/export_hellocm_msgs__rosidl_typesupport_fastrtps_cppExport-noconfig.cmake
[0.371s] -- Up-to-date: /home/bashesam33/FS-AI/ros2_ws/install/hellocm_msgs/share/hellocm_msgs/cmake/hellocm_msgs__rosidl_typesupport_introspection_cppExport.cmake
[0.371s] -- Up-to-date: /home/bashesam33/FS-AI/ros2_ws/install/hellocm_msgs/share/hellocm_msgs/cmake/hellocm_msgs__rosidl_typesupport_introspection_cppExport-noconfig.cmake
[0.372s] -- Up-to-date: /home/bashesam33/FS-AI/ros2_ws/install/hellocm_msgs/share/hellocm_msgs/cmake/hellocm_msgs__rosidl_typesupport_cppExport.cmake
[0.372s] -- Up-to-date: /home/bashesam33/FS-AI/ros2_ws/install/hellocm_msgs/share/hellocm_msgs/cmake/hellocm_msgs__rosidl_typesupport_cppExport-noconfig.cmake
[0.373s] -- Up-to-date: /home/bashesam33/FS-AI/ros2_ws/install/hellocm_msgs/share/hellocm_msgs/cmake/export_hellocm_msgs__rosidl_generator_pyExport.cmake
[0.373s] -- Up-to-date: /home/bashesam33/FS-AI/ros2_ws/install/hellocm_msgs/share/hellocm_msgs/cmake/export_hellocm_msgs__rosidl_generator_pyExport-noconfig.cmake
[0.373s] -- Up-to-date: /home/bashesam33/FS-AI/ros2_ws/install/hellocm_msgs/share/hellocm_msgs/cmake/rosidl_cmake-extras.cmake
[0.373s] -- Up-to-date: /home/bashesam33/FS-AI/ros2_ws/install/hellocm_msgs/share/hellocm_msgs/cmake/ament_cmake_export_dependencies-extras.cmake
[0.373s] -- Up-to-date: /home/bashesam33/FS-AI/ros2_ws/install/hellocm_msgs/share/hellocm_msgs/cmake/ament_cmake_export_include_directories-extras.cmake
[0.373s] -- Up-to-date: /home/bashesam33/FS-AI/ros2_ws/install/hellocm_msgs/share/hellocm_msgs/cmake/ament_cmake_export_libraries-extras.cmake
[0.373s] -- Up-to-date: /home/bashesam33/FS-AI/ros2_ws/install/hellocm_msgs/share/hellocm_msgs/cmake/ament_cmake_export_targets-extras.cmake
[0.373s] -- Up-to-date: /home/bashesam33/FS-AI/ros2_ws/install/hellocm_msgs/share/hellocm_msgs/cmake/rosidl_cmake_export_typesupport_targets-extras.cmake
[0.373s] -- Up-to-date: /home/bashesam33/FS-AI/ros2_ws/install/hellocm_msgs/share/hellocm_msgs/cmake/rosidl_cmake_export_typesupport_libraries-extras.cmake
[0.373s] -- Up-to-date: /home/bashesam33/FS-AI/ros2_ws/install/hellocm_msgs/share/hellocm_msgs/cmake/hellocm_msgsConfig.cmake
[0.373s] -- Up-to-date: /home/bashesam33/FS-AI/ros2_ws/install/hellocm_msgs/share/hellocm_msgs/cmake/hellocm_msgsConfig-version.cmake
[0.373s] -- Up-to-date: /home/bashesam33/FS-AI/ros2_ws/install/hellocm_msgs/share/hellocm_msgs/package.xml
[0.374s] Invoked command in '/home/bashesam33/FS-AI/ros2_ws/build/hellocm_msgs' returned '0': CMAKE_PREFIX_PATH=${CMAKE_PREFIX_PATH}:/opt/ros/jazzy DEBUGINFOD_URLS=https://debuginfod.ubuntu.com /usr/bin/cmake --install /home/bashesam33/FS-AI/ros2_ws/build/hellocm_msgs
