[0.019s] Invoking command in '/home/mdxfsai/FS_autonomous/ros/ros2_ws/build/vehiclecontrol_msgs': CMAKE_PREFIX_PATH=/opt/ros/humble /usr/bin/cmake /home/mdxfsai/FS_autonomous/ros/ros2_ws/src/vehiclecontrol_msgs -DCMAKE_INSTALL_PREFIX=/home/mdxfsai/FS_autonomous/ros/ros2_ws/install/vehiclecontrol_msgs
[0.035s] -- Found ament_cmake: 1.3.12 (/opt/ros/humble/share/ament_cmake/cmake)
[0.183s] -- Found rosidl_default_generators: 1.2.0 (/opt/ros/humble/share/rosidl_default_generators/cmake)
[0.185s] -- Using all available rosidl_typesupport_c: rosidl_typesupport_fastrtps_c;rosidl_typesupport_introspection_c
[0.188s] -- Found rosidl_adapter: 3.1.8 (/opt/ros/humble/share/rosidl_adapter/cmake)
[0.218s] -- Using all available rosidl_typesupport_cpp: rosidl_typesupport_fastrtps_cpp;rosidl_typesupport_introspection_cpp
[0.243s] -- Found std_msgs: 4.9.0 (/opt/ros/humble/share/std_msgs/cmake)
[0.568s] -- Found ament_cmake_ros: 0.10.0 (/opt/ros/humble/share/ament_cmake_ros/cmake)
[0.820s] -- Using all available rosidl_typesupport_c: rosidl_typesupport_fastrtps_c;rosidl_typesupport_introspection_c
[1.129s] -- Using all available rosidl_typesupport_cpp: rosidl_typesupport_fastrtps_cpp;rosidl_typesupport_introspection_cpp
[1.154s] -- Found python_cmake_module: 0.10.0 (/opt/ros/humble/share/python_cmake_module/cmake)
[1.179s] -- Using PYTHON_EXECUTABLE: /usr/bin/python3
[1.179s] -- Using PYTHON_INCLUDE_DIRS: /usr/include/python3.10
[1.179s] -- Using PYTHON_LIBRARIES: /usr/lib/x86_64-linux-gnu/libpython3.10.so
[1.203s] -- Found ament_lint_auto: 0.12.14 (/opt/ros/humble/share/ament_lint_auto/cmake)
[1.211s] -- Added test 'copyright' to check source files copyright and LICENSE
[1.212s] -- Added test 'lint_cmake' to check CMake code style
[1.212s] -- Added test 'xmllint' to check XML markup files
[1.214s] -- Configuring done
[1.243s] -- Generating done
[1.255s] -- Build files have been written to: /home/mdxfsai/FS_autonomous/ros/ros2_ws/build/vehiclecontrol_msgs
[1.262s] Invoked command in '/home/mdxfsai/FS_autonomous/ros/ros2_ws/build/vehiclecontrol_msgs' returned '0': CMAKE_PREFIX_PATH=/opt/ros/humble /usr/bin/cmake /home/mdxfsai/FS_autonomous/ros/ros2_ws/src/vehiclecontrol_msgs -DCMAKE_INSTALL_PREFIX=/home/mdxfsai/FS_autonomous/ros/ros2_ws/install/vehiclecontrol_msgs
[1.263s] Invoking command in '/home/mdxfsai/FS_autonomous/ros/ros2_ws/build/vehiclecontrol_msgs': CMAKE_PREFIX_PATH=/opt/ros/humble /usr/bin/cmake --build /home/mdxfsai/FS_autonomous/ros/ros2_ws/build/vehiclecontrol_msgs -- -j20 -l20
[1.311s] [35m[1mConsolidate compiler generated dependencies of target vehiclecontrol_msgs__rosidl_generator_c[0m
[1.321s] [  9%] Built target vehiclecontrol_msgs__rosidl_generator_c
[1.321s] [ 12%] Built target vehiclecontrol_msgs__cpp
[1.332s] [35m[1mConsolidate compiler generated dependencies of target vehiclecontrol_msgs__rosidl_typesupport_c[0m
[1.332s] [35m[1mConsolidate compiler generated dependencies of target vehiclecontrol_msgs__rosidl_typesupport_fastrtps_c[0m
[1.335s] [35m[1mConsolidate compiler generated dependencies of target vehiclecontrol_msgs__rosidl_typesupport_fastrtps_cpp[0m
[1.336s] [35m[1mConsolidate compiler generated dependencies of target vehiclecontrol_msgs__rosidl_typesupport_introspection_c[0m
[1.337s] [35m[1mConsolidate compiler generated dependencies of target vehiclecontrol_msgs__rosidl_typesupport_introspection_cpp[0m
[1.341s] [ 12%] Built target ament_cmake_python_copy_vehiclecontrol_msgs
[1.347s] [ 22%] Built target vehiclecontrol_msgs__rosidl_typesupport_c
[1.350s] [ 32%] Built target vehiclecontrol_msgs__rosidl_typesupport_fastrtps_cpp
[1.350s] [ 41%] Built target vehiclecontrol_msgs__rosidl_typesupport_introspection_cpp
[1.351s] [ 51%] Built target vehiclecontrol_msgs__rosidl_typesupport_fastrtps_c
[1.353s] [ 61%] Built target vehiclecontrol_msgs__rosidl_typesupport_introspection_c
[1.354s] [35m[1mConsolidate compiler generated dependencies of target vehiclecontrol_msgs__rosidl_typesupport_cpp[0m
[1.366s] [ 70%] Built target vehiclecontrol_msgs__rosidl_typesupport_cpp
[1.390s] [ 70%] Built target vehiclecontrol_msgs
[1.410s] [ 74%] Built target vehiclecontrol_msgs__py
[1.423s] [35m[1mConsolidate compiler generated dependencies of target vehiclecontrol_msgs__rosidl_generator_py[0m
[1.436s] [ 80%] Built target vehiclecontrol_msgs__rosidl_generator_py
[1.446s] [35m[1mConsolidate compiler generated dependencies of target vehiclecontrol_msgs__rosidl_typesupport_fastrtps_c__pyext[0m
[1.446s] [35m[1mConsolidate compiler generated dependencies of target vehiclecontrol_msgs__rosidl_typesupport_c__pyext[0m
[1.451s] [35m[1mConsolidate compiler generated dependencies of target vehiclecontrol_msgs__rosidl_typesupport_introspection_c__pyext[0m
[1.458s] [ 93%] Built target vehiclecontrol_msgs__rosidl_typesupport_fastrtps_c__pyext
[1.458s] [ 93%] Built target vehiclecontrol_msgs__rosidl_typesupport_c__pyext
[1.464s] [100%] Built target vehiclecontrol_msgs__rosidl_typesupport_introspection_c__pyext
[1.574s] running egg_info
[1.575s] writing vehiclecontrol_msgs.egg-info/PKG-INFO
[1.575s] writing dependency_links to vehiclecontrol_msgs.egg-info/dependency_links.txt
[1.575s] writing top-level names to vehiclecontrol_msgs.egg-info/top_level.txt
[1.577s] reading manifest file 'vehiclecontrol_msgs.egg-info/SOURCES.txt'
[1.578s] writing manifest file 'vehiclecontrol_msgs.egg-info/SOURCES.txt'
[1.607s] [100%] Built target ament_cmake_python_build_vehiclecontrol_msgs_egg
[1.619s] Invoked command in '/home/mdxfsai/FS_autonomous/ros/ros2_ws/build/vehiclecontrol_msgs' returned '0': CMAKE_PREFIX_PATH=/opt/ros/humble /usr/bin/cmake --build /home/mdxfsai/FS_autonomous/ros/ros2_ws/build/vehiclecontrol_msgs -- -j20 -l20
[1.632s] Invoking command in '/home/mdxfsai/FS_autonomous/ros/ros2_ws/build/vehiclecontrol_msgs': CMAKE_PREFIX_PATH=/opt/ros/humble /usr/bin/cmake --install /home/mdxfsai/FS_autonomous/ros/ros2_ws/build/vehiclecontrol_msgs
[1.643s] -- Install configuration: ""
[1.644s] -- Up-to-date: /home/mdxfsai/FS_autonomous/ros/ros2_ws/install/vehiclecontrol_msgs/share/ament_index/resource_index/rosidl_interfaces/vehiclecontrol_msgs
[1.644s] -- Up-to-date: /home/mdxfsai/FS_autonomous/ros/ros2_ws/install/vehiclecontrol_msgs/include/vehiclecontrol_msgs/vehiclecontrol_msgs
[1.644s] -- Up-to-date: /home/mdxfsai/FS_autonomous/ros/ros2_ws/install/vehiclecontrol_msgs/include/vehiclecontrol_msgs/vehiclecontrol_msgs/msg
[1.644s] -- Up-to-date: /home/mdxfsai/FS_autonomous/ros/ros2_ws/install/vehiclecontrol_msgs/include/vehiclecontrol_msgs/vehiclecontrol_msgs/msg/rosidl_generator_c__visibility_control.h
[1.644s] -- Up-to-date: /home/mdxfsai/FS_autonomous/ros/ros2_ws/install/vehiclecontrol_msgs/include/vehiclecontrol_msgs/vehiclecontrol_msgs/msg/vehicle_control.h
[1.644s] -- Up-to-date: /home/mdxfsai/FS_autonomous/ros/ros2_ws/install/vehiclecontrol_msgs/include/vehiclecontrol_msgs/vehiclecontrol_msgs/msg/detail
[1.644s] -- Up-to-date: /home/mdxfsai/FS_autonomous/ros/ros2_ws/install/vehiclecontrol_msgs/include/vehiclecontrol_msgs/vehiclecontrol_msgs/msg/detail/vehicle_control__struct.h
[1.644s] -- Up-to-date: /home/mdxfsai/FS_autonomous/ros/ros2_ws/install/vehiclecontrol_msgs/include/vehiclecontrol_msgs/vehiclecontrol_msgs/msg/detail/vehicle_control__functions.h
[1.644s] -- Up-to-date: /home/mdxfsai/FS_autonomous/ros/ros2_ws/install/vehiclecontrol_msgs/include/vehiclecontrol_msgs/vehiclecontrol_msgs/msg/detail/vehicle_control__functions.c
[1.644s] -- Up-to-date: /home/mdxfsai/FS_autonomous/ros/ros2_ws/install/vehiclecontrol_msgs/include/vehiclecontrol_msgs/vehiclecontrol_msgs/msg/detail/vehicle_control__type_support.h
[1.644s] -- Up-to-date: /home/mdxfsai/FS_autonomous/ros/ros2_ws/install/vehiclecontrol_msgs/share/vehiclecontrol_msgs/environment/library_path.sh
[1.644s] -- Installing: /home/mdxfsai/FS_autonomous/ros/ros2_ws/install/vehiclecontrol_msgs/share/vehiclecontrol_msgs/environment/library_path.dsv
[1.645s] -- Up-to-date: /home/mdxfsai/FS_autonomous/ros/ros2_ws/install/vehiclecontrol_msgs/lib/libvehiclecontrol_msgs__rosidl_generator_c.so
[1.645s] -- Up-to-date: /home/mdxfsai/FS_autonomous/ros/ros2_ws/install/vehiclecontrol_msgs/include/vehiclecontrol_msgs/vehiclecontrol_msgs
[1.645s] -- Up-to-date: /home/mdxfsai/FS_autonomous/ros/ros2_ws/install/vehiclecontrol_msgs/include/vehiclecontrol_msgs/vehiclecontrol_msgs/msg
[1.645s] -- Up-to-date: /home/mdxfsai/FS_autonomous/ros/ros2_ws/install/vehiclecontrol_msgs/include/vehiclecontrol_msgs/vehiclecontrol_msgs/msg/rosidl_typesupport_fastrtps_c__visibility_control.h
[1.646s] -- Up-to-date: /home/mdxfsai/FS_autonomous/ros/ros2_ws/install/vehiclecontrol_msgs/include/vehiclecontrol_msgs/vehiclecontrol_msgs/msg/detail
[1.646s] -- Up-to-date: /home/mdxfsai/FS_autonomous/ros/ros2_ws/install/vehiclecontrol_msgs/include/vehiclecontrol_msgs/vehiclecontrol_msgs/msg/detail/vehicle_control__rosidl_typesupport_fastrtps_c.h
[1.646s] -- Up-to-date: /home/mdxfsai/FS_autonomous/ros/ros2_ws/install/vehiclecontrol_msgs/lib/libvehiclecontrol_msgs__rosidl_typesupport_fastrtps_c.so
[1.646s] -- Up-to-date: /home/mdxfsai/FS_autonomous/ros/ros2_ws/install/vehiclecontrol_msgs/include/vehiclecontrol_msgs/vehiclecontrol_msgs
[1.646s] -- Up-to-date: /home/mdxfsai/FS_autonomous/ros/ros2_ws/install/vehiclecontrol_msgs/include/vehiclecontrol_msgs/vehiclecontrol_msgs/msg
[1.646s] -- Up-to-date: /home/mdxfsai/FS_autonomous/ros/ros2_ws/install/vehiclecontrol_msgs/include/vehiclecontrol_msgs/vehiclecontrol_msgs/msg/detail
[1.646s] -- Up-to-date: /home/mdxfsai/FS_autonomous/ros/ros2_ws/install/vehiclecontrol_msgs/include/vehiclecontrol_msgs/vehiclecontrol_msgs/msg/detail/vehicle_control__type_support.c
[1.647s] -- Up-to-date: /home/mdxfsai/FS_autonomous/ros/ros2_ws/install/vehiclecontrol_msgs/include/vehiclecontrol_msgs/vehiclecontrol_msgs/msg/detail/vehicle_control__rosidl_typesupport_introspection_c.h
[1.647s] -- Up-to-date: /home/mdxfsai/FS_autonomous/ros/ros2_ws/install/vehiclecontrol_msgs/include/vehiclecontrol_msgs/vehiclecontrol_msgs/msg/rosidl_typesupport_introspection_c__visibility_control.h
[1.647s] -- Up-to-date: /home/mdxfsai/FS_autonomous/ros/ros2_ws/install/vehiclecontrol_msgs/lib/libvehiclecontrol_msgs__rosidl_typesupport_introspection_c.so
[1.647s] -- Up-to-date: /home/mdxfsai/FS_autonomous/ros/ros2_ws/install/vehiclecontrol_msgs/lib/libvehiclecontrol_msgs__rosidl_typesupport_c.so
[1.647s] -- Up-to-date: /home/mdxfsai/FS_autonomous/ros/ros2_ws/install/vehiclecontrol_msgs/include/vehiclecontrol_msgs/vehiclecontrol_msgs
[1.647s] -- Up-to-date: /home/mdxfsai/FS_autonomous/ros/ros2_ws/install/vehiclecontrol_msgs/include/vehiclecontrol_msgs/vehiclecontrol_msgs/msg
[1.648s] -- Up-to-date: /home/mdxfsai/FS_autonomous/ros/ros2_ws/install/vehiclecontrol_msgs/include/vehiclecontrol_msgs/vehiclecontrol_msgs/msg/vehicle_control.hpp
[1.648s] -- Up-to-date: /home/mdxfsai/FS_autonomous/ros/ros2_ws/install/vehiclecontrol_msgs/include/vehiclecontrol_msgs/vehiclecontrol_msgs/msg/rosidl_generator_cpp__visibility_control.hpp
[1.648s] -- Up-to-date: /home/mdxfsai/FS_autonomous/ros/ros2_ws/install/vehiclecontrol_msgs/include/vehiclecontrol_msgs/vehiclecontrol_msgs/msg/detail
[1.648s] -- Up-to-date: /home/mdxfsai/FS_autonomous/ros/ros2_ws/install/vehiclecontrol_msgs/include/vehiclecontrol_msgs/vehiclecontrol_msgs/msg/detail/vehicle_control__builder.hpp
[1.648s] -- Up-to-date: /home/mdxfsai/FS_autonomous/ros/ros2_ws/install/vehiclecontrol_msgs/include/vehiclecontrol_msgs/vehiclecontrol_msgs/msg/detail/vehicle_control__struct.hpp
[1.648s] -- Up-to-date: /home/mdxfsai/FS_autonomous/ros/ros2_ws/install/vehiclecontrol_msgs/include/vehiclecontrol_msgs/vehiclecontrol_msgs/msg/detail/vehicle_control__type_support.hpp
[1.648s] -- Up-to-date: /home/mdxfsai/FS_autonomous/ros/ros2_ws/install/vehiclecontrol_msgs/include/vehiclecontrol_msgs/vehiclecontrol_msgs/msg/detail/vehicle_control__traits.hpp
[1.648s] -- Up-to-date: /home/mdxfsai/FS_autonomous/ros/ros2_ws/install/vehiclecontrol_msgs/include/vehiclecontrol_msgs/vehiclecontrol_msgs
[1.649s] -- Up-to-date: /home/mdxfsai/FS_autonomous/ros/ros2_ws/install/vehiclecontrol_msgs/include/vehiclecontrol_msgs/vehiclecontrol_msgs/msg
[1.649s] -- Up-to-date: /home/mdxfsai/FS_autonomous/ros/ros2_ws/install/vehiclecontrol_msgs/include/vehiclecontrol_msgs/vehiclecontrol_msgs/msg/rosidl_typesupport_fastrtps_cpp__visibility_control.h
[1.649s] -- Up-to-date: /home/mdxfsai/FS_autonomous/ros/ros2_ws/install/vehiclecontrol_msgs/include/vehiclecontrol_msgs/vehiclecontrol_msgs/msg/detail
[1.649s] -- Up-to-date: /home/mdxfsai/FS_autonomous/ros/ros2_ws/install/vehiclecontrol_msgs/include/vehiclecontrol_msgs/vehiclecontrol_msgs/msg/detail/dds_fastrtps
[1.649s] -- Up-to-date: /home/mdxfsai/FS_autonomous/ros/ros2_ws/install/vehiclecontrol_msgs/include/vehiclecontrol_msgs/vehiclecontrol_msgs/msg/detail/vehicle_control__rosidl_typesupport_fastrtps_cpp.hpp
[1.649s] -- Up-to-date: /home/mdxfsai/FS_autonomous/ros/ros2_ws/install/vehiclecontrol_msgs/lib/libvehiclecontrol_msgs__rosidl_typesupport_fastrtps_cpp.so
[1.649s] -- Up-to-date: /home/mdxfsai/FS_autonomous/ros/ros2_ws/install/vehiclecontrol_msgs/include/vehiclecontrol_msgs/vehiclecontrol_msgs
[1.649s] -- Up-to-date: /home/mdxfsai/FS_autonomous/ros/ros2_ws/install/vehiclecontrol_msgs/include/vehiclecontrol_msgs/vehiclecontrol_msgs/msg
[1.650s] -- Up-to-date: /home/mdxfsai/FS_autonomous/ros/ros2_ws/install/vehiclecontrol_msgs/include/vehiclecontrol_msgs/vehiclecontrol_msgs/msg/detail
[1.650s] -- Up-to-date: /home/mdxfsai/FS_autonomous/ros/ros2_ws/install/vehiclecontrol_msgs/include/vehiclecontrol_msgs/vehiclecontrol_msgs/msg/detail/vehicle_control__rosidl_typesupport_introspection_cpp.hpp
[1.650s] -- Up-to-date: /home/mdxfsai/FS_autonomous/ros/ros2_ws/install/vehiclecontrol_msgs/include/vehiclecontrol_msgs/vehiclecontrol_msgs/msg/detail/vehicle_control__type_support.cpp
[1.650s] -- Up-to-date: /home/mdxfsai/FS_autonomous/ros/ros2_ws/install/vehiclecontrol_msgs/lib/libvehiclecontrol_msgs__rosidl_typesupport_introspection_cpp.so
[1.650s] -- Up-to-date: /home/mdxfsai/FS_autonomous/ros/ros2_ws/install/vehiclecontrol_msgs/lib/libvehiclecontrol_msgs__rosidl_typesupport_cpp.so
[1.650s] -- Up-to-date: /home/mdxfsai/FS_autonomous/ros/ros2_ws/install/vehiclecontrol_msgs/share/vehiclecontrol_msgs/environment/pythonpath.sh
[1.650s] -- Installing: /home/mdxfsai/FS_autonomous/ros/ros2_ws/install/vehiclecontrol_msgs/share/vehiclecontrol_msgs/environment/pythonpath.dsv
[1.651s] -- Up-to-date: /home/mdxfsai/FS_autonomous/ros/ros2_ws/install/vehiclecontrol_msgs/local/lib/python3.10/dist-packages/vehiclecontrol_msgs-1.0.0-py3.10.egg-info
[1.651s] -- Installing: /home/mdxfsai/FS_autonomous/ros/ros2_ws/install/vehiclecontrol_msgs/local/lib/python3.10/dist-packages/vehiclecontrol_msgs-1.0.0-py3.10.egg-info/PKG-INFO
[1.651s] -- Installing: /home/mdxfsai/FS_autonomous/ros/ros2_ws/install/vehiclecontrol_msgs/local/lib/python3.10/dist-packages/vehiclecontrol_msgs-1.0.0-py3.10.egg-info/SOURCES.txt
[1.651s] -- Installing: /home/mdxfsai/FS_autonomous/ros/ros2_ws/install/vehiclecontrol_msgs/local/lib/python3.10/dist-packages/vehiclecontrol_msgs-1.0.0-py3.10.egg-info/dependency_links.txt
[1.651s] -- Installing: /home/mdxfsai/FS_autonomous/ros/ros2_ws/install/vehiclecontrol_msgs/local/lib/python3.10/dist-packages/vehiclecontrol_msgs-1.0.0-py3.10.egg-info/top_level.txt
[1.651s] -- Up-to-date: /home/mdxfsai/FS_autonomous/ros/ros2_ws/install/vehiclecontrol_msgs/local/lib/python3.10/dist-packages/vehiclecontrol_msgs
[1.651s] -- Up-to-date: /home/mdxfsai/FS_autonomous/ros/ros2_ws/install/vehiclecontrol_msgs/local/lib/python3.10/dist-packages/vehiclecontrol_msgs/vehiclecontrol_msgs_s__rosidl_typesupport_c.cpython-310-x86_64-linux-gnu.so
[1.651s] -- Up-to-date: /home/mdxfsai/FS_autonomous/ros/ros2_ws/install/vehiclecontrol_msgs/local/lib/python3.10/dist-packages/vehiclecontrol_msgs/_vehiclecontrol_msgs_s.ep.rosidl_typesupport_fastrtps_c.c
[1.652s] -- Up-to-date: /home/mdxfsai/FS_autonomous/ros/ros2_ws/install/vehiclecontrol_msgs/local/lib/python3.10/dist-packages/vehiclecontrol_msgs/vehiclecontrol_msgs_s__rosidl_typesupport_introspection_c.cpython-310-x86_64-linux-gnu.so
[1.652s] -- Up-to-date: /home/mdxfsai/FS_autonomous/ros/ros2_ws/install/vehiclecontrol_msgs/local/lib/python3.10/dist-packages/vehiclecontrol_msgs/vehiclecontrol_msgs_s__rosidl_typesupport_fastrtps_c.cpython-310-x86_64-linux-gnu.so
[1.652s] -- Up-to-date: /home/mdxfsai/FS_autonomous/ros/ros2_ws/install/vehiclecontrol_msgs/local/lib/python3.10/dist-packages/vehiclecontrol_msgs/_vehiclecontrol_msgs_s.ep.rosidl_typesupport_introspection_c.c
[1.652s] -- Installing: /home/mdxfsai/FS_autonomous/ros/ros2_ws/install/vehiclecontrol_msgs/local/lib/python3.10/dist-packages/vehiclecontrol_msgs/__init__.py
[1.652s] -- Up-to-date: /home/mdxfsai/FS_autonomous/ros/ros2_ws/install/vehiclecontrol_msgs/local/lib/python3.10/dist-packages/vehiclecontrol_msgs/libvehiclecontrol_msgs__rosidl_generator_py.so
[1.652s] -- Up-to-date: /home/mdxfsai/FS_autonomous/ros/ros2_ws/install/vehiclecontrol_msgs/local/lib/python3.10/dist-packages/vehiclecontrol_msgs/msg
[1.652s] -- Up-to-date: /home/mdxfsai/FS_autonomous/ros/ros2_ws/install/vehiclecontrol_msgs/local/lib/python3.10/dist-packages/vehiclecontrol_msgs/msg/_vehicle_control.py
[1.652s] -- Up-to-date: /home/mdxfsai/FS_autonomous/ros/ros2_ws/install/vehiclecontrol_msgs/local/lib/python3.10/dist-packages/vehiclecontrol_msgs/msg/__init__.py
[1.652s] -- Up-to-date: /home/mdxfsai/FS_autonomous/ros/ros2_ws/install/vehiclecontrol_msgs/local/lib/python3.10/dist-packages/vehiclecontrol_msgs/msg/_vehicle_control_s.c
[1.653s] -- Up-to-date: /home/mdxfsai/FS_autonomous/ros/ros2_ws/install/vehiclecontrol_msgs/local/lib/python3.10/dist-packages/vehiclecontrol_msgs/_vehiclecontrol_msgs_s.ep.rosidl_typesupport_c.c
[1.689s] Listing '/home/mdxfsai/FS_autonomous/ros/ros2_ws/install/vehiclecontrol_msgs/local/lib/python3.10/dist-packages/vehiclecontrol_msgs'...
[1.689s] Compiling '/home/mdxfsai/FS_autonomous/ros/ros2_ws/install/vehiclecontrol_msgs/local/lib/python3.10/dist-packages/vehiclecontrol_msgs/__init__.py'...
[1.689s] Listing '/home/mdxfsai/FS_autonomous/ros/ros2_ws/install/vehiclecontrol_msgs/local/lib/python3.10/dist-packages/vehiclecontrol_msgs/msg'...
[1.694s] -- Up-to-date: /home/mdxfsai/FS_autonomous/ros/ros2_ws/install/vehiclecontrol_msgs/local/lib/python3.10/dist-packages/vehiclecontrol_msgs/vehiclecontrol_msgs_s__rosidl_typesupport_fastrtps_c.cpython-310-x86_64-linux-gnu.so
[1.694s] -- Up-to-date: /home/mdxfsai/FS_autonomous/ros/ros2_ws/install/vehiclecontrol_msgs/local/lib/python3.10/dist-packages/vehiclecontrol_msgs/vehiclecontrol_msgs_s__rosidl_typesupport_introspection_c.cpython-310-x86_64-linux-gnu.so
[1.695s] -- Up-to-date: /home/mdxfsai/FS_autonomous/ros/ros2_ws/install/vehiclecontrol_msgs/local/lib/python3.10/dist-packages/vehiclecontrol_msgs/vehiclecontrol_msgs_s__rosidl_typesupport_c.cpython-310-x86_64-linux-gnu.so
[1.695s] -- Up-to-date: /home/mdxfsai/FS_autonomous/ros/ros2_ws/install/vehiclecontrol_msgs/lib/libvehiclecontrol_msgs__rosidl_generator_py.so
[1.695s] -- Up-to-date: /home/mdxfsai/FS_autonomous/ros/ros2_ws/install/vehiclecontrol_msgs/share/vehiclecontrol_msgs/msg/VehicleControl.idl
[1.696s] -- Up-to-date: /home/mdxfsai/FS_autonomous/ros/ros2_ws/install/vehiclecontrol_msgs/share/vehiclecontrol_msgs/msg/VehicleControl.msg
[1.696s] -- Up-to-date: /home/mdxfsai/FS_autonomous/ros/ros2_ws/install/vehiclecontrol_msgs/share/ament_index/resource_index/package_run_dependencies/vehiclecontrol_msgs
[1.698s] -- Up-to-date: /home/mdxfsai/FS_autonomous/ros/ros2_ws/install/vehiclecontrol_msgs/share/ament_index/resource_index/parent_prefix_path/vehiclecontrol_msgs
[1.699s] -- Up-to-date: /home/mdxfsai/FS_autonomous/ros/ros2_ws/install/vehiclecontrol_msgs/share/vehiclecontrol_msgs/environment/ament_prefix_path.sh
[1.699s] -- Installing: /home/mdxfsai/FS_autonomous/ros/ros2_ws/install/vehiclecontrol_msgs/share/vehiclecontrol_msgs/environment/ament_prefix_path.dsv
[1.699s] -- Up-to-date: /home/mdxfsai/FS_autonomous/ros/ros2_ws/install/vehiclecontrol_msgs/share/vehiclecontrol_msgs/environment/path.sh
[1.702s] -- Installing: /home/mdxfsai/FS_autonomous/ros/ros2_ws/install/vehiclecontrol_msgs/share/vehiclecontrol_msgs/environment/path.dsv
[1.703s] -- Up-to-date: /home/mdxfsai/FS_autonomous/ros/ros2_ws/install/vehiclecontrol_msgs/share/vehiclecontrol_msgs/local_setup.bash
[1.703s] -- Up-to-date: /home/mdxfsai/FS_autonomous/ros/ros2_ws/install/vehiclecontrol_msgs/share/vehiclecontrol_msgs/local_setup.sh
[1.703s] -- Up-to-date: /home/mdxfsai/FS_autonomous/ros/ros2_ws/install/vehiclecontrol_msgs/share/vehiclecontrol_msgs/local_setup.zsh
[1.704s] -- Installing: /home/mdxfsai/FS_autonomous/ros/ros2_ws/install/vehiclecontrol_msgs/share/vehiclecontrol_msgs/local_setup.dsv
[1.704s] -- Installing: /home/mdxfsai/FS_autonomous/ros/ros2_ws/install/vehiclecontrol_msgs/share/vehiclecontrol_msgs/package.dsv
[1.704s] -- Up-to-date: /home/mdxfsai/FS_autonomous/ros/ros2_ws/install/vehiclecontrol_msgs/share/ament_index/resource_index/packages/vehiclecontrol_msgs
[1.705s] -- Up-to-date: /home/mdxfsai/FS_autonomous/ros/ros2_ws/install/vehiclecontrol_msgs/share/vehiclecontrol_msgs/cmake/export_vehiclecontrol_msgs__rosidl_generator_cExport.cmake
[1.705s] -- Up-to-date: /home/mdxfsai/FS_autonomous/ros/ros2_ws/install/vehiclecontrol_msgs/share/vehiclecontrol_msgs/cmake/export_vehiclecontrol_msgs__rosidl_generator_cExport-noconfig.cmake
[1.705s] -- Up-to-date: /home/mdxfsai/FS_autonomous/ros/ros2_ws/install/vehiclecontrol_msgs/share/vehiclecontrol_msgs/cmake/export_vehiclecontrol_msgs__rosidl_typesupport_fastrtps_cExport.cmake
[1.706s] -- Up-to-date: /home/mdxfsai/FS_autonomous/ros/ros2_ws/install/vehiclecontrol_msgs/share/vehiclecontrol_msgs/cmake/export_vehiclecontrol_msgs__rosidl_typesupport_fastrtps_cExport-noconfig.cmake
[1.706s] -- Up-to-date: /home/mdxfsai/FS_autonomous/ros/ros2_ws/install/vehiclecontrol_msgs/share/vehiclecontrol_msgs/cmake/vehiclecontrol_msgs__rosidl_typesupport_introspection_cExport.cmake
[1.706s] -- Up-to-date: /home/mdxfsai/FS_autonomous/ros/ros2_ws/install/vehiclecontrol_msgs/share/vehiclecontrol_msgs/cmake/vehiclecontrol_msgs__rosidl_typesupport_introspection_cExport-noconfig.cmake
[1.706s] -- Up-to-date: /home/mdxfsai/FS_autonomous/ros/ros2_ws/install/vehiclecontrol_msgs/share/vehiclecontrol_msgs/cmake/vehiclecontrol_msgs__rosidl_typesupport_cExport.cmake
[1.706s] -- Up-to-date: /home/mdxfsai/FS_autonomous/ros/ros2_ws/install/vehiclecontrol_msgs/share/vehiclecontrol_msgs/cmake/vehiclecontrol_msgs__rosidl_typesupport_cExport-noconfig.cmake
[1.706s] -- Up-to-date: /home/mdxfsai/FS_autonomous/ros/ros2_ws/install/vehiclecontrol_msgs/share/vehiclecontrol_msgs/cmake/export_vehiclecontrol_msgs__rosidl_generator_cppExport.cmake
[1.706s] -- Up-to-date: /home/mdxfsai/FS_autonomous/ros/ros2_ws/install/vehiclecontrol_msgs/share/vehiclecontrol_msgs/cmake/export_vehiclecontrol_msgs__rosidl_typesupport_fastrtps_cppExport.cmake
[1.707s] -- Up-to-date: /home/mdxfsai/FS_autonomous/ros/ros2_ws/install/vehiclecontrol_msgs/share/vehiclecontrol_msgs/cmake/export_vehiclecontrol_msgs__rosidl_typesupport_fastrtps_cppExport-noconfig.cmake
[1.707s] -- Up-to-date: /home/mdxfsai/FS_autonomous/ros/ros2_ws/install/vehiclecontrol_msgs/share/vehiclecontrol_msgs/cmake/vehiclecontrol_msgs__rosidl_typesupport_introspection_cppExport.cmake
[1.707s] -- Up-to-date: /home/mdxfsai/FS_autonomous/ros/ros2_ws/install/vehiclecontrol_msgs/share/vehiclecontrol_msgs/cmake/vehiclecontrol_msgs__rosidl_typesupport_introspection_cppExport-noconfig.cmake
[1.707s] -- Up-to-date: /home/mdxfsai/FS_autonomous/ros/ros2_ws/install/vehiclecontrol_msgs/share/vehiclecontrol_msgs/cmake/vehiclecontrol_msgs__rosidl_typesupport_cppExport.cmake
[1.707s] -- Up-to-date: /home/mdxfsai/FS_autonomous/ros/ros2_ws/install/vehiclecontrol_msgs/share/vehiclecontrol_msgs/cmake/vehiclecontrol_msgs__rosidl_typesupport_cppExport-noconfig.cmake
[1.707s] -- Up-to-date: /home/mdxfsai/FS_autonomous/ros/ros2_ws/install/vehiclecontrol_msgs/share/vehiclecontrol_msgs/cmake/export_vehiclecontrol_msgs__rosidl_generator_pyExport.cmake
[1.707s] -- Up-to-date: /home/mdxfsai/FS_autonomous/ros/ros2_ws/install/vehiclecontrol_msgs/share/vehiclecontrol_msgs/cmake/export_vehiclecontrol_msgs__rosidl_generator_pyExport-noconfig.cmake
[1.707s] -- Up-to-date: /home/mdxfsai/FS_autonomous/ros/ros2_ws/install/vehiclecontrol_msgs/share/vehiclecontrol_msgs/cmake/rosidl_cmake-extras.cmake
[1.708s] -- Up-to-date: /home/mdxfsai/FS_autonomous/ros/ros2_ws/install/vehiclecontrol_msgs/share/vehiclecontrol_msgs/cmake/ament_cmake_export_dependencies-extras.cmake
[1.708s] -- Up-to-date: /home/mdxfsai/FS_autonomous/ros/ros2_ws/install/vehiclecontrol_msgs/share/vehiclecontrol_msgs/cmake/ament_cmake_export_include_directories-extras.cmake
[1.708s] -- Up-to-date: /home/mdxfsai/FS_autonomous/ros/ros2_ws/install/vehiclecontrol_msgs/share/vehiclecontrol_msgs/cmake/ament_cmake_export_libraries-extras.cmake
[1.708s] -- Up-to-date: /home/mdxfsai/FS_autonomous/ros/ros2_ws/install/vehiclecontrol_msgs/share/vehiclecontrol_msgs/cmake/ament_cmake_export_targets-extras.cmake
[1.708s] -- Up-to-date: /home/mdxfsai/FS_autonomous/ros/ros2_ws/install/vehiclecontrol_msgs/share/vehiclecontrol_msgs/cmake/rosidl_cmake_export_typesupport_targets-extras.cmake
[1.708s] -- Up-to-date: /home/mdxfsai/FS_autonomous/ros/ros2_ws/install/vehiclecontrol_msgs/share/vehiclecontrol_msgs/cmake/rosidl_cmake_export_typesupport_libraries-extras.cmake
[1.708s] -- Up-to-date: /home/mdxfsai/FS_autonomous/ros/ros2_ws/install/vehiclecontrol_msgs/share/vehiclecontrol_msgs/cmake/vehiclecontrol_msgsConfig.cmake
[1.708s] -- Up-to-date: /home/mdxfsai/FS_autonomous/ros/ros2_ws/install/vehiclecontrol_msgs/share/vehiclecontrol_msgs/cmake/vehiclecontrol_msgsConfig-version.cmake
[1.708s] -- Up-to-date: /home/mdxfsai/FS_autonomous/ros/ros2_ws/install/vehiclecontrol_msgs/share/vehiclecontrol_msgs/package.xml
[1.716s] Invoked command in '/home/mdxfsai/FS_autonomous/ros/ros2_ws/build/vehiclecontrol_msgs' returned '0': CMAKE_PREFIX_PATH=/opt/ros/humble /usr/bin/cmake --install /home/mdxfsai/FS_autonomous/ros/ros2_ws/build/vehiclecontrol_msgs
