[0.007s] Invoking command in '/home/bashesam33/FS-AI/ros2_ws/build/vehiclecontrol_msgs': CMAKE_PREFIX_PATH=${CMAKE_PREFIX_PATH}:/opt/ros/jazzy DEBUGINFOD_URLS=https://debuginfod.ubuntu.com /usr/bin/cmake --build /home/bashesam33/FS-AI/ros2_ws/build/vehiclecontrol_msgs -- -j12 -l12
[0.067s] [  2%] Generating type hashes for ROS interfaces
[0.080s] [  2%] Built target ament_cmake_python_copy_vehiclecontrol_msgs
[0.279s] [  2%] Built target vehiclecontrol_msgs__rosidl_generator_type_description
[0.285s] [  5%] Generating C code for ROS interfaces
[0.293s] [  8%] Generating C++ code for ROS interfaces
[0.370s] running egg_info
[0.397s] writing vehiclecontrol_msgs.egg-info/PKG-INFO
[0.398s] writing dependency_links to vehiclecontrol_msgs.egg-info/dependency_links.txt
[0.398s] writing top-level names to vehiclecontrol_msgs.egg-info/top_level.txt
[0.432s] reading manifest file 'vehiclecontrol_msgs.egg-info/SOURCES.txt'
[0.434s] writing manifest file 'vehiclecontrol_msgs.egg-info/SOURCES.txt'
[0.461s] [  8%] Built target ament_cmake_python_build_vehiclecontrol_msgs_egg
[0.590s] [ 11%] Building C object CMakeFiles/vehiclecontrol_msgs__rosidl_generator_c.dir/rosidl_generator_c/vehiclecontrol_msgs/msg/detail/vehicle_control__functions.c.o
[0.593s] [ 14%] Building C object CMakeFiles/vehiclecontrol_msgs__rosidl_generator_c.dir/rosidl_generator_c/vehiclecontrol_msgs/msg/detail/vehicle_control__description.c.o
[0.596s] [ 17%] Building C object CMakeFiles/vehiclecontrol_msgs__rosidl_generator_c.dir/rosidl_generator_c/vehiclecontrol_msgs/msg/detail/vehicle_control__type_support.c.o
[0.662s] [ 17%] Built target vehiclecontrol_msgs__cpp
[0.667s] [ 20%] Linking C shared library libvehiclecontrol_msgs__rosidl_generator_c.so
[0.700s] [ 20%] Built target vehiclecontrol_msgs__rosidl_generator_c
[0.709s] [ 23%] Generating C++ introspection for ROS interfaces
[0.709s] [ 26%] Generating C type support for eProsima Fast-RTPS
[0.710s] [ 29%] Generating C type support dispatch for ROS interfaces
[0.712s] [ 35%] Generating C++ type support for eProsima Fast-RTPS
[0.713s] [ 38%] Generating C++ type support dispatch for ROS interfaces
[0.713s] [ 35%] Generating C introspection for ROS interfaces
[1.160s] [ 41%] Building CXX object CMakeFiles/vehiclecontrol_msgs__rosidl_typesupport_c.dir/rosidl_typesupport_c/vehiclecontrol_msgs/msg/vehicle_control__type_support.cpp.o
[1.208s] [ 44%] Linking CXX shared library libvehiclecontrol_msgs__rosidl_typesupport_c.so
[1.291s] [ 47%] Building CXX object CMakeFiles/vehiclecontrol_msgs__rosidl_typesupport_introspection_cpp.dir/rosidl_typesupport_introspection_cpp/vehiclecontrol_msgs/msg/detail/vehicle_control__type_support.cpp.o
[1.293s] [ 47%] Built target vehiclecontrol_msgs__rosidl_typesupport_c
[1.294s] [ 50%] Building C object CMakeFiles/vehiclecontrol_msgs__rosidl_typesupport_introspection_c.dir/rosidl_typesupport_introspection_c/vehiclecontrol_msgs/msg/detail/vehicle_control__type_support.c.o
[1.343s] [ 52%] Building CXX object CMakeFiles/vehiclecontrol_msgs__rosidl_typesupport_fastrtps_cpp.dir/rosidl_typesupport_fastrtps_cpp/vehiclecontrol_msgs/msg/detail/dds_fastrtps/vehicle_control__type_support.cpp.o
[1.362s] [ 55%] Linking C shared library libvehiclecontrol_msgs__rosidl_typesupport_introspection_c.so
[1.392s] [ 58%] Building CXX object CMakeFiles/vehiclecontrol_msgs__rosidl_typesupport_fastrtps_c.dir/rosidl_typesupport_fastrtps_c/vehiclecontrol_msgs/msg/detail/vehicle_control__type_support_c.cpp.o
[1.422s] [ 58%] Built target vehiclecontrol_msgs__rosidl_typesupport_introspection_c
[1.456s] [ 61%] Building CXX object CMakeFiles/vehiclecontrol_msgs__rosidl_typesupport_cpp.dir/rosidl_typesupport_cpp/vehiclecontrol_msgs/msg/vehicle_control__type_support.cpp.o
[1.876s] [ 64%] Linking CXX shared library libvehiclecontrol_msgs__rosidl_typesupport_introspection_cpp.so
[1.999s] [ 64%] Built target vehiclecontrol_msgs__rosidl_typesupport_introspection_cpp
[2.003s] [ 67%] Linking CXX shared library libvehiclecontrol_msgs__rosidl_typesupport_fastrtps_c.so
[2.058s] [ 70%] Linking CXX shared library libvehiclecontrol_msgs__rosidl_typesupport_fastrtps_cpp.so
[2.092s] [ 73%] Linking CXX shared library libvehiclecontrol_msgs__rosidl_typesupport_cpp.so
[2.161s] [ 73%] Built target vehiclecontrol_msgs__rosidl_typesupport_fastrtps_c
[2.181s] [ 73%] Built target vehiclecontrol_msgs__rosidl_typesupport_fastrtps_cpp
[2.190s] [ 73%] Built target vehiclecontrol_msgs__rosidl_typesupport_cpp
[2.240s] [ 73%] Built target vehiclecontrol_msgs
[2.287s] [ 76%] Generating Python code for ROS interfaces
[2.849s] [ 76%] Built target vehiclecontrol_msgs__py
[2.875s] [ 79%] Building C object CMakeFiles/vehiclecontrol_msgs__rosidl_generator_py.dir/rosidl_generator_py/vehiclecontrol_msgs/msg/_vehicle_control_s.c.o
[2.976s] [ 82%] Linking C shared library libvehiclecontrol_msgs__rosidl_generator_py.so
[3.013s] [ 82%] Built target vehiclecontrol_msgs__rosidl_generator_py
[3.027s] [ 85%] Building C object CMakeFiles/vehiclecontrol_msgs_s__rosidl_typesupport_c.dir/rosidl_generator_py/vehiclecontrol_msgs/_vehiclecontrol_msgs_s.ep.rosidl_typesupport_c.c.o
[3.027s] [ 88%] Building C object CMakeFiles/vehiclecontrol_msgs_s__rosidl_typesupport_introspection_c.dir/rosidl_generator_py/vehiclecontrol_msgs/_vehiclecontrol_msgs_s.ep.rosidl_typesupport_introspection_c.c.o
[3.032s] [ 91%] Building C object CMakeFiles/vehiclecontrol_msgs_s__rosidl_typesupport_fastrtps_c.dir/rosidl_generator_py/vehiclecontrol_msgs/_vehiclecontrol_msgs_s.ep.rosidl_typesupport_fastrtps_c.c.o
[3.091s] [ 94%] Linking C shared module rosidl_generator_py/vehiclecontrol_msgs/vehiclecontrol_msgs_s__rosidl_typesupport_c.so
[3.095s] [ 97%] Linking C shared module rosidl_generator_py/vehiclecontrol_msgs/vehiclecontrol_msgs_s__rosidl_typesupport_introspection_c.so
[3.097s] [100%] Linking C shared module rosidl_generator_py/vehiclecontrol_msgs/vehiclecontrol_msgs_s__rosidl_typesupport_fastrtps_c.so
[3.114s] [100%] Built target vehiclecontrol_msgs_s__rosidl_typesupport_c
[3.118s] [100%] Built target vehiclecontrol_msgs_s__rosidl_typesupport_fastrtps_c
[3.118s] [100%] Built target vehiclecontrol_msgs_s__rosidl_typesupport_introspection_c
[3.126s] Invoked command in '/home/bashesam33/FS-AI/ros2_ws/build/vehiclecontrol_msgs' returned '0': CMAKE_PREFIX_PATH=${CMAKE_PREFIX_PATH}:/opt/ros/jazzy DEBUGINFOD_URLS=https://debuginfod.ubuntu.com /usr/bin/cmake --build /home/bashesam33/FS-AI/ros2_ws/build/vehiclecontrol_msgs -- -j12 -l12
[3.131s] Invoking command in '/home/bashesam33/FS-AI/ros2_ws/build/vehiclecontrol_msgs': CMAKE_PREFIX_PATH=${CMAKE_PREFIX_PATH}:/opt/ros/jazzy DEBUGINFOD_URLS=https://debuginfod.ubuntu.com /usr/bin/cmake --install /home/bashesam33/FS-AI/ros2_ws/build/vehiclecontrol_msgs
[3.137s] -- Install configuration: ""
[3.137s] -- Up-to-date: /home/bashesam33/FS-AI/ros2_ws/install/vehiclecontrol_msgs/share/ament_index/resource_index/rosidl_interfaces/vehiclecontrol_msgs
[3.137s] -- Installing: /home/bashesam33/FS-AI/ros2_ws/install/vehiclecontrol_msgs/share/vehiclecontrol_msgs/msg/VehicleControl.json
[3.137s] -- Up-to-date: /home/bashesam33/FS-AI/ros2_ws/install/vehiclecontrol_msgs/include/vehiclecontrol_msgs/vehiclecontrol_msgs
[3.137s] -- Up-to-date: /home/bashesam33/FS-AI/ros2_ws/install/vehiclecontrol_msgs/include/vehiclecontrol_msgs/vehiclecontrol_msgs/msg
[3.137s] -- Installing: /home/bashesam33/FS-AI/ros2_ws/install/vehiclecontrol_msgs/include/vehiclecontrol_msgs/vehiclecontrol_msgs/msg/vehicle_control.h
[3.137s] -- Up-to-date: /home/bashesam33/FS-AI/ros2_ws/install/vehiclecontrol_msgs/include/vehiclecontrol_msgs/vehiclecontrol_msgs/msg/detail
[3.137s] -- Installing: /home/bashesam33/FS-AI/ros2_ws/install/vehiclecontrol_msgs/include/vehiclecontrol_msgs/vehiclecontrol_msgs/msg/detail/vehicle_control__description.c
[3.137s] -- Installing: /home/bashesam33/FS-AI/ros2_ws/install/vehiclecontrol_msgs/include/vehiclecontrol_msgs/vehiclecontrol_msgs/msg/detail/vehicle_control__type_support.h
[3.137s] -- Installing: /home/bashesam33/FS-AI/ros2_ws/install/vehiclecontrol_msgs/include/vehiclecontrol_msgs/vehiclecontrol_msgs/msg/detail/vehicle_control__struct.h
[3.137s] -- Installing: /home/bashesam33/FS-AI/ros2_ws/install/vehiclecontrol_msgs/include/vehiclecontrol_msgs/vehiclecontrol_msgs/msg/detail/vehicle_control__functions.h
[3.138s] -- Installing: /home/bashesam33/FS-AI/ros2_ws/install/vehiclecontrol_msgs/include/vehiclecontrol_msgs/vehiclecontrol_msgs/msg/detail/vehicle_control__type_support.c
[3.138s] -- Installing: /home/bashesam33/FS-AI/ros2_ws/install/vehiclecontrol_msgs/include/vehiclecontrol_msgs/vehiclecontrol_msgs/msg/detail/vehicle_control__functions.c
[3.138s] -- Up-to-date: /home/bashesam33/FS-AI/ros2_ws/install/vehiclecontrol_msgs/include/vehiclecontrol_msgs/vehiclecontrol_msgs/msg/rosidl_generator_c__visibility_control.h
[3.138s] -- Installing: /home/bashesam33/FS-AI/ros2_ws/install/vehiclecontrol_msgs/share/vehiclecontrol_msgs/environment/library_path.sh
[3.138s] -- Up-to-date: /home/bashesam33/FS-AI/ros2_ws/install/vehiclecontrol_msgs/share/vehiclecontrol_msgs/environment/library_path.dsv
[3.138s] -- Installing: /home/bashesam33/FS-AI/ros2_ws/install/vehiclecontrol_msgs/lib/libvehiclecontrol_msgs__rosidl_generator_c.so
[3.138s] -- Set non-toolchain portion of runtime path of "/home/bashesam33/FS-AI/ros2_ws/install/vehiclecontrol_msgs/lib/libvehiclecontrol_msgs__rosidl_generator_c.so" to ""
[3.138s] -- Up-to-date: /home/bashesam33/FS-AI/ros2_ws/install/vehiclecontrol_msgs/include/vehiclecontrol_msgs/vehiclecontrol_msgs
[3.138s] -- Up-to-date: /home/bashesam33/FS-AI/ros2_ws/install/vehiclecontrol_msgs/include/vehiclecontrol_msgs/vehiclecontrol_msgs/msg
[3.138s] -- Up-to-date: /home/bashesam33/FS-AI/ros2_ws/install/vehiclecontrol_msgs/include/vehiclecontrol_msgs/vehiclecontrol_msgs/msg/rosidl_typesupport_fastrtps_c__visibility_control.h
[3.138s] -- Up-to-date: /home/bashesam33/FS-AI/ros2_ws/install/vehiclecontrol_msgs/include/vehiclecontrol_msgs/vehiclecontrol_msgs/msg/detail
[3.138s] -- Installing: /home/bashesam33/FS-AI/ros2_ws/install/vehiclecontrol_msgs/include/vehiclecontrol_msgs/vehiclecontrol_msgs/msg/detail/vehicle_control__rosidl_typesupport_fastrtps_c.h
[3.138s] -- Installing: /home/bashesam33/FS-AI/ros2_ws/install/vehiclecontrol_msgs/lib/libvehiclecontrol_msgs__rosidl_typesupport_fastrtps_c.so
[3.138s] -- Set non-toolchain portion of runtime path of "/home/bashesam33/FS-AI/ros2_ws/install/vehiclecontrol_msgs/lib/libvehiclecontrol_msgs__rosidl_typesupport_fastrtps_c.so" to ""
[3.138s] -- Up-to-date: /home/bashesam33/FS-AI/ros2_ws/install/vehiclecontrol_msgs/include/vehiclecontrol_msgs/vehiclecontrol_msgs
[3.138s] -- Up-to-date: /home/bashesam33/FS-AI/ros2_ws/install/vehiclecontrol_msgs/include/vehiclecontrol_msgs/vehiclecontrol_msgs/msg
[3.138s] -- Up-to-date: /home/bashesam33/FS-AI/ros2_ws/install/vehiclecontrol_msgs/include/vehiclecontrol_msgs/vehiclecontrol_msgs/msg/detail
[3.138s] -- Installing: /home/bashesam33/FS-AI/ros2_ws/install/vehiclecontrol_msgs/include/vehiclecontrol_msgs/vehiclecontrol_msgs/msg/detail/vehicle_control__rosidl_typesupport_introspection_c.h
[3.138s] -- Up-to-date: /home/bashesam33/FS-AI/ros2_ws/install/vehiclecontrol_msgs/include/vehiclecontrol_msgs/vehiclecontrol_msgs/msg/detail/vehicle_control__type_support.c
[3.139s] -- Up-to-date: /home/bashesam33/FS-AI/ros2_ws/install/vehiclecontrol_msgs/include/vehiclecontrol_msgs/vehiclecontrol_msgs/msg/rosidl_typesupport_introspection_c__visibility_control.h
[3.139s] -- Installing: /home/bashesam33/FS-AI/ros2_ws/install/vehiclecontrol_msgs/lib/libvehiclecontrol_msgs__rosidl_typesupport_introspection_c.so
[3.139s] -- Set non-toolchain portion of runtime path of "/home/bashesam33/FS-AI/ros2_ws/install/vehiclecontrol_msgs/lib/libvehiclecontrol_msgs__rosidl_typesupport_introspection_c.so" to ""
[3.139s] -- Installing: /home/bashesam33/FS-AI/ros2_ws/install/vehiclecontrol_msgs/lib/libvehiclecontrol_msgs__rosidl_typesupport_c.so
[3.139s] -- Set non-toolchain portion of runtime path of "/home/bashesam33/FS-AI/ros2_ws/install/vehiclecontrol_msgs/lib/libvehiclecontrol_msgs__rosidl_typesupport_c.so" to ""
[3.139s] -- Up-to-date: /home/bashesam33/FS-AI/ros2_ws/install/vehiclecontrol_msgs/include/vehiclecontrol_msgs/vehiclecontrol_msgs
[3.139s] -- Up-to-date: /home/bashesam33/FS-AI/ros2_ws/install/vehiclecontrol_msgs/include/vehiclecontrol_msgs/vehiclecontrol_msgs/msg
[3.139s] -- Up-to-date: /home/bashesam33/FS-AI/ros2_ws/install/vehiclecontrol_msgs/include/vehiclecontrol_msgs/vehiclecontrol_msgs/msg/detail
[3.139s] -- Installing: /home/bashesam33/FS-AI/ros2_ws/install/vehiclecontrol_msgs/include/vehiclecontrol_msgs/vehiclecontrol_msgs/msg/detail/vehicle_control__traits.hpp
[3.139s] -- Installing: /home/bashesam33/FS-AI/ros2_ws/install/vehiclecontrol_msgs/include/vehiclecontrol_msgs/vehiclecontrol_msgs/msg/detail/vehicle_control__type_support.hpp
[3.139s] -- Installing: /home/bashesam33/FS-AI/ros2_ws/install/vehiclecontrol_msgs/include/vehiclecontrol_msgs/vehiclecontrol_msgs/msg/detail/vehicle_control__struct.hpp
[3.139s] -- Installing: /home/bashesam33/FS-AI/ros2_ws/install/vehiclecontrol_msgs/include/vehiclecontrol_msgs/vehiclecontrol_msgs/msg/detail/vehicle_control__builder.hpp
[3.139s] -- Installing: /home/bashesam33/FS-AI/ros2_ws/install/vehiclecontrol_msgs/include/vehiclecontrol_msgs/vehiclecontrol_msgs/msg/rosidl_generator_cpp__visibility_control.hpp
[3.139s] -- Installing: /home/bashesam33/FS-AI/ros2_ws/install/vehiclecontrol_msgs/include/vehiclecontrol_msgs/vehiclecontrol_msgs/msg/vehicle_control.hpp
[3.139s] -- Up-to-date: /home/bashesam33/FS-AI/ros2_ws/install/vehiclecontrol_msgs/include/vehiclecontrol_msgs/vehiclecontrol_msgs
[3.139s] -- Up-to-date: /home/bashesam33/FS-AI/ros2_ws/install/vehiclecontrol_msgs/include/vehiclecontrol_msgs/vehiclecontrol_msgs/msg
[3.139s] -- Up-to-date: /home/bashesam33/FS-AI/ros2_ws/install/vehiclecontrol_msgs/include/vehiclecontrol_msgs/vehiclecontrol_msgs/msg/detail
[3.139s] -- Installing: /home/bashesam33/FS-AI/ros2_ws/install/vehiclecontrol_msgs/include/vehiclecontrol_msgs/vehiclecontrol_msgs/msg/detail/vehicle_control__rosidl_typesupport_fastrtps_cpp.hpp
[3.140s] -- Up-to-date: /home/bashesam33/FS-AI/ros2_ws/install/vehiclecontrol_msgs/include/vehiclecontrol_msgs/vehiclecontrol_msgs/msg/detail/dds_fastrtps
[3.140s] -- Up-to-date: /home/bashesam33/FS-AI/ros2_ws/install/vehiclecontrol_msgs/include/vehiclecontrol_msgs/vehiclecontrol_msgs/msg/rosidl_typesupport_fastrtps_cpp__visibility_control.h
[3.140s] -- Installing: /home/bashesam33/FS-AI/ros2_ws/install/vehiclecontrol_msgs/lib/libvehiclecontrol_msgs__rosidl_typesupport_fastrtps_cpp.so
[3.140s] -- Set non-toolchain portion of runtime path of "/home/bashesam33/FS-AI/ros2_ws/install/vehiclecontrol_msgs/lib/libvehiclecontrol_msgs__rosidl_typesupport_fastrtps_cpp.so" to ""
[3.140s] -- Up-to-date: /home/bashesam33/FS-AI/ros2_ws/install/vehiclecontrol_msgs/include/vehiclecontrol_msgs/vehiclecontrol_msgs
[3.140s] -- Up-to-date: /home/bashesam33/FS-AI/ros2_ws/install/vehiclecontrol_msgs/include/vehiclecontrol_msgs/vehiclecontrol_msgs/msg
[3.140s] -- Up-to-date: /home/bashesam33/FS-AI/ros2_ws/install/vehiclecontrol_msgs/include/vehiclecontrol_msgs/vehiclecontrol_msgs/msg/detail
[3.140s] -- Installing: /home/bashesam33/FS-AI/ros2_ws/install/vehiclecontrol_msgs/include/vehiclecontrol_msgs/vehiclecontrol_msgs/msg/detail/vehicle_control__rosidl_typesupport_introspection_cpp.hpp
[3.140s] -- Installing: /home/bashesam33/FS-AI/ros2_ws/install/vehiclecontrol_msgs/include/vehiclecontrol_msgs/vehiclecontrol_msgs/msg/detail/vehicle_control__type_support.cpp
[3.140s] -- Installing: /home/bashesam33/FS-AI/ros2_ws/install/vehiclecontrol_msgs/lib/libvehiclecontrol_msgs__rosidl_typesupport_introspection_cpp.so
[3.140s] -- Set non-toolchain portion of runtime path of "/home/bashesam33/FS-AI/ros2_ws/install/vehiclecontrol_msgs/lib/libvehiclecontrol_msgs__rosidl_typesupport_introspection_cpp.so" to ""
[3.140s] -- Installing: /home/bashesam33/FS-AI/ros2_ws/install/vehiclecontrol_msgs/lib/libvehiclecontrol_msgs__rosidl_typesupport_cpp.so
[3.140s] -- Set non-toolchain portion of runtime path of "/home/bashesam33/FS-AI/ros2_ws/install/vehiclecontrol_msgs/lib/libvehiclecontrol_msgs__rosidl_typesupport_cpp.so" to ""
[3.140s] -- Installing: /home/bashesam33/FS-AI/ros2_ws/install/vehiclecontrol_msgs/share/vehiclecontrol_msgs/environment/pythonpath.sh
[3.140s] -- Installing: /home/bashesam33/FS-AI/ros2_ws/install/vehiclecontrol_msgs/share/vehiclecontrol_msgs/environment/pythonpath.dsv
[3.140s] -- Installing: /home/bashesam33/FS-AI/ros2_ws/install/vehiclecontrol_msgs/lib/python3.12/site-packages/vehiclecontrol_msgs-1.0.0-py3.12.egg-info
[3.141s] -- Installing: /home/bashesam33/FS-AI/ros2_ws/install/vehiclecontrol_msgs/lib/python3.12/site-packages/vehiclecontrol_msgs-1.0.0-py3.12.egg-info/SOURCES.txt
[3.141s] -- Installing: /home/bashesam33/FS-AI/ros2_ws/install/vehiclecontrol_msgs/lib/python3.12/site-packages/vehiclecontrol_msgs-1.0.0-py3.12.egg-info/top_level.txt
[3.141s] -- Installing: /home/bashesam33/FS-AI/ros2_ws/install/vehiclecontrol_msgs/lib/python3.12/site-packages/vehiclecontrol_msgs-1.0.0-py3.12.egg-info/PKG-INFO
[3.141s] -- Installing: /home/bashesam33/FS-AI/ros2_ws/install/vehiclecontrol_msgs/lib/python3.12/site-packages/vehiclecontrol_msgs-1.0.0-py3.12.egg-info/dependency_links.txt
[3.141s] -- Installing: /home/bashesam33/FS-AI/ros2_ws/install/vehiclecontrol_msgs/lib/python3.12/site-packages/vehiclecontrol_msgs
[3.141s] -- Installing: /home/bashesam33/FS-AI/ros2_ws/install/vehiclecontrol_msgs/lib/python3.12/site-packages/vehiclecontrol_msgs/vehiclecontrol_msgs_s__rosidl_typesupport_c.cpython-310-x86_64-linux-gnu.so
[3.141s] -- Installing: /home/bashesam33/FS-AI/ros2_ws/install/vehiclecontrol_msgs/lib/python3.12/site-packages/vehiclecontrol_msgs/__init__.py
[3.141s] -- Installing: /home/bashesam33/FS-AI/ros2_ws/install/vehiclecontrol_msgs/lib/python3.12/site-packages/vehiclecontrol_msgs/_vehiclecontrol_msgs_s.ep.rosidl_typesupport_c.c
[3.141s] -- Installing: /home/bashesam33/FS-AI/ros2_ws/install/vehiclecontrol_msgs/lib/python3.12/site-packages/vehiclecontrol_msgs/vehiclecontrol_msgs_s__rosidl_typesupport_introspection_c.cpython-310-x86_64-linux-gnu.so
[3.141s] -- Installing: /home/bashesam33/FS-AI/ros2_ws/install/vehiclecontrol_msgs/lib/python3.12/site-packages/vehiclecontrol_msgs/msg
[3.141s] -- Installing: /home/bashesam33/FS-AI/ros2_ws/install/vehiclecontrol_msgs/lib/python3.12/site-packages/vehiclecontrol_msgs/msg/_vehicle_control.py
[3.141s] -- Installing: /home/bashesam33/FS-AI/ros2_ws/install/vehiclecontrol_msgs/lib/python3.12/site-packages/vehiclecontrol_msgs/msg/__init__.py
[3.141s] -- Installing: /home/bashesam33/FS-AI/ros2_ws/install/vehiclecontrol_msgs/lib/python3.12/site-packages/vehiclecontrol_msgs/msg/_vehicle_control_s.c
[3.141s] -- Installing: /home/bashesam33/FS-AI/ros2_ws/install/vehiclecontrol_msgs/lib/python3.12/site-packages/vehiclecontrol_msgs/vehiclecontrol_msgs_s__rosidl_typesupport_introspection_c.so
[3.141s] -- Installing: /home/bashesam33/FS-AI/ros2_ws/install/vehiclecontrol_msgs/lib/python3.12/site-packages/vehiclecontrol_msgs/libvehiclecontrol_msgs__rosidl_generator_py.so
[3.141s] -- Installing: /home/bashesam33/FS-AI/ros2_ws/install/vehiclecontrol_msgs/lib/python3.12/site-packages/vehiclecontrol_msgs/_vehiclecontrol_msgs_s.ep.rosidl_typesupport_fastrtps_c.c
[3.141s] -- Installing: /home/bashesam33/FS-AI/ros2_ws/install/vehiclecontrol_msgs/lib/python3.12/site-packages/vehiclecontrol_msgs/_vehiclecontrol_msgs_s.ep.rosidl_typesupport_introspection_c.c
[3.141s] -- Installing: /home/bashesam33/FS-AI/ros2_ws/install/vehiclecontrol_msgs/lib/python3.12/site-packages/vehiclecontrol_msgs/vehiclecontrol_msgs_s__rosidl_typesupport_fastrtps_c.cpython-310-x86_64-linux-gnu.so
[3.141s] -- Installing: /home/bashesam33/FS-AI/ros2_ws/install/vehiclecontrol_msgs/lib/python3.12/site-packages/vehiclecontrol_msgs/vehiclecontrol_msgs_s__rosidl_typesupport_fastrtps_c.so
[3.142s] -- Installing: /home/bashesam33/FS-AI/ros2_ws/install/vehiclecontrol_msgs/lib/python3.12/site-packages/vehiclecontrol_msgs/vehiclecontrol_msgs_s__rosidl_typesupport_c.so
[3.170s] Listing '/home/bashesam33/FS-AI/ros2_ws/install/vehiclecontrol_msgs/lib/python3.12/site-packages/vehiclecontrol_msgs'...
[3.171s] Compiling '/home/bashesam33/FS-AI/ros2_ws/install/vehiclecontrol_msgs/lib/python3.12/site-packages/vehiclecontrol_msgs/__init__.py'...
[3.171s] Listing '/home/bashesam33/FS-AI/ros2_ws/install/vehiclecontrol_msgs/lib/python3.12/site-packages/vehiclecontrol_msgs/msg'...
[3.171s] Compiling '/home/bashesam33/FS-AI/ros2_ws/install/vehiclecontrol_msgs/lib/python3.12/site-packages/vehiclecontrol_msgs/msg/__init__.py'...
[3.171s] Compiling '/home/bashesam33/FS-AI/ros2_ws/install/vehiclecontrol_msgs/lib/python3.12/site-packages/vehiclecontrol_msgs/msg/_vehicle_control.py'...
[3.175s] -- Installing: /home/bashesam33/FS-AI/ros2_ws/install/vehiclecontrol_msgs/lib/python3.12/site-packages/vehiclecontrol_msgs/vehiclecontrol_msgs_s__rosidl_typesupport_fastrtps_c.so
[3.175s] -- Set non-toolchain portion of runtime path of "/home/bashesam33/FS-AI/ros2_ws/install/vehiclecontrol_msgs/lib/python3.12/site-packages/vehiclecontrol_msgs/vehiclecontrol_msgs_s__rosidl_typesupport_fastrtps_c.so" to ""
[3.175s] -- Installing: /home/bashesam33/FS-AI/ros2_ws/install/vehiclecontrol_msgs/lib/python3.12/site-packages/vehiclecontrol_msgs/vehiclecontrol_msgs_s__rosidl_typesupport_introspection_c.so
[3.176s] -- Set non-toolchain portion of runtime path of "/home/bashesam33/FS-AI/ros2_ws/install/vehiclecontrol_msgs/lib/python3.12/site-packages/vehiclecontrol_msgs/vehiclecontrol_msgs_s__rosidl_typesupport_introspection_c.so" to ""
[3.176s] -- Installing: /home/bashesam33/FS-AI/ros2_ws/install/vehiclecontrol_msgs/lib/python3.12/site-packages/vehiclecontrol_msgs/vehiclecontrol_msgs_s__rosidl_typesupport_c.so
[3.176s] -- Set non-toolchain portion of runtime path of "/home/bashesam33/FS-AI/ros2_ws/install/vehiclecontrol_msgs/lib/python3.12/site-packages/vehiclecontrol_msgs/vehiclecontrol_msgs_s__rosidl_typesupport_c.so" to ""
[3.177s] -- Installing: /home/bashesam33/FS-AI/ros2_ws/install/vehiclecontrol_msgs/lib/libvehiclecontrol_msgs__rosidl_generator_py.so
[3.177s] -- Set non-toolchain portion of runtime path of "/home/bashesam33/FS-AI/ros2_ws/install/vehiclecontrol_msgs/lib/libvehiclecontrol_msgs__rosidl_generator_py.so" to ""
[3.177s] -- Up-to-date: /home/bashesam33/FS-AI/ros2_ws/install/vehiclecontrol_msgs/share/vehiclecontrol_msgs/msg/VehicleControl.idl
[3.177s] -- Up-to-date: /home/bashesam33/FS-AI/ros2_ws/install/vehiclecontrol_msgs/share/vehiclecontrol_msgs/msg/VehicleControl.msg
[3.177s] -- Up-to-date: /home/bashesam33/FS-AI/ros2_ws/install/vehiclecontrol_msgs/share/ament_index/resource_index/package_run_dependencies/vehiclecontrol_msgs
[3.177s] -- Installing: /home/bashesam33/FS-AI/ros2_ws/install/vehiclecontrol_msgs/share/ament_index/resource_index/parent_prefix_path/vehiclecontrol_msgs
[3.177s] -- Installing: /home/bashesam33/FS-AI/ros2_ws/install/vehiclecontrol_msgs/share/vehiclecontrol_msgs/environment/ament_prefix_path.sh
[3.178s] -- Up-to-date: /home/bashesam33/FS-AI/ros2_ws/install/vehiclecontrol_msgs/share/vehiclecontrol_msgs/environment/ament_prefix_path.dsv
[3.178s] -- Installing: /home/bashesam33/FS-AI/ros2_ws/install/vehiclecontrol_msgs/share/vehiclecontrol_msgs/environment/path.sh
[3.178s] -- Up-to-date: /home/bashesam33/FS-AI/ros2_ws/install/vehiclecontrol_msgs/share/vehiclecontrol_msgs/environment/path.dsv
[3.178s] -- Up-to-date: /home/bashesam33/FS-AI/ros2_ws/install/vehiclecontrol_msgs/share/vehiclecontrol_msgs/local_setup.bash
[3.178s] -- Installing: /home/bashesam33/FS-AI/ros2_ws/install/vehiclecontrol_msgs/share/vehiclecontrol_msgs/local_setup.sh
[3.178s] -- Up-to-date: /home/bashesam33/FS-AI/ros2_ws/install/vehiclecontrol_msgs/share/vehiclecontrol_msgs/local_setup.zsh
[3.178s] -- Up-to-date: /home/bashesam33/FS-AI/ros2_ws/install/vehiclecontrol_msgs/share/vehiclecontrol_msgs/local_setup.dsv
[3.178s] -- Installing: /home/bashesam33/FS-AI/ros2_ws/install/vehiclecontrol_msgs/share/vehiclecontrol_msgs/package.dsv
[3.178s] -- Up-to-date: /home/bashesam33/FS-AI/ros2_ws/install/vehiclecontrol_msgs/share/ament_index/resource_index/packages/vehiclecontrol_msgs
[3.178s] -- Old export file "/home/bashesam33/FS-AI/ros2_ws/install/vehiclecontrol_msgs/share/vehiclecontrol_msgs/cmake/export_vehiclecontrol_msgs__rosidl_generator_cExport.cmake" will be replaced.  Removing files [/home/bashesam33/FS-AI/ros2_ws/install/vehiclecontrol_msgs/share/vehiclecontrol_msgs/cmake/export_vehiclecontrol_msgs__rosidl_generator_cExport-noconfig.cmake].
[3.178s] -- Installing: /home/bashesam33/FS-AI/ros2_ws/install/vehiclecontrol_msgs/share/vehiclecontrol_msgs/cmake/export_vehiclecontrol_msgs__rosidl_generator_cExport.cmake
[3.178s] -- Installing: /home/bashesam33/FS-AI/ros2_ws/install/vehiclecontrol_msgs/share/vehiclecontrol_msgs/cmake/export_vehiclecontrol_msgs__rosidl_generator_cExport-noconfig.cmake
[3.178s] -- Old export file "/home/bashesam33/FS-AI/ros2_ws/install/vehiclecontrol_msgs/share/vehiclecontrol_msgs/cmake/export_vehiclecontrol_msgs__rosidl_typesupport_fastrtps_cExport.cmake" will be replaced.  Removing files [/home/bashesam33/FS-AI/ros2_ws/install/vehiclecontrol_msgs/share/vehiclecontrol_msgs/cmake/export_vehiclecontrol_msgs__rosidl_typesupport_fastrtps_cExport-noconfig.cmake].
[3.178s] -- Installing: /home/bashesam33/FS-AI/ros2_ws/install/vehiclecontrol_msgs/share/vehiclecontrol_msgs/cmake/export_vehiclecontrol_msgs__rosidl_typesupport_fastrtps_cExport.cmake
[3.179s] -- Installing: /home/bashesam33/FS-AI/ros2_ws/install/vehiclecontrol_msgs/share/vehiclecontrol_msgs/cmake/export_vehiclecontrol_msgs__rosidl_typesupport_fastrtps_cExport-noconfig.cmake
[3.179s] -- Old export file "/home/bashesam33/FS-AI/ros2_ws/install/vehiclecontrol_msgs/share/vehiclecontrol_msgs/cmake/vehiclecontrol_msgs__rosidl_typesupport_introspection_cExport.cmake" will be replaced.  Removing files [/home/bashesam33/FS-AI/ros2_ws/install/vehiclecontrol_msgs/share/vehiclecontrol_msgs/cmake/vehiclecontrol_msgs__rosidl_typesupport_introspection_cExport-noconfig.cmake].
[3.179s] -- Installing: /home/bashesam33/FS-AI/ros2_ws/install/vehiclecontrol_msgs/share/vehiclecontrol_msgs/cmake/vehiclecontrol_msgs__rosidl_typesupport_introspection_cExport.cmake
[3.179s] -- Installing: /home/bashesam33/FS-AI/ros2_ws/install/vehiclecontrol_msgs/share/vehiclecontrol_msgs/cmake/vehiclecontrol_msgs__rosidl_typesupport_introspection_cExport-noconfig.cmake
[3.179s] -- Old export file "/home/bashesam33/FS-AI/ros2_ws/install/vehiclecontrol_msgs/share/vehiclecontrol_msgs/cmake/vehiclecontrol_msgs__rosidl_typesupport_cExport.cmake" will be replaced.  Removing files [/home/bashesam33/FS-AI/ros2_ws/install/vehiclecontrol_msgs/share/vehiclecontrol_msgs/cmake/vehiclecontrol_msgs__rosidl_typesupport_cExport-noconfig.cmake].
[3.179s] -- Installing: /home/bashesam33/FS-AI/ros2_ws/install/vehiclecontrol_msgs/share/vehiclecontrol_msgs/cmake/vehiclecontrol_msgs__rosidl_typesupport_cExport.cmake
[3.179s] -- Installing: /home/bashesam33/FS-AI/ros2_ws/install/vehiclecontrol_msgs/share/vehiclecontrol_msgs/cmake/vehiclecontrol_msgs__rosidl_typesupport_cExport-noconfig.cmake
[3.179s] -- Installing: /home/bashesam33/FS-AI/ros2_ws/install/vehiclecontrol_msgs/share/vehiclecontrol_msgs/cmake/export_vehiclecontrol_msgs__rosidl_generator_cppExport.cmake
[3.179s] -- Old export file "/home/bashesam33/FS-AI/ros2_ws/install/vehiclecontrol_msgs/share/vehiclecontrol_msgs/cmake/export_vehiclecontrol_msgs__rosidl_typesupport_fastrtps_cppExport.cmake" will be replaced.  Removing files [/home/bashesam33/FS-AI/ros2_ws/install/vehiclecontrol_msgs/share/vehiclecontrol_msgs/cmake/export_vehiclecontrol_msgs__rosidl_typesupport_fastrtps_cppExport-noconfig.cmake].
[3.179s] -- Installing: /home/bashesam33/FS-AI/ros2_ws/install/vehiclecontrol_msgs/share/vehiclecontrol_msgs/cmake/export_vehiclecontrol_msgs__rosidl_typesupport_fastrtps_cppExport.cmake
[3.179s] -- Installing: /home/bashesam33/FS-AI/ros2_ws/install/vehiclecontrol_msgs/share/vehiclecontrol_msgs/cmake/export_vehiclecontrol_msgs__rosidl_typesupport_fastrtps_cppExport-noconfig.cmake
[3.179s] -- Old export file "/home/bashesam33/FS-AI/ros2_ws/install/vehiclecontrol_msgs/share/vehiclecontrol_msgs/cmake/vehiclecontrol_msgs__rosidl_typesupport_introspection_cppExport.cmake" will be replaced.  Removing files [/home/bashesam33/FS-AI/ros2_ws/install/vehiclecontrol_msgs/share/vehiclecontrol_msgs/cmake/vehiclecontrol_msgs__rosidl_typesupport_introspection_cppExport-noconfig.cmake].
[3.179s] -- Installing: /home/bashesam33/FS-AI/ros2_ws/install/vehiclecontrol_msgs/share/vehiclecontrol_msgs/cmake/vehiclecontrol_msgs__rosidl_typesupport_introspection_cppExport.cmake
[3.179s] -- Installing: /home/bashesam33/FS-AI/ros2_ws/install/vehiclecontrol_msgs/share/vehiclecontrol_msgs/cmake/vehiclecontrol_msgs__rosidl_typesupport_introspection_cppExport-noconfig.cmake
[3.179s] -- Old export file "/home/bashesam33/FS-AI/ros2_ws/install/vehiclecontrol_msgs/share/vehiclecontrol_msgs/cmake/vehiclecontrol_msgs__rosidl_typesupport_cppExport.cmake" will be replaced.  Removing files [/home/bashesam33/FS-AI/ros2_ws/install/vehiclecontrol_msgs/share/vehiclecontrol_msgs/cmake/vehiclecontrol_msgs__rosidl_typesupport_cppExport-noconfig.cmake].
[3.179s] -- Installing: /home/bashesam33/FS-AI/ros2_ws/install/vehiclecontrol_msgs/share/vehiclecontrol_msgs/cmake/vehiclecontrol_msgs__rosidl_typesupport_cppExport.cmake
[3.180s] -- Installing: /home/bashesam33/FS-AI/ros2_ws/install/vehiclecontrol_msgs/share/vehiclecontrol_msgs/cmake/vehiclecontrol_msgs__rosidl_typesupport_cppExport-noconfig.cmake
[3.180s] -- Old export file "/home/bashesam33/FS-AI/ros2_ws/install/vehiclecontrol_msgs/share/vehiclecontrol_msgs/cmake/export_vehiclecontrol_msgs__rosidl_generator_pyExport.cmake" will be replaced.  Removing files [/home/bashesam33/FS-AI/ros2_ws/install/vehiclecontrol_msgs/share/vehiclecontrol_msgs/cmake/export_vehiclecontrol_msgs__rosidl_generator_pyExport-noconfig.cmake].
[3.180s] -- Installing: /home/bashesam33/FS-AI/ros2_ws/install/vehiclecontrol_msgs/share/vehiclecontrol_msgs/cmake/export_vehiclecontrol_msgs__rosidl_generator_pyExport.cmake
[3.180s] -- Installing: /home/bashesam33/FS-AI/ros2_ws/install/vehiclecontrol_msgs/share/vehiclecontrol_msgs/cmake/export_vehiclecontrol_msgs__rosidl_generator_pyExport-noconfig.cmake
[3.180s] -- Up-to-date: /home/bashesam33/FS-AI/ros2_ws/install/vehiclecontrol_msgs/share/vehiclecontrol_msgs/cmake/rosidl_cmake-extras.cmake
[3.180s] -- Up-to-date: /home/bashesam33/FS-AI/ros2_ws/install/vehiclecontrol_msgs/share/vehiclecontrol_msgs/cmake/ament_cmake_export_dependencies-extras.cmake
[3.180s] -- Up-to-date: /home/bashesam33/FS-AI/ros2_ws/install/vehiclecontrol_msgs/share/vehiclecontrol_msgs/cmake/ament_cmake_export_include_directories-extras.cmake
[3.180s] -- Up-to-date: /home/bashesam33/FS-AI/ros2_ws/install/vehiclecontrol_msgs/share/vehiclecontrol_msgs/cmake/ament_cmake_export_libraries-extras.cmake
[3.180s] -- Up-to-date: /home/bashesam33/FS-AI/ros2_ws/install/vehiclecontrol_msgs/share/vehiclecontrol_msgs/cmake/ament_cmake_export_targets-extras.cmake
[3.180s] -- Installing: /home/bashesam33/FS-AI/ros2_ws/install/vehiclecontrol_msgs/share/vehiclecontrol_msgs/cmake/rosidl_cmake_export_typesupport_targets-extras.cmake
[3.180s] -- Up-to-date: /home/bashesam33/FS-AI/ros2_ws/install/vehiclecontrol_msgs/share/vehiclecontrol_msgs/cmake/rosidl_cmake_export_typesupport_libraries-extras.cmake
[3.180s] -- Installing: /home/bashesam33/FS-AI/ros2_ws/install/vehiclecontrol_msgs/share/vehiclecontrol_msgs/cmake/vehiclecontrol_msgsConfig.cmake
[3.180s] -- Up-to-date: /home/bashesam33/FS-AI/ros2_ws/install/vehiclecontrol_msgs/share/vehiclecontrol_msgs/cmake/vehiclecontrol_msgsConfig-version.cmake
[3.180s] -- Up-to-date: /home/bashesam33/FS-AI/ros2_ws/install/vehiclecontrol_msgs/share/vehiclecontrol_msgs/package.xml
[3.181s] Invoked command in '/home/bashesam33/FS-AI/ros2_ws/build/vehiclecontrol_msgs' returned '0': CMAKE_PREFIX_PATH=${CMAKE_PREFIX_PATH}:/opt/ros/jazzy DEBUGINFOD_URLS=https://debuginfod.ubuntu.com /usr/bin/cmake --install /home/bashesam33/FS-AI/ros2_ws/build/vehiclecontrol_msgs
