[0.019s] Invoking command in '/home/mdxfsai/FS_autonomous/ros/ros2_ws/build/hellocm_cmnode': AMENT_PREFIX_PATH=/home/mdxfsai/FS_autonomous/ros/ros2_ws/install/vehiclecontrol_msgs:/home/mdxfsai/FS_autonomous/ros/ros2_ws/install/hellocm_msgs:/home/mdxfsai/FS_autonomous/ros/ros2_ws/install/cmrosutils:/home/mdxfsai/FS_autonomous/ros/ros2_ws/install/camera_msgs:${AMENT_PREFIX_PATH} CMAKE_PREFIX_PATH=/home/mdxfsai/FS_autonomous/ros/ros2_ws/install/vehiclecontrol_msgs:/home/mdxfsai/FS_autonomous/ros/ros2_ws/install/hellocm_msgs:/home/mdxfsai/FS_autonomous/ros/ros2_ws/install/cmrosutils:/home/mdxfsai/FS_autonomous/ros/ros2_ws/install/camera_msgs:/opt/ros/humble LD_LIBRARY_PATH=/home/mdxfsai/FS_autonomous/ros/ros2_ws/install/vehiclecontrol_msgs/lib:/home/mdxfsai/FS_autonomous/ros/ros2_ws/install/hellocm_msgs/lib:/home/mdxfsai/FS_autonomous/ros/ros2_ws/install/cmrosutils/lib:/home/mdxfsai/FS_autonomous/ros/ros2_ws/install/camera_msgs/lib:${LD_LIBRARY_PATH} PYTHONPATH=/home/mdxfsai/FS_autonomous/ros/ros2_ws/install/vehiclecontrol_msgs/local/lib/python3.10/dist-packages:/home/mdxfsai/FS_autonomous/ros/ros2_ws/install/hellocm_msgs/local/lib/python3.10/dist-packages:/home/mdxfsai/FS_autonomous/ros/ros2_ws/install/cmrosutils/local/lib/python3.10/dist-packages:/home/mdxfsai/FS_autonomous/ros/ros2_ws/install/camera_msgs/local/lib/python3.10/dist-packages:${PYTHONPATH} /usr/bin/cmake /home/mdxfsai/FS_autonomous/ros/ros2_ws/src/hellocm_cmnode -DCARMAKER_VER:STRING=14.1.1 -DCARMAKER_DIR:PATH=/opt/ipg/carmaker/linux64-14.1.1 --no-warn-unused-cli -DCMAKE_INSTALL_PREFIX=/home/mdxfsai/FS_autonomous/ros/ros2_ws/install/hellocm_cmnode
[0.030s] Not searching for unused variables given on the command line.
[0.081s] -- The C compiler identification is GNU 11.4.0
[0.144s] -- The CXX compiler identification is GNU 11.4.0
[0.152s] -- Detecting C compiler ABI info
[0.231s] -- Detecting C compiler ABI info - done
[0.240s] -- Check for working C compiler: /usr/bin/cc - skipped
[0.240s] -- Detecting C compile features
[0.241s] -- Detecting C compile features - done
[0.244s] -- Detecting CXX compiler ABI info
[0.336s] -- Detecting CXX compiler ABI info - done
[0.344s] -- Check for working CXX compiler: /usr/bin/c++ - skipped
[0.344s] -- Detecting CXX compile features
[0.344s] -- Detecting CXX compile features - done
[0.347s] -- Found ament_cmake: 1.3.12 (/opt/ros/humble/share/ament_cmake/cmake)
[0.520s] -- Found Python3: /usr/bin/python3 (found version "3.10.12") found components: Interpreter 
[0.620s] -- Found angles: 1.15.0 (/opt/ros/humble/share/angles/cmake)
[0.623s] -- Found rclcpp: 16.0.17 (/opt/ros/humble/share/rclcpp/cmake)
[0.663s] -- Found rosidl_generator_c: 3.1.8 (/opt/ros/humble/share/rosidl_generator_c/cmake)
[0.668s] -- Found rosidl_adapter: 3.1.8 (/opt/ros/humble/share/rosidl_adapter/cmake)
[0.676s] -- Found rosidl_generator_cpp: 3.1.8 (/opt/ros/humble/share/rosidl_generator_cpp/cmake)
[0.688s] -- Using all available rosidl_typesupport_c: rosidl_typesupport_fastrtps_c;rosidl_typesupport_introspection_c
[0.704s] -- Using all available rosidl_typesupport_cpp: rosidl_typesupport_fastrtps_cpp;rosidl_typesupport_introspection_cpp
[0.747s] -- Found rmw_implementation_cmake: 6.1.2 (/opt/ros/humble/share/rmw_implementation_cmake/cmake)
[0.749s] -- Found rmw_fastrtps_cpp: 6.2.9 (/opt/ros/humble/share/rmw_fastrtps_cpp/cmake)
[0.850s] -- Found OpenSSL: /usr/lib/x86_64-linux-gnu/libcrypto.so (found version "3.0.2")  
[0.877s] -- Found FastRTPS: /opt/ros/humble/include  
[0.918s] -- Using RMW implementation 'rmw_fastrtps_cpp' as default
[0.926s] -- Looking for pthread.h
[1.009s] -- Looking for pthread.h - found
[1.009s] -- Performing Test CMAKE_HAVE_LIBC_PTHREAD
[1.093s] -- Performing Test CMAKE_HAVE_LIBC_PTHREAD - Success
[1.094s] -- Found Threads: TRUE  
[1.146s] -- Found rclpy: 3.3.19 (/opt/ros/humble/share/rclpy/cmake)
[1.147s] -- Found cmrosutils: 0.1.0 (/home/mdxfsai/FS_autonomous/ros/ros2_ws/install/cmrosutils/share/cmrosutils/cmake)
[1.159s] -- Found hellocm_msgs: 0.1.0 (/home/mdxfsai/FS_autonomous/ros/ros2_ws/install/hellocm_msgs/share/hellocm_msgs/cmake)
[1.173s] -- Found vehiclecontrol_msgs: 1.0.0 (/home/mdxfsai/FS_autonomous/ros/ros2_ws/install/vehiclecontrol_msgs/share/vehiclecontrol_msgs/cmake)
[1.187s] -- Found camera_msgs: 1.0.0 (/home/mdxfsai/FS_autonomous/ros/ros2_ws/install/camera_msgs/share/camera_msgs/cmake)
[1.203s] -- Found tf2: 0.25.18 (/opt/ros/humble/share/tf2/cmake)
[1.229s] -- Found tf2_ros: 0.25.18 (/opt/ros/humble/share/tf2_ros/cmake)
[1.324s] -- Found tf2_geometry_msgs: 0.25.18 (/opt/ros/humble/share/tf2_geometry_msgs/cmake)
[1.338s] -- Found eigen3_cmake_module: 0.1.1 (/opt/ros/humble/share/eigen3_cmake_module/cmake)
[1.339s] -- Found Eigen3: TRUE (found version "3.4.0") 
[1.339s] -- Ensuring Eigen3 include directory is part of orocos-kdl CMake target
[1.342s] -- Found visualization_msgs: 4.9.0 (/opt/ros/humble/share/visualization_msgs/cmake)
[1.389s] -- Found ament_lint_auto: 0.12.14 (/opt/ros/humble/share/ament_lint_auto/cmake)
[1.473s] -- Added test 'copyright' to check source files copyright and LICENSE
[1.474s] -- Added test 'cppcheck' to perform static code analysis on C / C++ code
[1.474s] -- Configured cppcheck include dirs: 
[1.474s] -- Configured cppcheck exclude dirs and/or files: 
[1.475s] -- Added test 'cpplint' to check C / C++ code against the Google style
[1.475s] -- Configured cpplint exclude dirs and/or files: 
[1.475s] -- Added test 'flake8' to check Python code syntax and style conventions
[1.476s] -- Added test 'lint_cmake' to check CMake code style
[1.476s] -- Added test 'pep257' to check Python code against some of the docstring style conventions in PEP 257
[1.477s] -- Added test 'uncrustify' to check C / C++ code style
[1.477s] -- Configured uncrustify additional arguments: 
[1.477s] -- Added test 'xmllint' to check XML markup files
[1.479s] -- Configuring done
[1.493s] -- Generating done
[1.498s] -- Build files have been written to: /home/mdxfsai/FS_autonomous/ros/ros2_ws/build/hellocm_cmnode
[1.508s] Invoked command in '/home/mdxfsai/FS_autonomous/ros/ros2_ws/build/hellocm_cmnode' returned '0': AMENT_PREFIX_PATH=/home/mdxfsai/FS_autonomous/ros/ros2_ws/install/vehiclecontrol_msgs:/home/mdxfsai/FS_autonomous/ros/ros2_ws/install/hellocm_msgs:/home/mdxfsai/FS_autonomous/ros/ros2_ws/install/cmrosutils:/home/mdxfsai/FS_autonomous/ros/ros2_ws/install/camera_msgs:${AMENT_PREFIX_PATH} CMAKE_PREFIX_PATH=/home/mdxfsai/FS_autonomous/ros/ros2_ws/install/vehiclecontrol_msgs:/home/mdxfsai/FS_autonomous/ros/ros2_ws/install/hellocm_msgs:/home/mdxfsai/FS_autonomous/ros/ros2_ws/install/cmrosutils:/home/mdxfsai/FS_autonomous/ros/ros2_ws/install/camera_msgs:/opt/ros/humble LD_LIBRARY_PATH=/home/mdxfsai/FS_autonomous/ros/ros2_ws/install/vehiclecontrol_msgs/lib:/home/mdxfsai/FS_autonomous/ros/ros2_ws/install/hellocm_msgs/lib:/home/mdxfsai/FS_autonomous/ros/ros2_ws/install/cmrosutils/lib:/home/mdxfsai/FS_autonomous/ros/ros2_ws/install/camera_msgs/lib:${LD_LIBRARY_PATH} PYTHONPATH=/home/mdxfsai/FS_autonomous/ros/ros2_ws/install/vehiclecontrol_msgs/local/lib/python3.10/dist-packages:/home/mdxfsai/FS_autonomous/ros/ros2_ws/install/hellocm_msgs/local/lib/python3.10/dist-packages:/home/mdxfsai/FS_autonomous/ros/ros2_ws/install/cmrosutils/local/lib/python3.10/dist-packages:/home/mdxfsai/FS_autonomous/ros/ros2_ws/install/camera_msgs/local/lib/python3.10/dist-packages:${PYTHONPATH} /usr/bin/cmake /home/mdxfsai/FS_autonomous/ros/ros2_ws/src/hellocm_cmnode -DCARMAKER_VER:STRING=14.1.1 -DCARMAKER_DIR:PATH=/opt/ipg/carmaker/linux64-14.1.1 --no-warn-unused-cli -DCMAKE_INSTALL_PREFIX=/home/mdxfsai/FS_autonomous/ros/ros2_ws/install/hellocm_cmnode
[1.510s] Invoking command in '/home/mdxfsai/FS_autonomous/ros/ros2_ws/build/hellocm_cmnode': AMENT_PREFIX_PATH=/home/mdxfsai/FS_autonomous/ros/ros2_ws/install/vehiclecontrol_msgs:/home/mdxfsai/FS_autonomous/ros/ros2_ws/install/hellocm_msgs:/home/mdxfsai/FS_autonomous/ros/ros2_ws/install/cmrosutils:/home/mdxfsai/FS_autonomous/ros/ros2_ws/install/camera_msgs:${AMENT_PREFIX_PATH} CMAKE_PREFIX_PATH=/home/mdxfsai/FS_autonomous/ros/ros2_ws/install/vehiclecontrol_msgs:/home/mdxfsai/FS_autonomous/ros/ros2_ws/install/hellocm_msgs:/home/mdxfsai/FS_autonomous/ros/ros2_ws/install/cmrosutils:/home/mdxfsai/FS_autonomous/ros/ros2_ws/install/camera_msgs:/opt/ros/humble LD_LIBRARY_PATH=/home/mdxfsai/FS_autonomous/ros/ros2_ws/install/vehiclecontrol_msgs/lib:/home/mdxfsai/FS_autonomous/ros/ros2_ws/install/hellocm_msgs/lib:/home/mdxfsai/FS_autonomous/ros/ros2_ws/install/cmrosutils/lib:/home/mdxfsai/FS_autonomous/ros/ros2_ws/install/camera_msgs/lib:${LD_LIBRARY_PATH} PYTHONPATH=/home/mdxfsai/FS_autonomous/ros/ros2_ws/install/vehiclecontrol_msgs/local/lib/python3.10/dist-packages:/home/mdxfsai/FS_autonomous/ros/ros2_ws/install/hellocm_msgs/local/lib/python3.10/dist-packages:/home/mdxfsai/FS_autonomous/ros/ros2_ws/install/cmrosutils/local/lib/python3.10/dist-packages:/home/mdxfsai/FS_autonomous/ros/ros2_ws/install/camera_msgs/local/lib/python3.10/dist-packages:${PYTHONPATH} /usr/bin/cmake --build /home/mdxfsai/FS_autonomous/ros/ros2_ws/build/hellocm_cmnode -- -j20 -l20
[1.572s] [ 50%] [32mBuilding CXX object CMakeFiles/CMNode_ROS2_HelloCM.dir/src/CMNode_ROS2_HelloCM.cpp.o[0m
[15.424s] [100%] [32m[1mLinking CXX shared library libCMNode_ROS2_HelloCM.so[0m
[16.358s] [100%] Built target CMNode_ROS2_HelloCM
[16.371s] Invoked command in '/home/mdxfsai/FS_autonomous/ros/ros2_ws/build/hellocm_cmnode' returned '0': AMENT_PREFIX_PATH=/home/mdxfsai/FS_autonomous/ros/ros2_ws/install/vehiclecontrol_msgs:/home/mdxfsai/FS_autonomous/ros/ros2_ws/install/hellocm_msgs:/home/mdxfsai/FS_autonomous/ros/ros2_ws/install/cmrosutils:/home/mdxfsai/FS_autonomous/ros/ros2_ws/install/camera_msgs:${AMENT_PREFIX_PATH} CMAKE_PREFIX_PATH=/home/mdxfsai/FS_autonomous/ros/ros2_ws/install/vehiclecontrol_msgs:/home/mdxfsai/FS_autonomous/ros/ros2_ws/install/hellocm_msgs:/home/mdxfsai/FS_autonomous/ros/ros2_ws/install/cmrosutils:/home/mdxfsai/FS_autonomous/ros/ros2_ws/install/camera_msgs:/opt/ros/humble LD_LIBRARY_PATH=/home/mdxfsai/FS_autonomous/ros/ros2_ws/install/vehiclecontrol_msgs/lib:/home/mdxfsai/FS_autonomous/ros/ros2_ws/install/hellocm_msgs/lib:/home/mdxfsai/FS_autonomous/ros/ros2_ws/install/cmrosutils/lib:/home/mdxfsai/FS_autonomous/ros/ros2_ws/install/camera_msgs/lib:${LD_LIBRARY_PATH} PYTHONPATH=/home/mdxfsai/FS_autonomous/ros/ros2_ws/install/vehiclecontrol_msgs/local/lib/python3.10/dist-packages:/home/mdxfsai/FS_autonomous/ros/ros2_ws/install/hellocm_msgs/local/lib/python3.10/dist-packages:/home/mdxfsai/FS_autonomous/ros/ros2_ws/install/cmrosutils/local/lib/python3.10/dist-packages:/home/mdxfsai/FS_autonomous/ros/ros2_ws/install/camera_msgs/local/lib/python3.10/dist-packages:${PYTHONPATH} /usr/bin/cmake --build /home/mdxfsai/FS_autonomous/ros/ros2_ws/build/hellocm_cmnode -- -j20 -l20
[16.372s] Invoking command in '/home/mdxfsai/FS_autonomous/ros/ros2_ws/build/hellocm_cmnode': AMENT_PREFIX_PATH=/home/mdxfsai/FS_autonomous/ros/ros2_ws/install/vehiclecontrol_msgs:/home/mdxfsai/FS_autonomous/ros/ros2_ws/install/hellocm_msgs:/home/mdxfsai/FS_autonomous/ros/ros2_ws/install/cmrosutils:/home/mdxfsai/FS_autonomous/ros/ros2_ws/install/camera_msgs:${AMENT_PREFIX_PATH} CMAKE_PREFIX_PATH=/home/mdxfsai/FS_autonomous/ros/ros2_ws/install/vehiclecontrol_msgs:/home/mdxfsai/FS_autonomous/ros/ros2_ws/install/hellocm_msgs:/home/mdxfsai/FS_autonomous/ros/ros2_ws/install/cmrosutils:/home/mdxfsai/FS_autonomous/ros/ros2_ws/install/camera_msgs:/opt/ros/humble LD_LIBRARY_PATH=/home/mdxfsai/FS_autonomous/ros/ros2_ws/install/vehiclecontrol_msgs/lib:/home/mdxfsai/FS_autonomous/ros/ros2_ws/install/hellocm_msgs/lib:/home/mdxfsai/FS_autonomous/ros/ros2_ws/install/cmrosutils/lib:/home/mdxfsai/FS_autonomous/ros/ros2_ws/install/camera_msgs/lib:${LD_LIBRARY_PATH} PYTHONPATH=/home/mdxfsai/FS_autonomous/ros/ros2_ws/install/vehiclecontrol_msgs/local/lib/python3.10/dist-packages:/home/mdxfsai/FS_autonomous/ros/ros2_ws/install/hellocm_msgs/local/lib/python3.10/dist-packages:/home/mdxfsai/FS_autonomous/ros/ros2_ws/install/cmrosutils/local/lib/python3.10/dist-packages:/home/mdxfsai/FS_autonomous/ros/ros2_ws/install/camera_msgs/local/lib/python3.10/dist-packages:${PYTHONPATH} /usr/bin/cmake --install /home/mdxfsai/FS_autonomous/ros/ros2_ws/build/hellocm_cmnode
[16.381s] -- Install configuration: ""
[16.381s] -- Installing: /home/mdxfsai/FS_autonomous/ros/ros2_ws/install/hellocm_cmnode/lib/libCMNode_ROS2_HelloCM.so
[16.390s] -- Set runtime path of "/home/mdxfsai/FS_autonomous/ros/ros2_ws/install/hellocm_cmnode/lib/libCMNode_ROS2_HelloCM.so" to ""
[16.391s] -- Installing: /home/mdxfsai/FS_autonomous/ros/ros2_ws/install/hellocm_cmnode/share/hellocm_cmnode//launch
[16.391s] -- Installing: /home/mdxfsai/FS_autonomous/ros/ros2_ws/install/hellocm_cmnode/share/hellocm_cmnode//launch/ads-dv_rviz2.launch.py
[16.391s] -- Installing: /home/mdxfsai/FS_autonomous/ros/ros2_ws/install/hellocm_cmnode/share/hellocm_cmnode//launch/ads-dv_rviz2.rviz
[16.391s] -- Installing: /home/mdxfsai/FS_autonomous/ros/ros2_ws/install/hellocm_cmnode/share/hellocm_cmnode/environment/library_path.sh
[16.391s] -- Installing: /home/mdxfsai/FS_autonomous/ros/ros2_ws/install/hellocm_cmnode/share/hellocm_cmnode/environment/library_path.dsv
[16.391s] -- Installing: /home/mdxfsai/FS_autonomous/ros/ros2_ws/install/hellocm_cmnode/share/ament_index/resource_index/package_run_dependencies/hellocm_cmnode
[16.391s] -- Installing: /home/mdxfsai/FS_autonomous/ros/ros2_ws/install/hellocm_cmnode/share/ament_index/resource_index/parent_prefix_path/hellocm_cmnode
[16.391s] -- Installing: /home/mdxfsai/FS_autonomous/ros/ros2_ws/install/hellocm_cmnode/share/hellocm_cmnode/environment/ament_prefix_path.sh
[16.392s] -- Installing: /home/mdxfsai/FS_autonomous/ros/ros2_ws/install/hellocm_cmnode/share/hellocm_cmnode/environment/ament_prefix_path.dsv
[16.392s] -- Installing: /home/mdxfsai/FS_autonomous/ros/ros2_ws/install/hellocm_cmnode/share/hellocm_cmnode/environment/path.sh
[16.392s] -- Installing: /home/mdxfsai/FS_autonomous/ros/ros2_ws/install/hellocm_cmnode/share/hellocm_cmnode/environment/path.dsv
[16.392s] -- Installing: /home/mdxfsai/FS_autonomous/ros/ros2_ws/install/hellocm_cmnode/share/hellocm_cmnode/local_setup.bash
[16.392s] -- Installing: /home/mdxfsai/FS_autonomous/ros/ros2_ws/install/hellocm_cmnode/share/hellocm_cmnode/local_setup.sh
[16.392s] -- Installing: /home/mdxfsai/FS_autonomous/ros/ros2_ws/install/hellocm_cmnode/share/hellocm_cmnode/local_setup.zsh
[16.392s] -- Installing: /home/mdxfsai/FS_autonomous/ros/ros2_ws/install/hellocm_cmnode/share/hellocm_cmnode/local_setup.dsv
[16.392s] -- Installing: /home/mdxfsai/FS_autonomous/ros/ros2_ws/install/hellocm_cmnode/share/hellocm_cmnode/package.dsv
[16.392s] -- Installing: /home/mdxfsai/FS_autonomous/ros/ros2_ws/install/hellocm_cmnode/share/ament_index/resource_index/packages/hellocm_cmnode
[16.392s] -- Installing: /home/mdxfsai/FS_autonomous/ros/ros2_ws/install/hellocm_cmnode/share/hellocm_cmnode/cmake/ament_cmake_export_libraries-extras.cmake
[16.392s] -- Installing: /home/mdxfsai/FS_autonomous/ros/ros2_ws/install/hellocm_cmnode/share/hellocm_cmnode/cmake/hellocm_cmnodeConfig.cmake
[16.392s] -- Installing: /home/mdxfsai/FS_autonomous/ros/ros2_ws/install/hellocm_cmnode/share/hellocm_cmnode/cmake/hellocm_cmnodeConfig-version.cmake
[16.392s] -- Installing: /home/mdxfsai/FS_autonomous/ros/ros2_ws/install/hellocm_cmnode/share/hellocm_cmnode/package.xml
[16.394s] Invoked command in '/home/mdxfsai/FS_autonomous/ros/ros2_ws/build/hellocm_cmnode' returned '0': AMENT_PREFIX_PATH=/home/mdxfsai/FS_autonomous/ros/ros2_ws/install/vehiclecontrol_msgs:/home/mdxfsai/FS_autonomous/ros/ros2_ws/install/hellocm_msgs:/home/mdxfsai/FS_autonomous/ros/ros2_ws/install/cmrosutils:/home/mdxfsai/FS_autonomous/ros/ros2_ws/install/camera_msgs:${AMENT_PREFIX_PATH} CMAKE_PREFIX_PATH=/home/mdxfsai/FS_autonomous/ros/ros2_ws/install/vehiclecontrol_msgs:/home/mdxfsai/FS_autonomous/ros/ros2_ws/install/hellocm_msgs:/home/mdxfsai/FS_autonomous/ros/ros2_ws/install/cmrosutils:/home/mdxfsai/FS_autonomous/ros/ros2_ws/install/camera_msgs:/opt/ros/humble LD_LIBRARY_PATH=/home/mdxfsai/FS_autonomous/ros/ros2_ws/install/vehiclecontrol_msgs/lib:/home/mdxfsai/FS_autonomous/ros/ros2_ws/install/hellocm_msgs/lib:/home/mdxfsai/FS_autonomous/ros/ros2_ws/install/cmrosutils/lib:/home/mdxfsai/FS_autonomous/ros/ros2_ws/install/camera_msgs/lib:${LD_LIBRARY_PATH} PYTHONPATH=/home/mdxfsai/FS_autonomous/ros/ros2_ws/install/vehiclecontrol_msgs/local/lib/python3.10/dist-packages:/home/mdxfsai/FS_autonomous/ros/ros2_ws/install/hellocm_msgs/local/lib/python3.10/dist-packages:/home/mdxfsai/FS_autonomous/ros/ros2_ws/install/cmrosutils/local/lib/python3.10/dist-packages:/home/mdxfsai/FS_autonomous/ros/ros2_ws/install/camera_msgs/local/lib/python3.10/dist-packages:${PYTHONPATH} /usr/bin/cmake --install /home/mdxfsai/FS_autonomous/ros/ros2_ws/build/hellocm_cmnode
