[0.014s] Invoking command in '/home/mdxfsai/FS_autonomous/ros/ros2_ws/build/cmrosutils': CMAKE_PREFIX_PATH=/opt/ros/humble /usr/bin/cmake /home/mdxfsai/FS_autonomous/ros/ros2_ws/src/cmrosutils -DCARMAKER_VER:STRING=14.1.1 -DCARMAKER_DIR:PATH=/opt/ipg/carmaker/linux64-14.1.1 --no-warn-unused-cli -DCMAKE_INSTALL_PREFIX=/home/mdxfsai/FS_autonomous/ros/ros2_ws/install/cmrosutils
[0.028s] Not searching for unused variables given on the command line.
[0.095s] -- The C compiler identification is GNU 11.4.0
[0.173s] -- The CXX compiler identification is GNU 11.4.0
[0.181s] -- Detecting C compiler ABI info
[0.257s] -- Detecting C compiler ABI info - done
[0.266s] -- Check for working C compiler: /usr/bin/cc - skipped
[0.267s] -- Detecting C compile features
[0.268s] -- Detecting C compile features - done
[0.271s] -- Detecting CXX compiler ABI info
[0.361s] -- Detecting CXX compiler ABI info - done
[0.371s] -- Check for working CXX compiler: /usr/bin/c++ - skipped
[0.371s] -- Detecting CXX compile features
[0.371s] -- Detecting CXX compile features - done
[0.373s] -- Found ament_cmake: 1.3.12 (/opt/ros/humble/share/ament_cmake/cmake)
[0.531s] -- Found Python3: /usr/bin/python3 (found version "3.10.12") found components: Interpreter 
[0.633s] -- Found rclcpp: 16.0.17 (/opt/ros/humble/share/rclcpp/cmake)
[0.675s] -- Found rosidl_generator_c: 3.1.8 (/opt/ros/humble/share/rosidl_generator_c/cmake)
[0.679s] -- Found rosidl_adapter: 3.1.8 (/opt/ros/humble/share/rosidl_adapter/cmake)
[0.687s] -- Found rosidl_generator_cpp: 3.1.8 (/opt/ros/humble/share/rosidl_generator_cpp/cmake)
[0.699s] -- Using all available rosidl_typesupport_c: rosidl_typesupport_fastrtps_c;rosidl_typesupport_introspection_c
[0.714s] -- Using all available rosidl_typesupport_cpp: rosidl_typesupport_fastrtps_cpp;rosidl_typesupport_introspection_cpp
[0.759s] -- Found rmw_implementation_cmake: 6.1.2 (/opt/ros/humble/share/rmw_implementation_cmake/cmake)
[0.762s] -- Found rmw_fastrtps_cpp: 6.2.9 (/opt/ros/humble/share/rmw_fastrtps_cpp/cmake)
[0.865s] -- Found OpenSSL: /usr/lib/x86_64-linux-gnu/libcrypto.so (found version "3.0.2")  
[0.898s] -- Found FastRTPS: /opt/ros/humble/include  
[0.948s] -- Using RMW implementation 'rmw_fastrtps_cpp' as default
[0.955s] -- Looking for pthread.h
[1.036s] -- Looking for pthread.h - found
[1.036s] -- Performing Test CMAKE_HAVE_LIBC_PTHREAD
[1.116s] -- Performing Test CMAKE_HAVE_LIBC_PTHREAD - Success
[1.117s] -- Found Threads: TRUE  
[1.167s] -- Found rosidl_default_generators: 1.2.0 (/opt/ros/humble/share/rosidl_default_generators/cmake)
[1.435s] -- Found ament_cmake_ros: 0.10.0 (/opt/ros/humble/share/ament_cmake_ros/cmake)
[1.760s] -- Using all available rosidl_typesupport_c: rosidl_typesupport_fastrtps_c;rosidl_typesupport_introspection_c
[1.889s] -- Using all available rosidl_typesupport_cpp: rosidl_typesupport_fastrtps_cpp;rosidl_typesupport_introspection_cpp
[1.925s] -- Found PythonInterp: /usr/bin/python3 (found suitable version "3.10.12", minimum required is "3.6") 
[1.927s] -- Found python_cmake_module: 0.10.0 (/opt/ros/humble/share/python_cmake_module/cmake)
[1.967s] -- Found PythonLibs: /usr/lib/x86_64-linux-gnu/libpython3.10.so (found suitable version "3.10.12", minimum required is "3.5") 
[1.967s] -- Using PYTHON_EXECUTABLE: /usr/bin/python3
[1.967s] -- Using PYTHON_INCLUDE_DIRS: /usr/include/python3.10
[1.968s] -- Using PYTHON_LIBRARIES: /usr/lib/x86_64-linux-gnu/libpython3.10.so
[1.990s] -- Found PythonExtra: .so  
[2.031s] -- Found ament_lint_auto: 0.12.14 (/opt/ros/humble/share/ament_lint_auto/cmake)
[2.046s] -- Added test 'copyright' to check source files copyright and LICENSE
[2.048s] -- Added test 'cppcheck' to perform static code analysis on C / C++ code
[2.048s] -- Configured cppcheck include dirs: $<BUILD_INTERFACE:/home/mdxfsai/FS_autonomous/ros/ros2_ws/src/cmrosutils/include>
[2.048s] -- Configured cppcheck exclude dirs and/or files: 
[2.049s] -- Added test 'cpplint' to check C / C++ code against the Google style
[2.049s] -- Configured cpplint exclude dirs and/or files: 
[2.050s] -- Added test 'lint_cmake' to check CMake code style
[2.051s] -- Added test 'uncrustify' to check C / C++ code style
[2.051s] -- Configured uncrustify additional arguments: 
[2.051s] -- Added test 'xmllint' to check XML markup files
[2.053s] -- Configuring done
[2.085s] -- Generating done
[2.097s] -- Build files have been written to: /home/mdxfsai/FS_autonomous/ros/ros2_ws/build/cmrosutils
[2.110s] Invoked command in '/home/mdxfsai/FS_autonomous/ros/ros2_ws/build/cmrosutils' returned '0': CMAKE_PREFIX_PATH=/opt/ros/humble /usr/bin/cmake /home/mdxfsai/FS_autonomous/ros/ros2_ws/src/cmrosutils -DCARMAKER_VER:STRING=14.1.1 -DCARMAKER_DIR:PATH=/opt/ipg/carmaker/linux64-14.1.1 --no-warn-unused-cli -DCMAKE_INSTALL_PREFIX=/home/mdxfsai/FS_autonomous/ros/ros2_ws/install/cmrosutils
[2.111s] Invoking command in '/home/mdxfsai/FS_autonomous/ros/ros2_ws/build/cmrosutils': CMAKE_PREFIX_PATH=/opt/ros/humble /usr/bin/cmake --build /home/mdxfsai/FS_autonomous/ros/ros2_ws/build/cmrosutils -- -j20 -l20
[2.156s] [  3%] [34m[1mGenerating C code for ROS interfaces[0m
[2.170s] [  6%] [34m[1mGenerating C++ code for ROS interfaces[0m
[2.179s] [  6%] Built target ament_cmake_python_copy_cmrosutils
[2.526s] [  9%] [32mBuilding C object CMakeFiles/cmrosutils__rosidl_generator_c.dir/rosidl_generator_c/cmrosutils/srv/detail/cm_remote_control__functions.c.o[0m
[2.560s] running egg_info
[2.561s] creating cmrosutils.egg-info
[2.561s] writing cmrosutils.egg-info/PKG-INFO
[2.562s] writing dependency_links to cmrosutils.egg-info/dependency_links.txt
[2.562s] writing top-level names to cmrosutils.egg-info/top_level.txt
[2.562s] writing manifest file 'cmrosutils.egg-info/SOURCES.txt'
[2.565s] reading manifest file 'cmrosutils.egg-info/SOURCES.txt'
[2.566s] writing manifest file 'cmrosutils.egg-info/SOURCES.txt'
[2.606s] [  9%] Built target ament_cmake_python_build_cmrosutils_egg
[2.631s] [ 12%] [32m[1mLinking C shared library libcmrosutils__rosidl_generator_c.so[0m
[2.687s] [ 12%] Built target cmrosutils__rosidl_generator_c
[2.701s] [ 15%] [34m[1mGenerating C type support for eProsima Fast-RTPS[0m
[2.701s] [ 18%] [34m[1mGenerating C introspection for ROS interfaces[0m
[2.704s] [ 21%] [34m[1mGenerating C type support dispatch for ROS interfaces[0m
[2.773s] [ 21%] Built target cmrosutils__cpp
[2.786s] [ 24%] [34m[1mGenerating C++ type support for eProsima Fast-RTPS[0m
[2.788s] [ 27%] [34m[1mGenerating C++ type support dispatch for ROS interfaces[0m
[2.788s] [ 30%] [34m[1mGenerating C++ introspection for ROS interfaces[0m
[3.301s] [ 33%] [32mBuilding CXX object CMakeFiles/cmrosutils__rosidl_typesupport_c.dir/rosidl_typesupport_c/cmrosutils/srv/cm_remote_control__type_support.cpp.o[0m
[3.314s] [ 36%] [32mBuilding CXX object CMakeFiles/cmrosutils__rosidl_typesupport_cpp.dir/rosidl_typesupport_cpp/cmrosutils/srv/cm_remote_control__type_support.cpp.o[0m
[3.334s] [ 39%] [32mBuilding CXX object CMakeFiles/cmrosutils__rosidl_typesupport_fastrtps_c.dir/rosidl_typesupport_fastrtps_c/cmrosutils/srv/detail/cm_remote_control__type_support_c.cpp.o[0m
[3.373s] [ 42%] [32mBuilding CXX object CMakeFiles/cmrosutils__rosidl_typesupport_fastrtps_cpp.dir/rosidl_typesupport_fastrtps_cpp/cmrosutils/srv/detail/dds_fastrtps/cm_remote_control__type_support.cpp.o[0m
[3.381s] [ 45%] [32mBuilding CXX object CMakeFiles/cmrosutils__rosidl_typesupport_introspection_cpp.dir/rosidl_typesupport_introspection_cpp/cmrosutils/srv/detail/cm_remote_control__type_support.cpp.o[0m
[3.404s] [ 48%] [32m[1mLinking CXX shared library libcmrosutils__rosidl_typesupport_c.so[0m
[3.420s] [ 51%] [32mBuilding C object CMakeFiles/cmrosutils__rosidl_typesupport_introspection_c.dir/rosidl_typesupport_introspection_c/cmrosutils/srv/detail/cm_remote_control__type_support.c.o[0m
[3.519s] [ 51%] Built target cmrosutils__rosidl_typesupport_c
[3.577s] [ 54%] [32m[1mLinking C shared library libcmrosutils__rosidl_typesupport_introspection_c.so[0m
[3.675s] [ 54%] Built target cmrosutils__rosidl_typesupport_introspection_c
[3.845s] [ 57%] [32m[1mLinking CXX shared library libcmrosutils__rosidl_typesupport_cpp.so[0m
[3.915s] [ 57%] Built target cmrosutils__rosidl_typesupport_cpp
[3.941s] [ 60%] [32mBuilding CXX object CMakeFiles/cmrosif.dir/src/cmrosif.cpp.o[0m
[4.031s] [ 63%] [32m[1mLinking CXX shared library libcmrosutils__rosidl_typesupport_fastrtps_c.so[0m
[4.058s] [ 66%] [32m[1mLinking CXX shared library libcmrosutils__rosidl_typesupport_introspection_cpp.so[0m
[4.146s] [ 66%] Built target cmrosutils__rosidl_typesupport_introspection_cpp
[4.154s] [ 66%] Built target cmrosutils__rosidl_typesupport_fastrtps_c
[4.220s] [ 69%] [32m[1mLinking CXX shared library libcmrosutils__rosidl_typesupport_fastrtps_cpp.so[0m
[4.305s] [ 69%] Built target cmrosutils__rosidl_typesupport_fastrtps_cpp
[4.330s] [ 69%] Built target cmrosutils
[4.353s] [ 72%] [34m[1mGenerating Python code for ROS interfaces[0m
[4.853s] [ 72%] Built target cmrosutils__py
[4.882s] [ 75%] [32mBuilding C object CMakeFiles/cmrosutils__rosidl_generator_py.dir/rosidl_generator_py/cmrosutils/srv/_cm_remote_control_s.c.o[0m
[5.054s] [ 78%] [32m[1mLinking C shared library rosidl_generator_py/cmrosutils/libcmrosutils__rosidl_generator_py.so[0m
[5.102s] [ 78%] Built target cmrosutils__rosidl_generator_py
[5.125s] [ 81%] [32mBuilding C object CMakeFiles/cmrosutils__rosidl_typesupport_introspection_c__pyext.dir/rosidl_generator_py/cmrosutils/_cmrosutils_s.ep.rosidl_typesupport_introspection_c.c.o[0m
[5.126s] [ 84%] [32mBuilding C object CMakeFiles/cmrosutils__rosidl_typesupport_c__pyext.dir/rosidl_generator_py/cmrosutils/_cmrosutils_s.ep.rosidl_typesupport_c.c.o[0m
[5.127s] [ 87%] [32mBuilding C object CMakeFiles/cmrosutils__rosidl_typesupport_fastrtps_c__pyext.dir/rosidl_generator_py/cmrosutils/_cmrosutils_s.ep.rosidl_typesupport_fastrtps_c.c.o[0m
[5.221s] [ 90%] [32m[1mLinking C shared library rosidl_generator_py/cmrosutils/cmrosutils_s__rosidl_typesupport_introspection_c.cpython-310-x86_64-linux-gnu.so[0m
[5.224s] [ 93%] [32m[1mLinking C shared library rosidl_generator_py/cmrosutils/cmrosutils_s__rosidl_typesupport_fastrtps_c.cpython-310-x86_64-linux-gnu.so[0m
[5.224s] [ 96%] [32m[1mLinking C shared library rosidl_generator_py/cmrosutils/cmrosutils_s__rosidl_typesupport_c.cpython-310-x86_64-linux-gnu.so[0m
[5.259s] [ 96%] Built target cmrosutils__rosidl_typesupport_introspection_c__pyext
[5.265s] [ 96%] Built target cmrosutils__rosidl_typesupport_fastrtps_c__pyext
[5.268s] [ 96%] Built target cmrosutils__rosidl_typesupport_c__pyext
[8.963s] [100%] [32m[1mLinking CXX shared library libcmrosif.so[0m
[9.211s] [100%] Built target cmrosif
[9.224s] Invoked command in '/home/mdxfsai/FS_autonomous/ros/ros2_ws/build/cmrosutils' returned '0': CMAKE_PREFIX_PATH=/opt/ros/humble /usr/bin/cmake --build /home/mdxfsai/FS_autonomous/ros/ros2_ws/build/cmrosutils -- -j20 -l20
[9.226s] Invoking command in '/home/mdxfsai/FS_autonomous/ros/ros2_ws/build/cmrosutils': CMAKE_PREFIX_PATH=/opt/ros/humble /usr/bin/cmake --install /home/mdxfsai/FS_autonomous/ros/ros2_ws/build/cmrosutils
[9.234s] -- Install configuration: ""
[9.235s] -- Installing: /home/mdxfsai/FS_autonomous/ros/ros2_ws/install/cmrosutils/share/ament_index/resource_index/rosidl_interfaces/cmrosutils
[9.235s] -- Installing: /home/mdxfsai/FS_autonomous/ros/ros2_ws/install/cmrosutils/include/cmrosutils/cmrosutils
[9.235s] -- Installing: /home/mdxfsai/FS_autonomous/ros/ros2_ws/install/cmrosutils/include/cmrosutils/cmrosutils/srv
[9.235s] -- Installing: /home/mdxfsai/FS_autonomous/ros/ros2_ws/install/cmrosutils/include/cmrosutils/cmrosutils/srv/cm_remote_control.h
[9.235s] -- Installing: /home/mdxfsai/FS_autonomous/ros/ros2_ws/install/cmrosutils/include/cmrosutils/cmrosutils/srv/detail
[9.235s] -- Installing: /home/mdxfsai/FS_autonomous/ros/ros2_ws/install/cmrosutils/include/cmrosutils/cmrosutils/srv/detail/cm_remote_control__type_support.h
[9.235s] -- Installing: /home/mdxfsai/FS_autonomous/ros/ros2_ws/install/cmrosutils/include/cmrosutils/cmrosutils/srv/detail/cm_remote_control__functions.h
[9.235s] -- Installing: /home/mdxfsai/FS_autonomous/ros/ros2_ws/install/cmrosutils/include/cmrosutils/cmrosutils/srv/detail/cm_remote_control__functions.c
[9.235s] -- Installing: /home/mdxfsai/FS_autonomous/ros/ros2_ws/install/cmrosutils/include/cmrosutils/cmrosutils/srv/detail/cm_remote_control__struct.h
[9.235s] -- Installing: /home/mdxfsai/FS_autonomous/ros/ros2_ws/install/cmrosutils/include/cmrosutils/cmrosutils/msg
[9.235s] -- Installing: /home/mdxfsai/FS_autonomous/ros/ros2_ws/install/cmrosutils/include/cmrosutils/cmrosutils/msg/rosidl_generator_c__visibility_control.h
[9.235s] -- Installing: /home/mdxfsai/FS_autonomous/ros/ros2_ws/install/cmrosutils/share/cmrosutils/environment/library_path.sh
[9.236s] -- Installing: /home/mdxfsai/FS_autonomous/ros/ros2_ws/install/cmrosutils/share/cmrosutils/environment/library_path.dsv
[9.236s] -- Installing: /home/mdxfsai/FS_autonomous/ros/ros2_ws/install/cmrosutils/lib/libcmrosutils__rosidl_generator_c.so
[9.236s] -- Set runtime path of "/home/mdxfsai/FS_autonomous/ros/ros2_ws/install/cmrosutils/lib/libcmrosutils__rosidl_generator_c.so" to ""
[9.236s] -- Up-to-date: /home/mdxfsai/FS_autonomous/ros/ros2_ws/install/cmrosutils/include/cmrosutils/cmrosutils
[9.236s] -- Up-to-date: /home/mdxfsai/FS_autonomous/ros/ros2_ws/install/cmrosutils/include/cmrosutils/cmrosutils/srv
[9.236s] -- Up-to-date: /home/mdxfsai/FS_autonomous/ros/ros2_ws/install/cmrosutils/include/cmrosutils/cmrosutils/srv/detail
[9.236s] -- Installing: /home/mdxfsai/FS_autonomous/ros/ros2_ws/install/cmrosutils/include/cmrosutils/cmrosutils/srv/detail/cm_remote_control__rosidl_typesupport_fastrtps_c.h
[9.236s] -- Up-to-date: /home/mdxfsai/FS_autonomous/ros/ros2_ws/install/cmrosutils/include/cmrosutils/cmrosutils/msg
[9.236s] -- Installing: /home/mdxfsai/FS_autonomous/ros/ros2_ws/install/cmrosutils/include/cmrosutils/cmrosutils/msg/rosidl_typesupport_fastrtps_c__visibility_control.h
[9.236s] -- Installing: /home/mdxfsai/FS_autonomous/ros/ros2_ws/install/cmrosutils/lib/libcmrosutils__rosidl_typesupport_fastrtps_c.so
[9.236s] -- Set runtime path of "/home/mdxfsai/FS_autonomous/ros/ros2_ws/install/cmrosutils/lib/libcmrosutils__rosidl_typesupport_fastrtps_c.so" to ""
[9.237s] -- Up-to-date: /home/mdxfsai/FS_autonomous/ros/ros2_ws/install/cmrosutils/include/cmrosutils/cmrosutils
[9.237s] -- Up-to-date: /home/mdxfsai/FS_autonomous/ros/ros2_ws/install/cmrosutils/include/cmrosutils/cmrosutils/srv
[9.237s] -- Installing: /home/mdxfsai/FS_autonomous/ros/ros2_ws/install/cmrosutils/include/cmrosutils/cmrosutils/srv/cm_remote_control.hpp
[9.237s] -- Up-to-date: /home/mdxfsai/FS_autonomous/ros/ros2_ws/install/cmrosutils/include/cmrosutils/cmrosutils/srv/detail
[9.237s] -- Installing: /home/mdxfsai/FS_autonomous/ros/ros2_ws/install/cmrosutils/include/cmrosutils/cmrosutils/srv/detail/cm_remote_control__traits.hpp
[9.237s] -- Installing: /home/mdxfsai/FS_autonomous/ros/ros2_ws/install/cmrosutils/include/cmrosutils/cmrosutils/srv/detail/cm_remote_control__struct.hpp
[9.238s] -- Installing: /home/mdxfsai/FS_autonomous/ros/ros2_ws/install/cmrosutils/include/cmrosutils/cmrosutils/srv/detail/cm_remote_control__type_support.hpp
[9.238s] -- Installing: /home/mdxfsai/FS_autonomous/ros/ros2_ws/install/cmrosutils/include/cmrosutils/cmrosutils/srv/detail/cm_remote_control__builder.hpp
[9.238s] -- Up-to-date: /home/mdxfsai/FS_autonomous/ros/ros2_ws/install/cmrosutils/include/cmrosutils/cmrosutils/msg
[9.238s] -- Installing: /home/mdxfsai/FS_autonomous/ros/ros2_ws/install/cmrosutils/include/cmrosutils/cmrosutils/msg/rosidl_generator_cpp__visibility_control.hpp
[9.238s] -- Up-to-date: /home/mdxfsai/FS_autonomous/ros/ros2_ws/install/cmrosutils/include/cmrosutils/cmrosutils
[9.238s] -- Up-to-date: /home/mdxfsai/FS_autonomous/ros/ros2_ws/install/cmrosutils/include/cmrosutils/cmrosutils/srv
[9.238s] -- Up-to-date: /home/mdxfsai/FS_autonomous/ros/ros2_ws/install/cmrosutils/include/cmrosutils/cmrosutils/srv/detail
[9.238s] -- Installing: /home/mdxfsai/FS_autonomous/ros/ros2_ws/install/cmrosutils/include/cmrosutils/cmrosutils/srv/detail/dds_fastrtps
[9.238s] -- Installing: /home/mdxfsai/FS_autonomous/ros/ros2_ws/install/cmrosutils/include/cmrosutils/cmrosutils/srv/detail/cm_remote_control__rosidl_typesupport_fastrtps_cpp.hpp
[9.238s] -- Up-to-date: /home/mdxfsai/FS_autonomous/ros/ros2_ws/install/cmrosutils/include/cmrosutils/cmrosutils/msg
[9.238s] -- Installing: /home/mdxfsai/FS_autonomous/ros/ros2_ws/install/cmrosutils/include/cmrosutils/cmrosutils/msg/rosidl_typesupport_fastrtps_cpp__visibility_control.h
[9.238s] -- Installing: /home/mdxfsai/FS_autonomous/ros/ros2_ws/install/cmrosutils/lib/libcmrosutils__rosidl_typesupport_fastrtps_cpp.so
[9.238s] -- Set runtime path of "/home/mdxfsai/FS_autonomous/ros/ros2_ws/install/cmrosutils/lib/libcmrosutils__rosidl_typesupport_fastrtps_cpp.so" to ""
[9.239s] -- Up-to-date: /home/mdxfsai/FS_autonomous/ros/ros2_ws/install/cmrosutils/include/cmrosutils/cmrosutils
[9.239s] -- Up-to-date: /home/mdxfsai/FS_autonomous/ros/ros2_ws/install/cmrosutils/include/cmrosutils/cmrosutils/srv
[9.239s] -- Up-to-date: /home/mdxfsai/FS_autonomous/ros/ros2_ws/install/cmrosutils/include/cmrosutils/cmrosutils/srv/detail
[9.239s] -- Installing: /home/mdxfsai/FS_autonomous/ros/ros2_ws/install/cmrosutils/include/cmrosutils/cmrosutils/srv/detail/cm_remote_control__type_support.c
[9.239s] -- Installing: /home/mdxfsai/FS_autonomous/ros/ros2_ws/install/cmrosutils/include/cmrosutils/cmrosutils/srv/detail/cm_remote_control__rosidl_typesupport_introspection_c.h
[9.239s] -- Up-to-date: /home/mdxfsai/FS_autonomous/ros/ros2_ws/install/cmrosutils/include/cmrosutils/cmrosutils/msg
[9.239s] -- Installing: /home/mdxfsai/FS_autonomous/ros/ros2_ws/install/cmrosutils/include/cmrosutils/cmrosutils/msg/rosidl_typesupport_introspection_c__visibility_control.h
[9.239s] -- Installing: /home/mdxfsai/FS_autonomous/ros/ros2_ws/install/cmrosutils/lib/libcmrosutils__rosidl_typesupport_introspection_c.so
[9.239s] -- Set runtime path of "/home/mdxfsai/FS_autonomous/ros/ros2_ws/install/cmrosutils/lib/libcmrosutils__rosidl_typesupport_introspection_c.so" to ""
[9.239s] -- Installing: /home/mdxfsai/FS_autonomous/ros/ros2_ws/install/cmrosutils/lib/libcmrosutils__rosidl_typesupport_c.so
[9.239s] -- Set runtime path of "/home/mdxfsai/FS_autonomous/ros/ros2_ws/install/cmrosutils/lib/libcmrosutils__rosidl_typesupport_c.so" to ""
[9.239s] -- Up-to-date: /home/mdxfsai/FS_autonomous/ros/ros2_ws/install/cmrosutils/include/cmrosutils/cmrosutils
[9.239s] -- Up-to-date: /home/mdxfsai/FS_autonomous/ros/ros2_ws/install/cmrosutils/include/cmrosutils/cmrosutils/srv
[9.239s] -- Up-to-date: /home/mdxfsai/FS_autonomous/ros/ros2_ws/install/cmrosutils/include/cmrosutils/cmrosutils/srv/detail
[9.239s] -- Installing: /home/mdxfsai/FS_autonomous/ros/ros2_ws/install/cmrosutils/include/cmrosutils/cmrosutils/srv/detail/cm_remote_control__rosidl_typesupport_introspection_cpp.hpp
[9.239s] -- Installing: /home/mdxfsai/FS_autonomous/ros/ros2_ws/install/cmrosutils/include/cmrosutils/cmrosutils/srv/detail/cm_remote_control__type_support.cpp
[9.239s] -- Installing: /home/mdxfsai/FS_autonomous/ros/ros2_ws/install/cmrosutils/lib/libcmrosutils__rosidl_typesupport_introspection_cpp.so
[9.239s] -- Set runtime path of "/home/mdxfsai/FS_autonomous/ros/ros2_ws/install/cmrosutils/lib/libcmrosutils__rosidl_typesupport_introspection_cpp.so" to ""
[9.240s] -- Installing: /home/mdxfsai/FS_autonomous/ros/ros2_ws/install/cmrosutils/lib/libcmrosutils__rosidl_typesupport_cpp.so
[9.240s] -- Set runtime path of "/home/mdxfsai/FS_autonomous/ros/ros2_ws/install/cmrosutils/lib/libcmrosutils__rosidl_typesupport_cpp.so" to ""
[9.240s] -- Installing: /home/mdxfsai/FS_autonomous/ros/ros2_ws/install/cmrosutils/share/cmrosutils/environment/pythonpath.sh
[9.240s] -- Installing: /home/mdxfsai/FS_autonomous/ros/ros2_ws/install/cmrosutils/share/cmrosutils/environment/pythonpath.dsv
[9.240s] -- Installing: /home/mdxfsai/FS_autonomous/ros/ros2_ws/install/cmrosutils/local/lib/python3.10/dist-packages/cmrosutils-0.1.0-py3.10.egg-info
[9.240s] -- Installing: /home/mdxfsai/FS_autonomous/ros/ros2_ws/install/cmrosutils/local/lib/python3.10/dist-packages/cmrosutils-0.1.0-py3.10.egg-info/PKG-INFO
[9.240s] -- Installing: /home/mdxfsai/FS_autonomous/ros/ros2_ws/install/cmrosutils/local/lib/python3.10/dist-packages/cmrosutils-0.1.0-py3.10.egg-info/SOURCES.txt
[9.240s] -- Installing: /home/mdxfsai/FS_autonomous/ros/ros2_ws/install/cmrosutils/local/lib/python3.10/dist-packages/cmrosutils-0.1.0-py3.10.egg-info/dependency_links.txt
[9.240s] -- Installing: /home/mdxfsai/FS_autonomous/ros/ros2_ws/install/cmrosutils/local/lib/python3.10/dist-packages/cmrosutils-0.1.0-py3.10.egg-info/top_level.txt
[9.241s] -- Installing: /home/mdxfsai/FS_autonomous/ros/ros2_ws/install/cmrosutils/local/lib/python3.10/dist-packages/cmrosutils
[9.241s] -- Installing: /home/mdxfsai/FS_autonomous/ros/ros2_ws/install/cmrosutils/local/lib/python3.10/dist-packages/cmrosutils/_cmrosutils_s.ep.rosidl_typesupport_c.c
[9.241s] -- Installing: /home/mdxfsai/FS_autonomous/ros/ros2_ws/install/cmrosutils/local/lib/python3.10/dist-packages/cmrosutils/srv
[9.241s] -- Installing: /home/mdxfsai/FS_autonomous/ros/ros2_ws/install/cmrosutils/local/lib/python3.10/dist-packages/cmrosutils/srv/_cm_remote_control.py
[9.241s] -- Installing: /home/mdxfsai/FS_autonomous/ros/ros2_ws/install/cmrosutils/local/lib/python3.10/dist-packages/cmrosutils/srv/_cm_remote_control_s.c
[9.241s] -- Installing: /home/mdxfsai/FS_autonomous/ros/ros2_ws/install/cmrosutils/local/lib/python3.10/dist-packages/cmrosutils/srv/__init__.py
[9.241s] -- Installing: /home/mdxfsai/FS_autonomous/ros/ros2_ws/install/cmrosutils/local/lib/python3.10/dist-packages/cmrosutils/cmrosutils_s__rosidl_typesupport_c.cpython-310-x86_64-linux-gnu.so
[9.241s] -- Installing: /home/mdxfsai/FS_autonomous/ros/ros2_ws/install/cmrosutils/local/lib/python3.10/dist-packages/cmrosutils/__init__.py
[9.241s] -- Installing: /home/mdxfsai/FS_autonomous/ros/ros2_ws/install/cmrosutils/local/lib/python3.10/dist-packages/cmrosutils/libcmrosutils__rosidl_generator_py.so
[9.242s] -- Installing: /home/mdxfsai/FS_autonomous/ros/ros2_ws/install/cmrosutils/local/lib/python3.10/dist-packages/cmrosutils/cmrosutils_s__rosidl_typesupport_fastrtps_c.cpython-310-x86_64-linux-gnu.so
[9.242s] -- Installing: /home/mdxfsai/FS_autonomous/ros/ros2_ws/install/cmrosutils/local/lib/python3.10/dist-packages/cmrosutils/_cmrosutils_s.ep.rosidl_typesupport_fastrtps_c.c
[9.242s] -- Installing: /home/mdxfsai/FS_autonomous/ros/ros2_ws/install/cmrosutils/local/lib/python3.10/dist-packages/cmrosutils/_cmrosutils_s.ep.rosidl_typesupport_introspection_c.c
[9.242s] -- Installing: /home/mdxfsai/FS_autonomous/ros/ros2_ws/install/cmrosutils/local/lib/python3.10/dist-packages/cmrosutils/cmrosutils_s__rosidl_typesupport_introspection_c.cpython-310-x86_64-linux-gnu.so
[9.279s] Listing '/home/mdxfsai/FS_autonomous/ros/ros2_ws/install/cmrosutils/local/lib/python3.10/dist-packages/cmrosutils'...
[9.279s] Compiling '/home/mdxfsai/FS_autonomous/ros/ros2_ws/install/cmrosutils/local/lib/python3.10/dist-packages/cmrosutils/__init__.py'...
[9.279s] Listing '/home/mdxfsai/FS_autonomous/ros/ros2_ws/install/cmrosutils/local/lib/python3.10/dist-packages/cmrosutils/srv'...
[9.279s] Compiling '/home/mdxfsai/FS_autonomous/ros/ros2_ws/install/cmrosutils/local/lib/python3.10/dist-packages/cmrosutils/srv/__init__.py'...
[9.280s] Compiling '/home/mdxfsai/FS_autonomous/ros/ros2_ws/install/cmrosutils/local/lib/python3.10/dist-packages/cmrosutils/srv/_cm_remote_control.py'...
[9.285s] -- Installing: /home/mdxfsai/FS_autonomous/ros/ros2_ws/install/cmrosutils/local/lib/python3.10/dist-packages/cmrosutils/cmrosutils_s__rosidl_typesupport_fastrtps_c.cpython-310-x86_64-linux-gnu.so
[9.285s] -- Set runtime path of "/home/mdxfsai/FS_autonomous/ros/ros2_ws/install/cmrosutils/local/lib/python3.10/dist-packages/cmrosutils/cmrosutils_s__rosidl_typesupport_fastrtps_c.cpython-310-x86_64-linux-gnu.so" to ""
[9.285s] -- Installing: /home/mdxfsai/FS_autonomous/ros/ros2_ws/install/cmrosutils/local/lib/python3.10/dist-packages/cmrosutils/cmrosutils_s__rosidl_typesupport_introspection_c.cpython-310-x86_64-linux-gnu.so
[9.285s] -- Set runtime path of "/home/mdxfsai/FS_autonomous/ros/ros2_ws/install/cmrosutils/local/lib/python3.10/dist-packages/cmrosutils/cmrosutils_s__rosidl_typesupport_introspection_c.cpython-310-x86_64-linux-gnu.so" to ""
[9.285s] -- Installing: /home/mdxfsai/FS_autonomous/ros/ros2_ws/install/cmrosutils/local/lib/python3.10/dist-packages/cmrosutils/cmrosutils_s__rosidl_typesupport_c.cpython-310-x86_64-linux-gnu.so
[9.285s] -- Set runtime path of "/home/mdxfsai/FS_autonomous/ros/ros2_ws/install/cmrosutils/local/lib/python3.10/dist-packages/cmrosutils/cmrosutils_s__rosidl_typesupport_c.cpython-310-x86_64-linux-gnu.so" to ""
[9.286s] -- Installing: /home/mdxfsai/FS_autonomous/ros/ros2_ws/install/cmrosutils/lib/libcmrosutils__rosidl_generator_py.so
[9.286s] -- Set runtime path of "/home/mdxfsai/FS_autonomous/ros/ros2_ws/install/cmrosutils/lib/libcmrosutils__rosidl_generator_py.so" to ""
[9.286s] -- Installing: /home/mdxfsai/FS_autonomous/ros/ros2_ws/install/cmrosutils/share/cmrosutils/srv/CMRemoteControl.idl
[9.286s] -- Installing: /home/mdxfsai/FS_autonomous/ros/ros2_ws/install/cmrosutils/share/cmrosutils/srv/CMRemoteControl.srv
[9.286s] -- Installing: /home/mdxfsai/FS_autonomous/ros/ros2_ws/install/cmrosutils/share/cmrosutils/srv/CMRemoteControl_Request.msg
[9.286s] -- Installing: /home/mdxfsai/FS_autonomous/ros/ros2_ws/install/cmrosutils/share/cmrosutils/srv/CMRemoteControl_Response.msg
[9.286s] -- Up-to-date: /home/mdxfsai/FS_autonomous/ros/ros2_ws/install/cmrosutils/include
[9.286s] -- Up-to-date: /home/mdxfsai/FS_autonomous/ros/ros2_ws/install/cmrosutils/include/cmrosutils
[9.286s] -- Installing: /home/mdxfsai/FS_autonomous/ros/ros2_ws/install/cmrosutils/include/cmrosutils/CMJob.h
[9.286s] -- Installing: /home/mdxfsai/FS_autonomous/ros/ros2_ws/install/cmrosutils/include/cmrosutils/cmjob_subscriber.hpp
[9.286s] -- Installing: /home/mdxfsai/FS_autonomous/ros/ros2_ws/install/cmrosutils/include/cmrosutils/cmcppif.h
[9.286s] -- Installing: /home/mdxfsai/FS_autonomous/ros/ros2_ws/install/cmrosutils/include/cmrosutils/cmjob_publisher.hpp
[9.287s] -- Installing: /home/mdxfsai/FS_autonomous/ros/ros2_ws/install/cmrosutils/include/cmrosutils/cmrosif.hpp
[9.287s] -- Installing: /home/mdxfsai/FS_autonomous/ros/ros2_ws/install/cmrosutils/lib/libcmrosif.so
[9.289s] -- Set runtime path of "/home/mdxfsai/FS_autonomous/ros/ros2_ws/install/cmrosutils/lib/libcmrosif.so" to ""
[9.289s] -- Installing: /home/mdxfsai/FS_autonomous/ros/ros2_ws/install/cmrosutils/share/ament_index/resource_index/package_run_dependencies/cmrosutils
[9.289s] -- Installing: /home/mdxfsai/FS_autonomous/ros/ros2_ws/install/cmrosutils/share/ament_index/resource_index/parent_prefix_path/cmrosutils
[9.289s] -- Installing: /home/mdxfsai/FS_autonomous/ros/ros2_ws/install/cmrosutils/share/cmrosutils/environment/ament_prefix_path.sh
[9.289s] -- Installing: /home/mdxfsai/FS_autonomous/ros/ros2_ws/install/cmrosutils/share/cmrosutils/environment/ament_prefix_path.dsv
[9.290s] -- Installing: /home/mdxfsai/FS_autonomous/ros/ros2_ws/install/cmrosutils/share/cmrosutils/environment/path.sh
[9.290s] -- Installing: /home/mdxfsai/FS_autonomous/ros/ros2_ws/install/cmrosutils/share/cmrosutils/environment/path.dsv
[9.290s] -- Installing: /home/mdxfsai/FS_autonomous/ros/ros2_ws/install/cmrosutils/share/cmrosutils/local_setup.bash
[9.290s] -- Installing: /home/mdxfsai/FS_autonomous/ros/ros2_ws/install/cmrosutils/share/cmrosutils/local_setup.sh
[9.290s] -- Installing: /home/mdxfsai/FS_autonomous/ros/ros2_ws/install/cmrosutils/share/cmrosutils/local_setup.zsh
[9.290s] -- Installing: /home/mdxfsai/FS_autonomous/ros/ros2_ws/install/cmrosutils/share/cmrosutils/local_setup.dsv
[9.290s] -- Installing: /home/mdxfsai/FS_autonomous/ros/ros2_ws/install/cmrosutils/share/cmrosutils/package.dsv
[9.290s] -- Installing: /home/mdxfsai/FS_autonomous/ros/ros2_ws/install/cmrosutils/share/ament_index/resource_index/packages/cmrosutils
[9.290s] -- Installing: /home/mdxfsai/FS_autonomous/ros/ros2_ws/install/cmrosutils/share/cmrosutils/cmake/export_cmrosutils__rosidl_generator_cExport.cmake
[9.290s] -- Installing: /home/mdxfsai/FS_autonomous/ros/ros2_ws/install/cmrosutils/share/cmrosutils/cmake/export_cmrosutils__rosidl_generator_cExport-noconfig.cmake
[9.290s] -- Installing: /home/mdxfsai/FS_autonomous/ros/ros2_ws/install/cmrosutils/share/cmrosutils/cmake/export_cmrosutils__rosidl_typesupport_fastrtps_cExport.cmake
[9.290s] -- Installing: /home/mdxfsai/FS_autonomous/ros/ros2_ws/install/cmrosutils/share/cmrosutils/cmake/export_cmrosutils__rosidl_typesupport_fastrtps_cExport-noconfig.cmake
[9.290s] -- Installing: /home/mdxfsai/FS_autonomous/ros/ros2_ws/install/cmrosutils/share/cmrosutils/cmake/export_cmrosutils__rosidl_generator_cppExport.cmake
[9.290s] -- Installing: /home/mdxfsai/FS_autonomous/ros/ros2_ws/install/cmrosutils/share/cmrosutils/cmake/export_cmrosutils__rosidl_typesupport_fastrtps_cppExport.cmake
[9.291s] -- Installing: /home/mdxfsai/FS_autonomous/ros/ros2_ws/install/cmrosutils/share/cmrosutils/cmake/export_cmrosutils__rosidl_typesupport_fastrtps_cppExport-noconfig.cmake
[9.291s] -- Installing: /home/mdxfsai/FS_autonomous/ros/ros2_ws/install/cmrosutils/share/cmrosutils/cmake/cmrosutils__rosidl_typesupport_introspection_cExport.cmake
[9.291s] -- Installing: /home/mdxfsai/FS_autonomous/ros/ros2_ws/install/cmrosutils/share/cmrosutils/cmake/cmrosutils__rosidl_typesupport_introspection_cExport-noconfig.cmake
[9.291s] -- Installing: /home/mdxfsai/FS_autonomous/ros/ros2_ws/install/cmrosutils/share/cmrosutils/cmake/cmrosutils__rosidl_typesupport_cExport.cmake
[9.291s] -- Installing: /home/mdxfsai/FS_autonomous/ros/ros2_ws/install/cmrosutils/share/cmrosutils/cmake/cmrosutils__rosidl_typesupport_cExport-noconfig.cmake
[9.291s] -- Installing: /home/mdxfsai/FS_autonomous/ros/ros2_ws/install/cmrosutils/share/cmrosutils/cmake/cmrosutils__rosidl_typesupport_introspection_cppExport.cmake
[9.291s] -- Installing: /home/mdxfsai/FS_autonomous/ros/ros2_ws/install/cmrosutils/share/cmrosutils/cmake/cmrosutils__rosidl_typesupport_introspection_cppExport-noconfig.cmake
[9.291s] -- Installing: /home/mdxfsai/FS_autonomous/ros/ros2_ws/install/cmrosutils/share/cmrosutils/cmake/cmrosutils__rosidl_typesupport_cppExport.cmake
[9.291s] -- Installing: /home/mdxfsai/FS_autonomous/ros/ros2_ws/install/cmrosutils/share/cmrosutils/cmake/cmrosutils__rosidl_typesupport_cppExport-noconfig.cmake
[9.291s] -- Installing: /home/mdxfsai/FS_autonomous/ros/ros2_ws/install/cmrosutils/share/cmrosutils/cmake/export_cmrosutils__rosidl_generator_pyExport.cmake
[9.291s] -- Installing: /home/mdxfsai/FS_autonomous/ros/ros2_ws/install/cmrosutils/share/cmrosutils/cmake/export_cmrosutils__rosidl_generator_pyExport-noconfig.cmake
[9.291s] -- Installing: /home/mdxfsai/FS_autonomous/ros/ros2_ws/install/cmrosutils/share/cmrosutils/cmake/cmrosifTargetsExport.cmake
[9.291s] -- Installing: /home/mdxfsai/FS_autonomous/ros/ros2_ws/install/cmrosutils/share/cmrosutils/cmake/cmrosifTargetsExport-noconfig.cmake
[9.292s] -- Installing: /home/mdxfsai/FS_autonomous/ros/ros2_ws/install/cmrosutils/share/cmrosutils/cmake/rosidl_cmake-extras.cmake
[9.292s] -- Installing: /home/mdxfsai/FS_autonomous/ros/ros2_ws/install/cmrosutils/share/cmrosutils/cmake/ament_cmake_export_dependencies-extras.cmake
[9.292s] -- Installing: /home/mdxfsai/FS_autonomous/ros/ros2_ws/install/cmrosutils/share/cmrosutils/cmake/ament_cmake_export_include_directories-extras.cmake
[9.292s] -- Installing: /home/mdxfsai/FS_autonomous/ros/ros2_ws/install/cmrosutils/share/cmrosutils/cmake/ament_cmake_export_libraries-extras.cmake
[9.292s] -- Installing: /home/mdxfsai/FS_autonomous/ros/ros2_ws/install/cmrosutils/share/cmrosutils/cmake/ament_cmake_export_targets-extras.cmake
[9.292s] -- Installing: /home/mdxfsai/FS_autonomous/ros/ros2_ws/install/cmrosutils/share/cmrosutils/cmake/rosidl_cmake_export_typesupport_targets-extras.cmake
[9.292s] -- Installing: /home/mdxfsai/FS_autonomous/ros/ros2_ws/install/cmrosutils/share/cmrosutils/cmake/rosidl_cmake_export_typesupport_libraries-extras.cmake
[9.293s] -- Installing: /home/mdxfsai/FS_autonomous/ros/ros2_ws/install/cmrosutils/share/cmrosutils/cmake/cmrosutilsConfig.cmake
[9.293s] -- Installing: /home/mdxfsai/FS_autonomous/ros/ros2_ws/install/cmrosutils/share/cmrosutils/cmake/cmrosutilsConfig-version.cmake
[9.293s] -- Installing: /home/mdxfsai/FS_autonomous/ros/ros2_ws/install/cmrosutils/share/cmrosutils/package.xml
[9.295s] Invoked command in '/home/mdxfsai/FS_autonomous/ros/ros2_ws/build/cmrosutils' returned '0': CMAKE_PREFIX_PATH=/opt/ros/humble /usr/bin/cmake --install /home/mdxfsai/FS_autonomous/ros/ros2_ws/build/cmrosutils
