[  2%] Generating type hashes for ROS interfaces
[  2%] Built target ament_cmake_python_copy_camera_msgs
running egg_info
writing camera_msgs.egg-info/PKG-INFO
writing dependency_links to camera_msgs.egg-info/dependency_links.txt
writing top-level names to camera_msgs.egg-info/top_level.txt
reading manifest file 'camera_msgs.egg-info/SOURCES.txt'
writing manifest file 'camera_msgs.egg-info/SOURCES.txt'
[  2%] Built target ament_cmake_python_build_camera_msgs_egg
[  2%] Built target camera_msgs__rosidl_generator_type_description
[  4%] Generating C code for ROS interfaces
[  6%] Generating C++ code for ROS interfaces
[  9%] Building C object CMakeFiles/camera_msgs__rosidl_generator_c.dir/rosidl_generator_c/camera_msgs/msg/detail/camera_detection__description.c.o
[ 11%] Building C object CMakeFiles/camera_msgs__rosidl_generator_c.dir/rosidl_generator_c/camera_msgs/msg/detail/camera_detection__type_support.c.o
[ 13%] Building C object CMakeFiles/camera_msgs__rosidl_generator_c.dir/rosidl_generator_c/camera_msgs/msg/detail/camera_detection_array__description.c.o
[ 15%] Building C object CMakeFiles/camera_msgs__rosidl_generator_c.dir/rosidl_generator_c/camera_msgs/msg/detail/camera_detection_array__type_support.c.o
[ 18%] Building C object CMakeFiles/camera_msgs__rosidl_generator_c.dir/rosidl_generator_c/camera_msgs/msg/detail/camera_detection__functions.c.o
[ 20%] Building C object CMakeFiles/camera_msgs__rosidl_generator_c.dir/rosidl_generator_c/camera_msgs/msg/detail/camera_detection_array__functions.c.o
[ 20%] Built target camera_msgs__cpp
[ 22%] Linking C shared library libcamera_msgs__rosidl_generator_c.so
[ 22%] Built target camera_msgs__rosidl_generator_c
[ 27%] Generating C type support dispatch for ROS interfaces
[ 27%] Generating C type support for eProsima Fast-RTPS
[ 29%] Generating C++ type support dispatch for ROS interfaces
[ 31%] Generating C introspection for ROS interfaces
[ 34%] Generating C++ introspection for ROS interfaces
[ 36%] Generating C++ type support for eProsima Fast-RTPS
[ 38%] Building CXX object CMakeFiles/camera_msgs__rosidl_typesupport_c.dir/rosidl_typesupport_c/camera_msgs/msg/camera_detection_array__type_support.cpp.o
[ 40%] Building CXX object CMakeFiles/camera_msgs__rosidl_typesupport_c.dir/rosidl_typesupport_c/camera_msgs/msg/camera_detection__type_support.cpp.o
[ 43%] Building CXX object CMakeFiles/camera_msgs__rosidl_typesupport_cpp.dir/rosidl_typesupport_cpp/camera_msgs/msg/camera_detection__type_support.cpp.o
[ 45%] Building CXX object CMakeFiles/camera_msgs__rosidl_typesupport_cpp.dir/rosidl_typesupport_cpp/camera_msgs/msg/camera_detection_array__type_support.cpp.o
[ 47%] Building CXX object CMakeFiles/camera_msgs__rosidl_typesupport_introspection_cpp.dir/rosidl_typesupport_introspection_cpp/camera_msgs/msg/detail/camera_detection_array__type_support.cpp.o
[ 50%] Building CXX object CMakeFiles/camera_msgs__rosidl_typesupport_introspection_cpp.dir/rosidl_typesupport_introspection_cpp/camera_msgs/msg/detail/camera_detection__type_support.cpp.o
[ 52%] Linking CXX shared library libcamera_msgs__rosidl_typesupport_c.so
[ 54%] Building CXX object CMakeFiles/camera_msgs__rosidl_typesupport_fastrtps_c.dir/rosidl_typesupport_fastrtps_c/camera_msgs/msg/detail/camera_detection__type_support_c.cpp.o
[ 59%] Building CXX object CMakeFiles/camera_msgs__rosidl_typesupport_fastrtps_cpp.dir/rosidl_typesupport_fastrtps_cpp/camera_msgs/msg/detail/dds_fastrtps/camera_detection_array__type_support.cpp.o
[ 61%] Building CXX object CMakeFiles/camera_msgs__rosidl_typesupport_fastrtps_c.dir/rosidl_typesupport_fastrtps_c/camera_msgs/msg/detail/camera_detection_array__type_support_c.cpp.o
[ 59%] Building CXX object CMakeFiles/camera_msgs__rosidl_typesupport_fastrtps_cpp.dir/rosidl_typesupport_fastrtps_cpp/camera_msgs/msg/detail/dds_fastrtps/camera_detection__type_support.cpp.o
[ 63%] Building C object CMakeFiles/camera_msgs__rosidl_typesupport_introspection_c.dir/rosidl_typesupport_introspection_c/camera_msgs/msg/detail/camera_detection__type_support.c.o
[ 65%] Building C object CMakeFiles/camera_msgs__rosidl_typesupport_introspection_c.dir/rosidl_typesupport_introspection_c/camera_msgs/msg/detail/camera_detection_array__type_support.c.o
[ 65%] Built target camera_msgs__rosidl_typesupport_c
[ 68%] Linking C shared library libcamera_msgs__rosidl_typesupport_introspection_c.so
[ 68%] Built target camera_msgs__rosidl_typesupport_introspection_c
[ 70%] Linking CXX shared library libcamera_msgs__rosidl_typesupport_cpp.so
[ 70%] Built target camera_msgs__rosidl_typesupport_cpp
[ 72%] Linking CXX shared library libcamera_msgs__rosidl_typesupport_introspection_cpp.so
[ 75%] Linking CXX shared library libcamera_msgs__rosidl_typesupport_fastrtps_c.so
[ 75%] Built target camera_msgs__rosidl_typesupport_introspection_cpp
[ 75%] Built target camera_msgs__rosidl_typesupport_fastrtps_c
[ 77%] Linking CXX shared library libcamera_msgs__rosidl_typesupport_fastrtps_cpp.so
[ 77%] Built target camera_msgs__rosidl_typesupport_fastrtps_cpp
[ 77%] Built target camera_msgs
[ 79%] Generating Python code for ROS interfaces
[ 79%] Built target camera_msgs__py
[ 81%] Building C object CMakeFiles/camera_msgs__rosidl_generator_py.dir/rosidl_generator_py/camera_msgs/msg/_camera_detection_s.c.o
[ 84%] Building C object CMakeFiles/camera_msgs__rosidl_generator_py.dir/rosidl_generator_py/camera_msgs/msg/_camera_detection_array_s.c.o
[ 86%] Linking C shared library libcamera_msgs__rosidl_generator_py.so
[ 86%] Built target camera_msgs__rosidl_generator_py
[ 88%] Building C object CMakeFiles/camera_msgs_s__rosidl_typesupport_fastrtps_c.dir/rosidl_generator_py/camera_msgs/_camera_msgs_s.ep.rosidl_typesupport_fastrtps_c.c.o
[ 90%] Building C object CMakeFiles/camera_msgs_s__rosidl_typesupport_c.dir/rosidl_generator_py/camera_msgs/_camera_msgs_s.ep.rosidl_typesupport_c.c.o
[ 93%] Building C object CMakeFiles/camera_msgs_s__rosidl_typesupport_introspection_c.dir/rosidl_generator_py/camera_msgs/_camera_msgs_s.ep.rosidl_typesupport_introspection_c.c.o
[ 95%] Linking C shared module rosidl_generator_py/camera_msgs/camera_msgs_s__rosidl_typesupport_fastrtps_c.so
[ 97%] Linking C shared module rosidl_generator_py/camera_msgs/camera_msgs_s__rosidl_typesupport_c.so
[100%] Linking C shared module rosidl_generator_py/camera_msgs/camera_msgs_s__rosidl_typesupport_introspection_c.so
[100%] Built target camera_msgs_s__rosidl_typesupport_fastrtps_c
[100%] Built target camera_msgs_s__rosidl_typesupport_c
[100%] Built target camera_msgs_s__rosidl_typesupport_introspection_c
-- Install configuration: ""
-- Up-to-date: /home/bashesam33/FS-AI/ros2_ws/install/camera_msgs/share/ament_index/resource_index/rosidl_interfaces/camera_msgs
-- Installing: /home/bashesam33/FS-AI/ros2_ws/install/camera_msgs/share/camera_msgs/msg/CameraDetection.json
-- Installing: /home/bashesam33/FS-AI/ros2_ws/install/camera_msgs/share/camera_msgs/msg/CameraDetectionArray.json
-- Up-to-date: /home/bashesam33/FS-AI/ros2_ws/install/camera_msgs/include/camera_msgs/camera_msgs
-- Up-to-date: /home/bashesam33/FS-AI/ros2_ws/install/camera_msgs/include/camera_msgs/camera_msgs/msg
-- Installing: /home/bashesam33/FS-AI/ros2_ws/install/camera_msgs/include/camera_msgs/camera_msgs/msg/camera_detection_array.h
-- Up-to-date: /home/bashesam33/FS-AI/ros2_ws/install/camera_msgs/include/camera_msgs/camera_msgs/msg/detail
-- Installing: /home/bashesam33/FS-AI/ros2_ws/install/camera_msgs/include/camera_msgs/camera_msgs/msg/detail/camera_detection__type_support.c
-- Installing: /home/bashesam33/FS-AI/ros2_ws/install/camera_msgs/include/camera_msgs/camera_msgs/msg/detail/camera_detection_array__functions.c
-- Installing: /home/bashesam33/FS-AI/ros2_ws/install/camera_msgs/include/camera_msgs/camera_msgs/msg/detail/camera_detection_array__description.c
-- Installing: /home/bashesam33/FS-AI/ros2_ws/install/camera_msgs/include/camera_msgs/camera_msgs/msg/detail/camera_detection__functions.h
-- Installing: /home/bashesam33/FS-AI/ros2_ws/install/camera_msgs/include/camera_msgs/camera_msgs/msg/detail/camera_detection_array__type_support.h
-- Installing: /home/bashesam33/FS-AI/ros2_ws/install/camera_msgs/include/camera_msgs/camera_msgs/msg/detail/camera_detection__description.c
-- Installing: /home/bashesam33/FS-AI/ros2_ws/install/camera_msgs/include/camera_msgs/camera_msgs/msg/detail/camera_detection_array__functions.h
-- Installing: /home/bashesam33/FS-AI/ros2_ws/install/camera_msgs/include/camera_msgs/camera_msgs/msg/detail/camera_detection__struct.h
-- Installing: /home/bashesam33/FS-AI/ros2_ws/install/camera_msgs/include/camera_msgs/camera_msgs/msg/detail/camera_detection__type_support.h
-- Installing: /home/bashesam33/FS-AI/ros2_ws/install/camera_msgs/include/camera_msgs/camera_msgs/msg/detail/camera_detection_array__type_support.c
-- Installing: /home/bashesam33/FS-AI/ros2_ws/install/camera_msgs/include/camera_msgs/camera_msgs/msg/detail/camera_detection_array__struct.h
-- Installing: /home/bashesam33/FS-AI/ros2_ws/install/camera_msgs/include/camera_msgs/camera_msgs/msg/detail/camera_detection__functions.c
-- Up-to-date: /home/bashesam33/FS-AI/ros2_ws/install/camera_msgs/include/camera_msgs/camera_msgs/msg/rosidl_generator_c__visibility_control.h
-- Installing: /home/bashesam33/FS-AI/ros2_ws/install/camera_msgs/include/camera_msgs/camera_msgs/msg/camera_detection.h
-- Installing: /home/bashesam33/FS-AI/ros2_ws/install/camera_msgs/share/camera_msgs/environment/library_path.sh
-- Up-to-date: /home/bashesam33/FS-AI/ros2_ws/install/camera_msgs/share/camera_msgs/environment/library_path.dsv
-- Installing: /home/bashesam33/FS-AI/ros2_ws/install/camera_msgs/lib/libcamera_msgs__rosidl_generator_c.so
-- Set non-toolchain portion of runtime path of "/home/bashesam33/FS-AI/ros2_ws/install/camera_msgs/lib/libcamera_msgs__rosidl_generator_c.so" to ""
-- Up-to-date: /home/bashesam33/FS-AI/ros2_ws/install/camera_msgs/include/camera_msgs/camera_msgs
-- Up-to-date: /home/bashesam33/FS-AI/ros2_ws/install/camera_msgs/include/camera_msgs/camera_msgs/msg
-- Up-to-date: /home/bashesam33/FS-AI/ros2_ws/install/camera_msgs/include/camera_msgs/camera_msgs/msg/rosidl_typesupport_fastrtps_c__visibility_control.h
-- Up-to-date: /home/bashesam33/FS-AI/ros2_ws/install/camera_msgs/include/camera_msgs/camera_msgs/msg/detail
-- Installing: /home/bashesam33/FS-AI/ros2_ws/install/camera_msgs/include/camera_msgs/camera_msgs/msg/detail/camera_detection_array__rosidl_typesupport_fastrtps_c.h
-- Installing: /home/bashesam33/FS-AI/ros2_ws/install/camera_msgs/include/camera_msgs/camera_msgs/msg/detail/camera_detection__rosidl_typesupport_fastrtps_c.h
-- Installing: /home/bashesam33/FS-AI/ros2_ws/install/camera_msgs/lib/libcamera_msgs__rosidl_typesupport_fastrtps_c.so
-- Set non-toolchain portion of runtime path of "/home/bashesam33/FS-AI/ros2_ws/install/camera_msgs/lib/libcamera_msgs__rosidl_typesupport_fastrtps_c.so" to ""
-- Up-to-date: /home/bashesam33/FS-AI/ros2_ws/install/camera_msgs/include/camera_msgs/camera_msgs
-- Up-to-date: /home/bashesam33/FS-AI/ros2_ws/install/camera_msgs/include/camera_msgs/camera_msgs/msg
-- Up-to-date: /home/bashesam33/FS-AI/ros2_ws/install/camera_msgs/include/camera_msgs/camera_msgs/msg/detail
-- Up-to-date: /home/bashesam33/FS-AI/ros2_ws/install/camera_msgs/include/camera_msgs/camera_msgs/msg/detail/camera_detection__type_support.c
-- Installing: /home/bashesam33/FS-AI/ros2_ws/install/camera_msgs/include/camera_msgs/camera_msgs/msg/detail/camera_detection_array__rosidl_typesupport_introspection_c.h
-- Up-to-date: /home/bashesam33/FS-AI/ros2_ws/install/camera_msgs/include/camera_msgs/camera_msgs/msg/detail/camera_detection_array__type_support.c
-- Installing: /home/bashesam33/FS-AI/ros2_ws/install/camera_msgs/include/camera_msgs/camera_msgs/msg/detail/camera_detection__rosidl_typesupport_introspection_c.h
-- Up-to-date: /home/bashesam33/FS-AI/ros2_ws/install/camera_msgs/include/camera_msgs/camera_msgs/msg/rosidl_typesupport_introspection_c__visibility_control.h
-- Installing: /home/bashesam33/FS-AI/ros2_ws/install/camera_msgs/lib/libcamera_msgs__rosidl_typesupport_introspection_c.so
-- Set non-toolchain portion of runtime path of "/home/bashesam33/FS-AI/ros2_ws/install/camera_msgs/lib/libcamera_msgs__rosidl_typesupport_introspection_c.so" to ""
-- Installing: /home/bashesam33/FS-AI/ros2_ws/install/camera_msgs/lib/libcamera_msgs__rosidl_typesupport_c.so
-- Set non-toolchain portion of runtime path of "/home/bashesam33/FS-AI/ros2_ws/install/camera_msgs/lib/libcamera_msgs__rosidl_typesupport_c.so" to ""
-- Up-to-date: /home/bashesam33/FS-AI/ros2_ws/install/camera_msgs/include/camera_msgs/camera_msgs
-- Up-to-date: /home/bashesam33/FS-AI/ros2_ws/install/camera_msgs/include/camera_msgs/camera_msgs/msg
-- Up-to-date: /home/bashesam33/FS-AI/ros2_ws/install/camera_msgs/include/camera_msgs/camera_msgs/msg/detail
-- Installing: /home/bashesam33/FS-AI/ros2_ws/install/camera_msgs/include/camera_msgs/camera_msgs/msg/detail/camera_detection__struct.hpp
-- Installing: /home/bashesam33/FS-AI/ros2_ws/install/camera_msgs/include/camera_msgs/camera_msgs/msg/detail/camera_detection_array__struct.hpp
-- Installing: /home/bashesam33/FS-AI/ros2_ws/install/camera_msgs/include/camera_msgs/camera_msgs/msg/detail/camera_detection_array__traits.hpp
-- Installing: /home/bashesam33/FS-AI/ros2_ws/install/camera_msgs/include/camera_msgs/camera_msgs/msg/detail/camera_detection_array__builder.hpp
-- Installing: /home/bashesam33/FS-AI/ros2_ws/install/camera_msgs/include/camera_msgs/camera_msgs/msg/detail/camera_detection__builder.hpp
-- Installing: /home/bashesam33/FS-AI/ros2_ws/install/camera_msgs/include/camera_msgs/camera_msgs/msg/detail/camera_detection__traits.hpp
-- Installing: /home/bashesam33/FS-AI/ros2_ws/install/camera_msgs/include/camera_msgs/camera_msgs/msg/detail/camera_detection__type_support.hpp
-- Installing: /home/bashesam33/FS-AI/ros2_ws/install/camera_msgs/include/camera_msgs/camera_msgs/msg/detail/camera_detection_array__type_support.hpp
-- Installing: /home/bashesam33/FS-AI/ros2_ws/install/camera_msgs/include/camera_msgs/camera_msgs/msg/rosidl_generator_cpp__visibility_control.hpp
-- Installing: /home/bashesam33/FS-AI/ros2_ws/install/camera_msgs/include/camera_msgs/camera_msgs/msg/camera_detection.hpp
-- Installing: /home/bashesam33/FS-AI/ros2_ws/install/camera_msgs/include/camera_msgs/camera_msgs/msg/camera_detection_array.hpp
-- Up-to-date: /home/bashesam33/FS-AI/ros2_ws/install/camera_msgs/include/camera_msgs/camera_msgs
-- Up-to-date: /home/bashesam33/FS-AI/ros2_ws/install/camera_msgs/include/camera_msgs/camera_msgs/msg
-- Up-to-date: /home/bashesam33/FS-AI/ros2_ws/install/camera_msgs/include/camera_msgs/camera_msgs/msg/detail
-- Installing: /home/bashesam33/FS-AI/ros2_ws/install/camera_msgs/include/camera_msgs/camera_msgs/msg/detail/camera_detection__rosidl_typesupport_fastrtps_cpp.hpp
-- Installing: /home/bashesam33/FS-AI/ros2_ws/install/camera_msgs/include/camera_msgs/camera_msgs/msg/detail/camera_detection_array__rosidl_typesupport_fastrtps_cpp.hpp
-- Up-to-date: /home/bashesam33/FS-AI/ros2_ws/install/camera_msgs/include/camera_msgs/camera_msgs/msg/detail/dds_fastrtps
-- Up-to-date: /home/bashesam33/FS-AI/ros2_ws/install/camera_msgs/include/camera_msgs/camera_msgs/msg/rosidl_typesupport_fastrtps_cpp__visibility_control.h
-- Installing: /home/bashesam33/FS-AI/ros2_ws/install/camera_msgs/lib/libcamera_msgs__rosidl_typesupport_fastrtps_cpp.so
-- Set non-toolchain portion of runtime path of "/home/bashesam33/FS-AI/ros2_ws/install/camera_msgs/lib/libcamera_msgs__rosidl_typesupport_fastrtps_cpp.so" to ""
-- Up-to-date: /home/bashesam33/FS-AI/ros2_ws/install/camera_msgs/include/camera_msgs/camera_msgs
-- Up-to-date: /home/bashesam33/FS-AI/ros2_ws/install/camera_msgs/include/camera_msgs/camera_msgs/msg
-- Up-to-date: /home/bashesam33/FS-AI/ros2_ws/install/camera_msgs/include/camera_msgs/camera_msgs/msg/detail
-- Installing: /home/bashesam33/FS-AI/ros2_ws/install/camera_msgs/include/camera_msgs/camera_msgs/msg/detail/camera_detection_array__rosidl_typesupport_introspection_cpp.hpp
-- Installing: /home/bashesam33/FS-AI/ros2_ws/install/camera_msgs/include/camera_msgs/camera_msgs/msg/detail/camera_detection_array__type_support.cpp
-- Installing: /home/bashesam33/FS-AI/ros2_ws/install/camera_msgs/include/camera_msgs/camera_msgs/msg/detail/camera_detection__rosidl_typesupport_introspection_cpp.hpp
-- Installing: /home/bashesam33/FS-AI/ros2_ws/install/camera_msgs/include/camera_msgs/camera_msgs/msg/detail/camera_detection__type_support.cpp
-- Installing: /home/bashesam33/FS-AI/ros2_ws/install/camera_msgs/lib/libcamera_msgs__rosidl_typesupport_introspection_cpp.so
-- Set non-toolchain portion of runtime path of "/home/bashesam33/FS-AI/ros2_ws/install/camera_msgs/lib/libcamera_msgs__rosidl_typesupport_introspection_cpp.so" to ""
-- Installing: /home/bashesam33/FS-AI/ros2_ws/install/camera_msgs/lib/libcamera_msgs__rosidl_typesupport_cpp.so
-- Set non-toolchain portion of runtime path of "/home/bashesam33/FS-AI/ros2_ws/install/camera_msgs/lib/libcamera_msgs__rosidl_typesupport_cpp.so" to ""
-- Installing: /home/bashesam33/FS-AI/ros2_ws/install/camera_msgs/share/camera_msgs/environment/pythonpath.sh
-- Installing: /home/bashesam33/FS-AI/ros2_ws/install/camera_msgs/share/camera_msgs/environment/pythonpath.dsv
-- Installing: /home/bashesam33/FS-AI/ros2_ws/install/camera_msgs/lib/python3.12/site-packages/camera_msgs-1.0.0-py3.12.egg-info
-- Installing: /home/bashesam33/FS-AI/ros2_ws/install/camera_msgs/lib/python3.12/site-packages/camera_msgs-1.0.0-py3.12.egg-info/SOURCES.txt
-- Installing: /home/bashesam33/FS-AI/ros2_ws/install/camera_msgs/lib/python3.12/site-packages/camera_msgs-1.0.0-py3.12.egg-info/top_level.txt
-- Installing: /home/bashesam33/FS-AI/ros2_ws/install/camera_msgs/lib/python3.12/site-packages/camera_msgs-1.0.0-py3.12.egg-info/PKG-INFO
-- Installing: /home/bashesam33/FS-AI/ros2_ws/install/camera_msgs/lib/python3.12/site-packages/camera_msgs-1.0.0-py3.12.egg-info/dependency_links.txt
-- Installing: /home/bashesam33/FS-AI/ros2_ws/install/camera_msgs/lib/python3.12/site-packages/camera_msgs
-- Installing: /home/bashesam33/FS-AI/ros2_ws/install/camera_msgs/lib/python3.12/site-packages/camera_msgs/__init__.py
-- Installing: /home/bashesam33/FS-AI/ros2_ws/install/camera_msgs/lib/python3.12/site-packages/camera_msgs/libcamera_msgs__rosidl_generator_py.so
-- Installing: /home/bashesam33/FS-AI/ros2_ws/install/camera_msgs/lib/python3.12/site-packages/camera_msgs/camera_msgs_s__rosidl_typesupport_fastrtps_c.so
-- Installing: /home/bashesam33/FS-AI/ros2_ws/install/camera_msgs/lib/python3.12/site-packages/camera_msgs/_camera_msgs_s.ep.rosidl_typesupport_c.c
-- Installing: /home/bashesam33/FS-AI/ros2_ws/install/camera_msgs/lib/python3.12/site-packages/camera_msgs/msg
-- Installing: /home/bashesam33/FS-AI/ros2_ws/install/camera_msgs/lib/python3.12/site-packages/camera_msgs/msg/_camera_detection_array_s.c
-- Installing: /home/bashesam33/FS-AI/ros2_ws/install/camera_msgs/lib/python3.12/site-packages/camera_msgs/msg/__init__.py
-- Installing: /home/bashesam33/FS-AI/ros2_ws/install/camera_msgs/lib/python3.12/site-packages/camera_msgs/msg/_camera_detection_s.c
-- Installing: /home/bashesam33/FS-AI/ros2_ws/install/camera_msgs/lib/python3.12/site-packages/camera_msgs/msg/_camera_detection.py
-- Installing: /home/bashesam33/FS-AI/ros2_ws/install/camera_msgs/lib/python3.12/site-packages/camera_msgs/msg/_camera_detection_array.py
-- Installing: /home/bashesam33/FS-AI/ros2_ws/install/camera_msgs/lib/python3.12/site-packages/camera_msgs/camera_msgs_s__rosidl_typesupport_introspection_c.so
-- Installing: /home/bashesam33/FS-AI/ros2_ws/install/camera_msgs/lib/python3.12/site-packages/camera_msgs/camera_msgs_s__rosidl_typesupport_introspection_c.cpython-310-x86_64-linux-gnu.so
-- Installing: /home/bashesam33/FS-AI/ros2_ws/install/camera_msgs/lib/python3.12/site-packages/camera_msgs/_camera_msgs_s.ep.rosidl_typesupport_introspection_c.c
-- Installing: /home/bashesam33/FS-AI/ros2_ws/install/camera_msgs/lib/python3.12/site-packages/camera_msgs/_camera_msgs_s.ep.rosidl_typesupport_fastrtps_c.c
-- Installing: /home/bashesam33/FS-AI/ros2_ws/install/camera_msgs/lib/python3.12/site-packages/camera_msgs/camera_msgs_s__rosidl_typesupport_fastrtps_c.cpython-310-x86_64-linux-gnu.so
-- Installing: /home/bashesam33/FS-AI/ros2_ws/install/camera_msgs/lib/python3.12/site-packages/camera_msgs/camera_msgs_s__rosidl_typesupport_c.so
-- Installing: /home/bashesam33/FS-AI/ros2_ws/install/camera_msgs/lib/python3.12/site-packages/camera_msgs/camera_msgs_s__rosidl_typesupport_c.cpython-310-x86_64-linux-gnu.so
Listing '/home/bashesam33/FS-AI/ros2_ws/install/camera_msgs/lib/python3.12/site-packages/camera_msgs'...
Compiling '/home/bashesam33/FS-AI/ros2_ws/install/camera_msgs/lib/python3.12/site-packages/camera_msgs/__init__.py'...
Listing '/home/bashesam33/FS-AI/ros2_ws/install/camera_msgs/lib/python3.12/site-packages/camera_msgs/msg'...
Compiling '/home/bashesam33/FS-AI/ros2_ws/install/camera_msgs/lib/python3.12/site-packages/camera_msgs/msg/__init__.py'...
Compiling '/home/bashesam33/FS-AI/ros2_ws/install/camera_msgs/lib/python3.12/site-packages/camera_msgs/msg/_camera_detection.py'...
Compiling '/home/bashesam33/FS-AI/ros2_ws/install/camera_msgs/lib/python3.12/site-packages/camera_msgs/msg/_camera_detection_array.py'...
-- Installing: /home/bashesam33/FS-AI/ros2_ws/install/camera_msgs/lib/python3.12/site-packages/camera_msgs/camera_msgs_s__rosidl_typesupport_fastrtps_c.so
-- Set non-toolchain portion of runtime path of "/home/bashesam33/FS-AI/ros2_ws/install/camera_msgs/lib/python3.12/site-packages/camera_msgs/camera_msgs_s__rosidl_typesupport_fastrtps_c.so" to ""
-- Installing: /home/bashesam33/FS-AI/ros2_ws/install/camera_msgs/lib/python3.12/site-packages/camera_msgs/camera_msgs_s__rosidl_typesupport_introspection_c.so
-- Set non-toolchain portion of runtime path of "/home/bashesam33/FS-AI/ros2_ws/install/camera_msgs/lib/python3.12/site-packages/camera_msgs/camera_msgs_s__rosidl_typesupport_introspection_c.so" to ""
-- Installing: /home/bashesam33/FS-AI/ros2_ws/install/camera_msgs/lib/python3.12/site-packages/camera_msgs/camera_msgs_s__rosidl_typesupport_c.so
-- Set non-toolchain portion of runtime path of "/home/bashesam33/FS-AI/ros2_ws/install/camera_msgs/lib/python3.12/site-packages/camera_msgs/camera_msgs_s__rosidl_typesupport_c.so" to ""
-- Installing: /home/bashesam33/FS-AI/ros2_ws/install/camera_msgs/lib/libcamera_msgs__rosidl_generator_py.so
-- Set non-toolchain portion of runtime path of "/home/bashesam33/FS-AI/ros2_ws/install/camera_msgs/lib/libcamera_msgs__rosidl_generator_py.so" to ""
-- Up-to-date: /home/bashesam33/FS-AI/ros2_ws/install/camera_msgs/share/camera_msgs/msg/CameraDetection.idl
-- Up-to-date: /home/bashesam33/FS-AI/ros2_ws/install/camera_msgs/share/camera_msgs/msg/CameraDetectionArray.idl
-- Up-to-date: /home/bashesam33/FS-AI/ros2_ws/install/camera_msgs/share/camera_msgs/msg/CameraDetection.msg
-- Up-to-date: /home/bashesam33/FS-AI/ros2_ws/install/camera_msgs/share/camera_msgs/msg/CameraDetectionArray.msg
-- Up-to-date: /home/bashesam33/FS-AI/ros2_ws/install/camera_msgs/share/ament_index/resource_index/package_run_dependencies/camera_msgs
-- Installing: /home/bashesam33/FS-AI/ros2_ws/install/camera_msgs/share/ament_index/resource_index/parent_prefix_path/camera_msgs
-- Installing: /home/bashesam33/FS-AI/ros2_ws/install/camera_msgs/share/camera_msgs/environment/ament_prefix_path.sh
-- Up-to-date: /home/bashesam33/FS-AI/ros2_ws/install/camera_msgs/share/camera_msgs/environment/ament_prefix_path.dsv
-- Installing: /home/bashesam33/FS-AI/ros2_ws/install/camera_msgs/share/camera_msgs/environment/path.sh
-- Up-to-date: /home/bashesam33/FS-AI/ros2_ws/install/camera_msgs/share/camera_msgs/environment/path.dsv
-- Up-to-date: /home/bashesam33/FS-AI/ros2_ws/install/camera_msgs/share/camera_msgs/local_setup.bash
-- Installing: /home/bashesam33/FS-AI/ros2_ws/install/camera_msgs/share/camera_msgs/local_setup.sh
-- Up-to-date: /home/bashesam33/FS-AI/ros2_ws/install/camera_msgs/share/camera_msgs/local_setup.zsh
-- Up-to-date: /home/bashesam33/FS-AI/ros2_ws/install/camera_msgs/share/camera_msgs/local_setup.dsv
-- Installing: /home/bashesam33/FS-AI/ros2_ws/install/camera_msgs/share/camera_msgs/package.dsv
-- Up-to-date: /home/bashesam33/FS-AI/ros2_ws/install/camera_msgs/share/ament_index/resource_index/packages/camera_msgs
-- Old export file "/home/bashesam33/FS-AI/ros2_ws/install/camera_msgs/share/camera_msgs/cmake/export_camera_msgs__rosidl_generator_cExport.cmake" will be replaced.  Removing files [/home/bashesam33/FS-AI/ros2_ws/install/camera_msgs/share/camera_msgs/cmake/export_camera_msgs__rosidl_generator_cExport-noconfig.cmake].
-- Installing: /home/bashesam33/FS-AI/ros2_ws/install/camera_msgs/share/camera_msgs/cmake/export_camera_msgs__rosidl_generator_cExport.cmake
-- Installing: /home/bashesam33/FS-AI/ros2_ws/install/camera_msgs/share/camera_msgs/cmake/export_camera_msgs__rosidl_generator_cExport-noconfig.cmake
-- Old export file "/home/bashesam33/FS-AI/ros2_ws/install/camera_msgs/share/camera_msgs/cmake/export_camera_msgs__rosidl_typesupport_fastrtps_cExport.cmake" will be replaced.  Removing files [/home/bashesam33/FS-AI/ros2_ws/install/camera_msgs/share/camera_msgs/cmake/export_camera_msgs__rosidl_typesupport_fastrtps_cExport-noconfig.cmake].
-- Installing: /home/bashesam33/FS-AI/ros2_ws/install/camera_msgs/share/camera_msgs/cmake/export_camera_msgs__rosidl_typesupport_fastrtps_cExport.cmake
-- Installing: /home/bashesam33/FS-AI/ros2_ws/install/camera_msgs/share/camera_msgs/cmake/export_camera_msgs__rosidl_typesupport_fastrtps_cExport-noconfig.cmake
-- Old export file "/home/bashesam33/FS-AI/ros2_ws/install/camera_msgs/share/camera_msgs/cmake/camera_msgs__rosidl_typesupport_introspection_cExport.cmake" will be replaced.  Removing files [/home/bashesam33/FS-AI/ros2_ws/install/camera_msgs/share/camera_msgs/cmake/camera_msgs__rosidl_typesupport_introspection_cExport-noconfig.cmake].
-- Installing: /home/bashesam33/FS-AI/ros2_ws/install/camera_msgs/share/camera_msgs/cmake/camera_msgs__rosidl_typesupport_introspection_cExport.cmake
-- Installing: /home/bashesam33/FS-AI/ros2_ws/install/camera_msgs/share/camera_msgs/cmake/camera_msgs__rosidl_typesupport_introspection_cExport-noconfig.cmake
-- Old export file "/home/bashesam33/FS-AI/ros2_ws/install/camera_msgs/share/camera_msgs/cmake/camera_msgs__rosidl_typesupport_cExport.cmake" will be replaced.  Removing files [/home/bashesam33/FS-AI/ros2_ws/install/camera_msgs/share/camera_msgs/cmake/camera_msgs__rosidl_typesupport_cExport-noconfig.cmake].
-- Installing: /home/bashesam33/FS-AI/ros2_ws/install/camera_msgs/share/camera_msgs/cmake/camera_msgs__rosidl_typesupport_cExport.cmake
-- Installing: /home/bashesam33/FS-AI/ros2_ws/install/camera_msgs/share/camera_msgs/cmake/camera_msgs__rosidl_typesupport_cExport-noconfig.cmake
-- Installing: /home/bashesam33/FS-AI/ros2_ws/install/camera_msgs/share/camera_msgs/cmake/export_camera_msgs__rosidl_generator_cppExport.cmake
-- Old export file "/home/bashesam33/FS-AI/ros2_ws/install/camera_msgs/share/camera_msgs/cmake/export_camera_msgs__rosidl_typesupport_fastrtps_cppExport.cmake" will be replaced.  Removing files [/home/bashesam33/FS-AI/ros2_ws/install/camera_msgs/share/camera_msgs/cmake/export_camera_msgs__rosidl_typesupport_fastrtps_cppExport-noconfig.cmake].
-- Installing: /home/bashesam33/FS-AI/ros2_ws/install/camera_msgs/share/camera_msgs/cmake/export_camera_msgs__rosidl_typesupport_fastrtps_cppExport.cmake
-- Installing: /home/bashesam33/FS-AI/ros2_ws/install/camera_msgs/share/camera_msgs/cmake/export_camera_msgs__rosidl_typesupport_fastrtps_cppExport-noconfig.cmake
-- Old export file "/home/bashesam33/FS-AI/ros2_ws/install/camera_msgs/share/camera_msgs/cmake/camera_msgs__rosidl_typesupport_introspection_cppExport.cmake" will be replaced.  Removing files [/home/bashesam33/FS-AI/ros2_ws/install/camera_msgs/share/camera_msgs/cmake/camera_msgs__rosidl_typesupport_introspection_cppExport-noconfig.cmake].
-- Installing: /home/bashesam33/FS-AI/ros2_ws/install/camera_msgs/share/camera_msgs/cmake/camera_msgs__rosidl_typesupport_introspection_cppExport.cmake
-- Installing: /home/bashesam33/FS-AI/ros2_ws/install/camera_msgs/share/camera_msgs/cmake/camera_msgs__rosidl_typesupport_introspection_cppExport-noconfig.cmake
-- Old export file "/home/bashesam33/FS-AI/ros2_ws/install/camera_msgs/share/camera_msgs/cmake/camera_msgs__rosidl_typesupport_cppExport.cmake" will be replaced.  Removing files [/home/bashesam33/FS-AI/ros2_ws/install/camera_msgs/share/camera_msgs/cmake/camera_msgs__rosidl_typesupport_cppExport-noconfig.cmake].
-- Installing: /home/bashesam33/FS-AI/ros2_ws/install/camera_msgs/share/camera_msgs/cmake/camera_msgs__rosidl_typesupport_cppExport.cmake
-- Installing: /home/bashesam33/FS-AI/ros2_ws/install/camera_msgs/share/camera_msgs/cmake/camera_msgs__rosidl_typesupport_cppExport-noconfig.cmake
-- Old export file "/home/bashesam33/FS-AI/ros2_ws/install/camera_msgs/share/camera_msgs/cmake/export_camera_msgs__rosidl_generator_pyExport.cmake" will be replaced.  Removing files [/home/bashesam33/FS-AI/ros2_ws/install/camera_msgs/share/camera_msgs/cmake/export_camera_msgs__rosidl_generator_pyExport-noconfig.cmake].
-- Installing: /home/bashesam33/FS-AI/ros2_ws/install/camera_msgs/share/camera_msgs/cmake/export_camera_msgs__rosidl_generator_pyExport.cmake
-- Installing: /home/bashesam33/FS-AI/ros2_ws/install/camera_msgs/share/camera_msgs/cmake/export_camera_msgs__rosidl_generator_pyExport-noconfig.cmake
-- Up-to-date: /home/bashesam33/FS-AI/ros2_ws/install/camera_msgs/share/camera_msgs/cmake/rosidl_cmake-extras.cmake
-- Up-to-date: /home/bashesam33/FS-AI/ros2_ws/install/camera_msgs/share/camera_msgs/cmake/ament_cmake_export_dependencies-extras.cmake
-- Up-to-date: /home/bashesam33/FS-AI/ros2_ws/install/camera_msgs/share/camera_msgs/cmake/ament_cmake_export_include_directories-extras.cmake
-- Up-to-date: /home/bashesam33/FS-AI/ros2_ws/install/camera_msgs/share/camera_msgs/cmake/ament_cmake_export_libraries-extras.cmake
-- Up-to-date: /home/bashesam33/FS-AI/ros2_ws/install/camera_msgs/share/camera_msgs/cmake/ament_cmake_export_targets-extras.cmake
-- Installing: /home/bashesam33/FS-AI/ros2_ws/install/camera_msgs/share/camera_msgs/cmake/rosidl_cmake_export_typesupport_targets-extras.cmake
-- Up-to-date: /home/bashesam33/FS-AI/ros2_ws/install/camera_msgs/share/camera_msgs/cmake/rosidl_cmake_export_typesupport_libraries-extras.cmake
-- Installing: /home/bashesam33/FS-AI/ros2_ws/install/camera_msgs/share/camera_msgs/cmake/camera_msgsConfig.cmake
-- Up-to-date: /home/bashesam33/FS-AI/ros2_ws/install/camera_msgs/share/camera_msgs/cmake/camera_msgsConfig-version.cmake
-- Up-to-date: /home/bashesam33/FS-AI/ros2_ws/install/camera_msgs/share/camera_msgs/package.xml
