[0.010s] Invoking command in '/home/bashesam33/FS-AI/ros2_ws/build/camera_msgs': CMAKE_PREFIX_PATH=${CMAKE_PREFIX_PATH}:/opt/ros/jazzy DEBUGINFOD_URLS=https://debuginfod.ubuntu.com /usr/bin/cmake --build /home/bashesam33/FS-AI/ros2_ws/build/camera_msgs -- -j12 -l12
[0.062s] [  2%] Generating type hashes for ROS interfaces
[0.065s] [  2%] Built target ament_cmake_python_copy_camera_msgs
[0.219s] running egg_info
[0.231s] writing camera_msgs.egg-info/PKG-INFO
[0.231s] writing dependency_links to camera_msgs.egg-info/dependency_links.txt
[0.231s] writing top-level names to camera_msgs.egg-info/top_level.txt
[0.266s] reading manifest file 'camera_msgs.egg-info/SOURCES.txt'
[0.267s] writing manifest file 'camera_msgs.egg-info/SOURCES.txt'
[0.291s] [  2%] Built target ament_cmake_python_build_camera_msgs_egg
[0.297s] [  2%] Built target camera_msgs__rosidl_generator_type_description
[0.305s] [  4%] Generating C code for ROS interfaces
[0.312s] [  6%] Generating C++ code for ROS interfaces
[0.618s] [  9%] Building C object CMakeFiles/camera_msgs__rosidl_generator_c.dir/rosidl_generator_c/camera_msgs/msg/detail/camera_detection__description.c.o
[0.621s] [ 11%] Building C object CMakeFiles/camera_msgs__rosidl_generator_c.dir/rosidl_generator_c/camera_msgs/msg/detail/camera_detection__type_support.c.o
[0.621s] [ 13%] Building C object CMakeFiles/camera_msgs__rosidl_generator_c.dir/rosidl_generator_c/camera_msgs/msg/detail/camera_detection_array__description.c.o
[0.622s] [ 15%] Building C object CMakeFiles/camera_msgs__rosidl_generator_c.dir/rosidl_generator_c/camera_msgs/msg/detail/camera_detection_array__type_support.c.o
[0.624s] [ 18%] Building C object CMakeFiles/camera_msgs__rosidl_generator_c.dir/rosidl_generator_c/camera_msgs/msg/detail/camera_detection__functions.c.o
[0.630s] [ 20%] Building C object CMakeFiles/camera_msgs__rosidl_generator_c.dir/rosidl_generator_c/camera_msgs/msg/detail/camera_detection_array__functions.c.o
[0.630s] [ 20%] Built target camera_msgs__cpp
[0.680s] [ 22%] Linking C shared library libcamera_msgs__rosidl_generator_c.so
[0.715s] [ 22%] Built target camera_msgs__rosidl_generator_c
[0.725s] [ 27%] Generating C type support dispatch for ROS interfaces
[0.725s] [ 27%] Generating C type support for eProsima Fast-RTPS
[0.730s] [ 29%] Generating C++ type support dispatch for ROS interfaces
[0.730s] [ 31%] Generating C introspection for ROS interfaces
[0.734s] [ 34%] Generating C++ introspection for ROS interfaces
[0.738s] [ 36%] Generating C++ type support for eProsima Fast-RTPS
[1.230s] [ 38%] Building CXX object CMakeFiles/camera_msgs__rosidl_typesupport_c.dir/rosidl_typesupport_c/camera_msgs/msg/camera_detection_array__type_support.cpp.o
[1.237s] [ 40%] Building CXX object CMakeFiles/camera_msgs__rosidl_typesupport_c.dir/rosidl_typesupport_c/camera_msgs/msg/camera_detection__type_support.cpp.o
[1.268s] [ 43%] Building CXX object CMakeFiles/camera_msgs__rosidl_typesupport_cpp.dir/rosidl_typesupport_cpp/camera_msgs/msg/camera_detection__type_support.cpp.o
[1.268s] [ 45%] Building CXX object CMakeFiles/camera_msgs__rosidl_typesupport_cpp.dir/rosidl_typesupport_cpp/camera_msgs/msg/camera_detection_array__type_support.cpp.o
[1.285s] [ 47%] Building CXX object CMakeFiles/camera_msgs__rosidl_typesupport_introspection_cpp.dir/rosidl_typesupport_introspection_cpp/camera_msgs/msg/detail/camera_detection_array__type_support.cpp.o
[1.301s] [ 50%] Building CXX object CMakeFiles/camera_msgs__rosidl_typesupport_introspection_cpp.dir/rosidl_typesupport_introspection_cpp/camera_msgs/msg/detail/camera_detection__type_support.cpp.o
[1.310s] [ 52%] Linking CXX shared library libcamera_msgs__rosidl_typesupport_c.so
[1.329s] [ 54%] Building CXX object CMakeFiles/camera_msgs__rosidl_typesupport_fastrtps_c.dir/rosidl_typesupport_fastrtps_c/camera_msgs/msg/detail/camera_detection__type_support_c.cpp.o
[1.329s] [ 59%] Building CXX object CMakeFiles/camera_msgs__rosidl_typesupport_fastrtps_cpp.dir/rosidl_typesupport_fastrtps_cpp/camera_msgs/msg/detail/dds_fastrtps/camera_detection_array__type_support.cpp.o
[1.334s] [ 61%] Building CXX object CMakeFiles/camera_msgs__rosidl_typesupport_fastrtps_c.dir/rosidl_typesupport_fastrtps_c/camera_msgs/msg/detail/camera_detection_array__type_support_c.cpp.o
[1.334s] [ 59%] Building CXX object CMakeFiles/camera_msgs__rosidl_typesupport_fastrtps_cpp.dir/rosidl_typesupport_fastrtps_cpp/camera_msgs/msg/detail/dds_fastrtps/camera_detection__type_support.cpp.o
[1.373s] [ 63%] Building C object CMakeFiles/camera_msgs__rosidl_typesupport_introspection_c.dir/rosidl_typesupport_introspection_c/camera_msgs/msg/detail/camera_detection__type_support.c.o
[1.382s] [ 65%] Building C object CMakeFiles/camera_msgs__rosidl_typesupport_introspection_c.dir/rosidl_typesupport_introspection_c/camera_msgs/msg/detail/camera_detection_array__type_support.c.o
[1.401s] [ 65%] Built target camera_msgs__rosidl_typesupport_c
[1.487s] [ 68%] Linking C shared library libcamera_msgs__rosidl_typesupport_introspection_c.so
[1.543s] [ 68%] Built target camera_msgs__rosidl_typesupport_introspection_c
[1.905s] [ 70%] Linking CXX shared library libcamera_msgs__rosidl_typesupport_cpp.so
[2.010s] [ 70%] Built target camera_msgs__rosidl_typesupport_cpp
[2.172s] [ 72%] Linking CXX shared library libcamera_msgs__rosidl_typesupport_introspection_cpp.so
[2.318s] [ 75%] Linking CXX shared library libcamera_msgs__rosidl_typesupport_fastrtps_c.so
[2.324s] [ 75%] Built target camera_msgs__rosidl_typesupport_introspection_cpp
[2.375s] [ 75%] Built target camera_msgs__rosidl_typesupport_fastrtps_c
[2.473s] [ 77%] Linking CXX shared library libcamera_msgs__rosidl_typesupport_fastrtps_cpp.so
[2.575s] [ 77%] Built target camera_msgs__rosidl_typesupport_fastrtps_cpp
[2.596s] [ 77%] Built target camera_msgs
[2.617s] [ 79%] Generating Python code for ROS interfaces
[3.117s] [ 79%] Built target camera_msgs__py
[3.138s] [ 81%] Building C object CMakeFiles/camera_msgs__rosidl_generator_py.dir/rosidl_generator_py/camera_msgs/msg/_camera_detection_s.c.o
[3.138s] [ 84%] Building C object CMakeFiles/camera_msgs__rosidl_generator_py.dir/rosidl_generator_py/camera_msgs/msg/_camera_detection_array_s.c.o
[3.230s] [ 86%] Linking C shared library libcamera_msgs__rosidl_generator_py.so
[3.264s] [ 86%] Built target camera_msgs__rosidl_generator_py
[3.277s] [ 88%] Building C object CMakeFiles/camera_msgs_s__rosidl_typesupport_fastrtps_c.dir/rosidl_generator_py/camera_msgs/_camera_msgs_s.ep.rosidl_typesupport_fastrtps_c.c.o
[3.282s] [ 90%] Building C object CMakeFiles/camera_msgs_s__rosidl_typesupport_c.dir/rosidl_generator_py/camera_msgs/_camera_msgs_s.ep.rosidl_typesupport_c.c.o
[3.286s] [ 93%] Building C object CMakeFiles/camera_msgs_s__rosidl_typesupport_introspection_c.dir/rosidl_generator_py/camera_msgs/_camera_msgs_s.ep.rosidl_typesupport_introspection_c.c.o
[3.350s] [ 95%] Linking C shared module rosidl_generator_py/camera_msgs/camera_msgs_s__rosidl_typesupport_fastrtps_c.so
[3.367s] [ 97%] Linking C shared module rosidl_generator_py/camera_msgs/camera_msgs_s__rosidl_typesupport_c.so
[3.370s] [100%] Linking C shared module rosidl_generator_py/camera_msgs/camera_msgs_s__rosidl_typesupport_introspection_c.so
[3.375s] [100%] Built target camera_msgs_s__rosidl_typesupport_fastrtps_c
[3.396s] [100%] Built target camera_msgs_s__rosidl_typesupport_c
[3.398s] [100%] Built target camera_msgs_s__rosidl_typesupport_introspection_c
[3.409s] Invoked command in '/home/bashesam33/FS-AI/ros2_ws/build/camera_msgs' returned '0': CMAKE_PREFIX_PATH=${CMAKE_PREFIX_PATH}:/opt/ros/jazzy DEBUGINFOD_URLS=https://debuginfod.ubuntu.com /usr/bin/cmake --build /home/bashesam33/FS-AI/ros2_ws/build/camera_msgs -- -j12 -l12
[3.410s] Invoking command in '/home/bashesam33/FS-AI/ros2_ws/build/camera_msgs': CMAKE_PREFIX_PATH=${CMAKE_PREFIX_PATH}:/opt/ros/jazzy DEBUGINFOD_URLS=https://debuginfod.ubuntu.com /usr/bin/cmake --install /home/bashesam33/FS-AI/ros2_ws/build/camera_msgs
[3.419s] -- Install configuration: ""
[3.419s] -- Up-to-date: /home/bashesam33/FS-AI/ros2_ws/install/camera_msgs/share/ament_index/resource_index/rosidl_interfaces/camera_msgs
[3.419s] -- Installing: /home/bashesam33/FS-AI/ros2_ws/install/camera_msgs/share/camera_msgs/msg/CameraDetection.json
[3.419s] -- Installing: /home/bashesam33/FS-AI/ros2_ws/install/camera_msgs/share/camera_msgs/msg/CameraDetectionArray.json
[3.420s] -- Up-to-date: /home/bashesam33/FS-AI/ros2_ws/install/camera_msgs/include/camera_msgs/camera_msgs
[3.420s] -- Up-to-date: /home/bashesam33/FS-AI/ros2_ws/install/camera_msgs/include/camera_msgs/camera_msgs/msg
[3.420s] -- Installing: /home/bashesam33/FS-AI/ros2_ws/install/camera_msgs/include/camera_msgs/camera_msgs/msg/camera_detection_array.h
[3.420s] -- Up-to-date: /home/bashesam33/FS-AI/ros2_ws/install/camera_msgs/include/camera_msgs/camera_msgs/msg/detail
[3.420s] -- Installing: /home/bashesam33/FS-AI/ros2_ws/install/camera_msgs/include/camera_msgs/camera_msgs/msg/detail/camera_detection__type_support.c
[3.420s] -- Installing: /home/bashesam33/FS-AI/ros2_ws/install/camera_msgs/include/camera_msgs/camera_msgs/msg/detail/camera_detection_array__functions.c
[3.420s] -- Installing: /home/bashesam33/FS-AI/ros2_ws/install/camera_msgs/include/camera_msgs/camera_msgs/msg/detail/camera_detection_array__description.c
[3.420s] -- Installing: /home/bashesam33/FS-AI/ros2_ws/install/camera_msgs/include/camera_msgs/camera_msgs/msg/detail/camera_detection__functions.h
[3.421s] -- Installing: /home/bashesam33/FS-AI/ros2_ws/install/camera_msgs/include/camera_msgs/camera_msgs/msg/detail/camera_detection_array__type_support.h
[3.421s] -- Installing: /home/bashesam33/FS-AI/ros2_ws/install/camera_msgs/include/camera_msgs/camera_msgs/msg/detail/camera_detection__description.c
[3.421s] -- Installing: /home/bashesam33/FS-AI/ros2_ws/install/camera_msgs/include/camera_msgs/camera_msgs/msg/detail/camera_detection_array__functions.h
[3.421s] -- Installing: /home/bashesam33/FS-AI/ros2_ws/install/camera_msgs/include/camera_msgs/camera_msgs/msg/detail/camera_detection__struct.h
[3.421s] -- Installing: /home/bashesam33/FS-AI/ros2_ws/install/camera_msgs/include/camera_msgs/camera_msgs/msg/detail/camera_detection__type_support.h
[3.421s] -- Installing: /home/bashesam33/FS-AI/ros2_ws/install/camera_msgs/include/camera_msgs/camera_msgs/msg/detail/camera_detection_array__type_support.c
[3.421s] -- Installing: /home/bashesam33/FS-AI/ros2_ws/install/camera_msgs/include/camera_msgs/camera_msgs/msg/detail/camera_detection_array__struct.h
[3.422s] -- Installing: /home/bashesam33/FS-AI/ros2_ws/install/camera_msgs/include/camera_msgs/camera_msgs/msg/detail/camera_detection__functions.c
[3.422s] -- Up-to-date: /home/bashesam33/FS-AI/ros2_ws/install/camera_msgs/include/camera_msgs/camera_msgs/msg/rosidl_generator_c__visibility_control.h
[3.422s] -- Installing: /home/bashesam33/FS-AI/ros2_ws/install/camera_msgs/include/camera_msgs/camera_msgs/msg/camera_detection.h
[3.422s] -- Installing: /home/bashesam33/FS-AI/ros2_ws/install/camera_msgs/share/camera_msgs/environment/library_path.sh
[3.422s] -- Up-to-date: /home/bashesam33/FS-AI/ros2_ws/install/camera_msgs/share/camera_msgs/environment/library_path.dsv
[3.422s] -- Installing: /home/bashesam33/FS-AI/ros2_ws/install/camera_msgs/lib/libcamera_msgs__rosidl_generator_c.so
[3.422s] -- Set non-toolchain portion of runtime path of "/home/bashesam33/FS-AI/ros2_ws/install/camera_msgs/lib/libcamera_msgs__rosidl_generator_c.so" to ""
[3.423s] -- Up-to-date: /home/bashesam33/FS-AI/ros2_ws/install/camera_msgs/include/camera_msgs/camera_msgs
[3.423s] -- Up-to-date: /home/bashesam33/FS-AI/ros2_ws/install/camera_msgs/include/camera_msgs/camera_msgs/msg
[3.423s] -- Up-to-date: /home/bashesam33/FS-AI/ros2_ws/install/camera_msgs/include/camera_msgs/camera_msgs/msg/rosidl_typesupport_fastrtps_c__visibility_control.h
[3.423s] -- Up-to-date: /home/bashesam33/FS-AI/ros2_ws/install/camera_msgs/include/camera_msgs/camera_msgs/msg/detail
[3.423s] -- Installing: /home/bashesam33/FS-AI/ros2_ws/install/camera_msgs/include/camera_msgs/camera_msgs/msg/detail/camera_detection_array__rosidl_typesupport_fastrtps_c.h
[3.423s] -- Installing: /home/bashesam33/FS-AI/ros2_ws/install/camera_msgs/include/camera_msgs/camera_msgs/msg/detail/camera_detection__rosidl_typesupport_fastrtps_c.h
[3.423s] -- Installing: /home/bashesam33/FS-AI/ros2_ws/install/camera_msgs/lib/libcamera_msgs__rosidl_typesupport_fastrtps_c.so
[3.423s] -- Set non-toolchain portion of runtime path of "/home/bashesam33/FS-AI/ros2_ws/install/camera_msgs/lib/libcamera_msgs__rosidl_typesupport_fastrtps_c.so" to ""
[3.424s] -- Up-to-date: /home/bashesam33/FS-AI/ros2_ws/install/camera_msgs/include/camera_msgs/camera_msgs
[3.424s] -- Up-to-date: /home/bashesam33/FS-AI/ros2_ws/install/camera_msgs/include/camera_msgs/camera_msgs/msg
[3.424s] -- Up-to-date: /home/bashesam33/FS-AI/ros2_ws/install/camera_msgs/include/camera_msgs/camera_msgs/msg/detail
[3.424s] -- Up-to-date: /home/bashesam33/FS-AI/ros2_ws/install/camera_msgs/include/camera_msgs/camera_msgs/msg/detail/camera_detection__type_support.c
[3.424s] -- Installing: /home/bashesam33/FS-AI/ros2_ws/install/camera_msgs/include/camera_msgs/camera_msgs/msg/detail/camera_detection_array__rosidl_typesupport_introspection_c.h
[3.424s] -- Up-to-date: /home/bashesam33/FS-AI/ros2_ws/install/camera_msgs/include/camera_msgs/camera_msgs/msg/detail/camera_detection_array__type_support.c
[3.424s] -- Installing: /home/bashesam33/FS-AI/ros2_ws/install/camera_msgs/include/camera_msgs/camera_msgs/msg/detail/camera_detection__rosidl_typesupport_introspection_c.h
[3.425s] -- Up-to-date: /home/bashesam33/FS-AI/ros2_ws/install/camera_msgs/include/camera_msgs/camera_msgs/msg/rosidl_typesupport_introspection_c__visibility_control.h
[3.425s] -- Installing: /home/bashesam33/FS-AI/ros2_ws/install/camera_msgs/lib/libcamera_msgs__rosidl_typesupport_introspection_c.so
[3.425s] -- Set non-toolchain portion of runtime path of "/home/bashesam33/FS-AI/ros2_ws/install/camera_msgs/lib/libcamera_msgs__rosidl_typesupport_introspection_c.so" to ""
[3.425s] -- Installing: /home/bashesam33/FS-AI/ros2_ws/install/camera_msgs/lib/libcamera_msgs__rosidl_typesupport_c.so
[3.425s] -- Set non-toolchain portion of runtime path of "/home/bashesam33/FS-AI/ros2_ws/install/camera_msgs/lib/libcamera_msgs__rosidl_typesupport_c.so" to ""
[3.425s] -- Up-to-date: /home/bashesam33/FS-AI/ros2_ws/install/camera_msgs/include/camera_msgs/camera_msgs
[3.425s] -- Up-to-date: /home/bashesam33/FS-AI/ros2_ws/install/camera_msgs/include/camera_msgs/camera_msgs/msg
[3.425s] -- Up-to-date: /home/bashesam33/FS-AI/ros2_ws/install/camera_msgs/include/camera_msgs/camera_msgs/msg/detail
[3.425s] -- Installing: /home/bashesam33/FS-AI/ros2_ws/install/camera_msgs/include/camera_msgs/camera_msgs/msg/detail/camera_detection__struct.hpp
[3.425s] -- Installing: /home/bashesam33/FS-AI/ros2_ws/install/camera_msgs/include/camera_msgs/camera_msgs/msg/detail/camera_detection_array__struct.hpp
[3.426s] -- Installing: /home/bashesam33/FS-AI/ros2_ws/install/camera_msgs/include/camera_msgs/camera_msgs/msg/detail/camera_detection_array__traits.hpp
[3.426s] -- Installing: /home/bashesam33/FS-AI/ros2_ws/install/camera_msgs/include/camera_msgs/camera_msgs/msg/detail/camera_detection_array__builder.hpp
[3.426s] -- Installing: /home/bashesam33/FS-AI/ros2_ws/install/camera_msgs/include/camera_msgs/camera_msgs/msg/detail/camera_detection__builder.hpp
[3.426s] -- Installing: /home/bashesam33/FS-AI/ros2_ws/install/camera_msgs/include/camera_msgs/camera_msgs/msg/detail/camera_detection__traits.hpp
[3.426s] -- Installing: /home/bashesam33/FS-AI/ros2_ws/install/camera_msgs/include/camera_msgs/camera_msgs/msg/detail/camera_detection__type_support.hpp
[3.426s] -- Installing: /home/bashesam33/FS-AI/ros2_ws/install/camera_msgs/include/camera_msgs/camera_msgs/msg/detail/camera_detection_array__type_support.hpp
[3.426s] -- Installing: /home/bashesam33/FS-AI/ros2_ws/install/camera_msgs/include/camera_msgs/camera_msgs/msg/rosidl_generator_cpp__visibility_control.hpp
[3.426s] -- Installing: /home/bashesam33/FS-AI/ros2_ws/install/camera_msgs/include/camera_msgs/camera_msgs/msg/camera_detection.hpp
[3.426s] -- Installing: /home/bashesam33/FS-AI/ros2_ws/install/camera_msgs/include/camera_msgs/camera_msgs/msg/camera_detection_array.hpp
[3.426s] -- Up-to-date: /home/bashesam33/FS-AI/ros2_ws/install/camera_msgs/include/camera_msgs/camera_msgs
[3.426s] -- Up-to-date: /home/bashesam33/FS-AI/ros2_ws/install/camera_msgs/include/camera_msgs/camera_msgs/msg
[3.427s] -- Up-to-date: /home/bashesam33/FS-AI/ros2_ws/install/camera_msgs/include/camera_msgs/camera_msgs/msg/detail
[3.427s] -- Installing: /home/bashesam33/FS-AI/ros2_ws/install/camera_msgs/include/camera_msgs/camera_msgs/msg/detail/camera_detection__rosidl_typesupport_fastrtps_cpp.hpp
[3.427s] -- Installing: /home/bashesam33/FS-AI/ros2_ws/install/camera_msgs/include/camera_msgs/camera_msgs/msg/detail/camera_detection_array__rosidl_typesupport_fastrtps_cpp.hpp
[3.427s] -- Up-to-date: /home/bashesam33/FS-AI/ros2_ws/install/camera_msgs/include/camera_msgs/camera_msgs/msg/detail/dds_fastrtps
[3.427s] -- Up-to-date: /home/bashesam33/FS-AI/ros2_ws/install/camera_msgs/include/camera_msgs/camera_msgs/msg/rosidl_typesupport_fastrtps_cpp__visibility_control.h
[3.427s] -- Installing: /home/bashesam33/FS-AI/ros2_ws/install/camera_msgs/lib/libcamera_msgs__rosidl_typesupport_fastrtps_cpp.so
[3.427s] -- Set non-toolchain portion of runtime path of "/home/bashesam33/FS-AI/ros2_ws/install/camera_msgs/lib/libcamera_msgs__rosidl_typesupport_fastrtps_cpp.so" to ""
[3.427s] -- Up-to-date: /home/bashesam33/FS-AI/ros2_ws/install/camera_msgs/include/camera_msgs/camera_msgs
[3.427s] -- Up-to-date: /home/bashesam33/FS-AI/ros2_ws/install/camera_msgs/include/camera_msgs/camera_msgs/msg
[3.427s] -- Up-to-date: /home/bashesam33/FS-AI/ros2_ws/install/camera_msgs/include/camera_msgs/camera_msgs/msg/detail
[3.427s] -- Installing: /home/bashesam33/FS-AI/ros2_ws/install/camera_msgs/include/camera_msgs/camera_msgs/msg/detail/camera_detection_array__rosidl_typesupport_introspection_cpp.hpp
[3.428s] -- Installing: /home/bashesam33/FS-AI/ros2_ws/install/camera_msgs/include/camera_msgs/camera_msgs/msg/detail/camera_detection_array__type_support.cpp
[3.428s] -- Installing: /home/bashesam33/FS-AI/ros2_ws/install/camera_msgs/include/camera_msgs/camera_msgs/msg/detail/camera_detection__rosidl_typesupport_introspection_cpp.hpp
[3.428s] -- Installing: /home/bashesam33/FS-AI/ros2_ws/install/camera_msgs/include/camera_msgs/camera_msgs/msg/detail/camera_detection__type_support.cpp
[3.428s] -- Installing: /home/bashesam33/FS-AI/ros2_ws/install/camera_msgs/lib/libcamera_msgs__rosidl_typesupport_introspection_cpp.so
[3.428s] -- Set non-toolchain portion of runtime path of "/home/bashesam33/FS-AI/ros2_ws/install/camera_msgs/lib/libcamera_msgs__rosidl_typesupport_introspection_cpp.so" to ""
[3.428s] -- Installing: /home/bashesam33/FS-AI/ros2_ws/install/camera_msgs/lib/libcamera_msgs__rosidl_typesupport_cpp.so
[3.428s] -- Set non-toolchain portion of runtime path of "/home/bashesam33/FS-AI/ros2_ws/install/camera_msgs/lib/libcamera_msgs__rosidl_typesupport_cpp.so" to ""
[3.428s] -- Installing: /home/bashesam33/FS-AI/ros2_ws/install/camera_msgs/share/camera_msgs/environment/pythonpath.sh
[3.428s] -- Installing: /home/bashesam33/FS-AI/ros2_ws/install/camera_msgs/share/camera_msgs/environment/pythonpath.dsv
[3.428s] -- Installing: /home/bashesam33/FS-AI/ros2_ws/install/camera_msgs/lib/python3.12/site-packages/camera_msgs-1.0.0-py3.12.egg-info
[3.428s] -- Installing: /home/bashesam33/FS-AI/ros2_ws/install/camera_msgs/lib/python3.12/site-packages/camera_msgs-1.0.0-py3.12.egg-info/SOURCES.txt
[3.429s] -- Installing: /home/bashesam33/FS-AI/ros2_ws/install/camera_msgs/lib/python3.12/site-packages/camera_msgs-1.0.0-py3.12.egg-info/top_level.txt
[3.429s] -- Installing: /home/bashesam33/FS-AI/ros2_ws/install/camera_msgs/lib/python3.12/site-packages/camera_msgs-1.0.0-py3.12.egg-info/PKG-INFO
[3.429s] -- Installing: /home/bashesam33/FS-AI/ros2_ws/install/camera_msgs/lib/python3.12/site-packages/camera_msgs-1.0.0-py3.12.egg-info/dependency_links.txt
[3.429s] -- Installing: /home/bashesam33/FS-AI/ros2_ws/install/camera_msgs/lib/python3.12/site-packages/camera_msgs
[3.429s] -- Installing: /home/bashesam33/FS-AI/ros2_ws/install/camera_msgs/lib/python3.12/site-packages/camera_msgs/__init__.py
[3.429s] -- Installing: /home/bashesam33/FS-AI/ros2_ws/install/camera_msgs/lib/python3.12/site-packages/camera_msgs/libcamera_msgs__rosidl_generator_py.so
[3.429s] -- Installing: /home/bashesam33/FS-AI/ros2_ws/install/camera_msgs/lib/python3.12/site-packages/camera_msgs/camera_msgs_s__rosidl_typesupport_fastrtps_c.so
[3.429s] -- Installing: /home/bashesam33/FS-AI/ros2_ws/install/camera_msgs/lib/python3.12/site-packages/camera_msgs/_camera_msgs_s.ep.rosidl_typesupport_c.c
[3.429s] -- Installing: /home/bashesam33/FS-AI/ros2_ws/install/camera_msgs/lib/python3.12/site-packages/camera_msgs/msg
[3.429s] -- Installing: /home/bashesam33/FS-AI/ros2_ws/install/camera_msgs/lib/python3.12/site-packages/camera_msgs/msg/_camera_detection_array_s.c
[3.429s] -- Installing: /home/bashesam33/FS-AI/ros2_ws/install/camera_msgs/lib/python3.12/site-packages/camera_msgs/msg/__init__.py
[3.429s] -- Installing: /home/bashesam33/FS-AI/ros2_ws/install/camera_msgs/lib/python3.12/site-packages/camera_msgs/msg/_camera_detection_s.c
[3.430s] -- Installing: /home/bashesam33/FS-AI/ros2_ws/install/camera_msgs/lib/python3.12/site-packages/camera_msgs/msg/_camera_detection.py
[3.430s] -- Installing: /home/bashesam33/FS-AI/ros2_ws/install/camera_msgs/lib/python3.12/site-packages/camera_msgs/msg/_camera_detection_array.py
[3.430s] -- Installing: /home/bashesam33/FS-AI/ros2_ws/install/camera_msgs/lib/python3.12/site-packages/camera_msgs/camera_msgs_s__rosidl_typesupport_introspection_c.so
[3.430s] -- Installing: /home/bashesam33/FS-AI/ros2_ws/install/camera_msgs/lib/python3.12/site-packages/camera_msgs/camera_msgs_s__rosidl_typesupport_introspection_c.cpython-310-x86_64-linux-gnu.so
[3.430s] -- Installing: /home/bashesam33/FS-AI/ros2_ws/install/camera_msgs/lib/python3.12/site-packages/camera_msgs/_camera_msgs_s.ep.rosidl_typesupport_introspection_c.c
[3.430s] -- Installing: /home/bashesam33/FS-AI/ros2_ws/install/camera_msgs/lib/python3.12/site-packages/camera_msgs/_camera_msgs_s.ep.rosidl_typesupport_fastrtps_c.c
[3.430s] -- Installing: /home/bashesam33/FS-AI/ros2_ws/install/camera_msgs/lib/python3.12/site-packages/camera_msgs/camera_msgs_s__rosidl_typesupport_fastrtps_c.cpython-310-x86_64-linux-gnu.so
[3.430s] -- Installing: /home/bashesam33/FS-AI/ros2_ws/install/camera_msgs/lib/python3.12/site-packages/camera_msgs/camera_msgs_s__rosidl_typesupport_c.so
[3.430s] -- Installing: /home/bashesam33/FS-AI/ros2_ws/install/camera_msgs/lib/python3.12/site-packages/camera_msgs/camera_msgs_s__rosidl_typesupport_c.cpython-310-x86_64-linux-gnu.so
[3.455s] Listing '/home/bashesam33/FS-AI/ros2_ws/install/camera_msgs/lib/python3.12/site-packages/camera_msgs'...
[3.455s] Compiling '/home/bashesam33/FS-AI/ros2_ws/install/camera_msgs/lib/python3.12/site-packages/camera_msgs/__init__.py'...
[3.455s] Listing '/home/bashesam33/FS-AI/ros2_ws/install/camera_msgs/lib/python3.12/site-packages/camera_msgs/msg'...
[3.455s] Compiling '/home/bashesam33/FS-AI/ros2_ws/install/camera_msgs/lib/python3.12/site-packages/camera_msgs/msg/__init__.py'...
[3.455s] Compiling '/home/bashesam33/FS-AI/ros2_ws/install/camera_msgs/lib/python3.12/site-packages/camera_msgs/msg/_camera_detection.py'...
[3.455s] Compiling '/home/bashesam33/FS-AI/ros2_ws/install/camera_msgs/lib/python3.12/site-packages/camera_msgs/msg/_camera_detection_array.py'...
[3.459s] -- Installing: /home/bashesam33/FS-AI/ros2_ws/install/camera_msgs/lib/python3.12/site-packages/camera_msgs/camera_msgs_s__rosidl_typesupport_fastrtps_c.so
[3.459s] -- Set non-toolchain portion of runtime path of "/home/bashesam33/FS-AI/ros2_ws/install/camera_msgs/lib/python3.12/site-packages/camera_msgs/camera_msgs_s__rosidl_typesupport_fastrtps_c.so" to ""
[3.459s] -- Installing: /home/bashesam33/FS-AI/ros2_ws/install/camera_msgs/lib/python3.12/site-packages/camera_msgs/camera_msgs_s__rosidl_typesupport_introspection_c.so
[3.459s] -- Set non-toolchain portion of runtime path of "/home/bashesam33/FS-AI/ros2_ws/install/camera_msgs/lib/python3.12/site-packages/camera_msgs/camera_msgs_s__rosidl_typesupport_introspection_c.so" to ""
[3.459s] -- Installing: /home/bashesam33/FS-AI/ros2_ws/install/camera_msgs/lib/python3.12/site-packages/camera_msgs/camera_msgs_s__rosidl_typesupport_c.so
[3.460s] -- Set non-toolchain portion of runtime path of "/home/bashesam33/FS-AI/ros2_ws/install/camera_msgs/lib/python3.12/site-packages/camera_msgs/camera_msgs_s__rosidl_typesupport_c.so" to ""
[3.460s] -- Installing: /home/bashesam33/FS-AI/ros2_ws/install/camera_msgs/lib/libcamera_msgs__rosidl_generator_py.so
[3.460s] -- Set non-toolchain portion of runtime path of "/home/bashesam33/FS-AI/ros2_ws/install/camera_msgs/lib/libcamera_msgs__rosidl_generator_py.so" to ""
[3.460s] -- Up-to-date: /home/bashesam33/FS-AI/ros2_ws/install/camera_msgs/share/camera_msgs/msg/CameraDetection.idl
[3.460s] -- Up-to-date: /home/bashesam33/FS-AI/ros2_ws/install/camera_msgs/share/camera_msgs/msg/CameraDetectionArray.idl
[3.460s] -- Up-to-date: /home/bashesam33/FS-AI/ros2_ws/install/camera_msgs/share/camera_msgs/msg/CameraDetection.msg
[3.460s] -- Up-to-date: /home/bashesam33/FS-AI/ros2_ws/install/camera_msgs/share/camera_msgs/msg/CameraDetectionArray.msg
[3.460s] -- Up-to-date: /home/bashesam33/FS-AI/ros2_ws/install/camera_msgs/share/ament_index/resource_index/package_run_dependencies/camera_msgs
[3.460s] -- Installing: /home/bashesam33/FS-AI/ros2_ws/install/camera_msgs/share/ament_index/resource_index/parent_prefix_path/camera_msgs
[3.460s] -- Installing: /home/bashesam33/FS-AI/ros2_ws/install/camera_msgs/share/camera_msgs/environment/ament_prefix_path.sh
[3.460s] -- Up-to-date: /home/bashesam33/FS-AI/ros2_ws/install/camera_msgs/share/camera_msgs/environment/ament_prefix_path.dsv
[3.460s] -- Installing: /home/bashesam33/FS-AI/ros2_ws/install/camera_msgs/share/camera_msgs/environment/path.sh
[3.460s] -- Up-to-date: /home/bashesam33/FS-AI/ros2_ws/install/camera_msgs/share/camera_msgs/environment/path.dsv
[3.461s] -- Up-to-date: /home/bashesam33/FS-AI/ros2_ws/install/camera_msgs/share/camera_msgs/local_setup.bash
[3.461s] -- Installing: /home/bashesam33/FS-AI/ros2_ws/install/camera_msgs/share/camera_msgs/local_setup.sh
[3.461s] -- Up-to-date: /home/bashesam33/FS-AI/ros2_ws/install/camera_msgs/share/camera_msgs/local_setup.zsh
[3.461s] -- Up-to-date: /home/bashesam33/FS-AI/ros2_ws/install/camera_msgs/share/camera_msgs/local_setup.dsv
[3.461s] -- Installing: /home/bashesam33/FS-AI/ros2_ws/install/camera_msgs/share/camera_msgs/package.dsv
[3.461s] -- Up-to-date: /home/bashesam33/FS-AI/ros2_ws/install/camera_msgs/share/ament_index/resource_index/packages/camera_msgs
[3.461s] -- Old export file "/home/bashesam33/FS-AI/ros2_ws/install/camera_msgs/share/camera_msgs/cmake/export_camera_msgs__rosidl_generator_cExport.cmake" will be replaced.  Removing files [/home/bashesam33/FS-AI/ros2_ws/install/camera_msgs/share/camera_msgs/cmake/export_camera_msgs__rosidl_generator_cExport-noconfig.cmake].
[3.461s] -- Installing: /home/bashesam33/FS-AI/ros2_ws/install/camera_msgs/share/camera_msgs/cmake/export_camera_msgs__rosidl_generator_cExport.cmake
[3.461s] -- Installing: /home/bashesam33/FS-AI/ros2_ws/install/camera_msgs/share/camera_msgs/cmake/export_camera_msgs__rosidl_generator_cExport-noconfig.cmake
[3.461s] -- Old export file "/home/bashesam33/FS-AI/ros2_ws/install/camera_msgs/share/camera_msgs/cmake/export_camera_msgs__rosidl_typesupport_fastrtps_cExport.cmake" will be replaced.  Removing files [/home/bashesam33/FS-AI/ros2_ws/install/camera_msgs/share/camera_msgs/cmake/export_camera_msgs__rosidl_typesupport_fastrtps_cExport-noconfig.cmake].
[3.461s] -- Installing: /home/bashesam33/FS-AI/ros2_ws/install/camera_msgs/share/camera_msgs/cmake/export_camera_msgs__rosidl_typesupport_fastrtps_cExport.cmake
[3.461s] -- Installing: /home/bashesam33/FS-AI/ros2_ws/install/camera_msgs/share/camera_msgs/cmake/export_camera_msgs__rosidl_typesupport_fastrtps_cExport-noconfig.cmake
[3.461s] -- Old export file "/home/bashesam33/FS-AI/ros2_ws/install/camera_msgs/share/camera_msgs/cmake/camera_msgs__rosidl_typesupport_introspection_cExport.cmake" will be replaced.  Removing files [/home/bashesam33/FS-AI/ros2_ws/install/camera_msgs/share/camera_msgs/cmake/camera_msgs__rosidl_typesupport_introspection_cExport-noconfig.cmake].
[3.461s] -- Installing: /home/bashesam33/FS-AI/ros2_ws/install/camera_msgs/share/camera_msgs/cmake/camera_msgs__rosidl_typesupport_introspection_cExport.cmake
[3.461s] -- Installing: /home/bashesam33/FS-AI/ros2_ws/install/camera_msgs/share/camera_msgs/cmake/camera_msgs__rosidl_typesupport_introspection_cExport-noconfig.cmake
[3.461s] -- Old export file "/home/bashesam33/FS-AI/ros2_ws/install/camera_msgs/share/camera_msgs/cmake/camera_msgs__rosidl_typesupport_cExport.cmake" will be replaced.  Removing files [/home/bashesam33/FS-AI/ros2_ws/install/camera_msgs/share/camera_msgs/cmake/camera_msgs__rosidl_typesupport_cExport-noconfig.cmake].
[3.461s] -- Installing: /home/bashesam33/FS-AI/ros2_ws/install/camera_msgs/share/camera_msgs/cmake/camera_msgs__rosidl_typesupport_cExport.cmake
[3.461s] -- Installing: /home/bashesam33/FS-AI/ros2_ws/install/camera_msgs/share/camera_msgs/cmake/camera_msgs__rosidl_typesupport_cExport-noconfig.cmake
[3.461s] -- Installing: /home/bashesam33/FS-AI/ros2_ws/install/camera_msgs/share/camera_msgs/cmake/export_camera_msgs__rosidl_generator_cppExport.cmake
[3.461s] -- Old export file "/home/bashesam33/FS-AI/ros2_ws/install/camera_msgs/share/camera_msgs/cmake/export_camera_msgs__rosidl_typesupport_fastrtps_cppExport.cmake" will be replaced.  Removing files [/home/bashesam33/FS-AI/ros2_ws/install/camera_msgs/share/camera_msgs/cmake/export_camera_msgs__rosidl_typesupport_fastrtps_cppExport-noconfig.cmake].
[3.461s] -- Installing: /home/bashesam33/FS-AI/ros2_ws/install/camera_msgs/share/camera_msgs/cmake/export_camera_msgs__rosidl_typesupport_fastrtps_cppExport.cmake
[3.461s] -- Installing: /home/bashesam33/FS-AI/ros2_ws/install/camera_msgs/share/camera_msgs/cmake/export_camera_msgs__rosidl_typesupport_fastrtps_cppExport-noconfig.cmake
[3.461s] -- Old export file "/home/bashesam33/FS-AI/ros2_ws/install/camera_msgs/share/camera_msgs/cmake/camera_msgs__rosidl_typesupport_introspection_cppExport.cmake" will be replaced.  Removing files [/home/bashesam33/FS-AI/ros2_ws/install/camera_msgs/share/camera_msgs/cmake/camera_msgs__rosidl_typesupport_introspection_cppExport-noconfig.cmake].
[3.462s] -- Installing: /home/bashesam33/FS-AI/ros2_ws/install/camera_msgs/share/camera_msgs/cmake/camera_msgs__rosidl_typesupport_introspection_cppExport.cmake
[3.462s] -- Installing: /home/bashesam33/FS-AI/ros2_ws/install/camera_msgs/share/camera_msgs/cmake/camera_msgs__rosidl_typesupport_introspection_cppExport-noconfig.cmake
[3.462s] -- Old export file "/home/bashesam33/FS-AI/ros2_ws/install/camera_msgs/share/camera_msgs/cmake/camera_msgs__rosidl_typesupport_cppExport.cmake" will be replaced.  Removing files [/home/bashesam33/FS-AI/ros2_ws/install/camera_msgs/share/camera_msgs/cmake/camera_msgs__rosidl_typesupport_cppExport-noconfig.cmake].
[3.462s] -- Installing: /home/bashesam33/FS-AI/ros2_ws/install/camera_msgs/share/camera_msgs/cmake/camera_msgs__rosidl_typesupport_cppExport.cmake
[3.462s] -- Installing: /home/bashesam33/FS-AI/ros2_ws/install/camera_msgs/share/camera_msgs/cmake/camera_msgs__rosidl_typesupport_cppExport-noconfig.cmake
[3.462s] -- Old export file "/home/bashesam33/FS-AI/ros2_ws/install/camera_msgs/share/camera_msgs/cmake/export_camera_msgs__rosidl_generator_pyExport.cmake" will be replaced.  Removing files [/home/bashesam33/FS-AI/ros2_ws/install/camera_msgs/share/camera_msgs/cmake/export_camera_msgs__rosidl_generator_pyExport-noconfig.cmake].
[3.462s] -- Installing: /home/bashesam33/FS-AI/ros2_ws/install/camera_msgs/share/camera_msgs/cmake/export_camera_msgs__rosidl_generator_pyExport.cmake
[3.462s] -- Installing: /home/bashesam33/FS-AI/ros2_ws/install/camera_msgs/share/camera_msgs/cmake/export_camera_msgs__rosidl_generator_pyExport-noconfig.cmake
[3.462s] -- Up-to-date: /home/bashesam33/FS-AI/ros2_ws/install/camera_msgs/share/camera_msgs/cmake/rosidl_cmake-extras.cmake
[3.462s] -- Up-to-date: /home/bashesam33/FS-AI/ros2_ws/install/camera_msgs/share/camera_msgs/cmake/ament_cmake_export_dependencies-extras.cmake
[3.462s] -- Up-to-date: /home/bashesam33/FS-AI/ros2_ws/install/camera_msgs/share/camera_msgs/cmake/ament_cmake_export_include_directories-extras.cmake
[3.462s] -- Up-to-date: /home/bashesam33/FS-AI/ros2_ws/install/camera_msgs/share/camera_msgs/cmake/ament_cmake_export_libraries-extras.cmake
[3.462s] -- Up-to-date: /home/bashesam33/FS-AI/ros2_ws/install/camera_msgs/share/camera_msgs/cmake/ament_cmake_export_targets-extras.cmake
[3.462s] -- Installing: /home/bashesam33/FS-AI/ros2_ws/install/camera_msgs/share/camera_msgs/cmake/rosidl_cmake_export_typesupport_targets-extras.cmake
[3.462s] -- Up-to-date: /home/bashesam33/FS-AI/ros2_ws/install/camera_msgs/share/camera_msgs/cmake/rosidl_cmake_export_typesupport_libraries-extras.cmake
[3.462s] -- Installing: /home/bashesam33/FS-AI/ros2_ws/install/camera_msgs/share/camera_msgs/cmake/camera_msgsConfig.cmake
[3.462s] -- Up-to-date: /home/bashesam33/FS-AI/ros2_ws/install/camera_msgs/share/camera_msgs/cmake/camera_msgsConfig-version.cmake
[3.462s] -- Up-to-date: /home/bashesam33/FS-AI/ros2_ws/install/camera_msgs/share/camera_msgs/package.xml
[3.464s] Invoked command in '/home/bashesam33/FS-AI/ros2_ws/build/camera_msgs' returned '0': CMAKE_PREFIX_PATH=${CMAKE_PREFIX_PATH}:/opt/ros/jazzy DEBUGINFOD_URLS=https://debuginfod.ubuntu.com /usr/bin/cmake --install /home/bashesam33/FS-AI/ros2_ws/build/camera_msgs
