[0.078s] DEBUG:colcon:Command line arguments: ['/usr/bin/colcon', 'build', '--packages-select', 'vehiclecontrol_msgs', 'hellocm_msgs', 'camera_msgs']
[0.078s] DEBUG:colcon:Parsed command line arguments: Namespace(log_base=None, log_level=None, verb_name='build', build_base='build', install_base='install', merge_install=False, symlink_install=False, test_result_base=None, continue_on_error=False, executor='parallel', parallel_workers=12, event_handlers=None, ignore_user_meta=False, metas=['./colcon.meta'], base_paths=['.'], packages_ignore=None, packages_ignore_regex=None, paths=None, packages_up_to=None, packages_up_to_regex=None, packages_above=None, packages_above_and_dependencies=None, packages_above_depth=None, packages_select_by_dep=None, packages_skip_by_dep=None, packages_skip_up_to=None, packages_select_build_failed=False, packages_skip_build_finished=False, packages_select_test_failures=False, packages_skip_test_passed=False, packages_select=['vehiclecontrol_msgs', 'hellocm_msgs', 'camera_msgs'], packages_skip=None, packages_select_regex=None, packages_skip_regex=None, packages_start=None, packages_end=None, allow_overriding=[], cmake_args=None, cmake_target=None, cmake_target_skip_unavailable=False, cmake_clean_cache=False, cmake_clean_first=False, cmake_force_configure=False, ament_cmake_args=None, catkin_cmake_args=None, catkin_skip_building_tests=False, mixin_files=None, mixin=None, verb_parser=<colcon_mixin.mixin.mixin_argument.MixinArgumentDecorator object at 0x722f07484a70>, verb_extension=<colcon_core.verb.build.BuildVerb object at 0x722f0745d340>, main=<bound method BuildVerb.main of <colcon_core.verb.build.BuildVerb object at 0x722f0745d340>>, mixin_verb=('build',))
[0.105s] Level 1:colcon.colcon_core.package_discovery:discover_packages(colcon_meta) check parameters
[0.105s] Level 1:colcon.colcon_core.package_discovery:discover_packages(recursive) check parameters
[0.105s] Level 1:colcon.colcon_core.package_discovery:discover_packages(ignore) check parameters
[0.105s] Level 1:colcon.colcon_core.package_discovery:discover_packages(path) check parameters
[0.105s] Level 1:colcon.colcon_core.package_discovery:discover_packages(colcon_meta) discover
[0.105s] Level 1:colcon.colcon_core.package_discovery:discover_packages(recursive) discover
[0.105s] INFO:colcon.colcon_core.package_discovery:Crawling recursively for packages in '/home/bashesam33/FS-AI/ros2_ws'
[0.105s] Level 1:colcon.colcon_core.package_identification:_identify(.) by extensions ['ignore', 'ignore_ament_install']
[0.105s] Level 1:colcon.colcon_core.package_identification:_identify(.) by extension 'ignore'
[0.105s] Level 1:colcon.colcon_core.package_identification:_identify(.) by extension 'ignore_ament_install'
[0.105s] Level 1:colcon.colcon_core.package_identification:_identify(.) by extensions ['colcon_pkg']
[0.105s] Level 1:colcon.colcon_core.package_identification:_identify(.) by extension 'colcon_pkg'
[0.105s] Level 1:colcon.colcon_core.package_identification:_identify(.) by extensions ['colcon_meta']
[0.105s] Level 1:colcon.colcon_core.package_identification:_identify(.) by extension 'colcon_meta'
[0.105s] Level 1:colcon.colcon_core.package_identification:_identify(.) by extensions ['ros']
[0.105s] Level 1:colcon.colcon_core.package_identification:_identify(.) by extension 'ros'
[0.124s] Level 1:colcon.colcon_core.package_identification:_identify(.) by extensions ['cmake', 'python']
[0.124s] Level 1:colcon.colcon_core.package_identification:_identify(.) by extension 'cmake'
[0.124s] Level 1:colcon.colcon_core.package_identification:_identify(.) by extension 'python'
[0.124s] Level 1:colcon.colcon_core.package_identification:_identify(.) by extensions ['python_setup_py']
[0.124s] Level 1:colcon.colcon_core.package_identification:_identify(.) by extension 'python_setup_py'
[0.124s] Level 1:colcon.colcon_core.package_identification:_identify(build) by extensions ['ignore', 'ignore_ament_install']
[0.124s] Level 1:colcon.colcon_core.package_identification:_identify(build) by extension 'ignore'
[0.124s] Level 1:colcon.colcon_core.package_identification:_identify(build) ignored
[0.124s] Level 1:colcon.colcon_core.package_identification:_identify(install) by extensions ['ignore', 'ignore_ament_install']
[0.124s] Level 1:colcon.colcon_core.package_identification:_identify(install) by extension 'ignore'
[0.124s] Level 1:colcon.colcon_core.package_identification:_identify(install) ignored
[0.124s] Level 1:colcon.colcon_core.package_identification:_identify(log) by extensions ['ignore', 'ignore_ament_install']
[0.124s] Level 1:colcon.colcon_core.package_identification:_identify(log) by extension 'ignore'
[0.124s] Level 1:colcon.colcon_core.package_identification:_identify(log) ignored
[0.124s] Level 1:colcon.colcon_core.package_identification:_identify(src) by extensions ['ignore', 'ignore_ament_install']
[0.124s] Level 1:colcon.colcon_core.package_identification:_identify(src) by extension 'ignore'
[0.124s] Level 1:colcon.colcon_core.package_identification:_identify(src) by extension 'ignore_ament_install'
[0.124s] Level 1:colcon.colcon_core.package_identification:_identify(src) by extensions ['colcon_pkg']
[0.124s] Level 1:colcon.colcon_core.package_identification:_identify(src) by extension 'colcon_pkg'
[0.124s] Level 1:colcon.colcon_core.package_identification:_identify(src) by extensions ['colcon_meta']
[0.124s] Level 1:colcon.colcon_core.package_identification:_identify(src) by extension 'colcon_meta'
[0.125s] Level 1:colcon.colcon_core.package_identification:_identify(src) by extensions ['ros']
[0.125s] Level 1:colcon.colcon_core.package_identification:_identify(src) by extension 'ros'
[0.125s] Level 1:colcon.colcon_core.package_identification:_identify(src) by extensions ['cmake', 'python']
[0.125s] Level 1:colcon.colcon_core.package_identification:_identify(src) by extension 'cmake'
[0.125s] Level 1:colcon.colcon_core.package_identification:_identify(src) by extension 'python'
[0.125s] Level 1:colcon.colcon_core.package_identification:_identify(src) by extensions ['python_setup_py']
[0.125s] Level 1:colcon.colcon_core.package_identification:_identify(src) by extension 'python_setup_py'
[0.125s] Level 1:colcon.colcon_core.package_identification:_identify(src/camera_msgs) by extensions ['ignore', 'ignore_ament_install']
[0.125s] Level 1:colcon.colcon_core.package_identification:_identify(src/camera_msgs) by extension 'ignore'
[0.125s] Level 1:colcon.colcon_core.package_identification:_identify(src/camera_msgs) by extension 'ignore_ament_install'
[0.125s] Level 1:colcon.colcon_core.package_identification:_identify(src/camera_msgs) by extensions ['colcon_pkg']
[0.125s] Level 1:colcon.colcon_core.package_identification:_identify(src/camera_msgs) by extension 'colcon_pkg'
[0.125s] Level 1:colcon.colcon_core.package_identification:_identify(src/camera_msgs) by extensions ['colcon_meta']
[0.125s] Level 1:colcon.colcon_core.package_identification:_identify(src/camera_msgs) by extension 'colcon_meta'
[0.125s] Level 1:colcon.colcon_core.package_identification:_identify(src/camera_msgs) by extensions ['ros']
[0.125s] Level 1:colcon.colcon_core.package_identification:_identify(src/camera_msgs) by extension 'ros'
[0.127s] DEBUG:colcon.colcon_core.package_identification:Package 'src/camera_msgs' with type 'ros.ament_cmake' and name 'camera_msgs'
[0.127s] Level 1:colcon.colcon_core.package_identification:_identify(src/carmaker_rsds_client) by extensions ['ignore', 'ignore_ament_install']
[0.127s] Level 1:colcon.colcon_core.package_identification:_identify(src/carmaker_rsds_client) by extension 'ignore'
[0.127s] Level 1:colcon.colcon_core.package_identification:_identify(src/carmaker_rsds_client) by extension 'ignore_ament_install'
[0.127s] Level 1:colcon.colcon_core.package_identification:_identify(src/carmaker_rsds_client) by extensions ['colcon_pkg']
[0.127s] Level 1:colcon.colcon_core.package_identification:_identify(src/carmaker_rsds_client) by extension 'colcon_pkg'
[0.127s] Level 1:colcon.colcon_core.package_identification:_identify(src/carmaker_rsds_client) by extensions ['colcon_meta']
[0.127s] Level 1:colcon.colcon_core.package_identification:_identify(src/carmaker_rsds_client) by extension 'colcon_meta'
[0.127s] Level 1:colcon.colcon_core.package_identification:_identify(src/carmaker_rsds_client) by extensions ['ros']
[0.127s] Level 1:colcon.colcon_core.package_identification:_identify(src/carmaker_rsds_client) by extension 'ros'
[0.127s] DEBUG:colcon.colcon_core.package_identification:Package 'src/carmaker_rsds_client' with type 'ros.ament_cmake' and name 'carmaker_rsds_client'
[0.127s] Level 1:colcon.colcon_core.package_identification:_identify(src/cmrosutils) by extensions ['ignore', 'ignore_ament_install']
[0.127s] Level 1:colcon.colcon_core.package_identification:_identify(src/cmrosutils) by extension 'ignore'
[0.128s] Level 1:colcon.colcon_core.package_identification:_identify(src/cmrosutils) by extension 'ignore_ament_install'
[0.128s] Level 1:colcon.colcon_core.package_identification:_identify(src/cmrosutils) by extensions ['colcon_pkg']
[0.128s] Level 1:colcon.colcon_core.package_identification:_identify(src/cmrosutils) by extension 'colcon_pkg'
[0.128s] Level 1:colcon.colcon_core.package_identification:_identify(src/cmrosutils) by extensions ['colcon_meta']
[0.128s] Level 1:colcon.colcon_core.package_identification:_identify(src/cmrosutils) by extension 'colcon_meta'
[0.128s] Level 1:colcon.colcon_core.package_identification:_identify(src/cmrosutils) by extensions ['ros']
[0.128s] Level 1:colcon.colcon_core.package_identification:_identify(src/cmrosutils) by extension 'ros'
[0.128s] DEBUG:colcon.colcon_core.package_identification:Package 'src/cmrosutils' with type 'ros.ament_cmake' and name 'cmrosutils'
[0.128s] Level 1:colcon.colcon_core.package_identification:_identify(src/hellocm) by extensions ['ignore', 'ignore_ament_install']
[0.128s] Level 1:colcon.colcon_core.package_identification:_identify(src/hellocm) by extension 'ignore'
[0.128s] Level 1:colcon.colcon_core.package_identification:_identify(src/hellocm) by extension 'ignore_ament_install'
[0.128s] Level 1:colcon.colcon_core.package_identification:_identify(src/hellocm) by extensions ['colcon_pkg']
[0.128s] Level 1:colcon.colcon_core.package_identification:_identify(src/hellocm) by extension 'colcon_pkg'
[0.128s] Level 1:colcon.colcon_core.package_identification:_identify(src/hellocm) by extensions ['colcon_meta']
[0.128s] Level 1:colcon.colcon_core.package_identification:_identify(src/hellocm) by extension 'colcon_meta'
[0.128s] Level 1:colcon.colcon_core.package_identification:_identify(src/hellocm) by extensions ['ros']
[0.128s] Level 1:colcon.colcon_core.package_identification:_identify(src/hellocm) by extension 'ros'
[0.129s] DEBUG:colcon.colcon_core.package_identification:Package 'src/hellocm' with type 'ros.ament_cmake' and name 'hellocm'
[0.129s] Level 1:colcon.colcon_core.package_identification:_identify(src/hellocm_cmnode) by extensions ['ignore', 'ignore_ament_install']
[0.129s] Level 1:colcon.colcon_core.package_identification:_identify(src/hellocm_cmnode) by extension 'ignore'
[0.129s] Level 1:colcon.colcon_core.package_identification:_identify(src/hellocm_cmnode) by extension 'ignore_ament_install'
[0.129s] Level 1:colcon.colcon_core.package_identification:_identify(src/hellocm_cmnode) by extensions ['colcon_pkg']
[0.129s] Level 1:colcon.colcon_core.package_identification:_identify(src/hellocm_cmnode) by extension 'colcon_pkg'
[0.129s] Level 1:colcon.colcon_core.package_identification:_identify(src/hellocm_cmnode) by extensions ['colcon_meta']
[0.129s] Level 1:colcon.colcon_core.package_identification:_identify(src/hellocm_cmnode) by extension 'colcon_meta'
[0.129s] Level 1:colcon.colcon_core.package_identification:_identify(src/hellocm_cmnode) by extensions ['ros']
[0.129s] Level 1:colcon.colcon_core.package_identification:_identify(src/hellocm_cmnode) by extension 'ros'
[0.129s] DEBUG:colcon.colcon_core.package_identification:Package 'src/hellocm_cmnode' with type 'ros.ament_cmake' and name 'hellocm_cmnode'
[0.129s] Level 1:colcon.colcon_core.package_identification:_identify(src/hellocm_msgs) by extensions ['ignore', 'ignore_ament_install']
[0.129s] Level 1:colcon.colcon_core.package_identification:_identify(src/hellocm_msgs) by extension 'ignore'
[0.129s] Level 1:colcon.colcon_core.package_identification:_identify(src/hellocm_msgs) by extension 'ignore_ament_install'
[0.130s] Level 1:colcon.colcon_core.package_identification:_identify(src/hellocm_msgs) by extensions ['colcon_pkg']
[0.130s] Level 1:colcon.colcon_core.package_identification:_identify(src/hellocm_msgs) by extension 'colcon_pkg'
[0.130s] Level 1:colcon.colcon_core.package_identification:_identify(src/hellocm_msgs) by extensions ['colcon_meta']
[0.130s] Level 1:colcon.colcon_core.package_identification:_identify(src/hellocm_msgs) by extension 'colcon_meta'
[0.130s] Level 1:colcon.colcon_core.package_identification:_identify(src/hellocm_msgs) by extensions ['ros']
[0.130s] Level 1:colcon.colcon_core.package_identification:_identify(src/hellocm_msgs) by extension 'ros'
[0.130s] DEBUG:colcon.colcon_core.package_identification:Package 'src/hellocm_msgs' with type 'ros.ament_cmake' and name 'hellocm_msgs'
[0.130s] Level 1:colcon.colcon_core.package_identification:_identify(src/vehiclecontrol_msgs) by extensions ['ignore', 'ignore_ament_install']
[0.130s] Level 1:colcon.colcon_core.package_identification:_identify(src/vehiclecontrol_msgs) by extension 'ignore'
[0.130s] Level 1:colcon.colcon_core.package_identification:_identify(src/vehiclecontrol_msgs) by extension 'ignore_ament_install'
[0.130s] Level 1:colcon.colcon_core.package_identification:_identify(src/vehiclecontrol_msgs) by extensions ['colcon_pkg']
[0.130s] Level 1:colcon.colcon_core.package_identification:_identify(src/vehiclecontrol_msgs) by extension 'colcon_pkg'
[0.130s] Level 1:colcon.colcon_core.package_identification:_identify(src/vehiclecontrol_msgs) by extensions ['colcon_meta']
[0.130s] Level 1:colcon.colcon_core.package_identification:_identify(src/vehiclecontrol_msgs) by extension 'colcon_meta'
[0.130s] Level 1:colcon.colcon_core.package_identification:_identify(src/vehiclecontrol_msgs) by extensions ['ros']
[0.130s] Level 1:colcon.colcon_core.package_identification:_identify(src/vehiclecontrol_msgs) by extension 'ros'
[0.131s] DEBUG:colcon.colcon_core.package_identification:Package 'src/vehiclecontrol_msgs' with type 'ros.ament_cmake' and name 'vehiclecontrol_msgs'
[0.131s] Level 1:colcon.colcon_core.package_discovery:discover_packages(recursive) using defaults
[0.131s] Level 1:colcon.colcon_core.package_discovery:discover_packages(ignore) discover
[0.131s] Level 1:colcon.colcon_core.package_discovery:discover_packages(ignore) using defaults
[0.131s] Level 1:colcon.colcon_core.package_discovery:discover_packages(path) discover
[0.131s] Level 1:colcon.colcon_core.package_discovery:discover_packages(path) using defaults
[0.145s] INFO:colcon.colcon_core.package_selection:Skipping not selected package 'cmrosutils' in 'src/cmrosutils'
[0.145s] INFO:colcon.colcon_core.package_selection:Skipping not selected package 'carmaker_rsds_client' in 'src/carmaker_rsds_client'
[0.145s] INFO:colcon.colcon_core.package_selection:Skipping not selected package 'hellocm' in 'src/hellocm'
[0.145s] INFO:colcon.colcon_core.package_selection:Skipping not selected package 'hellocm_cmnode' in 'src/hellocm_cmnode'
[0.145s] Level 1:colcon.colcon_core.package_discovery:discover_packages(prefix_path) check parameters
[0.145s] Level 1:colcon.colcon_core.package_discovery:discover_packages(prefix_path) discover
[0.147s] DEBUG:colcon.colcon_installed_package_information.package_discovery:Found 331 installed packages in /opt/ros/jazzy
[0.148s] Level 1:colcon.colcon_core.package_discovery:discover_packages(prefix_path) using defaults
[0.175s] Level 5:colcon.colcon_core.verb:set package 'camera_msgs' build argument 'cmake_args' from command line to 'None'
[0.175s] Level 5:colcon.colcon_core.verb:set package 'camera_msgs' build argument 'cmake_target' from command line to 'None'
[0.175s] Level 5:colcon.colcon_core.verb:set package 'camera_msgs' build argument 'cmake_target_skip_unavailable' from command line to 'False'
[0.175s] Level 5:colcon.colcon_core.verb:set package 'camera_msgs' build argument 'cmake_clean_cache' from command line to 'False'
[0.175s] Level 5:colcon.colcon_core.verb:set package 'camera_msgs' build argument 'cmake_clean_first' from command line to 'False'
[0.175s] Level 5:colcon.colcon_core.verb:set package 'camera_msgs' build argument 'cmake_force_configure' from command line to 'False'
[0.175s] Level 5:colcon.colcon_core.verb:set package 'camera_msgs' build argument 'ament_cmake_args' from command line to 'None'
[0.175s] Level 5:colcon.colcon_core.verb:set package 'camera_msgs' build argument 'catkin_cmake_args' from command line to 'None'
[0.175s] Level 5:colcon.colcon_core.verb:set package 'camera_msgs' build argument 'catkin_skip_building_tests' from command line to 'False'
[0.175s] DEBUG:colcon.colcon_core.verb:Building package 'camera_msgs' with the following arguments: {'ament_cmake_args': None, 'build_base': '/home/bashesam33/FS-AI/ros2_ws/build/camera_msgs', 'catkin_cmake_args': None, 'catkin_skip_building_tests': False, 'cmake_args': None, 'cmake_clean_cache': False, 'cmake_clean_first': False, 'cmake_force_configure': False, 'cmake_target': None, 'cmake_target_skip_unavailable': False, 'install_base': '/home/bashesam33/FS-AI/ros2_ws/install/camera_msgs', 'merge_install': False, 'path': '/home/bashesam33/FS-AI/ros2_ws/src/camera_msgs', 'symlink_install': False, 'test_result_base': None}
[0.175s] Level 5:colcon.colcon_core.verb:set package 'hellocm_msgs' build argument 'cmake_args' from command line to 'None'
[0.175s] Level 5:colcon.colcon_core.verb:set package 'hellocm_msgs' build argument 'cmake_target' from command line to 'None'
[0.175s] Level 5:colcon.colcon_core.verb:set package 'hellocm_msgs' build argument 'cmake_target_skip_unavailable' from command line to 'False'
[0.175s] Level 5:colcon.colcon_core.verb:set package 'hellocm_msgs' build argument 'cmake_clean_cache' from command line to 'False'
[0.175s] Level 5:colcon.colcon_core.verb:set package 'hellocm_msgs' build argument 'cmake_clean_first' from command line to 'False'
[0.175s] Level 5:colcon.colcon_core.verb:set package 'hellocm_msgs' build argument 'cmake_force_configure' from command line to 'False'
[0.176s] Level 5:colcon.colcon_core.verb:set package 'hellocm_msgs' build argument 'ament_cmake_args' from command line to 'None'
[0.176s] Level 5:colcon.colcon_core.verb:set package 'hellocm_msgs' build argument 'catkin_cmake_args' from command line to 'None'
[0.176s] Level 5:colcon.colcon_core.verb:set package 'hellocm_msgs' build argument 'catkin_skip_building_tests' from command line to 'False'
[0.176s] DEBUG:colcon.colcon_core.verb:Building package 'hellocm_msgs' with the following arguments: {'ament_cmake_args': None, 'build_base': '/home/bashesam33/FS-AI/ros2_ws/build/hellocm_msgs', 'catkin_cmake_args': None, 'catkin_skip_building_tests': False, 'cmake_args': None, 'cmake_clean_cache': False, 'cmake_clean_first': False, 'cmake_force_configure': False, 'cmake_target': None, 'cmake_target_skip_unavailable': False, 'install_base': '/home/bashesam33/FS-AI/ros2_ws/install/hellocm_msgs', 'merge_install': False, 'path': '/home/bashesam33/FS-AI/ros2_ws/src/hellocm_msgs', 'symlink_install': False, 'test_result_base': None}
[0.176s] Level 5:colcon.colcon_core.verb:set package 'vehiclecontrol_msgs' build argument 'cmake_args' from command line to 'None'
[0.176s] Level 5:colcon.colcon_core.verb:set package 'vehiclecontrol_msgs' build argument 'cmake_target' from command line to 'None'
[0.176s] Level 5:colcon.colcon_core.verb:set package 'vehiclecontrol_msgs' build argument 'cmake_target_skip_unavailable' from command line to 'False'
[0.176s] Level 5:colcon.colcon_core.verb:set package 'vehiclecontrol_msgs' build argument 'cmake_clean_cache' from command line to 'False'
[0.176s] Level 5:colcon.colcon_core.verb:set package 'vehiclecontrol_msgs' build argument 'cmake_clean_first' from command line to 'False'
[0.176s] Level 5:colcon.colcon_core.verb:set package 'vehiclecontrol_msgs' build argument 'cmake_force_configure' from command line to 'False'
[0.176s] Level 5:colcon.colcon_core.verb:set package 'vehiclecontrol_msgs' build argument 'ament_cmake_args' from command line to 'None'
[0.176s] Level 5:colcon.colcon_core.verb:set package 'vehiclecontrol_msgs' build argument 'catkin_cmake_args' from command line to 'None'
[0.176s] Level 5:colcon.colcon_core.verb:set package 'vehiclecontrol_msgs' build argument 'catkin_skip_building_tests' from command line to 'False'
[0.176s] DEBUG:colcon.colcon_core.verb:Building package 'vehiclecontrol_msgs' with the following arguments: {'ament_cmake_args': None, 'build_base': '/home/bashesam33/FS-AI/ros2_ws/build/vehiclecontrol_msgs', 'catkin_cmake_args': None, 'catkin_skip_building_tests': False, 'cmake_args': None, 'cmake_clean_cache': False, 'cmake_clean_first': False, 'cmake_force_configure': False, 'cmake_target': None, 'cmake_target_skip_unavailable': False, 'install_base': '/home/bashesam33/FS-AI/ros2_ws/install/vehiclecontrol_msgs', 'merge_install': False, 'path': '/home/bashesam33/FS-AI/ros2_ws/src/vehiclecontrol_msgs', 'symlink_install': False, 'test_result_base': None}
[0.176s] INFO:colcon.colcon_core.executor:Executing jobs using 'parallel' executor
[0.176s] DEBUG:colcon.colcon_parallel_executor.executor.parallel:run_until_complete
[0.177s] INFO:colcon.colcon_ros.task.ament_cmake.build:Building ROS package in '/home/bashesam33/FS-AI/ros2_ws/src/camera_msgs' with build type 'ament_cmake'
[0.177s] INFO:colcon.colcon_cmake.task.cmake.build:Building CMake package in '/home/bashesam33/FS-AI/ros2_ws/src/camera_msgs'
[0.178s] INFO:colcon.colcon_core.plugin_system:Skipping extension 'colcon_core.shell.bat': Not used on non-Windows systems
[0.179s] INFO:colcon.colcon_core.shell:Skip shell extension 'powershell' for command environment: Not usable outside of PowerShell
[0.179s] DEBUG:colcon.colcon_core.shell:Skip shell extension 'dsv' for command environment
[0.181s] INFO:colcon.colcon_ros.task.ament_cmake.build:Building ROS package in '/home/bashesam33/FS-AI/ros2_ws/src/hellocm_msgs' with build type 'ament_cmake'
[0.181s] INFO:colcon.colcon_cmake.task.cmake.build:Building CMake package in '/home/bashesam33/FS-AI/ros2_ws/src/hellocm_msgs'
[0.181s] INFO:colcon.colcon_core.shell:Skip shell extension 'powershell' for command environment: Not usable outside of PowerShell
[0.181s] DEBUG:colcon.colcon_core.shell:Skip shell extension 'dsv' for command environment
[0.183s] INFO:colcon.colcon_ros.task.ament_cmake.build:Building ROS package in '/home/bashesam33/FS-AI/ros2_ws/src/vehiclecontrol_msgs' with build type 'ament_cmake'
[0.183s] INFO:colcon.colcon_cmake.task.cmake.build:Building CMake package in '/home/bashesam33/FS-AI/ros2_ws/src/vehiclecontrol_msgs'
[0.183s] INFO:colcon.colcon_core.shell:Skip shell extension 'powershell' for command environment: Not usable outside of PowerShell
[0.183s] DEBUG:colcon.colcon_core.shell:Skip shell extension 'dsv' for command environment
[0.188s] DEBUG:colcon.colcon_core.event_handler.log_command:Invoking command in '/home/bashesam33/FS-AI/ros2_ws/build/camera_msgs': CMAKE_PREFIX_PATH=${CMAKE_PREFIX_PATH}:/opt/ros/jazzy DEBUGINFOD_URLS=https://debuginfod.ubuntu.com /usr/bin/cmake --build /home/bashesam33/FS-AI/ros2_ws/build/camera_msgs -- -j12 -l12
[0.189s] DEBUG:colcon.colcon_core.event_handler.log_command:Invoking command in '/home/bashesam33/FS-AI/ros2_ws/build/hellocm_msgs': CMAKE_PREFIX_PATH=${CMAKE_PREFIX_PATH}:/opt/ros/jazzy DEBUGINFOD_URLS=https://debuginfod.ubuntu.com /usr/bin/cmake --build /home/bashesam33/FS-AI/ros2_ws/build/hellocm_msgs -- -j12 -l12
[0.190s] DEBUG:colcon.colcon_core.event_handler.log_command:Invoking command in '/home/bashesam33/FS-AI/ros2_ws/build/vehiclecontrol_msgs': CMAKE_PREFIX_PATH=${CMAKE_PREFIX_PATH}:/opt/ros/jazzy DEBUGINFOD_URLS=https://debuginfod.ubuntu.com /usr/bin/cmake --build /home/bashesam33/FS-AI/ros2_ws/build/vehiclecontrol_msgs -- -j12 -l12
[3.309s] DEBUG:colcon.colcon_core.event_handler.log_command:Invoked command in '/home/bashesam33/FS-AI/ros2_ws/build/vehiclecontrol_msgs' returned '0': CMAKE_PREFIX_PATH=${CMAKE_PREFIX_PATH}:/opt/ros/jazzy DEBUGINFOD_URLS=https://debuginfod.ubuntu.com /usr/bin/cmake --build /home/bashesam33/FS-AI/ros2_ws/build/vehiclecontrol_msgs -- -j12 -l12
[3.315s] DEBUG:colcon.colcon_core.event_handler.log_command:Invoking command in '/home/bashesam33/FS-AI/ros2_ws/build/vehiclecontrol_msgs': CMAKE_PREFIX_PATH=${CMAKE_PREFIX_PATH}:/opt/ros/jazzy DEBUGINFOD_URLS=https://debuginfod.ubuntu.com /usr/bin/cmake --install /home/bashesam33/FS-AI/ros2_ws/build/vehiclecontrol_msgs
[3.365s] Level 1:colcon.colcon_core.environment:create_environment_scripts_only(vehiclecontrol_msgs)
[3.365s] DEBUG:colcon.colcon_core.event_handler.log_command:Invoked command in '/home/bashesam33/FS-AI/ros2_ws/build/vehiclecontrol_msgs' returned '0': CMAKE_PREFIX_PATH=${CMAKE_PREFIX_PATH}:/opt/ros/jazzy DEBUGINFOD_URLS=https://debuginfod.ubuntu.com /usr/bin/cmake --install /home/bashesam33/FS-AI/ros2_ws/build/vehiclecontrol_msgs
[3.367s] Level 1:colcon.colcon_core.environment:checking '/home/bashesam33/FS-AI/ros2_ws/install/vehiclecontrol_msgs' for CMake module files
[3.368s] Level 1:colcon.colcon_core.environment:checking '/home/bashesam33/FS-AI/ros2_ws/install/vehiclecontrol_msgs' for CMake config files
[3.369s] Level 1:colcon.colcon_core.shell:create_environment_hook('vehiclecontrol_msgs', 'cmake_prefix_path')
[3.370s] INFO:colcon.colcon_core.shell:Creating environment hook '/home/bashesam33/FS-AI/ros2_ws/install/vehiclecontrol_msgs/share/vehiclecontrol_msgs/hook/cmake_prefix_path.ps1'
[3.370s] INFO:colcon.colcon_core.shell:Creating environment descriptor '/home/bashesam33/FS-AI/ros2_ws/install/vehiclecontrol_msgs/share/vehiclecontrol_msgs/hook/cmake_prefix_path.dsv'
[3.371s] INFO:colcon.colcon_core.shell:Creating environment hook '/home/bashesam33/FS-AI/ros2_ws/install/vehiclecontrol_msgs/share/vehiclecontrol_msgs/hook/cmake_prefix_path.sh'
[3.372s] Level 1:colcon.colcon_core.environment:checking '/home/bashesam33/FS-AI/ros2_ws/install/vehiclecontrol_msgs/lib'
[3.372s] Level 1:colcon.colcon_core.shell:create_environment_hook('vehiclecontrol_msgs', 'ld_library_path_lib')
[3.372s] INFO:colcon.colcon_core.shell:Creating environment hook '/home/bashesam33/FS-AI/ros2_ws/install/vehiclecontrol_msgs/share/vehiclecontrol_msgs/hook/ld_library_path_lib.ps1'
[3.373s] INFO:colcon.colcon_core.shell:Creating environment descriptor '/home/bashesam33/FS-AI/ros2_ws/install/vehiclecontrol_msgs/share/vehiclecontrol_msgs/hook/ld_library_path_lib.dsv'
[3.373s] INFO:colcon.colcon_core.shell:Creating environment hook '/home/bashesam33/FS-AI/ros2_ws/install/vehiclecontrol_msgs/share/vehiclecontrol_msgs/hook/ld_library_path_lib.sh'
[3.374s] Level 1:colcon.colcon_core.environment:checking '/home/bashesam33/FS-AI/ros2_ws/install/vehiclecontrol_msgs/bin'
[3.374s] Level 1:colcon.colcon_core.environment:checking '/home/bashesam33/FS-AI/ros2_ws/install/vehiclecontrol_msgs/lib/pkgconfig/vehiclecontrol_msgs.pc'
[3.374s] Level 1:colcon.colcon_core.environment:checking '/home/bashesam33/FS-AI/ros2_ws/install/vehiclecontrol_msgs/lib/python3.12/site-packages'
[3.374s] Level 1:colcon.colcon_core.shell:create_environment_hook('vehiclecontrol_msgs', 'pythonpath')
[3.374s] INFO:colcon.colcon_core.shell:Creating environment hook '/home/bashesam33/FS-AI/ros2_ws/install/vehiclecontrol_msgs/share/vehiclecontrol_msgs/hook/pythonpath.ps1'
[3.375s] INFO:colcon.colcon_core.shell:Creating environment descriptor '/home/bashesam33/FS-AI/ros2_ws/install/vehiclecontrol_msgs/share/vehiclecontrol_msgs/hook/pythonpath.dsv'
[3.375s] INFO:colcon.colcon_core.shell:Creating environment hook '/home/bashesam33/FS-AI/ros2_ws/install/vehiclecontrol_msgs/share/vehiclecontrol_msgs/hook/pythonpath.sh'
[3.376s] Level 1:colcon.colcon_core.environment:checking '/home/bashesam33/FS-AI/ros2_ws/install/vehiclecontrol_msgs/bin'
[3.376s] INFO:colcon.colcon_core.shell:Creating package script '/home/bashesam33/FS-AI/ros2_ws/install/vehiclecontrol_msgs/share/vehiclecontrol_msgs/package.ps1'
[3.377s] INFO:colcon.colcon_core.shell:Creating package descriptor '/home/bashesam33/FS-AI/ros2_ws/install/vehiclecontrol_msgs/share/vehiclecontrol_msgs/package.dsv'
[3.378s] INFO:colcon.colcon_core.shell:Creating package script '/home/bashesam33/FS-AI/ros2_ws/install/vehiclecontrol_msgs/share/vehiclecontrol_msgs/package.sh'
[3.379s] INFO:colcon.colcon_core.shell:Creating package script '/home/bashesam33/FS-AI/ros2_ws/install/vehiclecontrol_msgs/share/vehiclecontrol_msgs/package.bash'
[3.379s] INFO:colcon.colcon_core.shell:Creating package script '/home/bashesam33/FS-AI/ros2_ws/install/vehiclecontrol_msgs/share/vehiclecontrol_msgs/package.zsh'
[3.380s] Level 1:colcon.colcon_core.environment:create_file_with_runtime_dependencies(/home/bashesam33/FS-AI/ros2_ws/install/vehiclecontrol_msgs/share/colcon-core/packages/vehiclecontrol_msgs)
[3.381s] Level 1:colcon.colcon_core.environment:create_environment_scripts_only(vehiclecontrol_msgs)
[3.381s] Level 1:colcon.colcon_core.environment:checking '/home/bashesam33/FS-AI/ros2_ws/install/vehiclecontrol_msgs' for CMake module files
[3.382s] Level 1:colcon.colcon_core.environment:checking '/home/bashesam33/FS-AI/ros2_ws/install/vehiclecontrol_msgs' for CMake config files
[3.383s] Level 1:colcon.colcon_core.shell:create_environment_hook('vehiclecontrol_msgs', 'cmake_prefix_path')
[3.383s] INFO:colcon.colcon_core.shell:Creating environment hook '/home/bashesam33/FS-AI/ros2_ws/install/vehiclecontrol_msgs/share/vehiclecontrol_msgs/hook/cmake_prefix_path.ps1'
[3.384s] INFO:colcon.colcon_core.shell:Creating environment descriptor '/home/bashesam33/FS-AI/ros2_ws/install/vehiclecontrol_msgs/share/vehiclecontrol_msgs/hook/cmake_prefix_path.dsv'
[3.384s] INFO:colcon.colcon_core.shell:Creating environment hook '/home/bashesam33/FS-AI/ros2_ws/install/vehiclecontrol_msgs/share/vehiclecontrol_msgs/hook/cmake_prefix_path.sh'
[3.385s] Level 1:colcon.colcon_core.environment:checking '/home/bashesam33/FS-AI/ros2_ws/install/vehiclecontrol_msgs/lib'
[3.385s] Level 1:colcon.colcon_core.shell:create_environment_hook('vehiclecontrol_msgs', 'ld_library_path_lib')
[3.385s] INFO:colcon.colcon_core.shell:Creating environment hook '/home/bashesam33/FS-AI/ros2_ws/install/vehiclecontrol_msgs/share/vehiclecontrol_msgs/hook/ld_library_path_lib.ps1'
[3.385s] INFO:colcon.colcon_core.shell:Creating environment descriptor '/home/bashesam33/FS-AI/ros2_ws/install/vehiclecontrol_msgs/share/vehiclecontrol_msgs/hook/ld_library_path_lib.dsv'
[3.386s] INFO:colcon.colcon_core.shell:Creating environment hook '/home/bashesam33/FS-AI/ros2_ws/install/vehiclecontrol_msgs/share/vehiclecontrol_msgs/hook/ld_library_path_lib.sh'
[3.386s] Level 1:colcon.colcon_core.environment:checking '/home/bashesam33/FS-AI/ros2_ws/install/vehiclecontrol_msgs/bin'
[3.386s] Level 1:colcon.colcon_core.environment:checking '/home/bashesam33/FS-AI/ros2_ws/install/vehiclecontrol_msgs/lib/pkgconfig/vehiclecontrol_msgs.pc'
[3.387s] Level 1:colcon.colcon_core.environment:checking '/home/bashesam33/FS-AI/ros2_ws/install/vehiclecontrol_msgs/lib/python3.12/site-packages'
[3.387s] Level 1:colcon.colcon_core.shell:create_environment_hook('vehiclecontrol_msgs', 'pythonpath')
[3.387s] INFO:colcon.colcon_core.shell:Creating environment hook '/home/bashesam33/FS-AI/ros2_ws/install/vehiclecontrol_msgs/share/vehiclecontrol_msgs/hook/pythonpath.ps1'
[3.387s] INFO:colcon.colcon_core.shell:Creating environment descriptor '/home/bashesam33/FS-AI/ros2_ws/install/vehiclecontrol_msgs/share/vehiclecontrol_msgs/hook/pythonpath.dsv'
[3.387s] INFO:colcon.colcon_core.shell:Creating environment hook '/home/bashesam33/FS-AI/ros2_ws/install/vehiclecontrol_msgs/share/vehiclecontrol_msgs/hook/pythonpath.sh'
[3.388s] Level 1:colcon.colcon_core.environment:checking '/home/bashesam33/FS-AI/ros2_ws/install/vehiclecontrol_msgs/bin'
[3.388s] INFO:colcon.colcon_core.shell:Creating package script '/home/bashesam33/FS-AI/ros2_ws/install/vehiclecontrol_msgs/share/vehiclecontrol_msgs/package.ps1'
[3.388s] INFO:colcon.colcon_core.shell:Creating package descriptor '/home/bashesam33/FS-AI/ros2_ws/install/vehiclecontrol_msgs/share/vehiclecontrol_msgs/package.dsv'
[3.389s] INFO:colcon.colcon_core.shell:Creating package script '/home/bashesam33/FS-AI/ros2_ws/install/vehiclecontrol_msgs/share/vehiclecontrol_msgs/package.sh'
[3.389s] INFO:colcon.colcon_core.shell:Creating package script '/home/bashesam33/FS-AI/ros2_ws/install/vehiclecontrol_msgs/share/vehiclecontrol_msgs/package.bash'
[3.389s] INFO:colcon.colcon_core.shell:Creating package script '/home/bashesam33/FS-AI/ros2_ws/install/vehiclecontrol_msgs/share/vehiclecontrol_msgs/package.zsh'
[3.389s] Level 1:colcon.colcon_core.environment:create_file_with_runtime_dependencies(/home/bashesam33/FS-AI/ros2_ws/install/vehiclecontrol_msgs/share/colcon-core/packages/vehiclecontrol_msgs)
[3.587s] DEBUG:colcon.colcon_core.event_handler.log_command:Invoked command in '/home/bashesam33/FS-AI/ros2_ws/build/camera_msgs' returned '0': CMAKE_PREFIX_PATH=${CMAKE_PREFIX_PATH}:/opt/ros/jazzy DEBUGINFOD_URLS=https://debuginfod.ubuntu.com /usr/bin/cmake --build /home/bashesam33/FS-AI/ros2_ws/build/camera_msgs -- -j12 -l12
[3.587s] DEBUG:colcon.colcon_core.event_handler.log_command:Invoking command in '/home/bashesam33/FS-AI/ros2_ws/build/camera_msgs': CMAKE_PREFIX_PATH=${CMAKE_PREFIX_PATH}:/opt/ros/jazzy DEBUGINFOD_URLS=https://debuginfod.ubuntu.com /usr/bin/cmake --install /home/bashesam33/FS-AI/ros2_ws/build/camera_msgs
[3.641s] Level 1:colcon.colcon_core.environment:create_environment_scripts_only(camera_msgs)
[3.641s] Level 1:colcon.colcon_core.environment:checking '/home/bashesam33/FS-AI/ros2_ws/install/camera_msgs' for CMake module files
[3.641s] DEBUG:colcon.colcon_core.event_handler.log_command:Invoked command in '/home/bashesam33/FS-AI/ros2_ws/build/camera_msgs' returned '0': CMAKE_PREFIX_PATH=${CMAKE_PREFIX_PATH}:/opt/ros/jazzy DEBUGINFOD_URLS=https://debuginfod.ubuntu.com /usr/bin/cmake --install /home/bashesam33/FS-AI/ros2_ws/build/camera_msgs
[3.641s] Level 1:colcon.colcon_core.environment:checking '/home/bashesam33/FS-AI/ros2_ws/install/camera_msgs' for CMake config files
[3.642s] Level 1:colcon.colcon_core.shell:create_environment_hook('camera_msgs', 'cmake_prefix_path')
[3.642s] INFO:colcon.colcon_core.shell:Creating environment hook '/home/bashesam33/FS-AI/ros2_ws/install/camera_msgs/share/camera_msgs/hook/cmake_prefix_path.ps1'
[3.642s] INFO:colcon.colcon_core.shell:Creating environment descriptor '/home/bashesam33/FS-AI/ros2_ws/install/camera_msgs/share/camera_msgs/hook/cmake_prefix_path.dsv'
[3.642s] INFO:colcon.colcon_core.shell:Creating environment hook '/home/bashesam33/FS-AI/ros2_ws/install/camera_msgs/share/camera_msgs/hook/cmake_prefix_path.sh'
[3.643s] Level 1:colcon.colcon_core.environment:checking '/home/bashesam33/FS-AI/ros2_ws/install/camera_msgs/lib'
[3.643s] Level 1:colcon.colcon_core.shell:create_environment_hook('camera_msgs', 'ld_library_path_lib')
[3.643s] INFO:colcon.colcon_core.shell:Creating environment hook '/home/bashesam33/FS-AI/ros2_ws/install/camera_msgs/share/camera_msgs/hook/ld_library_path_lib.ps1'
[3.643s] INFO:colcon.colcon_core.shell:Creating environment descriptor '/home/bashesam33/FS-AI/ros2_ws/install/camera_msgs/share/camera_msgs/hook/ld_library_path_lib.dsv'
[3.643s] INFO:colcon.colcon_core.shell:Creating environment hook '/home/bashesam33/FS-AI/ros2_ws/install/camera_msgs/share/camera_msgs/hook/ld_library_path_lib.sh'
[3.644s] Level 1:colcon.colcon_core.environment:checking '/home/bashesam33/FS-AI/ros2_ws/install/camera_msgs/bin'
[3.644s] Level 1:colcon.colcon_core.environment:checking '/home/bashesam33/FS-AI/ros2_ws/install/camera_msgs/lib/pkgconfig/camera_msgs.pc'
[3.644s] Level 1:colcon.colcon_core.environment:checking '/home/bashesam33/FS-AI/ros2_ws/install/camera_msgs/lib/python3.12/site-packages'
[3.644s] Level 1:colcon.colcon_core.shell:create_environment_hook('camera_msgs', 'pythonpath')
[3.644s] INFO:colcon.colcon_core.shell:Creating environment hook '/home/bashesam33/FS-AI/ros2_ws/install/camera_msgs/share/camera_msgs/hook/pythonpath.ps1'
[3.644s] INFO:colcon.colcon_core.shell:Creating environment descriptor '/home/bashesam33/FS-AI/ros2_ws/install/camera_msgs/share/camera_msgs/hook/pythonpath.dsv'
[3.644s] INFO:colcon.colcon_core.shell:Creating environment hook '/home/bashesam33/FS-AI/ros2_ws/install/camera_msgs/share/camera_msgs/hook/pythonpath.sh'
[3.645s] Level 1:colcon.colcon_core.environment:checking '/home/bashesam33/FS-AI/ros2_ws/install/camera_msgs/bin'
[3.645s] INFO:colcon.colcon_core.shell:Creating package script '/home/bashesam33/FS-AI/ros2_ws/install/camera_msgs/share/camera_msgs/package.ps1'
[3.645s] INFO:colcon.colcon_core.shell:Creating package descriptor '/home/bashesam33/FS-AI/ros2_ws/install/camera_msgs/share/camera_msgs/package.dsv'
[3.645s] INFO:colcon.colcon_core.shell:Creating package script '/home/bashesam33/FS-AI/ros2_ws/install/camera_msgs/share/camera_msgs/package.sh'
[3.646s] INFO:colcon.colcon_core.shell:Creating package script '/home/bashesam33/FS-AI/ros2_ws/install/camera_msgs/share/camera_msgs/package.bash'
[3.646s] INFO:colcon.colcon_core.shell:Creating package script '/home/bashesam33/FS-AI/ros2_ws/install/camera_msgs/share/camera_msgs/package.zsh'
[3.646s] Level 1:colcon.colcon_core.environment:create_file_with_runtime_dependencies(/home/bashesam33/FS-AI/ros2_ws/install/camera_msgs/share/colcon-core/packages/camera_msgs)
[3.646s] Level 1:colcon.colcon_core.environment:create_environment_scripts_only(camera_msgs)
[3.646s] Level 1:colcon.colcon_core.environment:checking '/home/bashesam33/FS-AI/ros2_ws/install/camera_msgs' for CMake module files
[3.647s] Level 1:colcon.colcon_core.environment:checking '/home/bashesam33/FS-AI/ros2_ws/install/camera_msgs' for CMake config files
[3.647s] Level 1:colcon.colcon_core.shell:create_environment_hook('camera_msgs', 'cmake_prefix_path')
[3.647s] INFO:colcon.colcon_core.shell:Creating environment hook '/home/bashesam33/FS-AI/ros2_ws/install/camera_msgs/share/camera_msgs/hook/cmake_prefix_path.ps1'
[3.647s] INFO:colcon.colcon_core.shell:Creating environment descriptor '/home/bashesam33/FS-AI/ros2_ws/install/camera_msgs/share/camera_msgs/hook/cmake_prefix_path.dsv'
[3.648s] INFO:colcon.colcon_core.shell:Creating environment hook '/home/bashesam33/FS-AI/ros2_ws/install/camera_msgs/share/camera_msgs/hook/cmake_prefix_path.sh'
[3.648s] Level 1:colcon.colcon_core.environment:checking '/home/bashesam33/FS-AI/ros2_ws/install/camera_msgs/lib'
[3.648s] Level 1:colcon.colcon_core.shell:create_environment_hook('camera_msgs', 'ld_library_path_lib')
[3.648s] INFO:colcon.colcon_core.shell:Creating environment hook '/home/bashesam33/FS-AI/ros2_ws/install/camera_msgs/share/camera_msgs/hook/ld_library_path_lib.ps1'
[3.648s] INFO:colcon.colcon_core.shell:Creating environment descriptor '/home/bashesam33/FS-AI/ros2_ws/install/camera_msgs/share/camera_msgs/hook/ld_library_path_lib.dsv'
[3.648s] INFO:colcon.colcon_core.shell:Creating environment hook '/home/bashesam33/FS-AI/ros2_ws/install/camera_msgs/share/camera_msgs/hook/ld_library_path_lib.sh'
[3.649s] Level 1:colcon.colcon_core.environment:checking '/home/bashesam33/FS-AI/ros2_ws/install/camera_msgs/bin'
[3.649s] Level 1:colcon.colcon_core.environment:checking '/home/bashesam33/FS-AI/ros2_ws/install/camera_msgs/lib/pkgconfig/camera_msgs.pc'
[3.649s] Level 1:colcon.colcon_core.environment:checking '/home/bashesam33/FS-AI/ros2_ws/install/camera_msgs/lib/python3.12/site-packages'
[3.649s] Level 1:colcon.colcon_core.shell:create_environment_hook('camera_msgs', 'pythonpath')
[3.649s] INFO:colcon.colcon_core.shell:Creating environment hook '/home/bashesam33/FS-AI/ros2_ws/install/camera_msgs/share/camera_msgs/hook/pythonpath.ps1'
[3.649s] INFO:colcon.colcon_core.shell:Creating environment descriptor '/home/bashesam33/FS-AI/ros2_ws/install/camera_msgs/share/camera_msgs/hook/pythonpath.dsv'
[3.649s] INFO:colcon.colcon_core.shell:Creating environment hook '/home/bashesam33/FS-AI/ros2_ws/install/camera_msgs/share/camera_msgs/hook/pythonpath.sh'
[3.650s] Level 1:colcon.colcon_core.environment:checking '/home/bashesam33/FS-AI/ros2_ws/install/camera_msgs/bin'
[3.650s] INFO:colcon.colcon_core.shell:Creating package script '/home/bashesam33/FS-AI/ros2_ws/install/camera_msgs/share/camera_msgs/package.ps1'
[3.650s] INFO:colcon.colcon_core.shell:Creating package descriptor '/home/bashesam33/FS-AI/ros2_ws/install/camera_msgs/share/camera_msgs/package.dsv'
[3.650s] INFO:colcon.colcon_core.shell:Creating package script '/home/bashesam33/FS-AI/ros2_ws/install/camera_msgs/share/camera_msgs/package.sh'
[3.651s] INFO:colcon.colcon_core.shell:Creating package script '/home/bashesam33/FS-AI/ros2_ws/install/camera_msgs/share/camera_msgs/package.bash'
[3.651s] INFO:colcon.colcon_core.shell:Creating package script '/home/bashesam33/FS-AI/ros2_ws/install/camera_msgs/share/camera_msgs/package.zsh'
[3.651s] Level 1:colcon.colcon_core.environment:create_file_with_runtime_dependencies(/home/bashesam33/FS-AI/ros2_ws/install/camera_msgs/share/colcon-core/packages/camera_msgs)
[4.011s] DEBUG:colcon.colcon_core.event_handler.log_command:Invoked command in '/home/bashesam33/FS-AI/ros2_ws/build/hellocm_msgs' returned '0': CMAKE_PREFIX_PATH=${CMAKE_PREFIX_PATH}:/opt/ros/jazzy DEBUGINFOD_URLS=https://debuginfod.ubuntu.com /usr/bin/cmake --build /home/bashesam33/FS-AI/ros2_ws/build/hellocm_msgs -- -j12 -l12
[4.011s] DEBUG:colcon.colcon_core.event_handler.log_command:Invoking command in '/home/bashesam33/FS-AI/ros2_ws/build/hellocm_msgs': CMAKE_PREFIX_PATH=${CMAKE_PREFIX_PATH}:/opt/ros/jazzy DEBUGINFOD_URLS=https://debuginfod.ubuntu.com /usr/bin/cmake --install /home/bashesam33/FS-AI/ros2_ws/build/hellocm_msgs
[4.065s] Level 1:colcon.colcon_core.environment:create_environment_scripts_only(hellocm_msgs)
[4.066s] Level 1:colcon.colcon_core.environment:checking '/home/bashesam33/FS-AI/ros2_ws/install/hellocm_msgs' for CMake module files
[4.066s] DEBUG:colcon.colcon_core.event_handler.log_command:Invoked command in '/home/bashesam33/FS-AI/ros2_ws/build/hellocm_msgs' returned '0': CMAKE_PREFIX_PATH=${CMAKE_PREFIX_PATH}:/opt/ros/jazzy DEBUGINFOD_URLS=https://debuginfod.ubuntu.com /usr/bin/cmake --install /home/bashesam33/FS-AI/ros2_ws/build/hellocm_msgs
[4.066s] Level 1:colcon.colcon_core.environment:checking '/home/bashesam33/FS-AI/ros2_ws/install/hellocm_msgs' for CMake config files
[4.067s] Level 1:colcon.colcon_core.shell:create_environment_hook('hellocm_msgs', 'cmake_prefix_path')
[4.067s] INFO:colcon.colcon_core.shell:Creating environment hook '/home/bashesam33/FS-AI/ros2_ws/install/hellocm_msgs/share/hellocm_msgs/hook/cmake_prefix_path.ps1'
[4.067s] INFO:colcon.colcon_core.shell:Creating environment descriptor '/home/bashesam33/FS-AI/ros2_ws/install/hellocm_msgs/share/hellocm_msgs/hook/cmake_prefix_path.dsv'
[4.067s] INFO:colcon.colcon_core.shell:Creating environment hook '/home/bashesam33/FS-AI/ros2_ws/install/hellocm_msgs/share/hellocm_msgs/hook/cmake_prefix_path.sh'
[4.068s] Level 1:colcon.colcon_core.environment:checking '/home/bashesam33/FS-AI/ros2_ws/install/hellocm_msgs/lib'
[4.068s] Level 1:colcon.colcon_core.shell:create_environment_hook('hellocm_msgs', 'ld_library_path_lib')
[4.068s] INFO:colcon.colcon_core.shell:Creating environment hook '/home/bashesam33/FS-AI/ros2_ws/install/hellocm_msgs/share/hellocm_msgs/hook/ld_library_path_lib.ps1'
[4.068s] INFO:colcon.colcon_core.shell:Creating environment descriptor '/home/bashesam33/FS-AI/ros2_ws/install/hellocm_msgs/share/hellocm_msgs/hook/ld_library_path_lib.dsv'
[4.068s] INFO:colcon.colcon_core.shell:Creating environment hook '/home/bashesam33/FS-AI/ros2_ws/install/hellocm_msgs/share/hellocm_msgs/hook/ld_library_path_lib.sh'
[4.069s] Level 1:colcon.colcon_core.environment:checking '/home/bashesam33/FS-AI/ros2_ws/install/hellocm_msgs/bin'
[4.069s] Level 1:colcon.colcon_core.environment:checking '/home/bashesam33/FS-AI/ros2_ws/install/hellocm_msgs/lib/pkgconfig/hellocm_msgs.pc'
[4.069s] Level 1:colcon.colcon_core.environment:checking '/home/bashesam33/FS-AI/ros2_ws/install/hellocm_msgs/lib/python3.12/site-packages'
[4.069s] Level 1:colcon.colcon_core.shell:create_environment_hook('hellocm_msgs', 'pythonpath')
[4.069s] INFO:colcon.colcon_core.shell:Creating environment hook '/home/bashesam33/FS-AI/ros2_ws/install/hellocm_msgs/share/hellocm_msgs/hook/pythonpath.ps1'
[4.069s] INFO:colcon.colcon_core.shell:Creating environment descriptor '/home/bashesam33/FS-AI/ros2_ws/install/hellocm_msgs/share/hellocm_msgs/hook/pythonpath.dsv'
[4.069s] INFO:colcon.colcon_core.shell:Creating environment hook '/home/bashesam33/FS-AI/ros2_ws/install/hellocm_msgs/share/hellocm_msgs/hook/pythonpath.sh'
[4.070s] Level 1:colcon.colcon_core.environment:checking '/home/bashesam33/FS-AI/ros2_ws/install/hellocm_msgs/bin'
[4.070s] INFO:colcon.colcon_core.shell:Creating package script '/home/bashesam33/FS-AI/ros2_ws/install/hellocm_msgs/share/hellocm_msgs/package.ps1'
[4.070s] INFO:colcon.colcon_core.shell:Creating package descriptor '/home/bashesam33/FS-AI/ros2_ws/install/hellocm_msgs/share/hellocm_msgs/package.dsv'
[4.071s] INFO:colcon.colcon_core.shell:Creating package script '/home/bashesam33/FS-AI/ros2_ws/install/hellocm_msgs/share/hellocm_msgs/package.sh'
[4.071s] INFO:colcon.colcon_core.shell:Creating package script '/home/bashesam33/FS-AI/ros2_ws/install/hellocm_msgs/share/hellocm_msgs/package.bash'
[4.071s] INFO:colcon.colcon_core.shell:Creating package script '/home/bashesam33/FS-AI/ros2_ws/install/hellocm_msgs/share/hellocm_msgs/package.zsh'
[4.071s] Level 1:colcon.colcon_core.environment:create_file_with_runtime_dependencies(/home/bashesam33/FS-AI/ros2_ws/install/hellocm_msgs/share/colcon-core/packages/hellocm_msgs)
[4.071s] Level 1:colcon.colcon_core.environment:create_environment_scripts_only(hellocm_msgs)
[4.072s] Level 1:colcon.colcon_core.environment:checking '/home/bashesam33/FS-AI/ros2_ws/install/hellocm_msgs' for CMake module files
[4.072s] Level 1:colcon.colcon_core.environment:checking '/home/bashesam33/FS-AI/ros2_ws/install/hellocm_msgs' for CMake config files
[4.072s] Level 1:colcon.colcon_core.shell:create_environment_hook('hellocm_msgs', 'cmake_prefix_path')
[4.072s] INFO:colcon.colcon_core.shell:Creating environment hook '/home/bashesam33/FS-AI/ros2_ws/install/hellocm_msgs/share/hellocm_msgs/hook/cmake_prefix_path.ps1'
[4.073s] INFO:colcon.colcon_core.shell:Creating environment descriptor '/home/bashesam33/FS-AI/ros2_ws/install/hellocm_msgs/share/hellocm_msgs/hook/cmake_prefix_path.dsv'
[4.073s] INFO:colcon.colcon_core.shell:Creating environment hook '/home/bashesam33/FS-AI/ros2_ws/install/hellocm_msgs/share/hellocm_msgs/hook/cmake_prefix_path.sh'
[4.073s] Level 1:colcon.colcon_core.environment:checking '/home/bashesam33/FS-AI/ros2_ws/install/hellocm_msgs/lib'
[4.073s] Level 1:colcon.colcon_core.shell:create_environment_hook('hellocm_msgs', 'ld_library_path_lib')
[4.073s] INFO:colcon.colcon_core.shell:Creating environment hook '/home/bashesam33/FS-AI/ros2_ws/install/hellocm_msgs/share/hellocm_msgs/hook/ld_library_path_lib.ps1'
[4.074s] INFO:colcon.colcon_core.shell:Creating environment descriptor '/home/bashesam33/FS-AI/ros2_ws/install/hellocm_msgs/share/hellocm_msgs/hook/ld_library_path_lib.dsv'
[4.074s] INFO:colcon.colcon_core.shell:Creating environment hook '/home/bashesam33/FS-AI/ros2_ws/install/hellocm_msgs/share/hellocm_msgs/hook/ld_library_path_lib.sh'
[4.074s] Level 1:colcon.colcon_core.environment:checking '/home/bashesam33/FS-AI/ros2_ws/install/hellocm_msgs/bin'
[4.074s] Level 1:colcon.colcon_core.environment:checking '/home/bashesam33/FS-AI/ros2_ws/install/hellocm_msgs/lib/pkgconfig/hellocm_msgs.pc'
[4.074s] Level 1:colcon.colcon_core.environment:checking '/home/bashesam33/FS-AI/ros2_ws/install/hellocm_msgs/lib/python3.12/site-packages'
[4.074s] Level 1:colcon.colcon_core.shell:create_environment_hook('hellocm_msgs', 'pythonpath')
[4.074s] INFO:colcon.colcon_core.shell:Creating environment hook '/home/bashesam33/FS-AI/ros2_ws/install/hellocm_msgs/share/hellocm_msgs/hook/pythonpath.ps1'
[4.075s] INFO:colcon.colcon_core.shell:Creating environment descriptor '/home/bashesam33/FS-AI/ros2_ws/install/hellocm_msgs/share/hellocm_msgs/hook/pythonpath.dsv'
[4.075s] INFO:colcon.colcon_core.shell:Creating environment hook '/home/bashesam33/FS-AI/ros2_ws/install/hellocm_msgs/share/hellocm_msgs/hook/pythonpath.sh'
[4.075s] Level 1:colcon.colcon_core.environment:checking '/home/bashesam33/FS-AI/ros2_ws/install/hellocm_msgs/bin'
[4.075s] INFO:colcon.colcon_core.shell:Creating package script '/home/bashesam33/FS-AI/ros2_ws/install/hellocm_msgs/share/hellocm_msgs/package.ps1'
[4.076s] INFO:colcon.colcon_core.shell:Creating package descriptor '/home/bashesam33/FS-AI/ros2_ws/install/hellocm_msgs/share/hellocm_msgs/package.dsv'
[4.076s] INFO:colcon.colcon_core.shell:Creating package script '/home/bashesam33/FS-AI/ros2_ws/install/hellocm_msgs/share/hellocm_msgs/package.sh'
[4.076s] INFO:colcon.colcon_core.shell:Creating package script '/home/bashesam33/FS-AI/ros2_ws/install/hellocm_msgs/share/hellocm_msgs/package.bash'
[4.076s] INFO:colcon.colcon_core.shell:Creating package script '/home/bashesam33/FS-AI/ros2_ws/install/hellocm_msgs/share/hellocm_msgs/package.zsh'
[4.077s] Level 1:colcon.colcon_core.environment:create_file_with_runtime_dependencies(/home/bashesam33/FS-AI/ros2_ws/install/hellocm_msgs/share/colcon-core/packages/hellocm_msgs)
[4.077s] DEBUG:colcon.colcon_parallel_executor.executor.parallel:closing loop
[4.077s] DEBUG:colcon.colcon_parallel_executor.executor.parallel:loop closed
[4.077s] DEBUG:colcon.colcon_parallel_executor.executor.parallel:run_until_complete finished with '0'
[4.077s] DEBUG:colcon.colcon_core.event_reactor:joining thread
[4.081s] INFO:colcon.colcon_core.plugin_system:Skipping extension 'colcon_notification.desktop_notification.terminal_notifier': Not used on non-Darwin systems
[4.081s] INFO:colcon.colcon_core.plugin_system:Skipping extension 'colcon_notification.desktop_notification.win32': Not used on non-Windows systems
[4.081s] INFO:colcon.colcon_notification.desktop_notification:Sending desktop notification using 'notify2'
[4.081s] DEBUG:colcon.colcon_notification.desktop_notification.notify2:Failed to initialize notify2: org.freedesktop.DBus.Error.AccessDenied: Failed to connect to socket /run/user/1000/bus: Operation not permitted
[4.081s] DEBUG:colcon.colcon_core.event_reactor:joined thread
[4.081s] INFO:colcon.colcon_core.shell:Creating prefix script '/home/bashesam33/FS-AI/ros2_ws/install/local_setup.ps1'
[4.082s] INFO:colcon.colcon_core.shell:Creating prefix util module '/home/bashesam33/FS-AI/ros2_ws/install/_local_setup_util_ps1.py'
[4.082s] INFO:colcon.colcon_core.shell:Creating prefix chain script '/home/bashesam33/FS-AI/ros2_ws/install/setup.ps1'
[4.083s] INFO:colcon.colcon_core.shell:Creating prefix script '/home/bashesam33/FS-AI/ros2_ws/install/local_setup.sh'
[4.083s] INFO:colcon.colcon_core.shell:Creating prefix util module '/home/bashesam33/FS-AI/ros2_ws/install/_local_setup_util_sh.py'
[4.084s] INFO:colcon.colcon_core.shell:Creating prefix chain script '/home/bashesam33/FS-AI/ros2_ws/install/setup.sh'
[4.084s] INFO:colcon.colcon_core.shell:Creating prefix script '/home/bashesam33/FS-AI/ros2_ws/install/local_setup.bash'
[4.084s] INFO:colcon.colcon_core.shell:Creating prefix chain script '/home/bashesam33/FS-AI/ros2_ws/install/setup.bash'
[4.085s] INFO:colcon.colcon_core.shell:Creating prefix script '/home/bashesam33/FS-AI/ros2_ws/install/local_setup.zsh'
[4.085s] INFO:colcon.colcon_core.shell:Creating prefix chain script '/home/bashesam33/FS-AI/ros2_ws/install/setup.zsh'
