[0.014s] Invoking command in '/home/mdxfsai/FS_autonomous/ros/ros2_ws/build/vehiclecontrol_msgs': CMAKE_PREFIX_PATH=/opt/ros/humble /usr/bin/cmake /home/mdxfsai/FS_autonomous/ros/ros2_ws/src/vehiclecontrol_msgs -DAMENT_CMAKE_SYMLINK_INSTALL=1 -DCMAKE_INSTALL_PREFIX=/home/mdxfsai/FS_autonomous/ros/ros2_ws/install/vehiclecontrol_msgs
[0.077s] -- The C compiler identification is GNU 11.4.0
[0.138s] -- The CXX compiler identification is GNU 11.4.0
[0.146s] -- Detecting C compiler ABI info
[0.233s] -- Detecting C compiler ABI info - done
[0.241s] -- Check for working C compiler: /usr/bin/cc - skipped
[0.241s] -- Detecting C compile features
[0.241s] -- Detecting C compile features - done
[0.244s] -- Detecting CXX compiler ABI info
[0.336s] -- Detecting CXX compiler ABI info - done
[0.344s] -- Check for working CXX compiler: /usr/bin/c++ - skipped
[0.344s] -- Detecting CXX compile features
[0.345s] -- Detecting CXX compile features - done
[0.346s] -- Found ament_cmake: 1.3.12 (/opt/ros/humble/share/ament_cmake/cmake)
[0.512s] -- Found Python3: /usr/bin/python3 (found version "3.10.12") found components: Interpreter 
[0.580s] -- Override CMake install command with custom implementation using symlinks instead of copying resources
[0.611s] -- Found rosidl_default_generators: 1.2.0 (/opt/ros/humble/share/rosidl_default_generators/cmake)
[0.613s] -- Using all available rosidl_typesupport_c: rosidl_typesupport_fastrtps_c;rosidl_typesupport_introspection_c
[0.618s] -- Found rosidl_adapter: 3.1.8 (/opt/ros/humble/share/rosidl_adapter/cmake)
[0.655s] -- Using all available rosidl_typesupport_cpp: rosidl_typesupport_fastrtps_cpp;rosidl_typesupport_introspection_cpp
[0.686s] -- Found std_msgs: 4.9.0 (/opt/ros/humble/share/std_msgs/cmake)
[1.011s] -- Found ament_cmake_ros: 0.10.0 (/opt/ros/humble/share/ament_cmake_ros/cmake)
[1.247s] -- Using all available rosidl_typesupport_c: rosidl_typesupport_fastrtps_c;rosidl_typesupport_introspection_c
[1.550s] -- Using all available rosidl_typesupport_cpp: rosidl_typesupport_fastrtps_cpp;rosidl_typesupport_introspection_cpp
[1.574s] -- Found PythonInterp: /usr/bin/python3 (found suitable version "3.10.12", minimum required is "3.6") 
[1.575s] -- Found python_cmake_module: 0.10.0 (/opt/ros/humble/share/python_cmake_module/cmake)
[1.604s] -- Found PythonLibs: /usr/lib/x86_64-linux-gnu/libpython3.10.so (found suitable version "3.10.12", minimum required is "3.5") 
[1.605s] -- Using PYTHON_EXECUTABLE: /usr/bin/python3
[1.605s] -- Using PYTHON_INCLUDE_DIRS: /usr/include/python3.10
[1.605s] -- Using PYTHON_LIBRARIES: /usr/lib/x86_64-linux-gnu/libpython3.10.so
[1.627s] -- Found PythonExtra: .so  
[1.677s] -- Found ament_lint_auto: 0.12.14 (/opt/ros/humble/share/ament_lint_auto/cmake)
[1.694s] -- Added test 'copyright' to check source files copyright and LICENSE
[1.695s] -- Added test 'lint_cmake' to check CMake code style
[1.696s] -- Added test 'xmllint' to check XML markup files
[1.699s] -- Configuring done
[1.738s] -- Generating done
[1.749s] -- Build files have been written to: /home/mdxfsai/FS_autonomous/ros/ros2_ws/build/vehiclecontrol_msgs
