[0.011s] Invoking command in '/home/bashesam33/FS-AI/ros2_ws/build/camera_msgs': CMAKE_PREFIX_PATH=${CMAKE_PREFIX_PATH}:/opt/ros/jazzy DEBUGINFOD_URLS=https://debuginfod.ubuntu.com /usr/bin/cmake --build /home/bashesam33/FS-AI/ros2_ws/build/camera_msgs -- -j12 -l12
[0.045s] [  2%] Built target camera_msgs__rosidl_generator_type_description
[0.057s] [  2%] Built target ament_cmake_python_copy_camera_msgs
[0.065s] [ 20%] Built target camera_msgs__rosidl_generator_c
[0.065s] [ 22%] Built target camera_msgs__cpp
[0.105s] [ 31%] Built target camera_msgs__rosidl_typesupport_c
[0.113s] [ 43%] Built target camera_msgs__rosidl_typesupport_fastrtps_cpp
[0.113s] [ 50%] Built target camera_msgs__rosidl_typesupport_introspection_c
[0.116s] [ 59%] Built target camera_msgs__rosidl_typesupport_introspection_cpp
[0.117s] [ 68%] Built target camera_msgs__rosidl_typesupport_fastrtps_c
[0.132s] [ 77%] Built target camera_msgs__rosidl_typesupport_cpp
[0.153s] [ 77%] Built target camera_msgs
[0.172s] [ 79%] Built target camera_msgs__py
[0.192s] [ 86%] Built target camera_msgs__rosidl_generator_py
[0.210s] [ 90%] Built target camera_msgs_s__rosidl_typesupport_introspection_c
[0.211s] [ 97%] Built target camera_msgs_s__rosidl_typesupport_fastrtps_c
[0.212s] [100%] Built target camera_msgs_s__rosidl_typesupport_c
[0.246s] running egg_info
[0.258s] writing camera_msgs.egg-info/PKG-INFO
[0.258s] writing dependency_links to camera_msgs.egg-info/dependency_links.txt
[0.258s] writing top-level names to camera_msgs.egg-info/top_level.txt
[0.292s] reading manifest file 'camera_msgs.egg-info/SOURCES.txt'
[0.293s] writing manifest file 'camera_msgs.egg-info/SOURCES.txt'
[0.315s] [100%] Built target ament_cmake_python_build_camera_msgs_egg
[0.324s] Invoked command in '/home/bashesam33/FS-AI/ros2_ws/build/camera_msgs' returned '0': CMAKE_PREFIX_PATH=${CMAKE_PREFIX_PATH}:/opt/ros/jazzy DEBUGINFOD_URLS=https://debuginfod.ubuntu.com /usr/bin/cmake --build /home/bashesam33/FS-AI/ros2_ws/build/camera_msgs -- -j12 -l12
[0.332s] Invoking command in '/home/bashesam33/FS-AI/ros2_ws/build/camera_msgs': CMAKE_PREFIX_PATH=${CMAKE_PREFIX_PATH}:/opt/ros/jazzy DEBUGINFOD_URLS=https://debuginfod.ubuntu.com /usr/bin/cmake --install /home/bashesam33/FS-AI/ros2_ws/build/camera_msgs
[0.340s] -- Install configuration: ""
[0.341s] -- Up-to-date: /home/bashesam33/FS-AI/ros2_ws/install/camera_msgs/share/ament_index/resource_index/rosidl_interfaces/camera_msgs
[0.341s] -- Up-to-date: /home/bashesam33/FS-AI/ros2_ws/install/camera_msgs/share/camera_msgs/msg/CameraDetection.json
[0.341s] -- Up-to-date: /home/bashesam33/FS-AI/ros2_ws/install/camera_msgs/share/camera_msgs/msg/CameraDetectionArray.json
[0.341s] -- Up-to-date: /home/bashesam33/FS-AI/ros2_ws/install/camera_msgs/include/camera_msgs/camera_msgs
[0.342s] -- Up-to-date: /home/bashesam33/FS-AI/ros2_ws/install/camera_msgs/include/camera_msgs/camera_msgs/msg
[0.342s] -- Up-to-date: /home/bashesam33/FS-AI/ros2_ws/install/camera_msgs/include/camera_msgs/camera_msgs/msg/camera_detection_array.h
[0.342s] -- Up-to-date: /home/bashesam33/FS-AI/ros2_ws/install/camera_msgs/include/camera_msgs/camera_msgs/msg/detail
[0.342s] -- Up-to-date: /home/bashesam33/FS-AI/ros2_ws/install/camera_msgs/include/camera_msgs/camera_msgs/msg/detail/camera_detection__type_support.c
[0.342s] -- Up-to-date: /home/bashesam33/FS-AI/ros2_ws/install/camera_msgs/include/camera_msgs/camera_msgs/msg/detail/camera_detection_array__functions.c
[0.342s] -- Up-to-date: /home/bashesam33/FS-AI/ros2_ws/install/camera_msgs/include/camera_msgs/camera_msgs/msg/detail/camera_detection_array__description.c
[0.342s] -- Up-to-date: /home/bashesam33/FS-AI/ros2_ws/install/camera_msgs/include/camera_msgs/camera_msgs/msg/detail/camera_detection__functions.h
[0.342s] -- Up-to-date: /home/bashesam33/FS-AI/ros2_ws/install/camera_msgs/include/camera_msgs/camera_msgs/msg/detail/camera_detection_array__type_support.h
[0.343s] -- Up-to-date: /home/bashesam33/FS-AI/ros2_ws/install/camera_msgs/include/camera_msgs/camera_msgs/msg/detail/camera_detection__description.c
[0.343s] -- Up-to-date: /home/bashesam33/FS-AI/ros2_ws/install/camera_msgs/include/camera_msgs/camera_msgs/msg/detail/camera_detection_array__functions.h
[0.343s] -- Up-to-date: /home/bashesam33/FS-AI/ros2_ws/install/camera_msgs/include/camera_msgs/camera_msgs/msg/detail/camera_detection__struct.h
[0.343s] -- Up-to-date: /home/bashesam33/FS-AI/ros2_ws/install/camera_msgs/include/camera_msgs/camera_msgs/msg/detail/camera_detection__type_support.h
[0.343s] -- Up-to-date: /home/bashesam33/FS-AI/ros2_ws/install/camera_msgs/include/camera_msgs/camera_msgs/msg/detail/camera_detection_array__type_support.c
[0.343s] -- Up-to-date: /home/bashesam33/FS-AI/ros2_ws/install/camera_msgs/include/camera_msgs/camera_msgs/msg/detail/camera_detection_array__struct.h
[0.343s] -- Up-to-date: /home/bashesam33/FS-AI/ros2_ws/install/camera_msgs/include/camera_msgs/camera_msgs/msg/detail/camera_detection__functions.c
[0.343s] -- Up-to-date: /home/bashesam33/FS-AI/ros2_ws/install/camera_msgs/include/camera_msgs/camera_msgs/msg/rosidl_generator_c__visibility_control.h
[0.343s] -- Up-to-date: /home/bashesam33/FS-AI/ros2_ws/install/camera_msgs/include/camera_msgs/camera_msgs/msg/camera_detection.h
[0.343s] -- Up-to-date: /home/bashesam33/FS-AI/ros2_ws/install/camera_msgs/share/camera_msgs/environment/library_path.sh
[0.343s] -- Up-to-date: /home/bashesam33/FS-AI/ros2_ws/install/camera_msgs/share/camera_msgs/environment/library_path.dsv
[0.344s] -- Up-to-date: /home/bashesam33/FS-AI/ros2_ws/install/camera_msgs/lib/libcamera_msgs__rosidl_generator_c.so
[0.344s] -- Up-to-date: /home/bashesam33/FS-AI/ros2_ws/install/camera_msgs/include/camera_msgs/camera_msgs
[0.344s] -- Up-to-date: /home/bashesam33/FS-AI/ros2_ws/install/camera_msgs/include/camera_msgs/camera_msgs/msg
[0.344s] -- Up-to-date: /home/bashesam33/FS-AI/ros2_ws/install/camera_msgs/include/camera_msgs/camera_msgs/msg/rosidl_typesupport_fastrtps_c__visibility_control.h
[0.344s] -- Up-to-date: /home/bashesam33/FS-AI/ros2_ws/install/camera_msgs/include/camera_msgs/camera_msgs/msg/detail
[0.344s] -- Up-to-date: /home/bashesam33/FS-AI/ros2_ws/install/camera_msgs/include/camera_msgs/camera_msgs/msg/detail/camera_detection_array__rosidl_typesupport_fastrtps_c.h
[0.344s] -- Up-to-date: /home/bashesam33/FS-AI/ros2_ws/install/camera_msgs/include/camera_msgs/camera_msgs/msg/detail/camera_detection__rosidl_typesupport_fastrtps_c.h
[0.344s] -- Up-to-date: /home/bashesam33/FS-AI/ros2_ws/install/camera_msgs/lib/libcamera_msgs__rosidl_typesupport_fastrtps_c.so
[0.344s] -- Up-to-date: /home/bashesam33/FS-AI/ros2_ws/install/camera_msgs/include/camera_msgs/camera_msgs
[0.344s] -- Up-to-date: /home/bashesam33/FS-AI/ros2_ws/install/camera_msgs/include/camera_msgs/camera_msgs/msg
[0.344s] -- Up-to-date: /home/bashesam33/FS-AI/ros2_ws/install/camera_msgs/include/camera_msgs/camera_msgs/msg/detail
[0.344s] -- Up-to-date: /home/bashesam33/FS-AI/ros2_ws/install/camera_msgs/include/camera_msgs/camera_msgs/msg/detail/camera_detection__type_support.c
[0.345s] -- Up-to-date: /home/bashesam33/FS-AI/ros2_ws/install/camera_msgs/include/camera_msgs/camera_msgs/msg/detail/camera_detection_array__rosidl_typesupport_introspection_c.h
[0.345s] -- Up-to-date: /home/bashesam33/FS-AI/ros2_ws/install/camera_msgs/include/camera_msgs/camera_msgs/msg/detail/camera_detection_array__type_support.c
[0.345s] -- Up-to-date: /home/bashesam33/FS-AI/ros2_ws/install/camera_msgs/include/camera_msgs/camera_msgs/msg/detail/camera_detection__rosidl_typesupport_introspection_c.h
[0.345s] -- Up-to-date: /home/bashesam33/FS-AI/ros2_ws/install/camera_msgs/include/camera_msgs/camera_msgs/msg/rosidl_typesupport_introspection_c__visibility_control.h
[0.345s] -- Up-to-date: /home/bashesam33/FS-AI/ros2_ws/install/camera_msgs/lib/libcamera_msgs__rosidl_typesupport_introspection_c.so
[0.345s] -- Up-to-date: /home/bashesam33/FS-AI/ros2_ws/install/camera_msgs/lib/libcamera_msgs__rosidl_typesupport_c.so
[0.345s] -- Up-to-date: /home/bashesam33/FS-AI/ros2_ws/install/camera_msgs/include/camera_msgs/camera_msgs
[0.345s] -- Up-to-date: /home/bashesam33/FS-AI/ros2_ws/install/camera_msgs/include/camera_msgs/camera_msgs/msg
[0.345s] -- Up-to-date: /home/bashesam33/FS-AI/ros2_ws/install/camera_msgs/include/camera_msgs/camera_msgs/msg/detail
[0.345s] -- Up-to-date: /home/bashesam33/FS-AI/ros2_ws/install/camera_msgs/include/camera_msgs/camera_msgs/msg/detail/camera_detection__struct.hpp
[0.345s] -- Up-to-date: /home/bashesam33/FS-AI/ros2_ws/install/camera_msgs/include/camera_msgs/camera_msgs/msg/detail/camera_detection_array__struct.hpp
[0.345s] -- Up-to-date: /home/bashesam33/FS-AI/ros2_ws/install/camera_msgs/include/camera_msgs/camera_msgs/msg/detail/camera_detection_array__traits.hpp
[0.345s] -- Up-to-date: /home/bashesam33/FS-AI/ros2_ws/install/camera_msgs/include/camera_msgs/camera_msgs/msg/detail/camera_detection_array__builder.hpp
[0.345s] -- Up-to-date: /home/bashesam33/FS-AI/ros2_ws/install/camera_msgs/include/camera_msgs/camera_msgs/msg/detail/camera_detection__builder.hpp
[0.345s] -- Up-to-date: /home/bashesam33/FS-AI/ros2_ws/install/camera_msgs/include/camera_msgs/camera_msgs/msg/detail/camera_detection__traits.hpp
[0.345s] -- Up-to-date: /home/bashesam33/FS-AI/ros2_ws/install/camera_msgs/include/camera_msgs/camera_msgs/msg/detail/camera_detection__type_support.hpp
[0.346s] -- Up-to-date: /home/bashesam33/FS-AI/ros2_ws/install/camera_msgs/include/camera_msgs/camera_msgs/msg/detail/camera_detection_array__type_support.hpp
[0.346s] -- Up-to-date: /home/bashesam33/FS-AI/ros2_ws/install/camera_msgs/include/camera_msgs/camera_msgs/msg/rosidl_generator_cpp__visibility_control.hpp
[0.346s] -- Up-to-date: /home/bashesam33/FS-AI/ros2_ws/install/camera_msgs/include/camera_msgs/camera_msgs/msg/camera_detection.hpp
[0.346s] -- Up-to-date: /home/bashesam33/FS-AI/ros2_ws/install/camera_msgs/include/camera_msgs/camera_msgs/msg/camera_detection_array.hpp
[0.346s] -- Up-to-date: /home/bashesam33/FS-AI/ros2_ws/install/camera_msgs/include/camera_msgs/camera_msgs
[0.346s] -- Up-to-date: /home/bashesam33/FS-AI/ros2_ws/install/camera_msgs/include/camera_msgs/camera_msgs/msg
[0.346s] -- Up-to-date: /home/bashesam33/FS-AI/ros2_ws/install/camera_msgs/include/camera_msgs/camera_msgs/msg/detail
[0.346s] -- Up-to-date: /home/bashesam33/FS-AI/ros2_ws/install/camera_msgs/include/camera_msgs/camera_msgs/msg/detail/camera_detection__rosidl_typesupport_fastrtps_cpp.hpp
[0.346s] -- Up-to-date: /home/bashesam33/FS-AI/ros2_ws/install/camera_msgs/include/camera_msgs/camera_msgs/msg/detail/camera_detection_array__rosidl_typesupport_fastrtps_cpp.hpp
[0.346s] -- Up-to-date: /home/bashesam33/FS-AI/ros2_ws/install/camera_msgs/include/camera_msgs/camera_msgs/msg/detail/dds_fastrtps
[0.346s] -- Up-to-date: /home/bashesam33/FS-AI/ros2_ws/install/camera_msgs/include/camera_msgs/camera_msgs/msg/rosidl_typesupport_fastrtps_cpp__visibility_control.h
[0.346s] -- Up-to-date: /home/bashesam33/FS-AI/ros2_ws/install/camera_msgs/lib/libcamera_msgs__rosidl_typesupport_fastrtps_cpp.so
[0.347s] -- Up-to-date: /home/bashesam33/FS-AI/ros2_ws/install/camera_msgs/include/camera_msgs/camera_msgs
[0.347s] -- Up-to-date: /home/bashesam33/FS-AI/ros2_ws/install/camera_msgs/include/camera_msgs/camera_msgs/msg
[0.347s] -- Up-to-date: /home/bashesam33/FS-AI/ros2_ws/install/camera_msgs/include/camera_msgs/camera_msgs/msg/detail
[0.347s] -- Up-to-date: /home/bashesam33/FS-AI/ros2_ws/install/camera_msgs/include/camera_msgs/camera_msgs/msg/detail/camera_detection_array__rosidl_typesupport_introspection_cpp.hpp
[0.347s] -- Up-to-date: /home/bashesam33/FS-AI/ros2_ws/install/camera_msgs/include/camera_msgs/camera_msgs/msg/detail/camera_detection_array__type_support.cpp
[0.347s] -- Up-to-date: /home/bashesam33/FS-AI/ros2_ws/install/camera_msgs/include/camera_msgs/camera_msgs/msg/detail/camera_detection__rosidl_typesupport_introspection_cpp.hpp
[0.347s] -- Up-to-date: /home/bashesam33/FS-AI/ros2_ws/install/camera_msgs/include/camera_msgs/camera_msgs/msg/detail/camera_detection__type_support.cpp
[0.347s] -- Up-to-date: /home/bashesam33/FS-AI/ros2_ws/install/camera_msgs/lib/libcamera_msgs__rosidl_typesupport_introspection_cpp.so
[0.348s] -- Up-to-date: /home/bashesam33/FS-AI/ros2_ws/install/camera_msgs/lib/libcamera_msgs__rosidl_typesupport_cpp.so
[0.348s] -- Up-to-date: /home/bashesam33/FS-AI/ros2_ws/install/camera_msgs/share/camera_msgs/environment/pythonpath.sh
[0.348s] -- Up-to-date: /home/bashesam33/FS-AI/ros2_ws/install/camera_msgs/share/camera_msgs/environment/pythonpath.dsv
[0.348s] -- Up-to-date: /home/bashesam33/FS-AI/ros2_ws/install/camera_msgs/lib/python3.12/site-packages/camera_msgs-1.0.0-py3.12.egg-info
[0.348s] -- Installing: /home/bashesam33/FS-AI/ros2_ws/install/camera_msgs/lib/python3.12/site-packages/camera_msgs-1.0.0-py3.12.egg-info/SOURCES.txt
[0.348s] -- Installing: /home/bashesam33/FS-AI/ros2_ws/install/camera_msgs/lib/python3.12/site-packages/camera_msgs-1.0.0-py3.12.egg-info/top_level.txt
[0.348s] -- Installing: /home/bashesam33/FS-AI/ros2_ws/install/camera_msgs/lib/python3.12/site-packages/camera_msgs-1.0.0-py3.12.egg-info/PKG-INFO
[0.348s] -- Installing: /home/bashesam33/FS-AI/ros2_ws/install/camera_msgs/lib/python3.12/site-packages/camera_msgs-1.0.0-py3.12.egg-info/dependency_links.txt
[0.348s] -- Up-to-date: /home/bashesam33/FS-AI/ros2_ws/install/camera_msgs/lib/python3.12/site-packages/camera_msgs
[0.349s] -- Up-to-date: /home/bashesam33/FS-AI/ros2_ws/install/camera_msgs/lib/python3.12/site-packages/camera_msgs/__init__.py
[0.349s] -- Up-to-date: /home/bashesam33/FS-AI/ros2_ws/install/camera_msgs/lib/python3.12/site-packages/camera_msgs/libcamera_msgs__rosidl_generator_py.so
[0.349s] -- Up-to-date: /home/bashesam33/FS-AI/ros2_ws/install/camera_msgs/lib/python3.12/site-packages/camera_msgs/camera_msgs_s__rosidl_typesupport_fastrtps_c.so
[0.349s] -- Up-to-date: /home/bashesam33/FS-AI/ros2_ws/install/camera_msgs/lib/python3.12/site-packages/camera_msgs/_camera_msgs_s.ep.rosidl_typesupport_c.c
[0.349s] -- Up-to-date: /home/bashesam33/FS-AI/ros2_ws/install/camera_msgs/lib/python3.12/site-packages/camera_msgs/msg
[0.349s] -- Up-to-date: /home/bashesam33/FS-AI/ros2_ws/install/camera_msgs/lib/python3.12/site-packages/camera_msgs/msg/_camera_detection_array_s.c
[0.349s] -- Up-to-date: /home/bashesam33/FS-AI/ros2_ws/install/camera_msgs/lib/python3.12/site-packages/camera_msgs/msg/__init__.py
[0.349s] -- Up-to-date: /home/bashesam33/FS-AI/ros2_ws/install/camera_msgs/lib/python3.12/site-packages/camera_msgs/msg/_camera_detection_s.c
[0.349s] -- Up-to-date: /home/bashesam33/FS-AI/ros2_ws/install/camera_msgs/lib/python3.12/site-packages/camera_msgs/msg/_camera_detection.py
[0.349s] -- Up-to-date: /home/bashesam33/FS-AI/ros2_ws/install/camera_msgs/lib/python3.12/site-packages/camera_msgs/msg/_camera_detection_array.py
[0.349s] -- Up-to-date: /home/bashesam33/FS-AI/ros2_ws/install/camera_msgs/lib/python3.12/site-packages/camera_msgs/camera_msgs_s__rosidl_typesupport_introspection_c.so
[0.349s] -- Up-to-date: /home/bashesam33/FS-AI/ros2_ws/install/camera_msgs/lib/python3.12/site-packages/camera_msgs/camera_msgs_s__rosidl_typesupport_introspection_c.cpython-310-x86_64-linux-gnu.so
[0.349s] -- Up-to-date: /home/bashesam33/FS-AI/ros2_ws/install/camera_msgs/lib/python3.12/site-packages/camera_msgs/_camera_msgs_s.ep.rosidl_typesupport_introspection_c.c
[0.349s] -- Up-to-date: /home/bashesam33/FS-AI/ros2_ws/install/camera_msgs/lib/python3.12/site-packages/camera_msgs/_camera_msgs_s.ep.rosidl_typesupport_fastrtps_c.c
[0.349s] -- Up-to-date: /home/bashesam33/FS-AI/ros2_ws/install/camera_msgs/lib/python3.12/site-packages/camera_msgs/camera_msgs_s__rosidl_typesupport_fastrtps_c.cpython-310-x86_64-linux-gnu.so
[0.349s] -- Up-to-date: /home/bashesam33/FS-AI/ros2_ws/install/camera_msgs/lib/python3.12/site-packages/camera_msgs/camera_msgs_s__rosidl_typesupport_c.so
[0.349s] -- Up-to-date: /home/bashesam33/FS-AI/ros2_ws/install/camera_msgs/lib/python3.12/site-packages/camera_msgs/camera_msgs_s__rosidl_typesupport_c.cpython-310-x86_64-linux-gnu.so
[0.369s] Listing '/home/bashesam33/FS-AI/ros2_ws/install/camera_msgs/lib/python3.12/site-packages/camera_msgs'...
[0.369s] Listing '/home/bashesam33/FS-AI/ros2_ws/install/camera_msgs/lib/python3.12/site-packages/camera_msgs/msg'...
[0.371s] -- Up-to-date: /home/bashesam33/FS-AI/ros2_ws/install/camera_msgs/lib/python3.12/site-packages/camera_msgs/camera_msgs_s__rosidl_typesupport_fastrtps_c.so
[0.372s] -- Up-to-date: /home/bashesam33/FS-AI/ros2_ws/install/camera_msgs/lib/python3.12/site-packages/camera_msgs/camera_msgs_s__rosidl_typesupport_introspection_c.so
[0.373s] -- Up-to-date: /home/bashesam33/FS-AI/ros2_ws/install/camera_msgs/lib/python3.12/site-packages/camera_msgs/camera_msgs_s__rosidl_typesupport_c.so
[0.373s] -- Up-to-date: /home/bashesam33/FS-AI/ros2_ws/install/camera_msgs/lib/libcamera_msgs__rosidl_generator_py.so
[0.373s] -- Up-to-date: /home/bashesam33/FS-AI/ros2_ws/install/camera_msgs/share/camera_msgs/msg/CameraDetection.idl
[0.373s] -- Up-to-date: /home/bashesam33/FS-AI/ros2_ws/install/camera_msgs/share/camera_msgs/msg/CameraDetectionArray.idl
[0.373s] -- Up-to-date: /home/bashesam33/FS-AI/ros2_ws/install/camera_msgs/share/camera_msgs/msg/CameraDetection.msg
[0.373s] -- Up-to-date: /home/bashesam33/FS-AI/ros2_ws/install/camera_msgs/share/camera_msgs/msg/CameraDetectionArray.msg
[0.373s] -- Up-to-date: /home/bashesam33/FS-AI/ros2_ws/install/camera_msgs/share/ament_index/resource_index/package_run_dependencies/camera_msgs
[0.374s] -- Up-to-date: /home/bashesam33/FS-AI/ros2_ws/install/camera_msgs/share/ament_index/resource_index/parent_prefix_path/camera_msgs
[0.374s] -- Up-to-date: /home/bashesam33/FS-AI/ros2_ws/install/camera_msgs/share/camera_msgs/environment/ament_prefix_path.sh
[0.374s] -- Up-to-date: /home/bashesam33/FS-AI/ros2_ws/install/camera_msgs/share/camera_msgs/environment/ament_prefix_path.dsv
[0.374s] -- Up-to-date: /home/bashesam33/FS-AI/ros2_ws/install/camera_msgs/share/camera_msgs/environment/path.sh
[0.374s] -- Up-to-date: /home/bashesam33/FS-AI/ros2_ws/install/camera_msgs/share/camera_msgs/environment/path.dsv
[0.374s] -- Up-to-date: /home/bashesam33/FS-AI/ros2_ws/install/camera_msgs/share/camera_msgs/local_setup.bash
[0.374s] -- Up-to-date: /home/bashesam33/FS-AI/ros2_ws/install/camera_msgs/share/camera_msgs/local_setup.sh
[0.374s] -- Up-to-date: /home/bashesam33/FS-AI/ros2_ws/install/camera_msgs/share/camera_msgs/local_setup.zsh
[0.374s] -- Up-to-date: /home/bashesam33/FS-AI/ros2_ws/install/camera_msgs/share/camera_msgs/local_setup.dsv
[0.374s] -- Installing: /home/bashesam33/FS-AI/ros2_ws/install/camera_msgs/share/camera_msgs/package.dsv
[0.374s] -- Up-to-date: /home/bashesam33/FS-AI/ros2_ws/install/camera_msgs/share/ament_index/resource_index/packages/camera_msgs
[0.375s] -- Up-to-date: /home/bashesam33/FS-AI/ros2_ws/install/camera_msgs/share/camera_msgs/cmake/export_camera_msgs__rosidl_generator_cExport.cmake
[0.375s] -- Up-to-date: /home/bashesam33/FS-AI/ros2_ws/install/camera_msgs/share/camera_msgs/cmake/export_camera_msgs__rosidl_generator_cExport-noconfig.cmake
[0.375s] -- Up-to-date: /home/bashesam33/FS-AI/ros2_ws/install/camera_msgs/share/camera_msgs/cmake/export_camera_msgs__rosidl_typesupport_fastrtps_cExport.cmake
[0.375s] -- Up-to-date: /home/bashesam33/FS-AI/ros2_ws/install/camera_msgs/share/camera_msgs/cmake/export_camera_msgs__rosidl_typesupport_fastrtps_cExport-noconfig.cmake
[0.375s] -- Up-to-date: /home/bashesam33/FS-AI/ros2_ws/install/camera_msgs/share/camera_msgs/cmake/camera_msgs__rosidl_typesupport_introspection_cExport.cmake
[0.375s] -- Up-to-date: /home/bashesam33/FS-AI/ros2_ws/install/camera_msgs/share/camera_msgs/cmake/camera_msgs__rosidl_typesupport_introspection_cExport-noconfig.cmake
[0.375s] -- Up-to-date: /home/bashesam33/FS-AI/ros2_ws/install/camera_msgs/share/camera_msgs/cmake/camera_msgs__rosidl_typesupport_cExport.cmake
[0.375s] -- Up-to-date: /home/bashesam33/FS-AI/ros2_ws/install/camera_msgs/share/camera_msgs/cmake/camera_msgs__rosidl_typesupport_cExport-noconfig.cmake
[0.375s] -- Up-to-date: /home/bashesam33/FS-AI/ros2_ws/install/camera_msgs/share/camera_msgs/cmake/export_camera_msgs__rosidl_generator_cppExport.cmake
[0.375s] -- Up-to-date: /home/bashesam33/FS-AI/ros2_ws/install/camera_msgs/share/camera_msgs/cmake/export_camera_msgs__rosidl_typesupport_fastrtps_cppExport.cmake
[0.375s] -- Up-to-date: /home/bashesam33/FS-AI/ros2_ws/install/camera_msgs/share/camera_msgs/cmake/export_camera_msgs__rosidl_typesupport_fastrtps_cppExport-noconfig.cmake
[0.375s] -- Up-to-date: /home/bashesam33/FS-AI/ros2_ws/install/camera_msgs/share/camera_msgs/cmake/camera_msgs__rosidl_typesupport_introspection_cppExport.cmake
[0.375s] -- Up-to-date: /home/bashesam33/FS-AI/ros2_ws/install/camera_msgs/share/camera_msgs/cmake/camera_msgs__rosidl_typesupport_introspection_cppExport-noconfig.cmake
[0.375s] -- Up-to-date: /home/bashesam33/FS-AI/ros2_ws/install/camera_msgs/share/camera_msgs/cmake/camera_msgs__rosidl_typesupport_cppExport.cmake
[0.375s] -- Up-to-date: /home/bashesam33/FS-AI/ros2_ws/install/camera_msgs/share/camera_msgs/cmake/camera_msgs__rosidl_typesupport_cppExport-noconfig.cmake
[0.375s] -- Up-to-date: /home/bashesam33/FS-AI/ros2_ws/install/camera_msgs/share/camera_msgs/cmake/export_camera_msgs__rosidl_generator_pyExport.cmake
[0.375s] -- Up-to-date: /home/bashesam33/FS-AI/ros2_ws/install/camera_msgs/share/camera_msgs/cmake/export_camera_msgs__rosidl_generator_pyExport-noconfig.cmake
[0.375s] -- Up-to-date: /home/bashesam33/FS-AI/ros2_ws/install/camera_msgs/share/camera_msgs/cmake/rosidl_cmake-extras.cmake
[0.375s] -- Up-to-date: /home/bashesam33/FS-AI/ros2_ws/install/camera_msgs/share/camera_msgs/cmake/ament_cmake_export_dependencies-extras.cmake
[0.375s] -- Up-to-date: /home/bashesam33/FS-AI/ros2_ws/install/camera_msgs/share/camera_msgs/cmake/ament_cmake_export_include_directories-extras.cmake
[0.375s] -- Up-to-date: /home/bashesam33/FS-AI/ros2_ws/install/camera_msgs/share/camera_msgs/cmake/ament_cmake_export_libraries-extras.cmake
[0.375s] -- Up-to-date: /home/bashesam33/FS-AI/ros2_ws/install/camera_msgs/share/camera_msgs/cmake/ament_cmake_export_targets-extras.cmake
[0.375s] -- Up-to-date: /home/bashesam33/FS-AI/ros2_ws/install/camera_msgs/share/camera_msgs/cmake/rosidl_cmake_export_typesupport_targets-extras.cmake
[0.375s] -- Up-to-date: /home/bashesam33/FS-AI/ros2_ws/install/camera_msgs/share/camera_msgs/cmake/rosidl_cmake_export_typesupport_libraries-extras.cmake
[0.375s] -- Up-to-date: /home/bashesam33/FS-AI/ros2_ws/install/camera_msgs/share/camera_msgs/cmake/camera_msgsConfig.cmake
[0.376s] -- Up-to-date: /home/bashesam33/FS-AI/ros2_ws/install/camera_msgs/share/camera_msgs/cmake/camera_msgsConfig-version.cmake
[0.376s] -- Up-to-date: /home/bashesam33/FS-AI/ros2_ws/install/camera_msgs/share/camera_msgs/package.xml
[0.397s] Invoked command in '/home/bashesam33/FS-AI/ros2_ws/build/camera_msgs' returned '0': CMAKE_PREFIX_PATH=${CMAKE_PREFIX_PATH}:/opt/ros/jazzy DEBUGINFOD_URLS=https://debuginfod.ubuntu.com /usr/bin/cmake --install /home/bashesam33/FS-AI/ros2_ws/build/camera_msgs
