[  9%] Built target vehiclecontrol_msgs__rosidl_generator_c
[ 12%] Built target vehiclecontrol_msgs__cpp
[ 12%] Built target ament_cmake_python_copy_vehiclecontrol_msgs
[ 22%] Built target vehiclecontrol_msgs__rosidl_typesupport_introspection_c
[ 32%] Built target vehiclecontrol_msgs__rosidl_typesupport_fastrtps_c
[ 41%] Built target vehiclecontrol_msgs__rosidl_typesupport_cpp
[ 51%] Built target vehiclecontrol_msgs__rosidl_typesupport_fastrtps_cpp
[ 61%] Built target vehiclecontrol_msgs__rosidl_typesupport_c
[ 70%] Built target vehiclecontrol_msgs__rosidl_typesupport_introspection_cpp
[ 70%] Built target vehiclecontrol_msgs
[ 74%] Built target vehiclecontrol_msgs__py
[ 80%] Built target vehiclecontrol_msgs__rosidl_generator_py
[ 87%] Built target vehiclecontrol_msgs__rosidl_typesupport_fastrtps_c__pyext
[ 96%] Built target vehiclecontrol_msgs__rosidl_typesupport_c__pyext
[100%] Built target vehiclecontrol_msgs__rosidl_typesupport_introspection_c__pyext
running egg_info
writing vehiclecontrol_msgs.egg-info/PKG-INFO
writing dependency_links to vehiclecontrol_msgs.egg-info/dependency_links.txt
writing top-level names to vehiclecontrol_msgs.egg-info/top_level.txt
reading manifest file 'vehiclecontrol_msgs.egg-info/SOURCES.txt'
writing manifest file 'vehiclecontrol_msgs.egg-info/SOURCES.txt'
[100%] Built target ament_cmake_python_build_vehiclecontrol_msgs_egg
-- Install configuration: ""
-- Up-to-date: /home/mdxfsai/FS_autonomous/ros/ros2_ws/install/vehiclecontrol_msgs/share/ament_index/resource_index/rosidl_interfaces/vehiclecontrol_msgs
-- Up-to-date: /home/mdxfsai/FS_autonomous/ros/ros2_ws/install/vehiclecontrol_msgs/include/vehiclecontrol_msgs/vehiclecontrol_msgs
-- Up-to-date: /home/mdxfsai/FS_autonomous/ros/ros2_ws/install/vehiclecontrol_msgs/include/vehiclecontrol_msgs/vehiclecontrol_msgs/msg
-- Up-to-date: /home/mdxfsai/FS_autonomous/ros/ros2_ws/install/vehiclecontrol_msgs/include/vehiclecontrol_msgs/vehiclecontrol_msgs/msg/rosidl_generator_c__visibility_control.h
-- Up-to-date: /home/mdxfsai/FS_autonomous/ros/ros2_ws/install/vehiclecontrol_msgs/include/vehiclecontrol_msgs/vehiclecontrol_msgs/msg/vehicle_control.h
-- Up-to-date: /home/mdxfsai/FS_autonomous/ros/ros2_ws/install/vehiclecontrol_msgs/include/vehiclecontrol_msgs/vehiclecontrol_msgs/msg/detail
-- Up-to-date: /home/mdxfsai/FS_autonomous/ros/ros2_ws/install/vehiclecontrol_msgs/include/vehiclecontrol_msgs/vehiclecontrol_msgs/msg/detail/vehicle_control__struct.h
-- Up-to-date: /home/mdxfsai/FS_autonomous/ros/ros2_ws/install/vehiclecontrol_msgs/include/vehiclecontrol_msgs/vehiclecontrol_msgs/msg/detail/vehicle_control__functions.h
-- Up-to-date: /home/mdxfsai/FS_autonomous/ros/ros2_ws/install/vehiclecontrol_msgs/include/vehiclecontrol_msgs/vehiclecontrol_msgs/msg/detail/vehicle_control__functions.c
-- Up-to-date: /home/mdxfsai/FS_autonomous/ros/ros2_ws/install/vehiclecontrol_msgs/include/vehiclecontrol_msgs/vehiclecontrol_msgs/msg/detail/vehicle_control__type_support.h
-- Up-to-date: /home/mdxfsai/FS_autonomous/ros/ros2_ws/install/vehiclecontrol_msgs/share/vehiclecontrol_msgs/environment/library_path.sh
-- Up-to-date: /home/mdxfsai/FS_autonomous/ros/ros2_ws/install/vehiclecontrol_msgs/share/vehiclecontrol_msgs/environment/library_path.dsv
-- Up-to-date: /home/mdxfsai/FS_autonomous/ros/ros2_ws/install/vehiclecontrol_msgs/lib/libvehiclecontrol_msgs__rosidl_generator_c.so
-- Up-to-date: /home/mdxfsai/FS_autonomous/ros/ros2_ws/install/vehiclecontrol_msgs/include/vehiclecontrol_msgs/vehiclecontrol_msgs
-- Up-to-date: /home/mdxfsai/FS_autonomous/ros/ros2_ws/install/vehiclecontrol_msgs/include/vehiclecontrol_msgs/vehiclecontrol_msgs/msg
-- Up-to-date: /home/mdxfsai/FS_autonomous/ros/ros2_ws/install/vehiclecontrol_msgs/include/vehiclecontrol_msgs/vehiclecontrol_msgs/msg/rosidl_typesupport_fastrtps_c__visibility_control.h
-- Up-to-date: /home/mdxfsai/FS_autonomous/ros/ros2_ws/install/vehiclecontrol_msgs/include/vehiclecontrol_msgs/vehiclecontrol_msgs/msg/detail
-- Up-to-date: /home/mdxfsai/FS_autonomous/ros/ros2_ws/install/vehiclecontrol_msgs/include/vehiclecontrol_msgs/vehiclecontrol_msgs/msg/detail/vehicle_control__rosidl_typesupport_fastrtps_c.h
-- Up-to-date: /home/mdxfsai/FS_autonomous/ros/ros2_ws/install/vehiclecontrol_msgs/lib/libvehiclecontrol_msgs__rosidl_typesupport_fastrtps_c.so
-- Up-to-date: /home/mdxfsai/FS_autonomous/ros/ros2_ws/install/vehiclecontrol_msgs/include/vehiclecontrol_msgs/vehiclecontrol_msgs
-- Up-to-date: /home/mdxfsai/FS_autonomous/ros/ros2_ws/install/vehiclecontrol_msgs/include/vehiclecontrol_msgs/vehiclecontrol_msgs/msg
-- Up-to-date: /home/mdxfsai/FS_autonomous/ros/ros2_ws/install/vehiclecontrol_msgs/include/vehiclecontrol_msgs/vehiclecontrol_msgs/msg/detail
-- Up-to-date: /home/mdxfsai/FS_autonomous/ros/ros2_ws/install/vehiclecontrol_msgs/include/vehiclecontrol_msgs/vehiclecontrol_msgs/msg/detail/vehicle_control__type_support.c
-- Up-to-date: /home/mdxfsai/FS_autonomous/ros/ros2_ws/install/vehiclecontrol_msgs/include/vehiclecontrol_msgs/vehiclecontrol_msgs/msg/detail/vehicle_control__rosidl_typesupport_introspection_c.h
-- Up-to-date: /home/mdxfsai/FS_autonomous/ros/ros2_ws/install/vehiclecontrol_msgs/include/vehiclecontrol_msgs/vehiclecontrol_msgs/msg/rosidl_typesupport_introspection_c__visibility_control.h
-- Up-to-date: /home/mdxfsai/FS_autonomous/ros/ros2_ws/install/vehiclecontrol_msgs/lib/libvehiclecontrol_msgs__rosidl_typesupport_introspection_c.so
-- Up-to-date: /home/mdxfsai/FS_autonomous/ros/ros2_ws/install/vehiclecontrol_msgs/lib/libvehiclecontrol_msgs__rosidl_typesupport_c.so
-- Up-to-date: /home/mdxfsai/FS_autonomous/ros/ros2_ws/install/vehiclecontrol_msgs/include/vehiclecontrol_msgs/vehiclecontrol_msgs
-- Up-to-date: /home/mdxfsai/FS_autonomous/ros/ros2_ws/install/vehiclecontrol_msgs/include/vehiclecontrol_msgs/vehiclecontrol_msgs/msg
-- Up-to-date: /home/mdxfsai/FS_autonomous/ros/ros2_ws/install/vehiclecontrol_msgs/include/vehiclecontrol_msgs/vehiclecontrol_msgs/msg/vehicle_control.hpp
-- Up-to-date: /home/mdxfsai/FS_autonomous/ros/ros2_ws/install/vehiclecontrol_msgs/include/vehiclecontrol_msgs/vehiclecontrol_msgs/msg/rosidl_generator_cpp__visibility_control.hpp
-- Up-to-date: /home/mdxfsai/FS_autonomous/ros/ros2_ws/install/vehiclecontrol_msgs/include/vehiclecontrol_msgs/vehiclecontrol_msgs/msg/detail
-- Up-to-date: /home/mdxfsai/FS_autonomous/ros/ros2_ws/install/vehiclecontrol_msgs/include/vehiclecontrol_msgs/vehiclecontrol_msgs/msg/detail/vehicle_control__builder.hpp
-- Up-to-date: /home/mdxfsai/FS_autonomous/ros/ros2_ws/install/vehiclecontrol_msgs/include/vehiclecontrol_msgs/vehiclecontrol_msgs/msg/detail/vehicle_control__struct.hpp
-- Up-to-date: /home/mdxfsai/FS_autonomous/ros/ros2_ws/install/vehiclecontrol_msgs/include/vehiclecontrol_msgs/vehiclecontrol_msgs/msg/detail/vehicle_control__type_support.hpp
-- Up-to-date: /home/mdxfsai/FS_autonomous/ros/ros2_ws/install/vehiclecontrol_msgs/include/vehiclecontrol_msgs/vehiclecontrol_msgs/msg/detail/vehicle_control__traits.hpp
-- Up-to-date: /home/mdxfsai/FS_autonomous/ros/ros2_ws/install/vehiclecontrol_msgs/include/vehiclecontrol_msgs/vehiclecontrol_msgs
-- Up-to-date: /home/mdxfsai/FS_autonomous/ros/ros2_ws/install/vehiclecontrol_msgs/include/vehiclecontrol_msgs/vehiclecontrol_msgs/msg
-- Up-to-date: /home/mdxfsai/FS_autonomous/ros/ros2_ws/install/vehiclecontrol_msgs/include/vehiclecontrol_msgs/vehiclecontrol_msgs/msg/rosidl_typesupport_fastrtps_cpp__visibility_control.h
-- Up-to-date: /home/mdxfsai/FS_autonomous/ros/ros2_ws/install/vehiclecontrol_msgs/include/vehiclecontrol_msgs/vehiclecontrol_msgs/msg/detail
-- Up-to-date: /home/mdxfsai/FS_autonomous/ros/ros2_ws/install/vehiclecontrol_msgs/include/vehiclecontrol_msgs/vehiclecontrol_msgs/msg/detail/dds_fastrtps
-- Up-to-date: /home/mdxfsai/FS_autonomous/ros/ros2_ws/install/vehiclecontrol_msgs/include/vehiclecontrol_msgs/vehiclecontrol_msgs/msg/detail/vehicle_control__rosidl_typesupport_fastrtps_cpp.hpp
-- Up-to-date: /home/mdxfsai/FS_autonomous/ros/ros2_ws/install/vehiclecontrol_msgs/lib/libvehiclecontrol_msgs__rosidl_typesupport_fastrtps_cpp.so
-- Up-to-date: /home/mdxfsai/FS_autonomous/ros/ros2_ws/install/vehiclecontrol_msgs/include/vehiclecontrol_msgs/vehiclecontrol_msgs
-- Up-to-date: /home/mdxfsai/FS_autonomous/ros/ros2_ws/install/vehiclecontrol_msgs/include/vehiclecontrol_msgs/vehiclecontrol_msgs/msg
-- Up-to-date: /home/mdxfsai/FS_autonomous/ros/ros2_ws/install/vehiclecontrol_msgs/include/vehiclecontrol_msgs/vehiclecontrol_msgs/msg/detail
-- Up-to-date: /home/mdxfsai/FS_autonomous/ros/ros2_ws/install/vehiclecontrol_msgs/include/vehiclecontrol_msgs/vehiclecontrol_msgs/msg/detail/vehicle_control__rosidl_typesupport_introspection_cpp.hpp
-- Up-to-date: /home/mdxfsai/FS_autonomous/ros/ros2_ws/install/vehiclecontrol_msgs/include/vehiclecontrol_msgs/vehiclecontrol_msgs/msg/detail/vehicle_control__type_support.cpp
-- Up-to-date: /home/mdxfsai/FS_autonomous/ros/ros2_ws/install/vehiclecontrol_msgs/lib/libvehiclecontrol_msgs__rosidl_typesupport_introspection_cpp.so
-- Up-to-date: /home/mdxfsai/FS_autonomous/ros/ros2_ws/install/vehiclecontrol_msgs/lib/libvehiclecontrol_msgs__rosidl_typesupport_cpp.so
-- Up-to-date: /home/mdxfsai/FS_autonomous/ros/ros2_ws/install/vehiclecontrol_msgs/share/vehiclecontrol_msgs/environment/pythonpath.sh
-- Up-to-date: /home/mdxfsai/FS_autonomous/ros/ros2_ws/install/vehiclecontrol_msgs/share/vehiclecontrol_msgs/environment/pythonpath.dsv
-- Up-to-date: /home/mdxfsai/FS_autonomous/ros/ros2_ws/install/vehiclecontrol_msgs/local/lib/python3.10/dist-packages/vehiclecontrol_msgs-1.0.0-py3.10.egg-info
-- Installing: /home/mdxfsai/FS_autonomous/ros/ros2_ws/install/vehiclecontrol_msgs/local/lib/python3.10/dist-packages/vehiclecontrol_msgs-1.0.0-py3.10.egg-info/PKG-INFO
-- Installing: /home/mdxfsai/FS_autonomous/ros/ros2_ws/install/vehiclecontrol_msgs/local/lib/python3.10/dist-packages/vehiclecontrol_msgs-1.0.0-py3.10.egg-info/SOURCES.txt
-- Installing: /home/mdxfsai/FS_autonomous/ros/ros2_ws/install/vehiclecontrol_msgs/local/lib/python3.10/dist-packages/vehiclecontrol_msgs-1.0.0-py3.10.egg-info/dependency_links.txt
-- Installing: /home/mdxfsai/FS_autonomous/ros/ros2_ws/install/vehiclecontrol_msgs/local/lib/python3.10/dist-packages/vehiclecontrol_msgs-1.0.0-py3.10.egg-info/top_level.txt
-- Up-to-date: /home/mdxfsai/FS_autonomous/ros/ros2_ws/install/vehiclecontrol_msgs/local/lib/python3.10/dist-packages/vehiclecontrol_msgs
-- Up-to-date: /home/mdxfsai/FS_autonomous/ros/ros2_ws/install/vehiclecontrol_msgs/local/lib/python3.10/dist-packages/vehiclecontrol_msgs/vehiclecontrol_msgs_s__rosidl_typesupport_c.cpython-310-x86_64-linux-gnu.so
-- Up-to-date: /home/mdxfsai/FS_autonomous/ros/ros2_ws/install/vehiclecontrol_msgs/local/lib/python3.10/dist-packages/vehiclecontrol_msgs/_vehiclecontrol_msgs_s.ep.rosidl_typesupport_fastrtps_c.c
-- Up-to-date: /home/mdxfsai/FS_autonomous/ros/ros2_ws/install/vehiclecontrol_msgs/local/lib/python3.10/dist-packages/vehiclecontrol_msgs/vehiclecontrol_msgs_s__rosidl_typesupport_introspection_c.cpython-310-x86_64-linux-gnu.so
-- Up-to-date: /home/mdxfsai/FS_autonomous/ros/ros2_ws/install/vehiclecontrol_msgs/local/lib/python3.10/dist-packages/vehiclecontrol_msgs/vehiclecontrol_msgs_s__rosidl_typesupport_fastrtps_c.cpython-310-x86_64-linux-gnu.so
-- Up-to-date: /home/mdxfsai/FS_autonomous/ros/ros2_ws/install/vehiclecontrol_msgs/local/lib/python3.10/dist-packages/vehiclecontrol_msgs/_vehiclecontrol_msgs_s.ep.rosidl_typesupport_introspection_c.c
-- Up-to-date: /home/mdxfsai/FS_autonomous/ros/ros2_ws/install/vehiclecontrol_msgs/local/lib/python3.10/dist-packages/vehiclecontrol_msgs/__init__.py
-- Up-to-date: /home/mdxfsai/FS_autonomous/ros/ros2_ws/install/vehiclecontrol_msgs/local/lib/python3.10/dist-packages/vehiclecontrol_msgs/libvehiclecontrol_msgs__rosidl_generator_py.so
-- Up-to-date: /home/mdxfsai/FS_autonomous/ros/ros2_ws/install/vehiclecontrol_msgs/local/lib/python3.10/dist-packages/vehiclecontrol_msgs/msg
-- Up-to-date: /home/mdxfsai/FS_autonomous/ros/ros2_ws/install/vehiclecontrol_msgs/local/lib/python3.10/dist-packages/vehiclecontrol_msgs/msg/_vehicle_control.py
-- Up-to-date: /home/mdxfsai/FS_autonomous/ros/ros2_ws/install/vehiclecontrol_msgs/local/lib/python3.10/dist-packages/vehiclecontrol_msgs/msg/__init__.py
-- Up-to-date: /home/mdxfsai/FS_autonomous/ros/ros2_ws/install/vehiclecontrol_msgs/local/lib/python3.10/dist-packages/vehiclecontrol_msgs/msg/_vehicle_control_s.c
-- Up-to-date: /home/mdxfsai/FS_autonomous/ros/ros2_ws/install/vehiclecontrol_msgs/local/lib/python3.10/dist-packages/vehiclecontrol_msgs/_vehiclecontrol_msgs_s.ep.rosidl_typesupport_c.c
Listing '/home/mdxfsai/FS_autonomous/ros/ros2_ws/install/vehiclecontrol_msgs/local/lib/python3.10/dist-packages/vehiclecontrol_msgs'...
Listing '/home/mdxfsai/FS_autonomous/ros/ros2_ws/install/vehiclecontrol_msgs/local/lib/python3.10/dist-packages/vehiclecontrol_msgs/msg'...
-- Up-to-date: /home/mdxfsai/FS_autonomous/ros/ros2_ws/install/vehiclecontrol_msgs/local/lib/python3.10/dist-packages/vehiclecontrol_msgs/vehiclecontrol_msgs_s__rosidl_typesupport_fastrtps_c.cpython-310-x86_64-linux-gnu.so
-- Up-to-date: /home/mdxfsai/FS_autonomous/ros/ros2_ws/install/vehiclecontrol_msgs/local/lib/python3.10/dist-packages/vehiclecontrol_msgs/vehiclecontrol_msgs_s__rosidl_typesupport_introspection_c.cpython-310-x86_64-linux-gnu.so
-- Up-to-date: /home/mdxfsai/FS_autonomous/ros/ros2_ws/install/vehiclecontrol_msgs/local/lib/python3.10/dist-packages/vehiclecontrol_msgs/vehiclecontrol_msgs_s__rosidl_typesupport_c.cpython-310-x86_64-linux-gnu.so
-- Up-to-date: /home/mdxfsai/FS_autonomous/ros/ros2_ws/install/vehiclecontrol_msgs/lib/libvehiclecontrol_msgs__rosidl_generator_py.so
-- Up-to-date: /home/mdxfsai/FS_autonomous/ros/ros2_ws/install/vehiclecontrol_msgs/share/vehiclecontrol_msgs/msg/VehicleControl.idl
-- Up-to-date: /home/mdxfsai/FS_autonomous/ros/ros2_ws/install/vehiclecontrol_msgs/share/vehiclecontrol_msgs/msg/VehicleControl.msg
-- Up-to-date: /home/mdxfsai/FS_autonomous/ros/ros2_ws/install/vehiclecontrol_msgs/share/ament_index/resource_index/package_run_dependencies/vehiclecontrol_msgs
-- Up-to-date: /home/mdxfsai/FS_autonomous/ros/ros2_ws/install/vehiclecontrol_msgs/share/ament_index/resource_index/parent_prefix_path/vehiclecontrol_msgs
-- Up-to-date: /home/mdxfsai/FS_autonomous/ros/ros2_ws/install/vehiclecontrol_msgs/share/vehiclecontrol_msgs/environment/ament_prefix_path.sh
-- Up-to-date: /home/mdxfsai/FS_autonomous/ros/ros2_ws/install/vehiclecontrol_msgs/share/vehiclecontrol_msgs/environment/ament_prefix_path.dsv
-- Up-to-date: /home/mdxfsai/FS_autonomous/ros/ros2_ws/install/vehiclecontrol_msgs/share/vehiclecontrol_msgs/environment/path.sh
-- Up-to-date: /home/mdxfsai/FS_autonomous/ros/ros2_ws/install/vehiclecontrol_msgs/share/vehiclecontrol_msgs/environment/path.dsv
-- Up-to-date: /home/mdxfsai/FS_autonomous/ros/ros2_ws/install/vehiclecontrol_msgs/share/vehiclecontrol_msgs/local_setup.bash
-- Up-to-date: /home/mdxfsai/FS_autonomous/ros/ros2_ws/install/vehiclecontrol_msgs/share/vehiclecontrol_msgs/local_setup.sh
-- Up-to-date: /home/mdxfsai/FS_autonomous/ros/ros2_ws/install/vehiclecontrol_msgs/share/vehiclecontrol_msgs/local_setup.zsh
-- Up-to-date: /home/mdxfsai/FS_autonomous/ros/ros2_ws/install/vehiclecontrol_msgs/share/vehiclecontrol_msgs/local_setup.dsv
-- Installing: /home/mdxfsai/FS_autonomous/ros/ros2_ws/install/vehiclecontrol_msgs/share/vehiclecontrol_msgs/package.dsv
-- Up-to-date: /home/mdxfsai/FS_autonomous/ros/ros2_ws/install/vehiclecontrol_msgs/share/ament_index/resource_index/packages/vehiclecontrol_msgs
-- Up-to-date: /home/mdxfsai/FS_autonomous/ros/ros2_ws/install/vehiclecontrol_msgs/share/vehiclecontrol_msgs/cmake/export_vehiclecontrol_msgs__rosidl_generator_cExport.cmake
-- Up-to-date: /home/mdxfsai/FS_autonomous/ros/ros2_ws/install/vehiclecontrol_msgs/share/vehiclecontrol_msgs/cmake/export_vehiclecontrol_msgs__rosidl_generator_cExport-noconfig.cmake
-- Up-to-date: /home/mdxfsai/FS_autonomous/ros/ros2_ws/install/vehiclecontrol_msgs/share/vehiclecontrol_msgs/cmake/export_vehiclecontrol_msgs__rosidl_typesupport_fastrtps_cExport.cmake
-- Up-to-date: /home/mdxfsai/FS_autonomous/ros/ros2_ws/install/vehiclecontrol_msgs/share/vehiclecontrol_msgs/cmake/export_vehiclecontrol_msgs__rosidl_typesupport_fastrtps_cExport-noconfig.cmake
-- Up-to-date: /home/mdxfsai/FS_autonomous/ros/ros2_ws/install/vehiclecontrol_msgs/share/vehiclecontrol_msgs/cmake/vehiclecontrol_msgs__rosidl_typesupport_introspection_cExport.cmake
-- Up-to-date: /home/mdxfsai/FS_autonomous/ros/ros2_ws/install/vehiclecontrol_msgs/share/vehiclecontrol_msgs/cmake/vehiclecontrol_msgs__rosidl_typesupport_introspection_cExport-noconfig.cmake
-- Up-to-date: /home/mdxfsai/FS_autonomous/ros/ros2_ws/install/vehiclecontrol_msgs/share/vehiclecontrol_msgs/cmake/vehiclecontrol_msgs__rosidl_typesupport_cExport.cmake
-- Up-to-date: /home/mdxfsai/FS_autonomous/ros/ros2_ws/install/vehiclecontrol_msgs/share/vehiclecontrol_msgs/cmake/vehiclecontrol_msgs__rosidl_typesupport_cExport-noconfig.cmake
-- Up-to-date: /home/mdxfsai/FS_autonomous/ros/ros2_ws/install/vehiclecontrol_msgs/share/vehiclecontrol_msgs/cmake/export_vehiclecontrol_msgs__rosidl_generator_cppExport.cmake
-- Up-to-date: /home/mdxfsai/FS_autonomous/ros/ros2_ws/install/vehiclecontrol_msgs/share/vehiclecontrol_msgs/cmake/export_vehiclecontrol_msgs__rosidl_typesupport_fastrtps_cppExport.cmake
-- Up-to-date: /home/mdxfsai/FS_autonomous/ros/ros2_ws/install/vehiclecontrol_msgs/share/vehiclecontrol_msgs/cmake/export_vehiclecontrol_msgs__rosidl_typesupport_fastrtps_cppExport-noconfig.cmake
-- Up-to-date: /home/mdxfsai/FS_autonomous/ros/ros2_ws/install/vehiclecontrol_msgs/share/vehiclecontrol_msgs/cmake/vehiclecontrol_msgs__rosidl_typesupport_introspection_cppExport.cmake
-- Up-to-date: /home/mdxfsai/FS_autonomous/ros/ros2_ws/install/vehiclecontrol_msgs/share/vehiclecontrol_msgs/cmake/vehiclecontrol_msgs__rosidl_typesupport_introspection_cppExport-noconfig.cmake
-- Up-to-date: /home/mdxfsai/FS_autonomous/ros/ros2_ws/install/vehiclecontrol_msgs/share/vehiclecontrol_msgs/cmake/vehiclecontrol_msgs__rosidl_typesupport_cppExport.cmake
-- Up-to-date: /home/mdxfsai/FS_autonomous/ros/ros2_ws/install/vehiclecontrol_msgs/share/vehiclecontrol_msgs/cmake/vehiclecontrol_msgs__rosidl_typesupport_cppExport-noconfig.cmake
-- Up-to-date: /home/mdxfsai/FS_autonomous/ros/ros2_ws/install/vehiclecontrol_msgs/share/vehiclecontrol_msgs/cmake/export_vehiclecontrol_msgs__rosidl_generator_pyExport.cmake
-- Up-to-date: /home/mdxfsai/FS_autonomous/ros/ros2_ws/install/vehiclecontrol_msgs/share/vehiclecontrol_msgs/cmake/export_vehiclecontrol_msgs__rosidl_generator_pyExport-noconfig.cmake
-- Up-to-date: /home/mdxfsai/FS_autonomous/ros/ros2_ws/install/vehiclecontrol_msgs/share/vehiclecontrol_msgs/cmake/rosidl_cmake-extras.cmake
-- Up-to-date: /home/mdxfsai/FS_autonomous/ros/ros2_ws/install/vehiclecontrol_msgs/share/vehiclecontrol_msgs/cmake/ament_cmake_export_dependencies-extras.cmake
-- Up-to-date: /home/mdxfsai/FS_autonomous/ros/ros2_ws/install/vehiclecontrol_msgs/share/vehiclecontrol_msgs/cmake/ament_cmake_export_include_directories-extras.cmake
-- Up-to-date: /home/mdxfsai/FS_autonomous/ros/ros2_ws/install/vehiclecontrol_msgs/share/vehiclecontrol_msgs/cmake/ament_cmake_export_libraries-extras.cmake
-- Up-to-date: /home/mdxfsai/FS_autonomous/ros/ros2_ws/install/vehiclecontrol_msgs/share/vehiclecontrol_msgs/cmake/ament_cmake_export_targets-extras.cmake
-- Up-to-date: /home/mdxfsai/FS_autonomous/ros/ros2_ws/install/vehiclecontrol_msgs/share/vehiclecontrol_msgs/cmake/rosidl_cmake_export_typesupport_targets-extras.cmake
-- Up-to-date: /home/mdxfsai/FS_autonomous/ros/ros2_ws/install/vehiclecontrol_msgs/share/vehiclecontrol_msgs/cmake/rosidl_cmake_export_typesupport_libraries-extras.cmake
-- Up-to-date: /home/mdxfsai/FS_autonomous/ros/ros2_ws/install/vehiclecontrol_msgs/share/vehiclecontrol_msgs/cmake/vehiclecontrol_msgsConfig.cmake
-- Up-to-date: /home/mdxfsai/FS_autonomous/ros/ros2_ws/install/vehiclecontrol_msgs/share/vehiclecontrol_msgs/cmake/vehiclecontrol_msgsConfig-version.cmake
-- Up-to-date: /home/mdxfsai/FS_autonomous/ros/ros2_ws/install/vehiclecontrol_msgs/share/vehiclecontrol_msgs/package.xml
