[0.012s] Invoking command in '/home/mdxfsai/FS_autonomous/ros/ros2_ws/build/cmrosutils': CMAKE_PREFIX_PATH=/opt/ros/humble /usr/bin/cmake /home/mdxfsai/FS_autonomous/ros/ros2_ws/src/cmrosutils -DAMENT_CMAKE_SYMLINK_INSTALL=1 -DCMAKE_INSTALL_PREFIX=/home/mdxfsai/FS_autonomous/ros/ros2_ws/install/cmrosutils
[0.075s] -- The C compiler identification is GNU 11.4.0
[0.136s] -- The CXX compiler identification is GNU 11.4.0
[0.145s] -- Detecting C compiler ABI info
[0.218s] -- Detecting C compiler ABI info - done
[0.226s] -- Check for working C compiler: /usr/bin/cc - skipped
[0.226s] -- Detecting C compile features
[0.226s] -- Detecting C compile features - done
[0.230s] -- Detecting CXX compiler ABI info
[0.324s] -- Detecting CXX compiler ABI info - done
[0.332s] -- Check for working CXX compiler: /usr/bin/c++ - skipped
[0.332s] -- Detecting CXX compile features
[0.332s] -- Detecting CXX compile features - done
[0.333s] [31mCMake Error at CMakeLists.txt:43 (message):
[0.333s]   Please set desired CarMaker Version in $CARMAKER_VER
[0.333s] 
[0.333s] [0m
[0.333s] -- Configuring incomplete, errors occurred!
[0.333s] See also "/home/mdxfsai/FS_autonomous/ros/ros2_ws/build/cmrosutils/CMakeFiles/CMakeOutput.log".
[0.337s] Invoked command in '/home/mdxfsai/FS_autonomous/ros/ros2_ws/build/cmrosutils' returned '1': CMAKE_PREFIX_PATH=/opt/ros/humble /usr/bin/cmake /home/mdxfsai/FS_autonomous/ros/ros2_ws/src/cmrosutils -DAMENT_CMAKE_SYMLINK_INSTALL=1 -DCMAKE_INSTALL_PREFIX=/home/mdxfsai/FS_autonomous/ros/ros2_ws/install/cmrosutils
